2023-08-04 08:57:52,566 - INFO - 成功连接到MySQL数据库
2023-08-04 08:57:52,574 - INFO - 成功连接到MySQL数据库
2023-08-04 08:57:52,575 - INFO - 成功关闭MySQL数据库连接
2023-08-04 08:57:52,583 - INFO - 成功连接到MySQL数据库
2023-08-04 08:57:52,583 - INFO - 执行查询：SELECT username, password FROM devices_account LIMIT 1
2023-08-04 08:57:52,584 - INFO - SELECT username, password FROM devices_account LIMIT 1
2023-08-04 08:57:52,584 - DEBUG - 获取到的设备账户信息：('networkadmin', '1qaz@WSX')
2023-08-04 08:57:52,584 - INFO - 成功关闭MySQL数据库连接
2023-08-04 08:57:55,048 - INFO - 成功连接到MySQL数据库
2023-08-04 08:57:55,049 - INFO - 111
2023-08-04 08:57:55,049 - INFO - 999
2023-08-04 08:57:55,050 - ERROR - 更新设备信息时发生错误：'device_model'
2023-08-04 08:57:55,050 - INFO - 成功关闭MySQL数据库连接
2023-08-04 08:57:57,082 - INFO - 成功连接到MySQL数据库
2023-08-04 08:57:57,083 - INFO - 111
2023-08-04 08:57:57,083 - INFO - 999
2023-08-04 08:57:57,083 - ERROR - 更新设备信息时发生错误：'device_model'
2023-08-04 08:57:57,083 - INFO - 成功关闭MySQL数据库连接
2023-08-04 08:57:58,918 - INFO - 成功连接到MySQL数据库
2023-08-04 08:57:58,919 - INFO - 111
2023-08-04 08:57:58,919 - INFO - 999
2023-08-04 08:57:58,919 - ERROR - 更新设备信息时发生错误：'device_model'
2023-08-04 08:57:58,919 - INFO - 成功关闭MySQL数据库连接
2023-08-04 08:58:01,169 - INFO - 成功连接到MySQL数据库
2023-08-04 08:58:01,169 - INFO - 111
2023-08-04 08:58:01,170 - INFO - 999
2023-08-04 08:58:01,170 - ERROR - 更新设备信息时发生错误：'device_model'
2023-08-04 08:58:01,170 - INFO - 成功关闭MySQL数据库连接
2023-08-04 08:58:03,396 - INFO - 成功连接到MySQL数据库
2023-08-04 08:58:03,397 - INFO - 111
2023-08-04 08:58:03,397 - INFO - 999
2023-08-04 08:58:03,397 - ERROR - 更新设备信息时发生错误：'device_model'
2023-08-04 08:58:03,397 - INFO - 成功关闭MySQL数据库连接
2023-08-04 08:59:53,220 - INFO - 成功连接到MySQL数据库
2023-08-04 08:59:53,228 - INFO - 成功连接到MySQL数据库
2023-08-04 08:59:53,229 - INFO - 成功关闭MySQL数据库连接
2023-08-04 08:59:53,237 - INFO - 成功连接到MySQL数据库
2023-08-04 08:59:53,237 - INFO - 执行查询：SELECT username, password FROM devices_account LIMIT 1
2023-08-04 08:59:53,238 - INFO - SELECT username, password FROM devices_account LIMIT 1
2023-08-04 08:59:53,238 - DEBUG - 获取到的设备账户信息：('networkadmin', '1qaz@WSX')
2023-08-04 08:59:53,238 - INFO - 成功关闭MySQL数据库连接
2023-08-04 08:59:56,256 - INFO - 成功连接到MySQL数据库
2023-08-04 08:59:56,257 - INFO - 111
2023-08-04 08:59:56,257 - INFO - 999
2023-08-04 08:59:56,257 - ERROR - 更新设备信息时发生错误：'device_model'
2023-08-04 08:59:56,257 - INFO - 成功关闭MySQL数据库连接
2023-08-04 08:59:58,217 - INFO - 成功连接到MySQL数据库
2023-08-04 08:59:58,218 - INFO - 111
2023-08-04 08:59:58,218 - INFO - 999
2023-08-04 08:59:58,218 - ERROR - 更新设备信息时发生错误：'device_model'
2023-08-04 08:59:58,218 - INFO - 成功关闭MySQL数据库连接
2023-08-04 09:00:00,064 - INFO - 成功连接到MySQL数据库
2023-08-04 09:00:00,064 - INFO - 111
2023-08-04 09:00:00,065 - INFO - 999
2023-08-04 09:00:00,065 - ERROR - 更新设备信息时发生错误：'device_model'
2023-08-04 09:00:00,065 - INFO - 成功关闭MySQL数据库连接
2023-08-04 09:00:02,257 - INFO - 成功连接到MySQL数据库
2023-08-04 09:00:02,258 - INFO - 111
2023-08-04 09:00:02,258 - INFO - 999
2023-08-04 09:00:02,258 - ERROR - 更新设备信息时发生错误：'device_model'
2023-08-04 09:00:02,258 - INFO - 成功关闭MySQL数据库连接
2023-08-04 09:00:04,455 - INFO - 成功连接到MySQL数据库
2023-08-04 09:00:04,456 - INFO - 111
2023-08-04 09:00:04,456 - INFO - 999
2023-08-04 09:00:04,456 - ERROR - 更新设备信息时发生错误：'device_model'
2023-08-04 09:00:04,456 - INFO - 成功关闭MySQL数据库连接
