2023-08-04 00:13:30,157 - INFO - 成功连接到MySQL数据库
2023-08-04 00:13:30,166 - INFO - 成功连接到MySQL数据库
2023-08-04 00:13:30,167 - INFO - 成功关闭MySQL数据库连接
2023-08-04 00:13:30,175 - INFO - 成功连接到MySQL数据库
2023-08-04 00:13:30,175 - INFO - 执行查询：SELECT username, password FROM devices_account LIMIT 1
2023-08-04 00:13:30,175 - INFO - SELECT username, password FROM devices_account LIMIT 1
2023-08-04 00:13:30,175 - DEBUG - 获取到的设备账户信息：('networkadmin', '1qaz@WSX')
2023-08-04 00:13:30,176 - INFO - 成功关闭MySQL数据库连接
2023-08-04 00:18:10,471 - INFO - 成功连接到MySQL数据库
2023-08-04 00:18:10,479 - INFO - 成功连接到MySQL数据库
2023-08-04 00:18:10,480 - INFO - 成功关闭MySQL数据库连接
2023-08-04 00:18:10,488 - INFO - 成功连接到MySQL数据库
2023-08-04 00:18:10,489 - INFO - 执行查询：SELECT username, password FROM devices_account LIMIT 1
2023-08-04 00:18:10,489 - INFO - SELECT username, password FROM devices_account LIMIT 1
2023-08-04 00:18:10,489 - DEBUG - 获取到的设备账户信息：('networkadmin', '1qaz@WSX')
2023-08-04 00:18:10,489 - INFO - 成功关闭MySQL数据库连接
2023-08-04 00:19:47,832 - INFO - 成功连接到MySQL数据库
2023-08-04 00:19:47,840 - INFO - 成功连接到MySQL数据库
2023-08-04 00:19:47,841 - INFO - 成功关闭MySQL数据库连接
2023-08-04 00:19:47,849 - INFO - 成功连接到MySQL数据库
2023-08-04 00:19:47,849 - INFO - 执行查询：SELECT username, password FROM devices_account LIMIT 1
2023-08-04 00:19:47,850 - INFO - SELECT username, password FROM devices_account LIMIT 1
2023-08-04 00:19:47,850 - DEBUG - 获取到的设备账户信息：('networkadmin', '1qaz@WSX')
2023-08-04 00:19:47,850 - INFO - 成功关闭MySQL数据库连接
2023-08-04 00:20:37,909 - INFO - 成功连接到MySQL数据库
2023-08-04 00:20:37,917 - INFO - 成功连接到MySQL数据库
2023-08-04 00:20:37,918 - INFO - 成功关闭MySQL数据库连接
2023-08-04 00:20:37,926 - INFO - 成功连接到MySQL数据库
2023-08-04 00:20:37,926 - INFO - 执行查询：SELECT username, password FROM devices_account LIMIT 1
2023-08-04 00:20:37,926 - INFO - SELECT username, password FROM devices_account LIMIT 1
2023-08-04 00:20:37,926 - DEBUG - 获取到的设备账户信息：('networkadmin', '1qaz@WSX')
2023-08-04 00:20:37,927 - INFO - 成功关闭MySQL数据库连接
2023-08-04 00:20:40,185 - INFO - 成功连接到MySQL数据库
2023-08-04 00:20:40,186 - INFO - 111
2023-08-04 00:20:40,186 - ERROR - 更新设备信息时发生错误：'device_model'
2023-08-04 00:20:42,168 - INFO - 成功连接到MySQL数据库
2023-08-04 00:20:42,169 - INFO - 111
2023-08-04 00:20:42,169 - ERROR - 更新设备信息时发生错误：'device_model'
2023-08-04 00:20:44,047 - INFO - 成功连接到MySQL数据库
2023-08-04 00:20:44,048 - INFO - 111
2023-08-04 00:20:44,048 - ERROR - 更新设备信息时发生错误：'device_model'
2023-08-04 00:20:46,388 - INFO - 成功连接到MySQL数据库
2023-08-04 00:20:46,389 - INFO - 111
2023-08-04 00:20:46,389 - ERROR - 更新设备信息时发生错误：'device_model'
2023-08-04 00:20:48,592 - INFO - 成功连接到MySQL数据库
2023-08-04 00:20:48,593 - INFO - 111
2023-08-04 00:20:48,593 - ERROR - 更新设备信息时发生错误：'device_model'
2023-08-04 00:23:29,915 - INFO - 成功连接到MySQL数据库
2023-08-04 00:23:29,923 - INFO - 成功连接到MySQL数据库
2023-08-04 00:23:29,924 - INFO - 成功关闭MySQL数据库连接
2023-08-04 00:23:29,932 - INFO - 成功连接到MySQL数据库
2023-08-04 00:23:29,932 - INFO - 执行查询：SELECT username, password FROM devices_account LIMIT 1
2023-08-04 00:23:29,933 - INFO - SELECT username, password FROM devices_account LIMIT 1
2023-08-04 00:23:29,933 - DEBUG - 获取到的设备账户信息：('networkadmin', '1qaz@WSX')
2023-08-04 00:23:29,933 - INFO - 成功关闭MySQL数据库连接
2023-08-04 00:23:32,106 - INFO - 成功连接到MySQL数据库
2023-08-04 00:23:32,107 - INFO - 111
2023-08-04 00:23:32,107 - ERROR - 更新设备信息时发生错误：'device_model'
2023-08-04 00:23:34,150 - INFO - 成功连接到MySQL数据库
2023-08-04 00:23:34,151 - INFO - 111
2023-08-04 00:23:34,151 - ERROR - 更新设备信息时发生错误：'device_model'
2023-08-04 00:23:35,999 - INFO - 成功连接到MySQL数据库
2023-08-04 00:23:36,000 - INFO - 111
2023-08-04 00:23:36,000 - ERROR - 更新设备信息时发生错误：'device_model'
2023-08-04 00:23:38,382 - INFO - 成功连接到MySQL数据库
2023-08-04 00:23:38,383 - INFO - 111
2023-08-04 00:23:38,383 - ERROR - 更新设备信息时发生错误：'device_model'
2023-08-04 00:23:40,729 - INFO - 成功连接到MySQL数据库
2023-08-04 00:23:40,729 - INFO - 111
2023-08-04 00:23:40,729 - ERROR - 更新设备信息时发生错误：'device_model'
2023-08-04 00:23:58,807 - INFO - 成功连接到MySQL数据库
2023-08-04 00:23:58,816 - INFO - 成功连接到MySQL数据库
2023-08-04 00:23:58,817 - INFO - 成功关闭MySQL数据库连接
2023-08-04 00:23:58,824 - INFO - 成功连接到MySQL数据库
2023-08-04 00:23:58,825 - INFO - 执行查询：SELECT username, password FROM devices_account LIMIT 1
2023-08-04 00:23:58,825 - INFO - SELECT username, password FROM devices_account LIMIT 1
2023-08-04 00:23:58,825 - DEBUG - 获取到的设备账户信息：('networkadmin', '1qaz@WSX')
2023-08-04 00:23:58,825 - INFO - 成功关闭MySQL数据库连接
2023-08-04 00:24:01,123 - INFO - 成功连接到MySQL数据库
2023-08-04 00:24:01,124 - INFO - 111
2023-08-04 00:24:01,124 - ERROR - 更新设备信息时发生错误：'device_model'
2023-08-04 00:24:03,154 - INFO - 成功连接到MySQL数据库
2023-08-04 00:24:03,155 - INFO - 111
2023-08-04 00:24:03,155 - ERROR - 更新设备信息时发生错误：'device_model'
2023-08-04 00:24:05,014 - INFO - 成功连接到MySQL数据库
2023-08-04 00:24:05,014 - INFO - 111
2023-08-04 00:24:05,015 - ERROR - 更新设备信息时发生错误：'device_model'
2023-08-04 00:24:07,240 - INFO - 成功连接到MySQL数据库
2023-08-04 00:24:07,241 - INFO - 111
2023-08-04 00:24:07,241 - ERROR - 更新设备信息时发生错误：'device_model'
2023-08-04 00:24:09,542 - INFO - 成功连接到MySQL数据库
2023-08-04 00:24:09,543 - INFO - 111
2023-08-04 00:24:09,543 - ERROR - 更新设备信息时发生错误：'device_model'
2023-08-04 00:27:29,245 - INFO - 成功连接到MySQL数据库
2023-08-04 00:27:29,254 - INFO - 成功连接到MySQL数据库
2023-08-04 00:27:29,255 - INFO - 成功关闭MySQL数据库连接
2023-08-04 00:27:29,263 - INFO - 成功连接到MySQL数据库
2023-08-04 00:27:29,263 - INFO - 执行查询：SELECT username, password FROM devices_account LIMIT 1
2023-08-04 00:27:29,264 - INFO - SELECT username, password FROM devices_account LIMIT 1
2023-08-04 00:27:29,264 - DEBUG - 获取到的设备账户信息：('networkadmin', '1qaz@WSX')
2023-08-04 00:27:29,264 - INFO - 成功关闭MySQL数据库连接
2023-08-04 00:27:31,452 - INFO - 成功连接到MySQL数据库
2023-08-04 00:27:31,453 - INFO - 111
2023-08-04 00:27:31,453 - ERROR - 更新设备信息时发生错误：'device_model'
2023-08-04 00:27:33,494 - INFO - 成功连接到MySQL数据库
2023-08-04 00:27:33,495 - INFO - 111
2023-08-04 00:27:33,495 - ERROR - 更新设备信息时发生错误：'device_model'
2023-08-04 00:27:35,489 - INFO - 成功连接到MySQL数据库
2023-08-04 00:27:35,490 - INFO - 111
2023-08-04 00:27:35,490 - ERROR - 更新设备信息时发生错误：'device_model'
2023-08-04 00:27:37,750 - INFO - 成功连接到MySQL数据库
2023-08-04 00:27:37,751 - INFO - 111
2023-08-04 00:27:37,751 - ERROR - 更新设备信息时发生错误：'device_model'
2023-08-04 00:27:40,013 - INFO - 成功连接到MySQL数据库
2023-08-04 00:27:40,013 - INFO - 111
2023-08-04 00:27:40,014 - ERROR - 更新设备信息时发生错误：'device_model'
2023-08-04 00:28:00,187 - INFO - 成功连接到MySQL数据库
2023-08-04 00:28:00,196 - INFO - 成功连接到MySQL数据库
2023-08-04 00:28:00,197 - INFO - 成功关闭MySQL数据库连接
2023-08-04 00:28:00,205 - INFO - 成功连接到MySQL数据库
2023-08-04 00:28:00,205 - INFO - 执行查询：SELECT username, password FROM devices_account LIMIT 1
2023-08-04 00:28:00,205 - INFO - SELECT username, password FROM devices_account LIMIT 1
2023-08-04 00:28:00,205 - DEBUG - 获取到的设备账户信息：('networkadmin', '1qaz@WSX')
2023-08-04 00:28:00,206 - INFO - 成功关闭MySQL数据库连接
2023-08-04 00:28:02,534 - INFO - 成功连接到MySQL数据库
2023-08-04 00:28:02,535 - INFO - 111
2023-08-04 00:28:02,535 - ERROR - 更新设备信息时发生错误：'device_model'
2023-08-04 00:28:04,498 - INFO - 成功连接到MySQL数据库
2023-08-04 00:28:04,499 - INFO - 111
2023-08-04 00:28:04,499 - ERROR - 更新设备信息时发生错误：'device_model'
2023-08-04 00:28:06,407 - INFO - 成功连接到MySQL数据库
2023-08-04 00:28:06,407 - INFO - 111
2023-08-04 00:28:06,407 - ERROR - 更新设备信息时发生错误：'device_model'
2023-08-04 00:28:08,765 - INFO - 成功连接到MySQL数据库
2023-08-04 00:28:08,766 - INFO - 111
2023-08-04 00:28:08,766 - ERROR - 更新设备信息时发生错误：'device_model'
2023-08-04 00:28:11,062 - INFO - 成功连接到MySQL数据库
2023-08-04 00:28:11,062 - INFO - 111
2023-08-04 00:28:11,063 - ERROR - 更新设备信息时发生错误：'device_model'
2023-08-04 00:30:23,337 - INFO - 成功连接到MySQL数据库
2023-08-04 00:30:23,345 - INFO - 成功连接到MySQL数据库
2023-08-04 00:30:23,346 - INFO - 成功关闭MySQL数据库连接
2023-08-04 00:30:23,354 - INFO - 成功连接到MySQL数据库
2023-08-04 00:30:23,354 - INFO - 执行查询：SELECT username, password FROM devices_account LIMIT 1
2023-08-04 00:30:23,354 - INFO - SELECT username, password FROM devices_account LIMIT 1
2023-08-04 00:30:23,355 - DEBUG - 获取到的设备账户信息：('networkadmin', '1qaz@WSX')
2023-08-04 00:30:23,355 - INFO - 成功关闭MySQL数据库连接
2023-08-04 00:30:25,625 - INFO - 成功连接到MySQL数据库
2023-08-04 00:30:25,626 - INFO - 111
2023-08-04 00:30:25,626 - ERROR - 更新设备信息时发生错误：'device_model'
2023-08-04 00:30:27,575 - INFO - 成功连接到MySQL数据库
2023-08-04 00:30:27,576 - INFO - 111
2023-08-04 00:30:27,576 - ERROR - 更新设备信息时发生错误：'device_model'
2023-08-04 00:30:29,656 - INFO - 成功连接到MySQL数据库
2023-08-04 00:30:29,657 - INFO - 111
2023-08-04 00:30:29,657 - ERROR - 更新设备信息时发生错误：'device_model'
2023-08-04 00:30:31,969 - INFO - 成功连接到MySQL数据库
2023-08-04 00:30:31,970 - INFO - 111
2023-08-04 00:30:31,970 - ERROR - 更新设备信息时发生错误：'device_model'
2023-08-04 00:30:34,268 - INFO - 成功连接到MySQL数据库
2023-08-04 00:30:34,269 - INFO - 111
2023-08-04 00:30:34,269 - ERROR - 更新设备信息时发生错误：'device_model'
2023-08-04 00:31:14,379 - INFO - 成功连接到MySQL数据库
2023-08-04 00:31:14,388 - INFO - 成功连接到MySQL数据库
2023-08-04 00:31:14,389 - INFO - 成功关闭MySQL数据库连接
2023-08-04 00:31:14,397 - INFO - 成功连接到MySQL数据库
2023-08-04 00:31:14,397 - INFO - 执行查询：SELECT username, password FROM devices_account LIMIT 1
2023-08-04 00:31:14,398 - INFO - SELECT username, password FROM devices_account LIMIT 1
2023-08-04 00:31:14,398 - DEBUG - 获取到的设备账户信息：('networkadmin', '1qaz@WSX')
2023-08-04 00:31:14,398 - INFO - 成功关闭MySQL数据库连接
2023-08-04 00:31:16,832 - INFO - 成功连接到MySQL数据库
2023-08-04 00:31:16,833 - INFO - 111
2023-08-04 00:31:16,833 - ERROR - 更新设备信息时发生错误：'device_model'
2023-08-04 00:31:18,800 - INFO - 成功连接到MySQL数据库
2023-08-04 00:31:18,800 - INFO - 111
2023-08-04 00:31:18,801 - ERROR - 更新设备信息时发生错误：'device_model'
2023-08-04 00:31:20,470 - INFO - 成功连接到MySQL数据库
2023-08-04 00:31:20,471 - INFO - 111
2023-08-04 00:31:20,471 - ERROR - 更新设备信息时发生错误：'device_model'
2023-08-04 00:31:22,791 - INFO - 成功连接到MySQL数据库
2023-08-04 00:31:22,791 - INFO - 111
2023-08-04 00:31:22,792 - ERROR - 更新设备信息时发生错误：'device_model'
2023-08-04 00:31:25,120 - INFO - 成功连接到MySQL数据库
2023-08-04 00:31:25,121 - INFO - 111
2023-08-04 00:31:25,121 - ERROR - 更新设备信息时发生错误：'device_model'
2023-08-04 00:31:56,708 - INFO - 成功连接到MySQL数据库
2023-08-04 00:31:56,716 - INFO - 成功连接到MySQL数据库
2023-08-04 00:31:56,717 - INFO - 成功关闭MySQL数据库连接
2023-08-04 00:31:56,725 - INFO - 成功连接到MySQL数据库
2023-08-04 00:31:56,725 - INFO - 执行查询：SELECT username, password FROM devices_account LIMIT 1
2023-08-04 00:31:56,725 - INFO - SELECT username, password FROM devices_account LIMIT 1
2023-08-04 00:31:56,725 - DEBUG - 获取到的设备账户信息：('networkadmin', '1qaz@WSX')
2023-08-04 00:31:56,726 - INFO - 成功关闭MySQL数据库连接
2023-08-04 00:31:59,074 - INFO - 成功连接到MySQL数据库
2023-08-04 00:31:59,074 - INFO - 111
2023-08-04 00:31:59,075 - ERROR - 更新设备信息时发生错误：'device_model'
2023-08-04 00:32:01,050 - INFO - 成功连接到MySQL数据库
2023-08-04 00:32:01,052 - INFO - 111
2023-08-04 00:32:01,052 - ERROR - 更新设备信息时发生错误：'device_model'
2023-08-04 00:32:02,982 - INFO - 成功连接到MySQL数据库
2023-08-04 00:32:02,983 - INFO - 111
2023-08-04 00:32:02,983 - ERROR - 更新设备信息时发生错误：'device_model'
2023-08-04 00:32:05,228 - INFO - 成功连接到MySQL数据库
2023-08-04 00:32:05,229 - INFO - 111
2023-08-04 00:32:05,229 - ERROR - 更新设备信息时发生错误：'device_model'
2023-08-04 00:32:07,516 - INFO - 成功连接到MySQL数据库
2023-08-04 00:32:07,516 - INFO - 111
2023-08-04 00:32:07,516 - ERROR - 更新设备信息时发生错误：'device_model'
2023-08-04 00:38:40,032 - INFO - 成功连接到MySQL数据库
2023-08-04 00:38:40,040 - INFO - 成功连接到MySQL数据库
2023-08-04 00:38:40,041 - INFO - 成功关闭MySQL数据库连接
2023-08-04 00:38:40,049 - INFO - 成功连接到MySQL数据库
2023-08-04 00:38:40,049 - INFO - 执行查询：SELECT username, password FROM devices_account LIMIT 1
2023-08-04 00:38:40,050 - INFO - SELECT username, password FROM devices_account LIMIT 1
2023-08-04 00:38:40,050 - DEBUG - 获取到的设备账户信息：('networkadmin', '1qaz@WSX')
2023-08-04 00:38:40,050 - INFO - 成功关闭MySQL数据库连接
2023-08-04 00:38:42,383 - INFO - 成功连接到MySQL数据库
2023-08-04 00:38:42,384 - INFO - 111
2023-08-04 00:38:42,384 - ERROR - 更新设备信息时发生错误：'device_model'
2023-08-04 00:38:44,367 - INFO - 成功连接到MySQL数据库
2023-08-04 00:38:44,368 - INFO - 111
2023-08-04 00:38:44,368 - ERROR - 更新设备信息时发生错误：'device_model'
2023-08-04 00:38:46,258 - INFO - 成功连接到MySQL数据库
2023-08-04 00:38:46,259 - INFO - 111
2023-08-04 00:38:46,259 - ERROR - 更新设备信息时发生错误：'device_model'
2023-08-04 00:38:48,443 - INFO - 成功连接到MySQL数据库
2023-08-04 00:38:48,444 - INFO - 111
2023-08-04 00:38:48,444 - ERROR - 更新设备信息时发生错误：'device_model'
2023-08-04 00:38:50,708 - INFO - 成功连接到MySQL数据库
2023-08-04 00:38:50,708 - INFO - 111
2023-08-04 00:38:50,708 - ERROR - 更新设备信息时发生错误：'device_model'
2023-08-04 00:39:16,569 - INFO - 成功连接到MySQL数据库
2023-08-04 00:39:16,577 - INFO - 成功连接到MySQL数据库
2023-08-04 00:39:16,578 - INFO - 成功关闭MySQL数据库连接
2023-08-04 00:39:16,586 - INFO - 成功连接到MySQL数据库
2023-08-04 00:39:16,586 - INFO - 执行查询：SELECT username, password FROM devices_account LIMIT 1
2023-08-04 00:39:16,587 - INFO - SELECT username, password FROM devices_account LIMIT 1
2023-08-04 00:39:16,587 - DEBUG - 获取到的设备账户信息：('networkadmin', '1qaz@WSX')
2023-08-04 00:39:16,587 - INFO - 成功关闭MySQL数据库连接
2023-08-04 00:39:18,941 - INFO - 成功连接到MySQL数据库
2023-08-04 00:39:18,942 - INFO - 111
2023-08-04 00:39:18,942 - ERROR - 更新设备信息时发生错误：'device_model'
2023-08-04 00:39:21,058 - INFO - 成功连接到MySQL数据库
2023-08-04 00:39:21,059 - INFO - 111
2023-08-04 00:39:21,059 - ERROR - 更新设备信息时发生错误：'device_model'
2023-08-04 00:39:22,845 - INFO - 成功连接到MySQL数据库
2023-08-04 00:39:22,846 - INFO - 111
2023-08-04 00:39:22,846 - ERROR - 更新设备信息时发生错误：'device_model'
2023-08-04 00:39:24,909 - INFO - 成功连接到MySQL数据库
2023-08-04 00:39:24,910 - INFO - 111
2023-08-04 00:39:24,910 - ERROR - 更新设备信息时发生错误：'device_model'
2023-08-04 00:39:27,213 - INFO - 成功连接到MySQL数据库
2023-08-04 00:39:27,214 - INFO - 111
2023-08-04 00:39:27,214 - ERROR - 更新设备信息时发生错误：'device_model'
2023-08-04 00:51:34,381 - INFO - 成功连接到MySQL数据库
2023-08-04 00:51:34,390 - INFO - 成功连接到MySQL数据库
2023-08-04 00:51:34,391 - INFO - 成功关闭MySQL数据库连接
2023-08-04 00:51:34,399 - INFO - 成功连接到MySQL数据库
2023-08-04 00:51:34,399 - INFO - 执行查询：SELECT username, password FROM devices_account LIMIT 1
2023-08-04 00:51:34,400 - INFO - SELECT username, password FROM devices_account LIMIT 1
2023-08-04 00:51:34,400 - DEBUG - 获取到的设备账户信息：('networkadmin', '1qaz@WSX')
2023-08-04 00:51:34,400 - INFO - 成功关闭MySQL数据库连接
2023-08-04 00:51:37,138 - INFO - 成功连接到MySQL数据库
2023-08-04 00:51:37,139 - INFO - 111
2023-08-04 00:51:37,139 - ERROR - 更新设备信息时发生错误：'device_model'
2023-08-04 00:51:39,188 - INFO - 成功连接到MySQL数据库
2023-08-04 00:51:39,188 - INFO - 111
2023-08-04 00:51:39,188 - ERROR - 更新设备信息时发生错误：'device_model'
2023-08-04 00:51:41,137 - INFO - 成功连接到MySQL数据库
2023-08-04 00:51:41,138 - INFO - 111
2023-08-04 00:51:41,138 - ERROR - 更新设备信息时发生错误：'device_model'
2023-08-04 00:51:43,386 - INFO - 成功连接到MySQL数据库
2023-08-04 00:51:43,387 - INFO - 111
2023-08-04 00:51:43,387 - ERROR - 更新设备信息时发生错误：'device_model'
2023-08-04 00:51:45,629 - INFO - 成功连接到MySQL数据库
2023-08-04 00:51:45,630 - INFO - 111
2023-08-04 00:51:45,630 - ERROR - 更新设备信息时发生错误：'device_model'
2023-08-04 00:54:40,509 - INFO - 成功连接到MySQL数据库
2023-08-04 00:54:40,518 - INFO - 成功连接到MySQL数据库
2023-08-04 00:54:40,519 - INFO - 成功关闭MySQL数据库连接
2023-08-04 00:54:40,527 - INFO - 成功连接到MySQL数据库
2023-08-04 00:54:40,527 - INFO - 执行查询：SELECT username, password FROM devices_account LIMIT 1
2023-08-04 00:54:40,527 - INFO - SELECT username, password FROM devices_account LIMIT 1
2023-08-04 00:54:40,528 - DEBUG - 获取到的设备账户信息：('networkadmin', '1qaz@WSX')
2023-08-04 00:54:40,528 - INFO - 成功关闭MySQL数据库连接
2023-08-04 00:54:42,960 - INFO - 成功连接到MySQL数据库
2023-08-04 00:54:42,960 - INFO - 111
2023-08-04 00:54:42,960 - ERROR - 更新设备信息时发生错误：'device_model'
2023-08-04 00:54:44,891 - INFO - 成功连接到MySQL数据库
2023-08-04 00:54:44,892 - INFO - 111
2023-08-04 00:54:44,892 - ERROR - 更新设备信息时发生错误：'device_model'
2023-08-04 00:54:46,703 - INFO - 成功连接到MySQL数据库
2023-08-04 00:54:46,704 - INFO - 111
2023-08-04 00:54:46,704 - ERROR - 更新设备信息时发生错误：'device_model'
2023-08-04 00:54:49,067 - INFO - 成功连接到MySQL数据库
2023-08-04 00:54:49,068 - INFO - 111
2023-08-04 00:54:49,068 - ERROR - 更新设备信息时发生错误：'device_model'
2023-08-04 00:54:51,188 - INFO - 成功连接到MySQL数据库
2023-08-04 00:54:51,189 - INFO - 111
2023-08-04 00:54:51,189 - ERROR - 更新设备信息时发生错误：'device_model'
2023-08-04 00:56:46,771 - INFO - 成功连接到MySQL数据库
2023-08-04 00:56:46,780 - INFO - 成功连接到MySQL数据库
2023-08-04 00:56:46,781 - INFO - 成功关闭MySQL数据库连接
2023-08-04 00:56:46,789 - INFO - 成功连接到MySQL数据库
2023-08-04 00:56:46,789 - INFO - 执行查询：SELECT username, password FROM devices_account LIMIT 1
2023-08-04 00:56:46,790 - INFO - SELECT username, password FROM devices_account LIMIT 1
2023-08-04 00:56:46,790 - DEBUG - 获取到的设备账户信息：('networkadmin', '1qaz@WSX')
2023-08-04 00:56:46,790 - INFO - 成功关闭MySQL数据库连接
2023-08-04 00:56:49,215 - INFO - 成功连接到MySQL数据库
2023-08-04 00:56:49,216 - INFO - 111
2023-08-04 00:56:49,216 - ERROR - 更新设备信息时发生错误：'device_model'
2023-08-04 00:56:51,206 - INFO - 成功连接到MySQL数据库
2023-08-04 00:56:51,207 - INFO - 111
2023-08-04 00:56:51,207 - ERROR - 更新设备信息时发生错误：'device_model'
2023-08-04 00:56:52,959 - INFO - 成功连接到MySQL数据库
2023-08-04 00:56:52,959 - INFO - 111
2023-08-04 00:56:52,960 - ERROR - 更新设备信息时发生错误：'device_model'
2023-08-04 00:56:55,287 - INFO - 成功连接到MySQL数据库
2023-08-04 00:56:55,288 - INFO - 111
2023-08-04 00:56:55,288 - ERROR - 更新设备信息时发生错误：'device_model'
2023-08-04 00:56:57,660 - INFO - 成功连接到MySQL数据库
2023-08-04 00:56:57,661 - INFO - 111
2023-08-04 00:56:57,661 - ERROR - 更新设备信息时发生错误：'device_model'
2023-08-04 00:57:32,701 - INFO - 成功连接到MySQL数据库
2023-08-04 00:57:32,711 - INFO - 成功连接到MySQL数据库
2023-08-04 00:57:32,712 - INFO - 成功关闭MySQL数据库连接
2023-08-04 00:57:32,720 - INFO - 成功连接到MySQL数据库
2023-08-04 00:57:32,720 - INFO - 执行查询：SELECT username, password FROM devices_account LIMIT 1
2023-08-04 00:57:32,720 - INFO - SELECT username, password FROM devices_account LIMIT 1
2023-08-04 00:57:32,721 - DEBUG - 获取到的设备账户信息：('networkadmin', '1qaz@WSX')
2023-08-04 00:57:32,721 - INFO - 成功关闭MySQL数据库连接
2023-08-04 00:57:35,046 - INFO - 成功连接到MySQL数据库
2023-08-04 00:57:35,047 - INFO - 111
2023-08-04 00:57:35,047 - ERROR - 更新设备信息时发生错误：'device_model'
2023-08-04 00:57:36,928 - INFO - 成功连接到MySQL数据库
2023-08-04 00:57:36,929 - INFO - 111
2023-08-04 00:57:36,929 - ERROR - 更新设备信息时发生错误：'device_model'
2023-08-04 00:57:38,802 - INFO - 成功连接到MySQL数据库
2023-08-04 00:57:38,802 - INFO - 111
2023-08-04 00:57:38,802 - ERROR - 更新设备信息时发生错误：'device_model'
2023-08-04 00:57:41,095 - INFO - 成功连接到MySQL数据库
2023-08-04 00:57:41,096 - INFO - 111
2023-08-04 00:57:41,096 - ERROR - 更新设备信息时发生错误：'device_model'
2023-08-04 00:57:43,284 - INFO - 成功连接到MySQL数据库
2023-08-04 00:57:43,285 - INFO - 111
2023-08-04 00:57:43,285 - ERROR - 更新设备信息时发生错误：'device_model'
2023-08-04 00:58:17,956 - INFO - 成功连接到MySQL数据库
2023-08-04 00:58:17,965 - INFO - 成功连接到MySQL数据库
2023-08-04 00:58:17,966 - INFO - 成功关闭MySQL数据库连接
2023-08-04 00:58:17,976 - INFO - 成功连接到MySQL数据库
2023-08-04 00:58:17,976 - INFO - 执行查询：SELECT username, password FROM devices_account LIMIT 1
2023-08-04 00:58:17,977 - INFO - SELECT username, password FROM devices_account LIMIT 1
2023-08-04 00:58:17,977 - DEBUG - 获取到的设备账户信息：('networkadmin', '1qaz@WSX')
2023-08-04 00:58:17,977 - INFO - 成功关闭MySQL数据库连接
2023-08-04 00:58:20,669 - INFO - 成功连接到MySQL数据库
2023-08-04 00:58:20,669 - INFO - 111
2023-08-04 00:58:20,670 - ERROR - 更新设备信息时发生错误：'device_model'
2023-08-04 00:58:22,676 - INFO - 成功连接到MySQL数据库
2023-08-04 00:58:22,677 - INFO - 111
2023-08-04 00:58:22,677 - ERROR - 更新设备信息时发生错误：'device_model'
2023-08-04 00:58:24,446 - INFO - 成功连接到MySQL数据库
2023-08-04 00:58:24,447 - INFO - 111
2023-08-04 00:58:24,447 - ERROR - 更新设备信息时发生错误：'device_model'
2023-08-04 00:58:26,724 - INFO - 成功连接到MySQL数据库
2023-08-04 00:58:26,725 - INFO - 111
2023-08-04 00:58:26,725 - ERROR - 更新设备信息时发生错误：'device_model'
2023-08-04 00:58:28,952 - INFO - 成功连接到MySQL数据库
2023-08-04 00:58:28,953 - INFO - 111
2023-08-04 00:58:28,953 - ERROR - 更新设备信息时发生错误：'device_model'
2023-08-04 00:58:46,967 - INFO - 成功连接到MySQL数据库
2023-08-04 00:58:46,976 - INFO - 成功连接到MySQL数据库
2023-08-04 00:58:46,977 - INFO - 成功关闭MySQL数据库连接
2023-08-04 00:58:46,985 - INFO - 成功连接到MySQL数据库
2023-08-04 00:58:46,985 - INFO - 执行查询：SELECT username, password FROM devices_account LIMIT 1
2023-08-04 00:58:46,986 - INFO - SELECT username, password FROM devices_account LIMIT 1
2023-08-04 00:58:46,986 - DEBUG - 获取到的设备账户信息：('networkadmin', '1qaz@WSX')
2023-08-04 00:58:46,986 - INFO - 成功关闭MySQL数据库连接
2023-08-04 00:58:49,325 - INFO - 成功连接到MySQL数据库
2023-08-04 00:58:49,325 - INFO - 111
2023-08-04 00:58:49,326 - ERROR - 更新设备信息时发生错误：'device_model'
2023-08-04 00:58:51,295 - INFO - 成功连接到MySQL数据库
2023-08-04 00:58:51,296 - INFO - 111
2023-08-04 00:58:51,296 - ERROR - 更新设备信息时发生错误：'device_model'
2023-08-04 00:58:53,029 - INFO - 成功连接到MySQL数据库
2023-08-04 00:58:53,029 - INFO - 111
2023-08-04 00:58:53,029 - ERROR - 更新设备信息时发生错误：'device_model'
2023-08-04 00:58:55,354 - INFO - 成功连接到MySQL数据库
2023-08-04 00:58:55,355 - INFO - 111
2023-08-04 00:58:55,355 - ERROR - 更新设备信息时发生错误：'device_model'
2023-08-04 00:58:57,580 - INFO - 成功连接到MySQL数据库
2023-08-04 00:58:57,581 - INFO - 111
2023-08-04 00:58:57,581 - ERROR - 更新设备信息时发生错误：'device_model'
