2023-08-04 01:01:11,407 - INFO - 成功连接到MySQL数据库
2023-08-04 01:01:11,415 - INFO - 成功连接到MySQL数据库
2023-08-04 01:01:11,416 - INFO - 成功关闭MySQL数据库连接
2023-08-04 01:01:11,424 - INFO - 成功连接到MySQL数据库
2023-08-04 01:01:11,424 - INFO - 执行查询：SELECT username, password FROM devices_account LIMIT 1
2023-08-04 01:01:11,424 - INFO - SELECT username, password FROM devices_account LIMIT 1
2023-08-04 01:01:11,425 - DEBUG - 获取到的设备账户信息：('networkadmin', '1qaz@WSX')
2023-08-04 01:01:11,425 - INFO - 成功关闭MySQL数据库连接
2023-08-04 01:01:13,819 - INFO - 成功连接到MySQL数据库
2023-08-04 01:01:13,820 - INFO - 111
2023-08-04 01:01:13,821 - ERROR - 更新设备信息时发生错误：'device_model'
2023-08-04 01:01:15,967 - INFO - 成功连接到MySQL数据库
2023-08-04 01:01:15,968 - INFO - 111
2023-08-04 01:01:15,968 - ERROR - 更新设备信息时发生错误：'device_model'
2023-08-04 01:01:17,700 - INFO - 成功连接到MySQL数据库
2023-08-04 01:01:17,700 - INFO - 111
2023-08-04 01:01:17,701 - ERROR - 更新设备信息时发生错误：'device_model'
2023-08-04 01:01:19,900 - INFO - 成功连接到MySQL数据库
2023-08-04 01:01:19,900 - INFO - 111
2023-08-04 01:01:19,900 - ERROR - 更新设备信息时发生错误：'device_model'
2023-08-04 01:01:22,100 - INFO - 成功连接到MySQL数据库
2023-08-04 01:01:22,101 - INFO - 111
2023-08-04 01:01:22,101 - ERROR - 更新设备信息时发生错误：'device_model'
2023-08-04 01:04:13,071 - INFO - 成功连接到MySQL数据库
2023-08-04 01:04:13,080 - INFO - 成功连接到MySQL数据库
2023-08-04 01:04:13,080 - INFO - 成功关闭MySQL数据库连接
2023-08-04 01:04:13,089 - INFO - 成功连接到MySQL数据库
2023-08-04 01:04:13,089 - INFO - 执行查询：SELECT username, password FROM devices_account LIMIT 1
2023-08-04 01:04:13,089 - INFO - SELECT username, password FROM devices_account LIMIT 1
2023-08-04 01:04:13,089 - DEBUG - 获取到的设备账户信息：('networkadmin', '1qaz@WSX')
2023-08-04 01:04:13,090 - INFO - 成功关闭MySQL数据库连接
2023-08-04 01:04:15,545 - INFO - 成功连接到MySQL数据库
2023-08-04 01:04:15,546 - INFO - 111
2023-08-04 01:04:15,546 - ERROR - 更新设备信息时发生错误：'device_model'
2023-08-04 01:04:17,736 - INFO - 成功连接到MySQL数据库
2023-08-04 01:04:17,737 - INFO - 111
2023-08-04 01:04:17,737 - ERROR - 更新设备信息时发生错误：'device_model'
2023-08-04 01:04:19,518 - INFO - 成功连接到MySQL数据库
2023-08-04 01:04:19,519 - INFO - 111
2023-08-04 01:04:19,519 - ERROR - 更新设备信息时发生错误：'device_model'
2023-08-04 01:04:21,938 - INFO - 成功连接到MySQL数据库
2023-08-04 01:04:21,939 - INFO - 111
2023-08-04 01:04:21,939 - ERROR - 更新设备信息时发生错误：'device_model'
2023-08-04 01:04:24,251 - INFO - 成功连接到MySQL数据库
2023-08-04 01:04:24,251 - INFO - 111
2023-08-04 01:04:24,252 - ERROR - 更新设备信息时发生错误：'device_model'
2023-08-04 01:06:57,535 - INFO - 成功连接到MySQL数据库
2023-08-04 01:06:57,543 - INFO - 成功连接到MySQL数据库
2023-08-04 01:06:57,544 - INFO - 成功关闭MySQL数据库连接
2023-08-04 01:06:57,552 - INFO - 成功连接到MySQL数据库
2023-08-04 01:06:57,552 - INFO - 执行查询：SELECT username, password FROM devices_account LIMIT 1
2023-08-04 01:06:57,553 - INFO - SELECT username, password FROM devices_account LIMIT 1
2023-08-04 01:06:57,553 - DEBUG - 获取到的设备账户信息：('networkadmin', '1qaz@WSX')
2023-08-04 01:06:57,553 - INFO - 成功关闭MySQL数据库连接
2023-08-04 01:07:00,050 - INFO - 成功连接到MySQL数据库
2023-08-04 01:07:00,052 - INFO - 111
2023-08-04 01:07:00,052 - ERROR - 更新设备信息时发生错误：'device_model'
2023-08-04 01:07:01,947 - INFO - 成功连接到MySQL数据库
2023-08-04 01:07:01,948 - INFO - 111
2023-08-04 01:07:01,948 - ERROR - 更新设备信息时发生错误：'device_model'
2023-08-04 01:07:03,807 - INFO - 成功连接到MySQL数据库
2023-08-04 01:07:03,808 - INFO - 111
2023-08-04 01:07:03,808 - ERROR - 更新设备信息时发生错误：'device_model'
2023-08-04 01:07:06,234 - INFO - 成功连接到MySQL数据库
2023-08-04 01:07:06,236 - INFO - 111
2023-08-04 01:07:06,236 - ERROR - 更新设备信息时发生错误：'device_model'
2023-08-04 01:07:08,419 - INFO - 成功连接到MySQL数据库
2023-08-04 01:07:08,419 - INFO - 111
2023-08-04 01:07:08,420 - ERROR - 更新设备信息时发生错误：'device_model'
2023-08-04 01:11:32,190 - INFO - 成功连接到MySQL数据库
2023-08-04 01:11:32,198 - INFO - 成功连接到MySQL数据库
2023-08-04 01:11:32,200 - INFO - 成功关闭MySQL数据库连接
2023-08-04 01:11:32,208 - INFO - 成功连接到MySQL数据库
2023-08-04 01:11:32,208 - INFO - 执行查询：SELECT username, password FROM devices_account LIMIT 1
2023-08-04 01:11:32,209 - INFO - SELECT username, password FROM devices_account LIMIT 1
2023-08-04 01:11:32,209 - DEBUG - 获取到的设备账户信息：('networkadmin', '1qaz@WSX')
2023-08-04 01:11:32,209 - INFO - 成功关闭MySQL数据库连接
2023-08-04 01:11:34,606 - INFO - 成功连接到MySQL数据库
2023-08-04 01:11:34,607 - INFO - 111
2023-08-04 01:11:34,607 - ERROR - 更新设备信息时发生错误：'device_model'
2023-08-04 01:11:36,688 - INFO - 成功连接到MySQL数据库
2023-08-04 01:11:36,689 - INFO - 111
2023-08-04 01:11:36,689 - ERROR - 更新设备信息时发生错误：'device_model'
2023-08-04 01:11:38,452 - INFO - 成功连接到MySQL数据库
2023-08-04 01:11:38,454 - INFO - 111
2023-08-04 01:11:38,454 - ERROR - 更新设备信息时发生错误：'device_model'
2023-08-04 01:11:40,638 - INFO - 成功连接到MySQL数据库
2023-08-04 01:11:40,639 - INFO - 111
2023-08-04 01:11:40,639 - ERROR - 更新设备信息时发生错误：'device_model'
2023-08-04 01:11:42,910 - INFO - 成功连接到MySQL数据库
2023-08-04 01:11:42,911 - INFO - 111
2023-08-04 01:11:42,911 - ERROR - 更新设备信息时发生错误：'device_model'
2023-08-04 01:20:43,728 - INFO - 成功连接到MySQL数据库
2023-08-04 01:20:43,736 - INFO - 成功连接到MySQL数据库
2023-08-04 01:20:43,737 - INFO - 成功关闭MySQL数据库连接
2023-08-04 01:20:43,745 - INFO - 成功连接到MySQL数据库
2023-08-04 01:20:43,745 - INFO - 执行查询：SELECT username, password FROM devices_account LIMIT 1
2023-08-04 01:20:43,746 - INFO - SELECT username, password FROM devices_account LIMIT 1
2023-08-04 01:20:43,746 - DEBUG - 获取到的设备账户信息：('networkadmin', '1qaz@WSX')
2023-08-04 01:20:43,746 - INFO - 成功关闭MySQL数据库连接
2023-08-04 01:20:46,077 - INFO - 成功连接到MySQL数据库
2023-08-04 01:20:46,078 - INFO - 111
2023-08-04 01:20:46,078 - ERROR - 更新设备信息时发生错误：'device_model'
2023-08-04 01:20:47,884 - INFO - 成功连接到MySQL数据库
2023-08-04 01:20:47,885 - INFO - 111
2023-08-04 01:20:47,885 - ERROR - 更新设备信息时发生错误：'device_model'
2023-08-04 01:20:49,782 - INFO - 成功连接到MySQL数据库
2023-08-04 01:20:49,783 - INFO - 111
2023-08-04 01:20:49,783 - ERROR - 更新设备信息时发生错误：'device_model'
2023-08-04 01:20:52,207 - INFO - 成功连接到MySQL数据库
2023-08-04 01:20:52,208 - INFO - 111
2023-08-04 01:20:52,208 - ERROR - 更新设备信息时发生错误：'device_model'
2023-08-04 01:20:54,572 - INFO - 成功连接到MySQL数据库
2023-08-04 01:20:54,572 - INFO - 111
2023-08-04 01:20:54,573 - ERROR - 更新设备信息时发生错误：'device_model'
2023-08-04 01:21:30,539 - INFO - 成功连接到MySQL数据库
2023-08-04 01:21:30,547 - INFO - 成功连接到MySQL数据库
2023-08-04 01:21:30,548 - INFO - 成功关闭MySQL数据库连接
2023-08-04 01:21:30,556 - INFO - 成功连接到MySQL数据库
2023-08-04 01:21:30,556 - INFO - 执行查询：SELECT username, password FROM devices_account LIMIT 1
2023-08-04 01:21:30,557 - INFO - SELECT username, password FROM devices_account LIMIT 1
2023-08-04 01:21:30,557 - DEBUG - 获取到的设备账户信息：('networkadmin', '1qaz@WSX')
2023-08-04 01:21:30,557 - INFO - 成功关闭MySQL数据库连接
2023-08-04 01:21:32,932 - INFO - 成功连接到MySQL数据库
2023-08-04 01:21:32,933 - INFO - 111
2023-08-04 01:21:32,933 - ERROR - 更新设备信息时发生错误：'device_model'
2023-08-04 01:21:34,944 - INFO - 成功连接到MySQL数据库
2023-08-04 01:21:34,945 - INFO - 111
2023-08-04 01:21:34,945 - ERROR - 更新设备信息时发生错误：'device_model'
2023-08-04 01:21:36,802 - INFO - 成功连接到MySQL数据库
2023-08-04 01:21:36,803 - INFO - 111
2023-08-04 01:21:36,803 - ERROR - 更新设备信息时发生错误：'device_model'
2023-08-04 01:21:39,056 - INFO - 成功连接到MySQL数据库
2023-08-04 01:21:39,057 - INFO - 111
2023-08-04 01:21:39,057 - ERROR - 更新设备信息时发生错误：'device_model'
2023-08-04 01:21:41,172 - INFO - 成功连接到MySQL数据库
2023-08-04 01:21:41,173 - INFO - 111
2023-08-04 01:21:41,173 - ERROR - 更新设备信息时发生错误：'device_model'
2023-08-04 01:45:41,956 - INFO - 成功连接到MySQL数据库
2023-08-04 01:45:41,965 - INFO - 成功连接到MySQL数据库
2023-08-04 01:45:41,966 - INFO - 成功关闭MySQL数据库连接
2023-08-04 01:45:41,974 - INFO - 成功连接到MySQL数据库
2023-08-04 01:45:41,974 - INFO - 执行查询：SELECT username, password FROM devices_account LIMIT 1
2023-08-04 01:45:41,974 - INFO - SELECT username, password FROM devices_account LIMIT 1
2023-08-04 01:45:41,974 - DEBUG - 获取到的设备账户信息：('networkadmin', '1qaz@WSX')
2023-08-04 01:45:41,975 - INFO - 成功关闭MySQL数据库连接
2023-08-04 01:45:44,429 - INFO - 成功连接到MySQL数据库
2023-08-04 01:45:44,430 - INFO - 111
2023-08-04 01:45:44,430 - ERROR - 更新设备信息时发生错误：'device_model'
2023-08-04 01:45:47,325 - INFO - 成功连接到MySQL数据库
2023-08-04 01:45:47,326 - INFO - 111
2023-08-04 01:45:47,326 - ERROR - 更新设备信息时发生错误：'device_model'
2023-08-04 01:45:49,180 - INFO - 成功连接到MySQL数据库
2023-08-04 01:45:49,181 - INFO - 111
2023-08-04 01:45:49,181 - ERROR - 更新设备信息时发生错误：'device_model'
2023-08-04 01:45:51,468 - INFO - 成功连接到MySQL数据库
2023-08-04 01:45:51,469 - INFO - 111
2023-08-04 01:45:51,469 - ERROR - 更新设备信息时发生错误：'device_model'
2023-08-04 01:45:53,612 - INFO - 成功连接到MySQL数据库
2023-08-04 01:45:53,613 - INFO - 111
2023-08-04 01:45:53,613 - ERROR - 更新设备信息时发生错误：'device_model'
2023-08-04 01:47:31,226 - INFO - 成功连接到MySQL数据库
2023-08-04 01:47:31,234 - INFO - 成功连接到MySQL数据库
2023-08-04 01:47:31,234 - INFO - 成功关闭MySQL数据库连接
2023-08-04 01:47:31,242 - INFO - 成功连接到MySQL数据库
2023-08-04 01:47:31,242 - INFO - 执行查询：SELECT username, password FROM devices_account LIMIT 1
2023-08-04 01:47:31,243 - INFO - SELECT username, password FROM devices_account LIMIT 1
2023-08-04 01:47:31,243 - DEBUG - 获取到的设备账户信息：('networkadmin', '1qaz@WSX')
2023-08-04 01:47:31,243 - INFO - 成功关闭MySQL数据库连接
2023-08-04 01:47:33,657 - INFO - 成功连接到MySQL数据库
2023-08-04 01:47:33,658 - INFO - 111
2023-08-04 01:47:33,658 - ERROR - 更新设备信息时发生错误：'device_model'
2023-08-04 01:47:35,652 - INFO - 成功连接到MySQL数据库
2023-08-04 01:47:35,653 - INFO - 111
2023-08-04 01:47:35,653 - ERROR - 更新设备信息时发生错误：'device_model'
2023-08-04 01:47:37,415 - INFO - 成功连接到MySQL数据库
2023-08-04 01:47:37,416 - INFO - 111
2023-08-04 01:47:37,416 - ERROR - 更新设备信息时发生错误：'device_model'
2023-08-04 01:47:39,620 - INFO - 成功连接到MySQL数据库
2023-08-04 01:47:39,622 - INFO - 111
2023-08-04 01:47:39,622 - ERROR - 更新设备信息时发生错误：'device_model'
2023-08-04 01:47:41,723 - INFO - 成功连接到MySQL数据库
2023-08-04 01:47:41,724 - INFO - 111
2023-08-04 01:47:41,724 - ERROR - 更新设备信息时发生错误：'device_model'
2023-08-04 01:49:24,902 - INFO - 成功连接到MySQL数据库
2023-08-04 01:49:24,910 - INFO - 成功连接到MySQL数据库
2023-08-04 01:49:24,911 - INFO - 成功关闭MySQL数据库连接
2023-08-04 01:49:24,919 - INFO - 成功连接到MySQL数据库
2023-08-04 01:49:24,919 - INFO - 执行查询：SELECT username, password FROM devices_account LIMIT 1
2023-08-04 01:49:24,919 - INFO - SELECT username, password FROM devices_account LIMIT 1
2023-08-04 01:49:24,920 - DEBUG - 获取到的设备账户信息：('networkadmin', '1qaz@WSX')
2023-08-04 01:49:24,920 - INFO - 成功关闭MySQL数据库连接
2023-08-04 01:49:27,356 - INFO - 成功连接到MySQL数据库
2023-08-04 01:49:27,357 - INFO - 111
2023-08-04 01:49:27,357 - ERROR - 更新设备信息时发生错误：'device_model'
2023-08-04 01:49:29,398 - INFO - 成功连接到MySQL数据库
2023-08-04 01:49:29,399 - INFO - 111
2023-08-04 01:49:29,399 - ERROR - 更新设备信息时发生错误：'device_model'
2023-08-04 01:49:31,510 - INFO - 成功连接到MySQL数据库
2023-08-04 01:49:31,511 - INFO - 111
2023-08-04 01:49:31,511 - ERROR - 更新设备信息时发生错误：'device_model'
2023-08-04 01:49:33,816 - INFO - 成功连接到MySQL数据库
2023-08-04 01:49:33,817 - INFO - 111
2023-08-04 01:49:33,817 - ERROR - 更新设备信息时发生错误：'device_model'
2023-08-04 01:49:36,056 - INFO - 成功连接到MySQL数据库
2023-08-04 01:49:36,057 - INFO - 111
2023-08-04 01:49:36,057 - ERROR - 更新设备信息时发生错误：'device_model'
