2023-08-04 17:20:18,425 - INFO - 成功连接到MySQL数据库
2023-08-04 17:20:18,434 - INFO - 成功连接到MySQL数据库
2023-08-04 17:20:18,435 - INFO - 成功关闭MySQL数据库连接
2023-08-04 17:25:25,503 - INFO - 成功连接到MySQL数据库
2023-08-04 17:25:25,512 - INFO - 成功连接到MySQL数据库
2023-08-04 17:25:25,513 - INFO - 成功关闭MySQL数据库连接
2023-08-04 17:26:07,820 - INFO - 成功连接到MySQL数据库
2023-08-04 17:26:07,841 - INFO - 成功关闭MySQL数据库连接
2023-08-04 17:26:07,850 - INFO - 成功连接到MySQL数据库
2023-08-04 17:26:07,850 - INFO - 成功关闭MySQL数据库连接
2023-08-04 17:26:07,860 - INFO - 成功连接到MySQL数据库
2023-08-04 17:26:07,861 - INFO - 成功关闭MySQL数据库连接
2023-08-04 17:26:50,128 - INFO - 成功连接到MySQL数据库
2023-08-04 17:26:50,128 - INFO - 成功关闭MySQL数据库连接
2023-08-04 17:26:50,137 - INFO - 成功连接到MySQL数据库
2023-08-04 17:26:50,138 - INFO - 成功关闭MySQL数据库连接
2023-08-04 17:27:32,407 - INFO - 成功连接到MySQL数据库
2023-08-04 17:27:32,410 - INFO - 成功关闭MySQL数据库连接
2023-08-04 17:27:32,418 - INFO - 成功连接到MySQL数据库
2023-08-04 17:27:32,418 - INFO - 成功关闭MySQL数据库连接
2023-08-04 17:27:32,427 - INFO - 成功连接到MySQL数据库
2023-08-04 17:27:32,428 - INFO - 成功关闭MySQL数据库连接
2023-08-04 17:28:14,711 - INFO - 成功连接到MySQL数据库
2023-08-04 17:28:14,711 - INFO - 成功关闭MySQL数据库连接
2023-08-04 17:28:14,720 - INFO - 成功连接到MySQL数据库
2023-08-04 17:28:14,721 - INFO - 成功关闭MySQL数据库连接
2023-08-04 17:28:56,933 - INFO - 成功连接到MySQL数据库
2023-08-04 17:28:56,935 - INFO - 成功关闭MySQL数据库连接
2023-08-04 17:28:56,943 - INFO - 成功连接到MySQL数据库
2023-08-04 17:28:56,943 - INFO - 成功关闭MySQL数据库连接
2023-08-04 17:28:56,953 - INFO - 成功连接到MySQL数据库
2023-08-04 17:28:56,954 - INFO - 成功关闭MySQL数据库连接
2023-08-04 17:29:39,252 - INFO - 成功连接到MySQL数据库
2023-08-04 17:29:39,255 - INFO - 成功关闭MySQL数据库连接
2023-08-04 17:29:39,264 - INFO - 成功连接到MySQL数据库
2023-08-04 17:29:39,265 - INFO - 成功关闭MySQL数据库连接
2023-08-04 17:30:21,531 - INFO - 成功连接到MySQL数据库
2023-08-04 17:30:21,532 - INFO - 成功关闭MySQL数据库连接
2023-08-04 17:30:21,540 - INFO - 成功连接到MySQL数据库
2023-08-04 17:30:21,541 - INFO - 成功关闭MySQL数据库连接
2023-08-04 17:31:03,801 - INFO - 成功连接到MySQL数据库
2023-08-04 17:31:03,801 - INFO - 成功关闭MySQL数据库连接
2023-08-04 17:31:03,811 - INFO - 成功连接到MySQL数据库
2023-08-04 17:31:03,812 - INFO - 成功关闭MySQL数据库连接
2023-08-04 17:31:46,058 - INFO - 成功连接到MySQL数据库
2023-08-04 17:31:46,059 - INFO - 成功关闭MySQL数据库连接
2023-08-04 17:31:46,068 - INFO - 成功连接到MySQL数据库
2023-08-04 17:31:46,069 - INFO - 成功关闭MySQL数据库连接
2023-08-04 17:43:06,407 - INFO - 成功连接到MySQL数据库
2023-08-04 17:43:06,416 - INFO - 成功连接到MySQL数据库
2023-08-04 17:43:06,417 - INFO - 成功关闭MySQL数据库连接
2023-08-04 17:43:06,425 - INFO - 成功连接到MySQL数据库
2023-08-04 17:43:06,425 - INFO - 执行查询：SELECT username, password FROM devices_account LIMIT 1
2023-08-04 17:43:06,426 - INFO - SELECT username, password FROM devices_account LIMIT 1
2023-08-04 17:43:06,426 - DEBUG - 获取到的设备账户信息：('networkadmin', '1qaz@WSX')
2023-08-04 17:43:06,426 - INFO - 成功关闭MySQL数据库连接
2023-08-04 17:43:08,897 - INFO - 成功连接到MySQL数据库
2023-08-04 17:43:08,898 - INFO - +++++++++++++++++++++++++++
2023-08-04 17:43:08,898 - INFO - <bound method CMySQLCursor.execute of <mysql.connector.cursor_cext.CMySQLCursorBuffered object at 0x0000017F05139630>>
2023-08-04 17:43:08,898 - INFO - <class 'mysql.connector.cursor_cext.CMySQLCursorBuffered'>
2023-08-04 17:43:08,899 - INFO - 333
2023-08-04 17:43:08,899 - INFO - 666
2023-08-04 17:43:08,901 - INFO - 成功关闭MySQL数据库连接
2023-08-04 17:43:10,820 - INFO - 成功连接到MySQL数据库
2023-08-04 17:43:10,820 - INFO - +++++++++++++++++++++++++++
2023-08-04 17:43:10,821 - INFO - <bound method CMySQLCursor.execute of <mysql.connector.cursor_cext.CMySQLCursorBuffered object at 0x0000017F051D1A80>>
2023-08-04 17:43:10,821 - INFO - <class 'mysql.connector.cursor_cext.CMySQLCursorBuffered'>
2023-08-04 17:43:10,821 - INFO - 333
2023-08-04 17:43:10,822 - INFO - 666
2023-08-04 17:43:10,823 - INFO - 成功关闭MySQL数据库连接
2023-08-04 17:43:12,790 - INFO - 成功连接到MySQL数据库
2023-08-04 17:43:12,790 - INFO - +++++++++++++++++++++++++++
2023-08-04 17:43:12,791 - INFO - <bound method CMySQLCursor.execute of <mysql.connector.cursor_cext.CMySQLCursorBuffered object at 0x0000017F051AB1C0>>
2023-08-04 17:43:12,791 - INFO - <class 'mysql.connector.cursor_cext.CMySQLCursorBuffered'>
2023-08-04 17:43:12,791 - INFO - 333
2023-08-04 17:43:12,791 - INFO - 666
2023-08-04 17:43:12,794 - INFO - 成功关闭MySQL数据库连接
2023-08-04 17:43:14,902 - INFO - 成功连接到MySQL数据库
2023-08-04 17:43:14,903 - INFO - +++++++++++++++++++++++++++
2023-08-04 17:43:14,903 - INFO - <bound method CMySQLCursor.execute of <mysql.connector.cursor_cext.CMySQLCursorBuffered object at 0x0000017F051FF190>>
2023-08-04 17:43:14,903 - INFO - <class 'mysql.connector.cursor_cext.CMySQLCursorBuffered'>
2023-08-04 17:43:14,904 - INFO - 333
2023-08-04 17:43:14,904 - INFO - 666
2023-08-04 17:43:14,906 - INFO - 成功关闭MySQL数据库连接
2023-08-04 17:43:17,095 - INFO - 成功连接到MySQL数据库
2023-08-04 17:43:17,096 - INFO - +++++++++++++++++++++++++++
2023-08-04 17:43:17,096 - INFO - <bound method CMySQLCursor.execute of <mysql.connector.cursor_cext.CMySQLCursorBuffered object at 0x0000017F05A4B730>>
2023-08-04 17:43:17,096 - INFO - <class 'mysql.connector.cursor_cext.CMySQLCursorBuffered'>
2023-08-04 17:43:17,097 - INFO - 333
2023-08-04 17:43:17,097 - INFO - 666
2023-08-04 17:43:17,099 - INFO - 成功关闭MySQL数据库连接
2023-08-04 17:43:18,734 - INFO - 成功连接到MySQL数据库
2023-08-04 17:43:18,735 - INFO - 666
2023-08-04 17:43:18,737 - INFO - 成功关闭MySQL数据库连接
2023-08-04 17:43:21,903 - INFO - 成功连接到MySQL数据库
2023-08-04 17:43:21,904 - INFO - 666
2023-08-04 17:43:21,905 - INFO - 成功关闭MySQL数据库连接
2023-08-04 17:43:24,075 - INFO - 成功连接到MySQL数据库
2023-08-04 17:43:24,076 - INFO - 666
2023-08-04 17:43:24,078 - INFO - 成功关闭MySQL数据库连接
2023-08-04 17:43:28,743 - INFO - 成功连接到MySQL数据库
2023-08-04 17:43:28,745 - INFO - 666
2023-08-04 17:43:28,746 - INFO - 成功关闭MySQL数据库连接
2023-08-04 17:43:31,334 - INFO - 成功连接到MySQL数据库
2023-08-04 17:43:31,335 - INFO - 666
2023-08-04 17:43:31,337 - INFO - 成功关闭MySQL数据库连接
2023-08-04 17:43:33,605 - INFO - 成功连接到MySQL数据库
2023-08-04 17:43:33,606 - INFO - 666
2023-08-04 17:43:33,608 - INFO - 成功关闭MySQL数据库连接
2023-08-04 17:48:09,903 - INFO - 成功连接到MySQL数据库
2023-08-04 17:48:09,911 - INFO - 成功连接到MySQL数据库
2023-08-04 17:48:09,912 - INFO - 成功关闭MySQL数据库连接
2023-08-04 17:48:09,919 - INFO - 成功连接到MySQL数据库
2023-08-04 17:48:09,920 - INFO - 执行查询：SELECT username, password FROM devices_account LIMIT 1
2023-08-04 17:48:09,920 - INFO - SELECT username, password FROM devices_account LIMIT 1
2023-08-04 17:48:09,920 - DEBUG - 获取到的设备账户信息：('networkadmin', '1qaz@WSX')
2023-08-04 17:48:09,921 - INFO - 成功关闭MySQL数据库连接
2023-08-04 17:48:12,101 - INFO - 成功连接到MySQL数据库
2023-08-04 17:48:12,102 - INFO - +++++++++++++++++++++++++++
2023-08-04 17:48:12,102 - INFO - <bound method CMySQLCursor.execute of <mysql.connector.cursor_cext.CMySQLCursorBuffered object at 0x000001EAD138BBB0>>
2023-08-04 17:48:12,102 - INFO - <class 'mysql.connector.cursor_cext.CMySQLCursorBuffered'>
2023-08-04 17:48:12,103 - INFO - 333
2023-08-04 17:48:12,103 - INFO - 666
2023-08-04 17:48:12,104 - INFO - 成功关闭MySQL数据库连接
2023-08-04 17:48:13,960 - INFO - 成功连接到MySQL数据库
2023-08-04 17:48:13,960 - INFO - +++++++++++++++++++++++++++
2023-08-04 17:48:13,960 - INFO - <bound method CMySQLCursor.execute of <mysql.connector.cursor_cext.CMySQLCursorBuffered object at 0x000001EAD13B1000>>
2023-08-04 17:48:13,960 - INFO - <class 'mysql.connector.cursor_cext.CMySQLCursorBuffered'>
2023-08-04 17:48:13,962 - INFO - 333
2023-08-04 17:48:13,962 - INFO - 666
2023-08-04 17:48:13,964 - INFO - 成功关闭MySQL数据库连接
2023-08-04 17:48:15,729 - INFO - 成功连接到MySQL数据库
2023-08-04 17:48:15,729 - INFO - +++++++++++++++++++++++++++
2023-08-04 17:48:15,729 - INFO - <bound method CMySQLCursor.execute of <mysql.connector.cursor_cext.CMySQLCursorBuffered object at 0x000001EAD13FB0A0>>
2023-08-04 17:48:15,729 - INFO - <class 'mysql.connector.cursor_cext.CMySQLCursorBuffered'>
2023-08-04 17:48:15,730 - INFO - 333
2023-08-04 17:48:15,730 - INFO - 666
2023-08-04 17:48:15,732 - INFO - 成功关闭MySQL数据库连接
2023-08-04 17:48:17,996 - INFO - 成功连接到MySQL数据库
2023-08-04 17:48:17,997 - INFO - +++++++++++++++++++++++++++
2023-08-04 17:48:17,997 - INFO - <bound method CMySQLCursor.execute of <mysql.connector.cursor_cext.CMySQLCursorBuffered object at 0x000001EAD1447070>>
2023-08-04 17:48:17,997 - INFO - <class 'mysql.connector.cursor_cext.CMySQLCursorBuffered'>
2023-08-04 17:48:17,998 - INFO - 333
2023-08-04 17:48:17,998 - INFO - 666
2023-08-04 17:48:18,000 - INFO - 成功关闭MySQL数据库连接
2023-08-04 17:48:20,229 - INFO - 成功连接到MySQL数据库
2023-08-04 17:48:20,231 - INFO - +++++++++++++++++++++++++++
2023-08-04 17:48:20,231 - INFO - <bound method CMySQLCursor.execute of <mysql.connector.cursor_cext.CMySQLCursorBuffered object at 0x000001EAD1C93610>>
2023-08-04 17:48:20,231 - INFO - <class 'mysql.connector.cursor_cext.CMySQLCursorBuffered'>
2023-08-04 17:48:20,232 - INFO - 333
2023-08-04 17:48:20,232 - INFO - 666
2023-08-04 17:48:20,233 - INFO - 成功关闭MySQL数据库连接
2023-08-04 17:48:21,815 - INFO - 成功连接到MySQL数据库
2023-08-04 17:48:21,816 - INFO - +++++++++++++++++++++++++++
2023-08-04 17:48:21,816 - INFO - <bound method CMySQLCursor.execute of <mysql.connector.cursor_cext.CMySQLCursorBuffered object at 0x000001EAD1CE7AC0>>
2023-08-04 17:48:21,816 - INFO - <class 'mysql.connector.cursor_cext.CMySQLCursorBuffered'>
2023-08-04 17:48:21,817 - INFO - 333
2023-08-04 17:48:21,817 - INFO - 666
2023-08-04 17:48:21,819 - INFO - 成功关闭MySQL数据库连接
2023-08-04 17:48:23,251 - INFO - 成功连接到MySQL数据库
2023-08-04 17:48:23,252 - INFO - +++++++++++++++++++++++++++
2023-08-04 17:48:23,252 - INFO - <bound method CMySQLCursor.execute of <mysql.connector.cursor_cext.CMySQLCursorBuffered object at 0x000001EAD1D37640>>
2023-08-04 17:48:23,252 - INFO - <class 'mysql.connector.cursor_cext.CMySQLCursorBuffered'>
2023-08-04 17:48:23,253 - INFO - 333
2023-08-04 17:48:23,253 - INFO - 666
2023-08-04 17:48:23,255 - INFO - 成功关闭MySQL数据库连接
2023-08-04 17:48:25,275 - INFO - 成功连接到MySQL数据库
2023-08-04 17:48:25,276 - INFO - +++++++++++++++++++++++++++
2023-08-04 17:48:25,276 - INFO - <bound method CMySQLCursor.execute of <mysql.connector.cursor_cext.CMySQLCursorBuffered object at 0x000001EAD1C91F30>>
2023-08-04 17:48:25,276 - INFO - <class 'mysql.connector.cursor_cext.CMySQLCursorBuffered'>
2023-08-04 17:48:25,277 - INFO - 333
2023-08-04 17:48:25,277 - INFO - 666
2023-08-04 17:48:25,279 - INFO - 成功关闭MySQL数据库连接
2023-08-04 17:48:26,834 - INFO - 成功连接到MySQL数据库
2023-08-04 17:48:26,834 - INFO - +++++++++++++++++++++++++++
2023-08-04 17:48:26,835 - INFO - <bound method CMySQLCursor.execute of <mysql.connector.cursor_cext.CMySQLCursorBuffered object at 0x000001EAD13F9D20>>
2023-08-04 17:48:26,835 - INFO - <class 'mysql.connector.cursor_cext.CMySQLCursorBuffered'>
2023-08-04 17:48:26,835 - INFO - 333
2023-08-04 17:48:26,836 - INFO - 666
2023-08-04 17:48:26,838 - INFO - 成功关闭MySQL数据库连接
2023-08-04 17:48:27,904 - INFO - 成功连接到MySQL数据库
2023-08-04 17:48:27,905 - INFO - +++++++++++++++++++++++++++
2023-08-04 17:48:27,905 - INFO - <bound method CMySQLCursor.execute of <mysql.connector.cursor_cext.CMySQLCursorBuffered object at 0x000001EAD1D2F340>>
2023-08-04 17:48:27,905 - INFO - <class 'mysql.connector.cursor_cext.CMySQLCursorBuffered'>
2023-08-04 17:48:27,906 - INFO - 333
2023-08-04 17:48:27,906 - INFO - 666
2023-08-04 17:48:27,908 - INFO - 成功关闭MySQL数据库连接
2023-08-04 17:48:30,032 - INFO - 成功连接到MySQL数据库
2023-08-04 17:48:30,033 - INFO - +++++++++++++++++++++++++++
2023-08-04 17:48:30,033 - INFO - <bound method CMySQLCursor.execute of <mysql.connector.cursor_cext.CMySQLCursorBuffered object at 0x000001EAD1C95300>>
2023-08-04 17:48:30,033 - INFO - <class 'mysql.connector.cursor_cext.CMySQLCursorBuffered'>
2023-08-04 17:48:30,034 - INFO - 333
2023-08-04 17:48:30,034 - INFO - 666
2023-08-04 17:48:30,035 - INFO - 成功关闭MySQL数据库连接
2023-08-04 17:49:10,167 - INFO - 成功连接到MySQL数据库
2023-08-04 17:49:10,177 - INFO - 成功连接到MySQL数据库
2023-08-04 17:49:10,178 - INFO - 成功关闭MySQL数据库连接
2023-08-04 17:49:10,186 - INFO - 成功连接到MySQL数据库
2023-08-04 17:49:10,186 - INFO - 执行查询：SELECT username, password FROM devices_account LIMIT 1
2023-08-04 17:49:10,186 - INFO - SELECT username, password FROM devices_account LIMIT 1
2023-08-04 17:49:10,186 - DEBUG - 获取到的设备账户信息：('networkadmin', '1qaz@WSX')
2023-08-04 17:49:10,187 - INFO - 成功关闭MySQL数据库连接
2023-08-04 17:49:12,517 - INFO - 成功连接到MySQL数据库
2023-08-04 17:49:12,517 - INFO - +++++++++++++++++++++++++++
2023-08-04 17:49:12,517 - INFO - <bound method CMySQLCursor.execute of <mysql.connector.cursor_cext.CMySQLCursorBuffered object at 0x000001B75473BBB0>>
2023-08-04 17:49:12,517 - INFO - <class 'mysql.connector.cursor_cext.CMySQLCursorBuffered'>
2023-08-04 17:49:12,518 - INFO - 333
2023-08-04 17:49:12,518 - INFO - 666
2023-08-04 17:49:12,520 - INFO - 成功关闭MySQL数据库连接
2023-08-04 17:49:14,467 - INFO - 成功连接到MySQL数据库
2023-08-04 17:49:14,468 - INFO - +++++++++++++++++++++++++++
2023-08-04 17:49:14,468 - INFO - <bound method CMySQLCursor.execute of <mysql.connector.cursor_cext.CMySQLCursorBuffered object at 0x000001B754761810>>
2023-08-04 17:49:14,468 - INFO - <class 'mysql.connector.cursor_cext.CMySQLCursorBuffered'>
2023-08-04 17:49:14,469 - INFO - 333
2023-08-04 17:49:14,469 - INFO - 666
2023-08-04 17:49:14,470 - INFO - 成功关闭MySQL数据库连接
2023-08-04 17:49:16,359 - INFO - 成功连接到MySQL数据库
2023-08-04 17:49:16,359 - INFO - +++++++++++++++++++++++++++
2023-08-04 17:49:16,359 - INFO - <bound method CMySQLCursor.execute of <mysql.connector.cursor_cext.CMySQLCursorBuffered object at 0x000001B7547AB0A0>>
2023-08-04 17:49:16,359 - INFO - <class 'mysql.connector.cursor_cext.CMySQLCursorBuffered'>
2023-08-04 17:49:16,360 - INFO - 333
2023-08-04 17:49:16,360 - INFO - 666
2023-08-04 17:49:16,362 - INFO - 成功关闭MySQL数据库连接
2023-08-04 17:49:18,644 - INFO - 成功连接到MySQL数据库
2023-08-04 17:49:18,645 - INFO - +++++++++++++++++++++++++++
2023-08-04 17:49:18,645 - INFO - <bound method CMySQLCursor.execute of <mysql.connector.cursor_cext.CMySQLCursorBuffered object at 0x000001B7547F7070>>
2023-08-04 17:49:18,645 - INFO - <class 'mysql.connector.cursor_cext.CMySQLCursorBuffered'>
2023-08-04 17:49:18,647 - INFO - 333
2023-08-04 17:49:18,647 - INFO - 666
2023-08-04 17:49:18,648 - INFO - 成功关闭MySQL数据库连接
2023-08-04 17:49:20,857 - INFO - 成功连接到MySQL数据库
2023-08-04 17:49:20,857 - INFO - +++++++++++++++++++++++++++
2023-08-04 17:49:20,858 - INFO - <bound method CMySQLCursor.execute of <mysql.connector.cursor_cext.CMySQLCursorBuffered object at 0x000001B755043610>>
2023-08-04 17:49:20,858 - INFO - <class 'mysql.connector.cursor_cext.CMySQLCursorBuffered'>
2023-08-04 17:49:20,858 - INFO - 333
2023-08-04 17:49:20,858 - INFO - 666
2023-08-04 17:49:20,861 - INFO - 成功关闭MySQL数据库连接
2023-08-04 17:49:22,548 - INFO - 成功连接到MySQL数据库
2023-08-04 17:49:22,549 - INFO - +++++++++++++++++++++++++++
2023-08-04 17:49:22,549 - INFO - <bound method CMySQLCursor.execute of <mysql.connector.cursor_cext.CMySQLCursorBuffered object at 0x000001B755097AC0>>
2023-08-04 17:49:22,549 - INFO - <class 'mysql.connector.cursor_cext.CMySQLCursorBuffered'>
2023-08-04 17:49:22,550 - INFO - 333
2023-08-04 17:49:22,550 - INFO - 666
2023-08-04 17:49:22,551 - INFO - 成功关闭MySQL数据库连接
2023-08-04 17:49:23,956 - INFO - 成功连接到MySQL数据库
2023-08-04 17:49:23,957 - INFO - +++++++++++++++++++++++++++
2023-08-04 17:49:23,957 - INFO - <bound method CMySQLCursor.execute of <mysql.connector.cursor_cext.CMySQLCursorBuffered object at 0x000001B7550E7640>>
2023-08-04 17:49:23,957 - INFO - <class 'mysql.connector.cursor_cext.CMySQLCursorBuffered'>
2023-08-04 17:49:23,958 - INFO - 333
2023-08-04 17:49:23,958 - INFO - 666
2023-08-04 17:49:23,960 - INFO - 成功关闭MySQL数据库连接
2023-08-04 17:49:26,103 - INFO - 成功连接到MySQL数据库
2023-08-04 17:49:26,104 - INFO - +++++++++++++++++++++++++++
2023-08-04 17:49:26,104 - INFO - <bound method CMySQLCursor.execute of <mysql.connector.cursor_cext.CMySQLCursorBuffered object at 0x000001B755041F30>>
2023-08-04 17:49:26,104 - INFO - <class 'mysql.connector.cursor_cext.CMySQLCursorBuffered'>
2023-08-04 17:49:26,105 - INFO - 333
2023-08-04 17:49:26,105 - INFO - 666
2023-08-04 17:49:26,106 - INFO - 成功关闭MySQL数据库连接
2023-08-04 17:49:30,813 - INFO - 成功连接到MySQL数据库
2023-08-04 17:49:30,814 - INFO - +++++++++++++++++++++++++++
2023-08-04 17:49:30,814 - INFO - <bound method CMySQLCursor.execute of <mysql.connector.cursor_cext.CMySQLCursorBuffered object at 0x000001B7547A9D20>>
2023-08-04 17:49:30,814 - INFO - <class 'mysql.connector.cursor_cext.CMySQLCursorBuffered'>
2023-08-04 17:49:30,815 - INFO - 333
2023-08-04 17:49:30,815 - INFO - 666
2023-08-04 17:49:30,816 - INFO - 成功关闭MySQL数据库连接
2023-08-04 17:49:31,968 - INFO - 成功连接到MySQL数据库
2023-08-04 17:49:31,969 - INFO - +++++++++++++++++++++++++++
2023-08-04 17:49:31,969 - INFO - <bound method CMySQLCursor.execute of <mysql.connector.cursor_cext.CMySQLCursorBuffered object at 0x000001B7550B83A0>>
2023-08-04 17:49:31,969 - INFO - <class 'mysql.connector.cursor_cext.CMySQLCursorBuffered'>
2023-08-04 17:49:31,970 - INFO - 333
2023-08-04 17:49:31,970 - INFO - 666
2023-08-04 17:49:31,972 - INFO - 成功关闭MySQL数据库连接
2023-08-04 17:49:34,234 - INFO - 成功连接到MySQL数据库
2023-08-04 17:49:34,234 - INFO - +++++++++++++++++++++++++++
2023-08-04 17:49:34,234 - INFO - <bound method CMySQLCursor.execute of <mysql.connector.cursor_cext.CMySQLCursorBuffered object at 0x000001B755125300>>
2023-08-04 17:49:34,234 - INFO - <class 'mysql.connector.cursor_cext.CMySQLCursorBuffered'>
2023-08-04 17:49:34,235 - INFO - 333
2023-08-04 17:49:34,235 - INFO - 666
2023-08-04 17:49:34,237 - INFO - 成功关闭MySQL数据库连接
