2023-07-31 17:06:29,392 - INFO - 成功连接到MySQL数据库
2023-07-31 17:06:29,401 - INFO - 成功连接到MySQL数据库
2023-07-31 17:06:29,402 - INFO - 成功关闭MySQL数据库连接
2023-07-31 17:07:13,614 - INFO - 成功连接到MySQL数据库
2023-07-31 17:07:13,679 - INFO - 成功关闭MySQL数据库连接
2023-07-31 17:07:13,688 - INFO - 成功连接到MySQL数据库
2023-07-31 17:07:13,689 - INFO - 成功关闭MySQL数据库连接
2023-07-31 17:08:13,707 - INFO - 成功连接到MySQL数据库
2023-07-31 17:08:13,708 - INFO - 成功关闭MySQL数据库连接
2023-07-31 17:08:57,917 - INFO - 成功连接到MySQL数据库
2023-07-31 17:08:57,920 - INFO - 成功关闭MySQL数据库连接
2023-07-31 17:08:57,929 - INFO - 成功连接到MySQL数据库
2023-07-31 17:08:57,930 - INFO - 成功关闭MySQL数据库连接
2023-07-31 17:18:15,934 - INFO - 成功连接到MySQL数据库
2023-07-31 17:18:15,943 - INFO - 成功连接到MySQL数据库
2023-07-31 17:18:15,944 - INFO - 成功关闭MySQL数据库连接
2023-07-31 17:18:15,953 - INFO - 成功连接到MySQL数据库
2023-07-31 17:18:15,953 - INFO - 执行查询：SELECT username, password FROM devices_account LIMIT 1
2023-07-31 17:18:15,953 - INFO - SELECT username, password FROM devices_account LIMIT 1
2023-07-31 17:18:15,954 - DEBUG - 获取到的设备账户信息：('networkadmin', '1qaz@WSX')
2023-07-31 17:18:15,954 - INFO - 成功关闭MySQL数据库连接
2023-07-31 17:18:18,405 - INFO - 成功连接到MySQL数据库
2023-07-31 17:18:21,237 - INFO - 成功连接到MySQL数据库
2023-07-31 17:18:23,263 - INFO - 成功连接到MySQL数据库
2023-07-31 17:18:25,819 - INFO - 成功连接到MySQL数据库
2023-07-31 17:18:28,159 - INFO - 成功连接到MySQL数据库
2023-07-31 17:19:02,718 - INFO - 成功连接到MySQL数据库
2023-07-31 17:19:02,728 - INFO - 成功连接到MySQL数据库
2023-07-31 17:19:02,729 - INFO - 成功关闭MySQL数据库连接
2023-07-31 17:19:02,737 - INFO - 成功连接到MySQL数据库
2023-07-31 17:19:02,738 - INFO - 执行查询：SELECT username, password FROM devices_account LIMIT 1
2023-07-31 17:19:02,738 - INFO - SELECT username, password FROM devices_account LIMIT 1
2023-07-31 17:19:02,738 - DEBUG - 获取到的设备账户信息：('networkadmin', '1qaz@WSX')
2023-07-31 17:19:02,739 - INFO - 成功关闭MySQL数据库连接
2023-07-31 17:19:05,253 - INFO - 成功连接到MySQL数据库
2023-07-31 17:19:07,362 - INFO - 成功连接到MySQL数据库
2023-07-31 17:19:09,175 - INFO - 成功连接到MySQL数据库
2023-07-31 17:19:11,550 - INFO - 成功连接到MySQL数据库
2023-07-31 17:19:13,811 - INFO - 成功连接到MySQL数据库
