2023-07-31 21:43:02,375 - INFO - 成功连接到MySQL数据库
2023-07-31 21:43:02,383 - INFO - 成功连接到MySQL数据库
2023-07-31 21:43:02,384 - INFO - 成功关闭MySQL数据库连接
2023-07-31 21:43:02,392 - INFO - 成功连接到MySQL数据库
2023-07-31 21:43:02,392 - INFO - 执行查询：SELECT username, password FROM devices_account LIMIT 1
2023-07-31 21:43:02,392 - INFO - SELECT username, password FROM devices_account LIMIT 1
2023-07-31 21:43:02,393 - DEBUG - 获取到的设备账户信息：('networkadmin', '1qaz@WSX')
2023-07-31 21:43:02,393 - INFO - 成功关闭MySQL数据库连接
2023-07-31 21:43:04,650 - INFO - 成功连接到MySQL数据库
2023-07-31 21:43:06,602 - INFO - 成功连接到MySQL数据库
2023-07-31 21:43:08,380 - INFO - 成功连接到MySQL数据库
2023-07-31 21:43:10,743 - INFO - 成功连接到MySQL数据库
2023-07-31 21:43:17,668 - INFO - 成功连接到MySQL数据库
2023-07-31 21:43:17,677 - INFO - 成功连接到MySQL数据库
2023-07-31 21:43:17,678 - INFO - 成功关闭MySQL数据库连接
2023-07-31 21:43:17,686 - INFO - 成功连接到MySQL数据库
2023-07-31 21:43:17,686 - INFO - 执行查询：SELECT username, password FROM devices_account LIMIT 1
2023-07-31 21:43:17,686 - INFO - SELECT username, password FROM devices_account LIMIT 1
2023-07-31 21:43:17,687 - DEBUG - 获取到的设备账户信息：('networkadmin', '1qaz@WSX')
2023-07-31 21:43:17,687 - INFO - 成功关闭MySQL数据库连接
2023-07-31 21:43:20,078 - INFO - 成功连接到MySQL数据库
2023-07-31 21:43:22,215 - INFO - 成功连接到MySQL数据库
2023-07-31 21:43:23,962 - INFO - 成功连接到MySQL数据库
2023-07-31 21:43:26,150 - INFO - 成功连接到MySQL数据库
2023-07-31 21:43:28,321 - INFO - 成功连接到MySQL数据库
2023-07-31 21:50:20,715 - INFO - 成功连接到MySQL数据库
2023-07-31 21:50:20,724 - INFO - 成功连接到MySQL数据库
2023-07-31 21:50:20,725 - INFO - 成功关闭MySQL数据库连接
2023-07-31 21:50:20,733 - INFO - 成功连接到MySQL数据库
2023-07-31 21:50:20,733 - INFO - 执行查询：SELECT username, password FROM devices_account LIMIT 1
2023-07-31 21:50:20,734 - INFO - SELECT username, password FROM devices_account LIMIT 1
2023-07-31 21:50:20,734 - DEBUG - 获取到的设备账户信息：('networkadmin', '1qaz@WSX')
2023-07-31 21:50:20,734 - INFO - 成功关闭MySQL数据库连接
2023-07-31 21:50:23,226 - INFO - 成功连接到MySQL数据库
2023-07-31 21:50:25,300 - INFO - 成功连接到MySQL数据库
2023-07-31 21:50:27,153 - INFO - 成功连接到MySQL数据库
2023-07-31 21:50:29,547 - INFO - 成功连接到MySQL数据库
2023-07-31 21:50:31,880 - INFO - 成功连接到MySQL数据库
2023-07-31 21:54:09,157 - INFO - 成功连接到MySQL数据库
2023-07-31 21:54:09,166 - INFO - 成功连接到MySQL数据库
2023-07-31 21:54:09,167 - INFO - 成功关闭MySQL数据库连接
2023-07-31 21:54:09,175 - INFO - 成功连接到MySQL数据库
2023-07-31 21:54:09,175 - INFO - 执行查询：SELECT username, password FROM devices_account LIMIT 1
2023-07-31 21:54:09,176 - INFO - SELECT username, password FROM devices_account LIMIT 1
2023-07-31 21:54:09,176 - DEBUG - 获取到的设备账户信息：('networkadmin', '1qaz@WSX')
2023-07-31 21:54:09,176 - INFO - 成功关闭MySQL数据库连接
2023-07-31 21:54:11,559 - INFO - 成功连接到MySQL数据库
2023-07-31 21:54:13,645 - INFO - 成功连接到MySQL数据库
2023-07-31 21:54:15,693 - INFO - 成功连接到MySQL数据库
2023-07-31 21:54:18,000 - INFO - 成功连接到MySQL数据库
2023-07-31 21:54:20,207 - INFO - 成功连接到MySQL数据库
2023-07-31 21:55:01,383 - INFO - 成功连接到MySQL数据库
2023-07-31 21:55:01,391 - INFO - 成功连接到MySQL数据库
2023-07-31 21:55:01,392 - INFO - 成功关闭MySQL数据库连接
2023-07-31 21:55:01,400 - INFO - 成功连接到MySQL数据库
2023-07-31 21:55:01,400 - INFO - 执行查询：SELECT username, password FROM devices_account LIMIT 1
2023-07-31 21:55:01,401 - INFO - SELECT username, password FROM devices_account LIMIT 1
2023-07-31 21:55:01,401 - DEBUG - 获取到的设备账户信息：('networkadmin', '1qaz@WSX')
2023-07-31 21:55:01,401 - INFO - 成功关闭MySQL数据库连接
2023-07-31 21:55:03,815 - INFO - 成功连接到MySQL数据库
2023-07-31 21:55:05,936 - INFO - 成功连接到MySQL数据库
2023-07-31 21:55:08,002 - INFO - 成功连接到MySQL数据库
2023-07-31 21:55:10,459 - INFO - 成功连接到MySQL数据库
2023-07-31 21:55:12,812 - INFO - 成功连接到MySQL数据库
2023-07-31 21:55:53,330 - INFO - 成功连接到MySQL数据库
2023-07-31 21:55:53,339 - INFO - 成功连接到MySQL数据库
2023-07-31 21:55:53,339 - INFO - 成功关闭MySQL数据库连接
2023-07-31 21:55:53,348 - INFO - 成功连接到MySQL数据库
2023-07-31 21:55:53,348 - INFO - 执行查询：SELECT username, password FROM devices_account LIMIT 1
2023-07-31 21:55:53,348 - INFO - SELECT username, password FROM devices_account LIMIT 1
2023-07-31 21:55:53,348 - DEBUG - 获取到的设备账户信息：('networkadmin', '1qaz@WSX')
2023-07-31 21:55:53,349 - INFO - 成功关闭MySQL数据库连接
2023-07-31 21:55:55,835 - INFO - 成功连接到MySQL数据库
2023-07-31 21:55:57,945 - INFO - 成功连接到MySQL数据库
2023-07-31 21:55:59,876 - INFO - 成功连接到MySQL数据库
2023-07-31 21:56:01,895 - INFO - 成功连接到MySQL数据库
2023-07-31 21:56:04,017 - INFO - 成功连接到MySQL数据库
2023-07-31 21:56:21,231 - INFO - 成功连接到MySQL数据库
2023-07-31 21:56:21,239 - INFO - 成功连接到MySQL数据库
2023-07-31 21:56:21,240 - INFO - 成功关闭MySQL数据库连接
2023-07-31 21:56:21,248 - INFO - 成功连接到MySQL数据库
2023-07-31 21:56:21,248 - INFO - 执行查询：SELECT username, password FROM devices_account LIMIT 1
2023-07-31 21:56:21,249 - INFO - SELECT username, password FROM devices_account LIMIT 1
2023-07-31 21:56:21,249 - DEBUG - 获取到的设备账户信息：('networkadmin', '1qaz@WSX')
2023-07-31 21:56:21,249 - INFO - 成功关闭MySQL数据库连接
2023-07-31 21:56:23,564 - INFO - 成功连接到MySQL数据库
2023-07-31 21:56:25,776 - INFO - 成功连接到MySQL数据库
2023-07-31 21:56:27,690 - INFO - 成功连接到MySQL数据库
2023-07-31 21:56:30,196 - INFO - 成功连接到MySQL数据库
2023-07-31 21:56:32,427 - INFO - 成功连接到MySQL数据库
2023-07-31 21:57:03,179 - INFO - 成功连接到MySQL数据库
2023-07-31 21:57:03,187 - INFO - 成功连接到MySQL数据库
2023-07-31 21:57:03,188 - INFO - 成功关闭MySQL数据库连接
2023-07-31 21:57:03,196 - INFO - 成功连接到MySQL数据库
2023-07-31 21:57:03,196 - INFO - 执行查询：SELECT username, password FROM devices_account LIMIT 1
2023-07-31 21:57:03,197 - INFO - SELECT username, password FROM devices_account LIMIT 1
2023-07-31 21:57:03,197 - DEBUG - 获取到的设备账户信息：('networkadmin', '1qaz@WSX')
2023-07-31 21:57:03,197 - INFO - 成功关闭MySQL数据库连接
2023-07-31 21:57:05,494 - INFO - 成功连接到MySQL数据库
2023-07-31 21:57:07,592 - INFO - 成功连接到MySQL数据库
2023-07-31 21:57:09,721 - INFO - 成功连接到MySQL数据库
2023-07-31 21:57:11,970 - INFO - 成功连接到MySQL数据库
2023-07-31 21:57:14,248 - INFO - 成功连接到MySQL数据库
