2023-08-04 17:43:08,886 - INFO - <class 'dict'>
2023-08-04 17:43:08,887 - INFO - Huawei Versatile Routing Platform Software VRP (R) software, Version 8.210 (CE6857F V200R021C00SPC200) Copyright (C) 2012-2021 Huawei Technologies Co., Ltd. Huawei CE6857F-48S6CQ 
2023-08-04 17:43:08,887 - INFO - Huawei
2023-08-04 17:43:08,887 - INFO - CE6857F-48S6CQ
2023-08-04 17:43:08,887 - INFO - ==========================
2023-08-04 17:43:08,887 - INFO - Huawei Versatile Routing Platform Software VRP (R) software, Version 8.210 (CE6857F V200R021C00SPC200) Copyright (C) 2012-2021 Huawei Technologies Co., Ltd. Huawei CE6857F-48S6CQ 
2023-08-04 17:43:08,887 - INFO - Huawei
2023-08-04 17:43:08,887 - INFO - CE6857F-48S6CQ
2023-08-04 17:43:08,888 - INFO - ==========================
2023-08-04 17:43:08,901 - INFO - Huawei Versatile Routing Platform Software VRP (R) software, Version 8.210 (CE6857F V200R021C00SPC200) Copyright (C) 2012-2021 Huawei Technologies Co., Ltd. Huawei CE6857F-48S6CQ 
2023-08-04 17:43:08,901 - INFO - Huawei
2023-08-04 17:43:08,901 - INFO - CE6857F-48S6CQ
2023-08-04 17:43:08,901 - INFO - ==========================
2023-08-04 17:43:08,901 - INFO - Huawei Versatile Routing Platform Software VRP (R) software, Version 8.210 (CE6857F V200R021C00SPC200) Copyright (C) 2012-2021 Huawei Technologies Co., Ltd. Huawei CE6857F-48S6CQ 
2023-08-04 17:43:08,901 - INFO - Huawei
2023-08-04 17:43:08,901 - INFO - CE6857F-48S6CQ
2023-08-04 17:43:08,902 - INFO - ==========================
2023-08-04 17:43:10,811 - INFO - <class 'dict'>
2023-08-04 17:43:10,811 - INFO - Huawei Versatile Routing Platform Software VRP (R) software, Version 8.210 (CE6857F V200R021C00SPC200) Copyright (C) 2012-2021 Huawei Technologies Co., Ltd. Huawei CE6857F-48S6CQ 
2023-08-04 17:43:10,811 - INFO - Huawei
2023-08-04 17:43:10,811 - INFO - CE6857F-48S6CQ
2023-08-04 17:43:10,811 - INFO - ==========================
2023-08-04 17:43:10,811 - INFO - Huawei Versatile Routing Platform Software VRP (R) software, Version 8.210 (CE6857F V200R021C00SPC200) Copyright (C) 2012-2021 Huawei Technologies Co., Ltd. Huawei CE6857F-48S6CQ 
2023-08-04 17:43:10,811 - INFO - Huawei
2023-08-04 17:43:10,811 - INFO - CE6857F-48S6CQ
2023-08-04 17:43:10,811 - INFO - ==========================
2023-08-04 17:43:10,823 - INFO - Huawei Versatile Routing Platform Software VRP (R) software, Version 8.210 (CE6857F V200R021C00SPC200) Copyright (C) 2012-2021 Huawei Technologies Co., Ltd. Huawei CE6857F-48S6CQ 
2023-08-04 17:43:10,823 - INFO - Huawei
2023-08-04 17:43:10,823 - INFO - CE6857F-48S6CQ
2023-08-04 17:43:10,823 - INFO - ==========================
2023-08-04 17:43:10,823 - INFO - Huawei Versatile Routing Platform Software VRP (R) software, Version 8.210 (CE6857F V200R021C00SPC200) Copyright (C) 2012-2021 Huawei Technologies Co., Ltd. Huawei CE6857F-48S6CQ 
2023-08-04 17:43:10,823 - INFO - Huawei
2023-08-04 17:43:10,824 - INFO - CE6857F-48S6CQ
2023-08-04 17:43:10,824 - INFO - ==========================
2023-08-04 17:43:12,781 - INFO - <class 'dict'>
2023-08-04 17:43:12,781 - INFO - Huawei Versatile Routing Platform Software VRP (R) software, Version 8.150 (CE6855HI V200R002C50SPC800) Copyright (C) 2012-2017 Huawei Technologies Co., Ltd. HUAWEI CE6855-48S6Q-HI 
2023-08-04 17:43:12,781 - INFO - Huawei
2023-08-04 17:43:12,781 - INFO - CE6855-48S6Q-HI
2023-08-04 17:43:12,782 - INFO - ==========================
2023-08-04 17:43:12,782 - INFO - Huawei Versatile Routing Platform Software VRP (R) software, Version 8.150 (CE6855HI V200R002C50SPC800) Copyright (C) 2012-2017 Huawei Technologies Co., Ltd. HUAWEI CE6855-48S6Q-HI 
2023-08-04 17:43:12,782 - INFO - Huawei
2023-08-04 17:43:12,782 - INFO - CE6855-48S6Q-HI
2023-08-04 17:43:12,782 - INFO - ==========================
2023-08-04 17:43:12,794 - INFO - Huawei Versatile Routing Platform Software VRP (R) software, Version 8.150 (CE6855HI V200R002C50SPC800) Copyright (C) 2012-2017 Huawei Technologies Co., Ltd. HUAWEI CE6855-48S6Q-HI 
2023-08-04 17:43:12,794 - INFO - Huawei
2023-08-04 17:43:12,794 - INFO - CE6855-48S6Q-HI
2023-08-04 17:43:12,794 - INFO - ==========================
2023-08-04 17:43:12,794 - INFO - Huawei Versatile Routing Platform Software VRP (R) software, Version 8.150 (CE6855HI V200R002C50SPC800) Copyright (C) 2012-2017 Huawei Technologies Co., Ltd. HUAWEI CE6855-48S6Q-HI 
2023-08-04 17:43:12,794 - INFO - Huawei
2023-08-04 17:43:12,794 - INFO - CE6855-48S6Q-HI
2023-08-04 17:43:12,794 - INFO - ==========================
2023-08-04 17:43:14,892 - INFO - <class 'dict'>
2023-08-04 17:43:14,892 - INFO - Huawei Versatile Routing Platform Software VRP (R) software, Version 8.180 (CE6855HI V200R005C10SPC800) Copyright (C) 2012-2018 Huawei Technologies Co., Ltd. HUAWEI CE6855-48S6Q-HI 
2023-08-04 17:43:14,892 - INFO - Huawei
2023-08-04 17:43:14,892 - INFO - CE6855-48S6Q-HI
2023-08-04 17:43:14,892 - INFO - ==========================
2023-08-04 17:43:14,893 - INFO - Huawei Versatile Routing Platform Software VRP (R) software, Version 8.180 (CE6855HI V200R005C10SPC800) Copyright (C) 2012-2018 Huawei Technologies Co., Ltd. HUAWEI CE6855-48S6Q-HI 
2023-08-04 17:43:14,893 - INFO - Huawei
2023-08-04 17:43:14,893 - INFO - CE6855-48S6Q-HI
2023-08-04 17:43:14,893 - INFO - ==========================
2023-08-04 17:43:14,906 - INFO - Huawei Versatile Routing Platform Software VRP (R) software, Version 8.180 (CE6855HI V200R005C10SPC800) Copyright (C) 2012-2018 Huawei Technologies Co., Ltd. HUAWEI CE6855-48S6Q-HI 
2023-08-04 17:43:14,906 - INFO - Huawei
2023-08-04 17:43:14,906 - INFO - CE6855-48S6Q-HI
2023-08-04 17:43:14,906 - INFO - ==========================
2023-08-04 17:43:14,906 - INFO - Huawei Versatile Routing Platform Software VRP (R) software, Version 8.180 (CE6855HI V200R005C10SPC800) Copyright (C) 2012-2018 Huawei Technologies Co., Ltd. HUAWEI CE6855-48S6Q-HI 
2023-08-04 17:43:14,906 - INFO - Huawei
2023-08-04 17:43:14,906 - INFO - CE6855-48S6Q-HI
2023-08-04 17:43:14,906 - INFO - ==========================
2023-08-04 17:43:17,085 - INFO - <class 'dict'>
2023-08-04 17:43:17,085 - INFO - Huawei Versatile Routing Platform Software VRP (R) software, Version 8.180 (CE6855HI V200R005C10SPC800) Copyright (C) 2012-2018 Huawei Technologies Co., Ltd. HUAWEI CE6855-48S6Q-HI 
2023-08-04 17:43:17,085 - INFO - Huawei
2023-08-04 17:43:17,085 - INFO - CE6855-48S6Q-HI
2023-08-04 17:43:17,086 - INFO - ==========================
2023-08-04 17:43:17,086 - INFO - Huawei Versatile Routing Platform Software VRP (R) software, Version 8.180 (CE6855HI V200R005C10SPC800) Copyright (C) 2012-2018 Huawei Technologies Co., Ltd. HUAWEI CE6855-48S6Q-HI 
2023-08-04 17:43:17,086 - INFO - Huawei
2023-08-04 17:43:17,086 - INFO - CE6855-48S6Q-HI
2023-08-04 17:43:17,086 - INFO - ==========================
2023-08-04 17:43:17,099 - INFO - Huawei Versatile Routing Platform Software VRP (R) software, Version 8.180 (CE6855HI V200R005C10SPC800) Copyright (C) 2012-2018 Huawei Technologies Co., Ltd. HUAWEI CE6855-48S6Q-HI 
2023-08-04 17:43:17,099 - INFO - Huawei
2023-08-04 17:43:17,099 - INFO - CE6855-48S6Q-HI
2023-08-04 17:43:17,099 - INFO - ==========================
2023-08-04 17:43:17,099 - INFO - Huawei Versatile Routing Platform Software VRP (R) software, Version 8.180 (CE6855HI V200R005C10SPC800) Copyright (C) 2012-2018 Huawei Technologies Co., Ltd. HUAWEI CE6855-48S6Q-HI 
2023-08-04 17:43:17,099 - INFO - Huawei
2023-08-04 17:43:17,099 - INFO - CE6855-48S6Q-HI
2023-08-04 17:43:17,099 - INFO - ==========================
2023-08-04 17:43:18,724 - INFO - <class 'dict'>
2023-08-04 17:43:18,724 - INFO - Huawei Versatile Routing Platform Software VRP (R) software, Version 8.220 (CE16800 V200R022C00SPC500) Copyright (C) 2012-2022 Huawei Technologies Co., Ltd. HUAWEI CE16804 
2023-08-04 17:43:18,724 - INFO - Huawei
2023-08-04 17:43:18,724 - INFO - HUAWEI CE16804
2023-08-04 17:43:18,725 - INFO - ==========================
2023-08-04 17:43:18,725 - INFO - Huawei Versatile Routing Platform Software VRP (R) software, Version 8.220 (CE16800 V200R022C00SPC500) Copyright (C) 2012-2022 Huawei Technologies Co., Ltd. HUAWEI CE16804 
2023-08-04 17:43:18,725 - INFO - Huawei
2023-08-04 17:43:18,725 - INFO - HUAWEI CE16804
2023-08-04 17:43:18,725 - INFO - ==========================
2023-08-04 17:43:18,737 - INFO - Huawei Versatile Routing Platform Software VRP (R) software, Version 8.220 (CE16800 V200R022C00SPC500) Copyright (C) 2012-2022 Huawei Technologies Co., Ltd. HUAWEI CE16804 
2023-08-04 17:43:18,737 - INFO - Huawei
2023-08-04 17:43:18,737 - INFO - HUAWEI CE16804
2023-08-04 17:43:18,737 - INFO - ==========================
2023-08-04 17:43:18,737 - INFO - Huawei Versatile Routing Platform Software VRP (R) software, Version 8.220 (CE16800 V200R022C00SPC500) Copyright (C) 2012-2022 Huawei Technologies Co., Ltd. HUAWEI CE16804 
2023-08-04 17:43:18,737 - INFO - Huawei
2023-08-04 17:43:18,737 - INFO - HUAWEI CE16804
2023-08-04 17:43:18,737 - INFO - ==========================
2023-08-04 17:43:21,892 - INFO - <class 'dict'>
2023-08-04 17:43:21,892 - INFO - Huawei Versatile Routing Platform Software VRP (R) software, Version 8.220 (CE6857F V200R022C00SPC500) Copyright (C) 2012-2022 Huawei Technologies Co., Ltd. Huawei CE6857F-48S6CQ 
2023-08-04 17:43:21,892 - INFO - Huawei
2023-08-04 17:43:21,892 - INFO - CE6857F-48S6CQ
2023-08-04 17:43:21,892 - INFO - ==========================
2023-08-04 17:43:21,893 - INFO - Huawei Versatile Routing Platform Software VRP (R) software, Version 8.220 (CE6857F V200R022C00SPC500) Copyright (C) 2012-2022 Huawei Technologies Co., Ltd. Huawei CE6857F-48S6CQ 
2023-08-04 17:43:21,893 - INFO - Huawei
2023-08-04 17:43:21,893 - INFO - CE6857F-48S6CQ
2023-08-04 17:43:21,893 - INFO - ==========================
2023-08-04 17:43:21,905 - INFO - Huawei Versatile Routing Platform Software VRP (R) software, Version 8.220 (CE6857F V200R022C00SPC500) Copyright (C) 2012-2022 Huawei Technologies Co., Ltd. Huawei CE6857F-48S6CQ 
2023-08-04 17:43:21,905 - INFO - Huawei
2023-08-04 17:43:21,905 - INFO - CE6857F-48S6CQ
2023-08-04 17:43:21,905 - INFO - ==========================
2023-08-04 17:43:21,905 - INFO - Huawei Versatile Routing Platform Software VRP (R) software, Version 8.220 (CE6857F V200R022C00SPC500) Copyright (C) 2012-2022 Huawei Technologies Co., Ltd. Huawei CE6857F-48S6CQ 
2023-08-04 17:43:21,905 - INFO - Huawei
2023-08-04 17:43:21,905 - INFO - CE6857F-48S6CQ
2023-08-04 17:43:21,905 - INFO - ==========================
2023-08-04 17:43:24,065 - INFO - <class 'dict'>
2023-08-04 17:43:24,065 - INFO - Huawei Versatile Routing Platform Software VRP (R) software, Version 8.180 (CE6810LI V200R005C10SPC800) Copyright (C) 2012-2018 Huawei Technologies Co., Ltd. HUAWEI CE6810-32T16S4Q-LI 
2023-08-04 17:43:24,065 - INFO - Huawei
2023-08-04 17:43:24,065 - INFO - 810-32T16S4Q-LI
2023-08-04 17:43:24,065 - INFO - ==========================
2023-08-04 17:43:24,066 - INFO - Huawei Versatile Routing Platform Software VRP (R) software, Version 8.180 (CE6810LI V200R005C10SPC800) Copyright (C) 2012-2018 Huawei Technologies Co., Ltd. HUAWEI CE6810-32T16S4Q-LI 
2023-08-04 17:43:24,066 - INFO - Huawei
2023-08-04 17:43:24,066 - INFO - 810-32T16S4Q-LI
2023-08-04 17:43:24,066 - INFO - ==========================
2023-08-04 17:43:24,078 - INFO - Huawei Versatile Routing Platform Software VRP (R) software, Version 8.180 (CE6810LI V200R005C10SPC800) Copyright (C) 2012-2018 Huawei Technologies Co., Ltd. HUAWEI CE6810-32T16S4Q-LI 
2023-08-04 17:43:24,078 - INFO - Huawei
2023-08-04 17:43:24,078 - INFO - 810-32T16S4Q-LI
2023-08-04 17:43:24,078 - INFO - ==========================
2023-08-04 17:43:24,078 - INFO - Huawei Versatile Routing Platform Software VRP (R) software, Version 8.180 (CE6810LI V200R005C10SPC800) Copyright (C) 2012-2018 Huawei Technologies Co., Ltd. HUAWEI CE6810-32T16S4Q-LI 
2023-08-04 17:43:24,078 - INFO - Huawei
2023-08-04 17:43:24,078 - INFO - 810-32T16S4Q-LI
2023-08-04 17:43:24,078 - INFO - ==========================
2023-08-04 17:43:28,733 - INFO - <class 'dict'>
2023-08-04 17:43:28,733 - INFO - Huawei Versatile Routing Platform Software VRP (R) software, Version 8.220 (CE16800 V200R022C00SPC500) Copyright (C) 2012-2022 Huawei Technologies Co., Ltd. HUAWEI CE16804 
2023-08-04 17:43:28,733 - INFO - Huawei
2023-08-04 17:43:28,733 - INFO - HUAWEI CE16804
2023-08-04 17:43:28,733 - INFO - ==========================
2023-08-04 17:43:28,734 - INFO - Huawei Versatile Routing Platform Software VRP (R) software, Version 8.220 (CE16800 V200R022C00SPC500) Copyright (C) 2012-2022 Huawei Technologies Co., Ltd. HUAWEI CE16804 
2023-08-04 17:43:28,734 - INFO - Huawei
2023-08-04 17:43:28,734 - INFO - HUAWEI CE16804
2023-08-04 17:43:28,734 - INFO - ==========================
2023-08-04 17:43:28,746 - INFO - Huawei Versatile Routing Platform Software VRP (R) software, Version 8.220 (CE16800 V200R022C00SPC500) Copyright (C) 2012-2022 Huawei Technologies Co., Ltd. HUAWEI CE16804 
2023-08-04 17:43:28,746 - INFO - Huawei
2023-08-04 17:43:28,746 - INFO - HUAWEI CE16804
2023-08-04 17:43:28,746 - INFO - ==========================
2023-08-04 17:43:28,746 - INFO - Huawei Versatile Routing Platform Software VRP (R) software, Version 8.220 (CE16800 V200R022C00SPC500) Copyright (C) 2012-2022 Huawei Technologies Co., Ltd. HUAWEI CE16804 
2023-08-04 17:43:28,746 - INFO - Huawei
2023-08-04 17:43:28,747 - INFO - HUAWEI CE16804
2023-08-04 17:43:28,747 - INFO - ==========================
2023-08-04 17:43:31,324 - INFO - <class 'dict'>
2023-08-04 17:43:31,324 - INFO - Huawei Versatile Routing Platform Software VRP (R) software, Version 8.220 (CE6857F V200R022C00SPC500) Copyright (C) 2012-2022 Huawei Technologies Co., Ltd. Huawei CE6857F-48S6CQ 
2023-08-04 17:43:31,324 - INFO - Huawei
2023-08-04 17:43:31,324 - INFO - CE6857F-48S6CQ
2023-08-04 17:43:31,324 - INFO - ==========================
2023-08-04 17:43:31,325 - INFO - Huawei Versatile Routing Platform Software VRP (R) software, Version 8.220 (CE6857F V200R022C00SPC500) Copyright (C) 2012-2022 Huawei Technologies Co., Ltd. Huawei CE6857F-48S6CQ 
2023-08-04 17:43:31,325 - INFO - Huawei
2023-08-04 17:43:31,325 - INFO - CE6857F-48S6CQ
2023-08-04 17:43:31,325 - INFO - ==========================
2023-08-04 17:43:31,337 - INFO - Huawei Versatile Routing Platform Software VRP (R) software, Version 8.220 (CE6857F V200R022C00SPC500) Copyright (C) 2012-2022 Huawei Technologies Co., Ltd. Huawei CE6857F-48S6CQ 
2023-08-04 17:43:31,337 - INFO - Huawei
2023-08-04 17:43:31,337 - INFO - CE6857F-48S6CQ
2023-08-04 17:43:31,337 - INFO - ==========================
2023-08-04 17:43:31,337 - INFO - Huawei Versatile Routing Platform Software VRP (R) software, Version 8.220 (CE6857F V200R022C00SPC500) Copyright (C) 2012-2022 Huawei Technologies Co., Ltd. Huawei CE6857F-48S6CQ 
2023-08-04 17:43:31,337 - INFO - Huawei
2023-08-04 17:43:31,337 - INFO - CE6857F-48S6CQ
2023-08-04 17:43:31,337 - INFO - ==========================
2023-08-04 17:43:33,596 - INFO - <class 'dict'>
2023-08-04 17:43:33,596 - INFO - Huawei Versatile Routing Platform Software VRP (R) software, Version 8.180 (CE6810LI V200R005C10SPC800) Copyright (C) 2012-2018 Huawei Technologies Co., Ltd. HUAWEI CE6810-32T16S4Q-LI 
2023-08-04 17:43:33,596 - INFO - Huawei
2023-08-04 17:43:33,596 - INFO - 810-32T16S4Q-LI
2023-08-04 17:43:33,597 - INFO - ==========================
2023-08-04 17:43:33,597 - INFO - Huawei Versatile Routing Platform Software VRP (R) software, Version 8.180 (CE6810LI V200R005C10SPC800) Copyright (C) 2012-2018 Huawei Technologies Co., Ltd. HUAWEI CE6810-32T16S4Q-LI 
2023-08-04 17:43:33,597 - INFO - Huawei
2023-08-04 17:43:33,597 - INFO - 810-32T16S4Q-LI
2023-08-04 17:43:33,597 - INFO - ==========================
2023-08-04 17:43:33,608 - INFO - Huawei Versatile Routing Platform Software VRP (R) software, Version 8.180 (CE6810LI V200R005C10SPC800) Copyright (C) 2012-2018 Huawei Technologies Co., Ltd. HUAWEI CE6810-32T16S4Q-LI 
2023-08-04 17:43:33,608 - INFO - Huawei
2023-08-04 17:43:33,608 - INFO - 810-32T16S4Q-LI
2023-08-04 17:43:33,608 - INFO - ==========================
2023-08-04 17:43:33,608 - INFO - Huawei Versatile Routing Platform Software VRP (R) software, Version 8.180 (CE6810LI V200R005C10SPC800) Copyright (C) 2012-2018 Huawei Technologies Co., Ltd. HUAWEI CE6810-32T16S4Q-LI 
2023-08-04 17:43:33,608 - INFO - Huawei
2023-08-04 17:43:33,608 - INFO - 810-32T16S4Q-LI
2023-08-04 17:43:33,608 - INFO - ==========================
2023-08-04 17:48:12,091 - INFO - <class 'dict'>
2023-08-04 17:48:12,092 - INFO - Huawei Versatile Routing Platform Software VRP (R) software, Version 8.210 (CE6857F V200R021C00SPC200) Copyright (C) 2012-2021 Huawei Technologies Co., Ltd. Huawei CE6857F-48S6CQ 
2023-08-04 17:48:12,092 - INFO - Huawei
2023-08-04 17:48:12,092 - INFO - CE6857F-48S6CQ
2023-08-04 17:48:12,092 - INFO - ==========================
2023-08-04 17:48:12,092 - INFO - Huawei Versatile Routing Platform Software VRP (R) software, Version 8.210 (CE6857F V200R021C00SPC200) Copyright (C) 2012-2021 Huawei Technologies Co., Ltd. Huawei CE6857F-48S6CQ 
2023-08-04 17:48:12,092 - INFO - Huawei
2023-08-04 17:48:12,092 - INFO - CE6857F-48S6CQ
2023-08-04 17:48:12,092 - INFO - ==========================
2023-08-04 17:48:12,104 - INFO - Huawei Versatile Routing Platform Software VRP (R) software, Version 8.210 (CE6857F V200R021C00SPC200) Copyright (C) 2012-2021 Huawei Technologies Co., Ltd. Huawei CE6857F-48S6CQ 
2023-08-04 17:48:12,105 - INFO - Huawei
2023-08-04 17:48:12,105 - INFO - CE6857F-48S6CQ
2023-08-04 17:48:12,105 - INFO - ==========================
2023-08-04 17:48:12,105 - INFO - Huawei Versatile Routing Platform Software VRP (R) software, Version 8.210 (CE6857F V200R021C00SPC200) Copyright (C) 2012-2021 Huawei Technologies Co., Ltd. Huawei CE6857F-48S6CQ 
2023-08-04 17:48:12,105 - INFO - Huawei
2023-08-04 17:48:12,105 - INFO - CE6857F-48S6CQ
2023-08-04 17:48:12,105 - INFO - ==========================
2023-08-04 17:48:13,950 - INFO - <class 'dict'>
2023-08-04 17:48:13,950 - INFO - Huawei Versatile Routing Platform Software VRP (R) software, Version 8.210 (CE6857F V200R021C00SPC200) Copyright (C) 2012-2021 Huawei Technologies Co., Ltd. Huawei CE6857F-48S6CQ 
2023-08-04 17:48:13,950 - INFO - Huawei
2023-08-04 17:48:13,950 - INFO - CE6857F-48S6CQ
2023-08-04 17:48:13,950 - INFO - ==========================
2023-08-04 17:48:13,951 - INFO - Huawei Versatile Routing Platform Software VRP (R) software, Version 8.210 (CE6857F V200R021C00SPC200) Copyright (C) 2012-2021 Huawei Technologies Co., Ltd. Huawei CE6857F-48S6CQ 
2023-08-04 17:48:13,951 - INFO - Huawei
2023-08-04 17:48:13,951 - INFO - CE6857F-48S6CQ
2023-08-04 17:48:13,951 - INFO - ==========================
2023-08-04 17:48:13,964 - INFO - Huawei Versatile Routing Platform Software VRP (R) software, Version 8.210 (CE6857F V200R021C00SPC200) Copyright (C) 2012-2021 Huawei Technologies Co., Ltd. Huawei CE6857F-48S6CQ 
2023-08-04 17:48:13,964 - INFO - Huawei
2023-08-04 17:48:13,964 - INFO - CE6857F-48S6CQ
2023-08-04 17:48:13,964 - INFO - ==========================
2023-08-04 17:48:13,964 - INFO - Huawei Versatile Routing Platform Software VRP (R) software, Version 8.210 (CE6857F V200R021C00SPC200) Copyright (C) 2012-2021 Huawei Technologies Co., Ltd. Huawei CE6857F-48S6CQ 
2023-08-04 17:48:13,964 - INFO - Huawei
2023-08-04 17:48:13,964 - INFO - CE6857F-48S6CQ
2023-08-04 17:48:13,964 - INFO - ==========================
2023-08-04 17:48:15,719 - INFO - <class 'dict'>
2023-08-04 17:48:15,719 - INFO - Huawei Versatile Routing Platform Software VRP (R) software, Version 8.150 (CE6855HI V200R002C50SPC800) Copyright (C) 2012-2017 Huawei Technologies Co., Ltd. HUAWEI CE6855-48S6Q-HI 
2023-08-04 17:48:15,719 - INFO - Huawei
2023-08-04 17:48:15,719 - INFO - CE6855-48S6Q-HI
2023-08-04 17:48:15,719 - INFO - ==========================
2023-08-04 17:48:15,719 - INFO - Huawei Versatile Routing Platform Software VRP (R) software, Version 8.150 (CE6855HI V200R002C50SPC800) Copyright (C) 2012-2017 Huawei Technologies Co., Ltd. HUAWEI CE6855-48S6Q-HI 
2023-08-04 17:48:15,719 - INFO - Huawei
2023-08-04 17:48:15,720 - INFO - CE6855-48S6Q-HI
2023-08-04 17:48:15,720 - INFO - ==========================
2023-08-04 17:48:15,732 - INFO - Huawei Versatile Routing Platform Software VRP (R) software, Version 8.150 (CE6855HI V200R002C50SPC800) Copyright (C) 2012-2017 Huawei Technologies Co., Ltd. HUAWEI CE6855-48S6Q-HI 
2023-08-04 17:48:15,732 - INFO - Huawei
2023-08-04 17:48:15,732 - INFO - CE6855-48S6Q-HI
2023-08-04 17:48:15,732 - INFO - ==========================
2023-08-04 17:48:15,732 - INFO - Huawei Versatile Routing Platform Software VRP (R) software, Version 8.150 (CE6855HI V200R002C50SPC800) Copyright (C) 2012-2017 Huawei Technologies Co., Ltd. HUAWEI CE6855-48S6Q-HI 
2023-08-04 17:48:15,732 - INFO - Huawei
2023-08-04 17:48:15,732 - INFO - CE6855-48S6Q-HI
2023-08-04 17:48:15,733 - INFO - ==========================
2023-08-04 17:48:17,986 - INFO - <class 'dict'>
2023-08-04 17:48:17,986 - INFO - Huawei Versatile Routing Platform Software VRP (R) software, Version 8.180 (CE6855HI V200R005C10SPC800) Copyright (C) 2012-2018 Huawei Technologies Co., Ltd. HUAWEI CE6855-48S6Q-HI 
2023-08-04 17:48:17,986 - INFO - Huawei
2023-08-04 17:48:17,986 - INFO - CE6855-48S6Q-HI
2023-08-04 17:48:17,986 - INFO - ==========================
2023-08-04 17:48:17,987 - INFO - Huawei Versatile Routing Platform Software VRP (R) software, Version 8.180 (CE6855HI V200R005C10SPC800) Copyright (C) 2012-2018 Huawei Technologies Co., Ltd. HUAWEI CE6855-48S6Q-HI 
2023-08-04 17:48:17,987 - INFO - Huawei
2023-08-04 17:48:17,987 - INFO - CE6855-48S6Q-HI
2023-08-04 17:48:17,987 - INFO - ==========================
2023-08-04 17:48:18,000 - INFO - Huawei Versatile Routing Platform Software VRP (R) software, Version 8.180 (CE6855HI V200R005C10SPC800) Copyright (C) 2012-2018 Huawei Technologies Co., Ltd. HUAWEI CE6855-48S6Q-HI 
2023-08-04 17:48:18,000 - INFO - Huawei
2023-08-04 17:48:18,000 - INFO - CE6855-48S6Q-HI
2023-08-04 17:48:18,000 - INFO - ==========================
2023-08-04 17:48:18,000 - INFO - Huawei Versatile Routing Platform Software VRP (R) software, Version 8.180 (CE6855HI V200R005C10SPC800) Copyright (C) 2012-2018 Huawei Technologies Co., Ltd. HUAWEI CE6855-48S6Q-HI 
2023-08-04 17:48:18,000 - INFO - Huawei
2023-08-04 17:48:18,000 - INFO - CE6855-48S6Q-HI
2023-08-04 17:48:18,000 - INFO - ==========================
2023-08-04 17:48:20,220 - INFO - <class 'dict'>
2023-08-04 17:48:20,220 - INFO - Huawei Versatile Routing Platform Software VRP (R) software, Version 8.180 (CE6855HI V200R005C10SPC800) Copyright (C) 2012-2018 Huawei Technologies Co., Ltd. HUAWEI CE6855-48S6Q-HI 
2023-08-04 17:48:20,220 - INFO - Huawei
2023-08-04 17:48:20,220 - INFO - CE6855-48S6Q-HI
2023-08-04 17:48:20,220 - INFO - ==========================
2023-08-04 17:48:20,220 - INFO - Huawei Versatile Routing Platform Software VRP (R) software, Version 8.180 (CE6855HI V200R005C10SPC800) Copyright (C) 2012-2018 Huawei Technologies Co., Ltd. HUAWEI CE6855-48S6Q-HI 
2023-08-04 17:48:20,220 - INFO - Huawei
2023-08-04 17:48:20,221 - INFO - CE6855-48S6Q-HI
2023-08-04 17:48:20,221 - INFO - ==========================
2023-08-04 17:48:20,233 - INFO - Huawei Versatile Routing Platform Software VRP (R) software, Version 8.180 (CE6855HI V200R005C10SPC800) Copyright (C) 2012-2018 Huawei Technologies Co., Ltd. HUAWEI CE6855-48S6Q-HI 
2023-08-04 17:48:20,233 - INFO - Huawei
2023-08-04 17:48:20,233 - INFO - CE6855-48S6Q-HI
2023-08-04 17:48:20,233 - INFO - ==========================
2023-08-04 17:48:20,233 - INFO - Huawei Versatile Routing Platform Software VRP (R) software, Version 8.180 (CE6855HI V200R005C10SPC800) Copyright (C) 2012-2018 Huawei Technologies Co., Ltd. HUAWEI CE6855-48S6Q-HI 
2023-08-04 17:48:20,233 - INFO - Huawei
2023-08-04 17:48:20,233 - INFO - CE6855-48S6Q-HI
2023-08-04 17:48:20,233 - INFO - ==========================
2023-08-04 17:48:21,806 - INFO - <class 'dict'>
2023-08-04 17:48:21,806 - INFO - Huawei Versatile Routing Platform Software VRP (R) software, Version 8.220 (CE16800 V200R022C00SPC500) Copyright (C) 2012-2022 Huawei Technologies Co., Ltd. HUAWEI CE16804 
2023-08-04 17:48:21,806 - INFO - Huawei
2023-08-04 17:48:21,806 - INFO - HUAWEI CE16804
2023-08-04 17:48:21,806 - INFO - ==========================
2023-08-04 17:48:21,807 - INFO - Huawei Versatile Routing Platform Software VRP (R) software, Version 8.220 (CE16800 V200R022C00SPC500) Copyright (C) 2012-2022 Huawei Technologies Co., Ltd. HUAWEI CE16804 
2023-08-04 17:48:21,807 - INFO - Huawei
2023-08-04 17:48:21,807 - INFO - HUAWEI CE16804
2023-08-04 17:48:21,807 - INFO - ==========================
2023-08-04 17:48:21,819 - INFO - Huawei Versatile Routing Platform Software VRP (R) software, Version 8.220 (CE16800 V200R022C00SPC500) Copyright (C) 2012-2022 Huawei Technologies Co., Ltd. HUAWEI CE16804 
2023-08-04 17:48:21,819 - INFO - Huawei
2023-08-04 17:48:21,819 - INFO - HUAWEI CE16804
2023-08-04 17:48:21,819 - INFO - ==========================
2023-08-04 17:48:21,819 - INFO - Huawei Versatile Routing Platform Software VRP (R) software, Version 8.220 (CE16800 V200R022C00SPC500) Copyright (C) 2012-2022 Huawei Technologies Co., Ltd. HUAWEI CE16804 
2023-08-04 17:48:21,819 - INFO - Huawei
2023-08-04 17:48:21,819 - INFO - HUAWEI CE16804
2023-08-04 17:48:21,819 - INFO - ==========================
2023-08-04 17:48:23,240 - INFO - <class 'dict'>
2023-08-04 17:48:23,240 - INFO - Huawei Versatile Routing Platform Software VRP (R) software, Version 8.220 (CE6857F V200R022C00SPC500) Copyright (C) 2012-2022 Huawei Technologies Co., Ltd. Huawei CE6857F-48S6CQ 
2023-08-04 17:48:23,241 - INFO - Huawei
2023-08-04 17:48:23,241 - INFO - CE6857F-48S6CQ
2023-08-04 17:48:23,241 - INFO - ==========================
2023-08-04 17:48:23,241 - INFO - Huawei Versatile Routing Platform Software VRP (R) software, Version 8.220 (CE6857F V200R022C00SPC500) Copyright (C) 2012-2022 Huawei Technologies Co., Ltd. Huawei CE6857F-48S6CQ 
2023-08-04 17:48:23,241 - INFO - Huawei
2023-08-04 17:48:23,241 - INFO - CE6857F-48S6CQ
2023-08-04 17:48:23,241 - INFO - ==========================
2023-08-04 17:48:23,255 - INFO - Huawei Versatile Routing Platform Software VRP (R) software, Version 8.220 (CE6857F V200R022C00SPC500) Copyright (C) 2012-2022 Huawei Technologies Co., Ltd. Huawei CE6857F-48S6CQ 
2023-08-04 17:48:23,255 - INFO - Huawei
2023-08-04 17:48:23,255 - INFO - CE6857F-48S6CQ
2023-08-04 17:48:23,255 - INFO - ==========================
2023-08-04 17:48:23,255 - INFO - Huawei Versatile Routing Platform Software VRP (R) software, Version 8.220 (CE6857F V200R022C00SPC500) Copyright (C) 2012-2022 Huawei Technologies Co., Ltd. Huawei CE6857F-48S6CQ 
2023-08-04 17:48:23,255 - INFO - Huawei
2023-08-04 17:48:23,255 - INFO - CE6857F-48S6CQ
2023-08-04 17:48:23,255 - INFO - ==========================
2023-08-04 17:48:25,265 - INFO - <class 'dict'>
2023-08-04 17:48:25,265 - INFO - Huawei Versatile Routing Platform Software VRP (R) software, Version 8.180 (CE6810LI V200R005C10SPC800) Copyright (C) 2012-2018 Huawei Technologies Co., Ltd. HUAWEI CE6810-32T16S4Q-LI 
2023-08-04 17:48:25,266 - INFO - Huawei
2023-08-04 17:48:25,266 - INFO - 810-32T16S4Q-LI
2023-08-04 17:48:25,266 - INFO - ==========================
2023-08-04 17:48:25,266 - INFO - Huawei Versatile Routing Platform Software VRP (R) software, Version 8.180 (CE6810LI V200R005C10SPC800) Copyright (C) 2012-2018 Huawei Technologies Co., Ltd. HUAWEI CE6810-32T16S4Q-LI 
2023-08-04 17:48:25,266 - INFO - Huawei
2023-08-04 17:48:25,266 - INFO - 810-32T16S4Q-LI
2023-08-04 17:48:25,266 - INFO - ==========================
2023-08-04 17:48:25,279 - INFO - Huawei Versatile Routing Platform Software VRP (R) software, Version 8.180 (CE6810LI V200R005C10SPC800) Copyright (C) 2012-2018 Huawei Technologies Co., Ltd. HUAWEI CE6810-32T16S4Q-LI 
2023-08-04 17:48:25,279 - INFO - Huawei
2023-08-04 17:48:25,279 - INFO - 810-32T16S4Q-LI
2023-08-04 17:48:25,279 - INFO - ==========================
2023-08-04 17:48:25,279 - INFO - Huawei Versatile Routing Platform Software VRP (R) software, Version 8.180 (CE6810LI V200R005C10SPC800) Copyright (C) 2012-2018 Huawei Technologies Co., Ltd. HUAWEI CE6810-32T16S4Q-LI 
2023-08-04 17:48:25,279 - INFO - Huawei
2023-08-04 17:48:25,279 - INFO - 810-32T16S4Q-LI
2023-08-04 17:48:25,279 - INFO - ==========================
2023-08-04 17:48:26,824 - INFO - <class 'dict'>
2023-08-04 17:48:26,824 - INFO - Huawei Versatile Routing Platform Software VRP (R) software, Version 8.220 (CE16800 V200R022C00SPC500) Copyright (C) 2012-2022 Huawei Technologies Co., Ltd. HUAWEI CE16804 
2023-08-04 17:48:26,824 - INFO - Huawei
2023-08-04 17:48:26,824 - INFO - HUAWEI CE16804
2023-08-04 17:48:26,824 - INFO - ==========================
2023-08-04 17:48:26,825 - INFO - Huawei Versatile Routing Platform Software VRP (R) software, Version 8.220 (CE16800 V200R022C00SPC500) Copyright (C) 2012-2022 Huawei Technologies Co., Ltd. HUAWEI CE16804 
2023-08-04 17:48:26,825 - INFO - Huawei
2023-08-04 17:48:26,825 - INFO - HUAWEI CE16804
2023-08-04 17:48:26,825 - INFO - ==========================
2023-08-04 17:48:26,838 - INFO - Huawei Versatile Routing Platform Software VRP (R) software, Version 8.220 (CE16800 V200R022C00SPC500) Copyright (C) 2012-2022 Huawei Technologies Co., Ltd. HUAWEI CE16804 
2023-08-04 17:48:26,838 - INFO - Huawei
2023-08-04 17:48:26,838 - INFO - HUAWEI CE16804
2023-08-04 17:48:26,838 - INFO - ==========================
2023-08-04 17:48:26,838 - INFO - Huawei Versatile Routing Platform Software VRP (R) software, Version 8.220 (CE16800 V200R022C00SPC500) Copyright (C) 2012-2022 Huawei Technologies Co., Ltd. HUAWEI CE16804 
2023-08-04 17:48:26,838 - INFO - Huawei
2023-08-04 17:48:26,838 - INFO - HUAWEI CE16804
2023-08-04 17:48:26,838 - INFO - ==========================
2023-08-04 17:48:27,895 - INFO - <class 'dict'>
2023-08-04 17:48:27,895 - INFO - Huawei Versatile Routing Platform Software VRP (R) software, Version 8.220 (CE6857F V200R022C00SPC500) Copyright (C) 2012-2022 Huawei Technologies Co., Ltd. Huawei CE6857F-48S6CQ 
2023-08-04 17:48:27,895 - INFO - Huawei
2023-08-04 17:48:27,895 - INFO - CE6857F-48S6CQ
2023-08-04 17:48:27,895 - INFO - ==========================
2023-08-04 17:48:27,895 - INFO - Huawei Versatile Routing Platform Software VRP (R) software, Version 8.220 (CE6857F V200R022C00SPC500) Copyright (C) 2012-2022 Huawei Technologies Co., Ltd. Huawei CE6857F-48S6CQ 
2023-08-04 17:48:27,895 - INFO - Huawei
2023-08-04 17:48:27,895 - INFO - CE6857F-48S6CQ
2023-08-04 17:48:27,895 - INFO - ==========================
2023-08-04 17:48:27,908 - INFO - Huawei Versatile Routing Platform Software VRP (R) software, Version 8.220 (CE6857F V200R022C00SPC500) Copyright (C) 2012-2022 Huawei Technologies Co., Ltd. Huawei CE6857F-48S6CQ 
2023-08-04 17:48:27,908 - INFO - Huawei
2023-08-04 17:48:27,908 - INFO - CE6857F-48S6CQ
2023-08-04 17:48:27,908 - INFO - ==========================
2023-08-04 17:48:27,908 - INFO - Huawei Versatile Routing Platform Software VRP (R) software, Version 8.220 (CE6857F V200R022C00SPC500) Copyright (C) 2012-2022 Huawei Technologies Co., Ltd. Huawei CE6857F-48S6CQ 
2023-08-04 17:48:27,908 - INFO - Huawei
2023-08-04 17:48:27,908 - INFO - CE6857F-48S6CQ
2023-08-04 17:48:27,908 - INFO - ==========================
2023-08-04 17:48:30,023 - INFO - <class 'dict'>
2023-08-04 17:48:30,023 - INFO - Huawei Versatile Routing Platform Software VRP (R) software, Version 8.180 (CE6810LI V200R005C10SPC800) Copyright (C) 2012-2018 Huawei Technologies Co., Ltd. HUAWEI CE6810-32T16S4Q-LI 
2023-08-04 17:48:30,023 - INFO - Huawei
2023-08-04 17:48:30,023 - INFO - 810-32T16S4Q-LI
2023-08-04 17:48:30,023 - INFO - ==========================
2023-08-04 17:48:30,023 - INFO - Huawei Versatile Routing Platform Software VRP (R) software, Version 8.180 (CE6810LI V200R005C10SPC800) Copyright (C) 2012-2018 Huawei Technologies Co., Ltd. HUAWEI CE6810-32T16S4Q-LI 
2023-08-04 17:48:30,024 - INFO - Huawei
2023-08-04 17:48:30,024 - INFO - 810-32T16S4Q-LI
2023-08-04 17:48:30,024 - INFO - ==========================
2023-08-04 17:48:30,035 - INFO - Huawei Versatile Routing Platform Software VRP (R) software, Version 8.180 (CE6810LI V200R005C10SPC800) Copyright (C) 2012-2018 Huawei Technologies Co., Ltd. HUAWEI CE6810-32T16S4Q-LI 
2023-08-04 17:48:30,035 - INFO - Huawei
2023-08-04 17:48:30,036 - INFO - 810-32T16S4Q-LI
2023-08-04 17:48:30,036 - INFO - ==========================
2023-08-04 17:48:30,036 - INFO - Huawei Versatile Routing Platform Software VRP (R) software, Version 8.180 (CE6810LI V200R005C10SPC800) Copyright (C) 2012-2018 Huawei Technologies Co., Ltd. HUAWEI CE6810-32T16S4Q-LI 
2023-08-04 17:48:30,036 - INFO - Huawei
2023-08-04 17:48:30,036 - INFO - 810-32T16S4Q-LI
2023-08-04 17:48:30,036 - INFO - ==========================
2023-08-04 17:49:12,506 - INFO - <class 'dict'>
2023-08-04 17:49:12,506 - INFO - Huawei Versatile Routing Platform Software VRP (R) software, Version 8.210 (CE6857F V200R021C00SPC200) Copyright (C) 2012-2021 Huawei Technologies Co., Ltd. Huawei CE6857F-48S6CQ 
2023-08-04 17:49:12,507 - INFO - Huawei
2023-08-04 17:49:12,507 - INFO - CE6857F-48S6CQ
2023-08-04 17:49:12,507 - INFO - ==========================
2023-08-04 17:49:12,507 - INFO - Huawei Versatile Routing Platform Software VRP (R) software, Version 8.210 (CE6857F V200R021C00SPC200) Copyright (C) 2012-2021 Huawei Technologies Co., Ltd. Huawei CE6857F-48S6CQ 
2023-08-04 17:49:12,507 - INFO - Huawei
2023-08-04 17:49:12,507 - INFO - CE6857F-48S6CQ
2023-08-04 17:49:12,507 - INFO - ==========================
2023-08-04 17:49:12,520 - INFO - Huawei Versatile Routing Platform Software VRP (R) software, Version 8.210 (CE6857F V200R021C00SPC200) Copyright (C) 2012-2021 Huawei Technologies Co., Ltd. Huawei CE6857F-48S6CQ 
2023-08-04 17:49:12,520 - INFO - Huawei
2023-08-04 17:49:12,520 - INFO - CE6857F-48S6CQ
2023-08-04 17:49:12,520 - INFO - ==========================
2023-08-04 17:49:12,520 - INFO - Huawei Versatile Routing Platform Software VRP (R) software, Version 8.210 (CE6857F V200R021C00SPC200) Copyright (C) 2012-2021 Huawei Technologies Co., Ltd. Huawei CE6857F-48S6CQ 
2023-08-04 17:49:12,520 - INFO - Huawei
2023-08-04 17:49:12,520 - INFO - CE6857F-48S6CQ
2023-08-04 17:49:12,520 - INFO - ==========================
2023-08-04 17:49:14,457 - INFO - <class 'dict'>
2023-08-04 17:49:14,457 - INFO - Huawei Versatile Routing Platform Software VRP (R) software, Version 8.210 (CE6857F V200R021C00SPC200) Copyright (C) 2012-2021 Huawei Technologies Co., Ltd. Huawei CE6857F-48S6CQ 
2023-08-04 17:49:14,457 - INFO - Huawei
2023-08-04 17:49:14,457 - INFO - CE6857F-48S6CQ
2023-08-04 17:49:14,457 - INFO - ==========================
2023-08-04 17:49:14,457 - INFO - Huawei Versatile Routing Platform Software VRP (R) software, Version 8.210 (CE6857F V200R021C00SPC200) Copyright (C) 2012-2021 Huawei Technologies Co., Ltd. Huawei CE6857F-48S6CQ 
2023-08-04 17:49:14,457 - INFO - Huawei
2023-08-04 17:49:14,457 - INFO - CE6857F-48S6CQ
2023-08-04 17:49:14,457 - INFO - ==========================
2023-08-04 17:49:14,470 - INFO - Huawei Versatile Routing Platform Software VRP (R) software, Version 8.210 (CE6857F V200R021C00SPC200) Copyright (C) 2012-2021 Huawei Technologies Co., Ltd. Huawei CE6857F-48S6CQ 
2023-08-04 17:49:14,470 - INFO - Huawei
2023-08-04 17:49:14,471 - INFO - CE6857F-48S6CQ
2023-08-04 17:49:14,471 - INFO - ==========================
2023-08-04 17:49:14,471 - INFO - Huawei Versatile Routing Platform Software VRP (R) software, Version 8.210 (CE6857F V200R021C00SPC200) Copyright (C) 2012-2021 Huawei Technologies Co., Ltd. Huawei CE6857F-48S6CQ 
2023-08-04 17:49:14,471 - INFO - Huawei
2023-08-04 17:49:14,471 - INFO - CE6857F-48S6CQ
2023-08-04 17:49:14,471 - INFO - ==========================
2023-08-04 17:49:16,349 - INFO - <class 'dict'>
2023-08-04 17:49:16,349 - INFO - Huawei Versatile Routing Platform Software VRP (R) software, Version 8.150 (CE6855HI V200R002C50SPC800) Copyright (C) 2012-2017 Huawei Technologies Co., Ltd. HUAWEI CE6855-48S6Q-HI 
2023-08-04 17:49:16,349 - INFO - Huawei
2023-08-04 17:49:16,349 - INFO - CE6855-48S6Q-HI
2023-08-04 17:49:16,350 - INFO - ==========================
2023-08-04 17:49:16,350 - INFO - Huawei Versatile Routing Platform Software VRP (R) software, Version 8.150 (CE6855HI V200R002C50SPC800) Copyright (C) 2012-2017 Huawei Technologies Co., Ltd. HUAWEI CE6855-48S6Q-HI 
2023-08-04 17:49:16,350 - INFO - Huawei
2023-08-04 17:49:16,350 - INFO - CE6855-48S6Q-HI
2023-08-04 17:49:16,350 - INFO - ==========================
2023-08-04 17:49:16,362 - INFO - Huawei Versatile Routing Platform Software VRP (R) software, Version 8.150 (CE6855HI V200R002C50SPC800) Copyright (C) 2012-2017 Huawei Technologies Co., Ltd. HUAWEI CE6855-48S6Q-HI 
2023-08-04 17:49:16,362 - INFO - Huawei
2023-08-04 17:49:16,362 - INFO - CE6855-48S6Q-HI
2023-08-04 17:49:16,362 - INFO - ==========================
2023-08-04 17:49:16,362 - INFO - Huawei Versatile Routing Platform Software VRP (R) software, Version 8.150 (CE6855HI V200R002C50SPC800) Copyright (C) 2012-2017 Huawei Technologies Co., Ltd. HUAWEI CE6855-48S6Q-HI 
2023-08-04 17:49:16,362 - INFO - Huawei
2023-08-04 17:49:16,363 - INFO - CE6855-48S6Q-HI
2023-08-04 17:49:16,363 - INFO - ==========================
2023-08-04 17:49:18,635 - INFO - <class 'dict'>
2023-08-04 17:49:18,635 - INFO - Huawei Versatile Routing Platform Software VRP (R) software, Version 8.180 (CE6855HI V200R005C10SPC800) Copyright (C) 2012-2018 Huawei Technologies Co., Ltd. HUAWEI CE6855-48S6Q-HI 
2023-08-04 17:49:18,635 - INFO - Huawei
2023-08-04 17:49:18,635 - INFO - CE6855-48S6Q-HI
2023-08-04 17:49:18,635 - INFO - ==========================
2023-08-04 17:49:18,635 - INFO - Huawei Versatile Routing Platform Software VRP (R) software, Version 8.180 (CE6855HI V200R005C10SPC800) Copyright (C) 2012-2018 Huawei Technologies Co., Ltd. HUAWEI CE6855-48S6Q-HI 
2023-08-04 17:49:18,636 - INFO - Huawei
2023-08-04 17:49:18,636 - INFO - CE6855-48S6Q-HI
2023-08-04 17:49:18,636 - INFO - ==========================
2023-08-04 17:49:18,648 - INFO - Huawei Versatile Routing Platform Software VRP (R) software, Version 8.180 (CE6855HI V200R005C10SPC800) Copyright (C) 2012-2018 Huawei Technologies Co., Ltd. HUAWEI CE6855-48S6Q-HI 
2023-08-04 17:49:18,648 - INFO - Huawei
2023-08-04 17:49:18,648 - INFO - CE6855-48S6Q-HI
2023-08-04 17:49:18,648 - INFO - ==========================
2023-08-04 17:49:18,649 - INFO - Huawei Versatile Routing Platform Software VRP (R) software, Version 8.180 (CE6855HI V200R005C10SPC800) Copyright (C) 2012-2018 Huawei Technologies Co., Ltd. HUAWEI CE6855-48S6Q-HI 
2023-08-04 17:49:18,649 - INFO - Huawei
2023-08-04 17:49:18,649 - INFO - CE6855-48S6Q-HI
2023-08-04 17:49:18,649 - INFO - ==========================
2023-08-04 17:49:20,848 - INFO - <class 'dict'>
2023-08-04 17:49:20,848 - INFO - Huawei Versatile Routing Platform Software VRP (R) software, Version 8.180 (CE6855HI V200R005C10SPC800) Copyright (C) 2012-2018 Huawei Technologies Co., Ltd. HUAWEI CE6855-48S6Q-HI 
2023-08-04 17:49:20,848 - INFO - Huawei
2023-08-04 17:49:20,848 - INFO - CE6855-48S6Q-HI
2023-08-04 17:49:20,848 - INFO - ==========================
2023-08-04 17:49:20,848 - INFO - Huawei Versatile Routing Platform Software VRP (R) software, Version 8.180 (CE6855HI V200R005C10SPC800) Copyright (C) 2012-2018 Huawei Technologies Co., Ltd. HUAWEI CE6855-48S6Q-HI 
2023-08-04 17:49:20,848 - INFO - Huawei
2023-08-04 17:49:20,849 - INFO - CE6855-48S6Q-HI
2023-08-04 17:49:20,849 - INFO - ==========================
2023-08-04 17:49:20,861 - INFO - Huawei Versatile Routing Platform Software VRP (R) software, Version 8.180 (CE6855HI V200R005C10SPC800) Copyright (C) 2012-2018 Huawei Technologies Co., Ltd. HUAWEI CE6855-48S6Q-HI 
2023-08-04 17:49:20,861 - INFO - Huawei
2023-08-04 17:49:20,861 - INFO - CE6855-48S6Q-HI
2023-08-04 17:49:20,861 - INFO - ==========================
2023-08-04 17:49:20,861 - INFO - Huawei Versatile Routing Platform Software VRP (R) software, Version 8.180 (CE6855HI V200R005C10SPC800) Copyright (C) 2012-2018 Huawei Technologies Co., Ltd. HUAWEI CE6855-48S6Q-HI 
2023-08-04 17:49:20,861 - INFO - Huawei
2023-08-04 17:49:20,861 - INFO - CE6855-48S6Q-HI
2023-08-04 17:49:20,861 - INFO - ==========================
2023-08-04 17:49:22,538 - INFO - <class 'dict'>
2023-08-04 17:49:22,539 - INFO - Huawei Versatile Routing Platform Software VRP (R) software, Version 8.220 (CE16800 V200R022C00SPC500) Copyright (C) 2012-2022 Huawei Technologies Co., Ltd. HUAWEI CE16804 
2023-08-04 17:49:22,539 - INFO - Huawei
2023-08-04 17:49:22,539 - INFO - HUAWEI CE16804
2023-08-04 17:49:22,539 - INFO - ==========================
2023-08-04 17:49:22,539 - INFO - Huawei Versatile Routing Platform Software VRP (R) software, Version 8.220 (CE16800 V200R022C00SPC500) Copyright (C) 2012-2022 Huawei Technologies Co., Ltd. HUAWEI CE16804 
2023-08-04 17:49:22,539 - INFO - Huawei
2023-08-04 17:49:22,539 - INFO - HUAWEI CE16804
2023-08-04 17:49:22,539 - INFO - ==========================
2023-08-04 17:49:22,551 - INFO - Huawei Versatile Routing Platform Software VRP (R) software, Version 8.220 (CE16800 V200R022C00SPC500) Copyright (C) 2012-2022 Huawei Technologies Co., Ltd. HUAWEI CE16804 
2023-08-04 17:49:22,551 - INFO - Huawei
2023-08-04 17:49:22,551 - INFO - HUAWEI CE16804
2023-08-04 17:49:22,551 - INFO - ==========================
2023-08-04 17:49:22,552 - INFO - Huawei Versatile Routing Platform Software VRP (R) software, Version 8.220 (CE16800 V200R022C00SPC500) Copyright (C) 2012-2022 Huawei Technologies Co., Ltd. HUAWEI CE16804 
2023-08-04 17:49:22,552 - INFO - Huawei
2023-08-04 17:49:22,552 - INFO - HUAWEI CE16804
2023-08-04 17:49:22,552 - INFO - ==========================
2023-08-04 17:49:23,946 - INFO - <class 'dict'>
2023-08-04 17:49:23,946 - INFO - Huawei Versatile Routing Platform Software VRP (R) software, Version 8.220 (CE6857F V200R022C00SPC500) Copyright (C) 2012-2022 Huawei Technologies Co., Ltd. Huawei CE6857F-48S6CQ 
2023-08-04 17:49:23,946 - INFO - Huawei
2023-08-04 17:49:23,947 - INFO - CE6857F-48S6CQ
2023-08-04 17:49:23,947 - INFO - ==========================
2023-08-04 17:49:23,947 - INFO - Huawei Versatile Routing Platform Software VRP (R) software, Version 8.220 (CE6857F V200R022C00SPC500) Copyright (C) 2012-2022 Huawei Technologies Co., Ltd. Huawei CE6857F-48S6CQ 
2023-08-04 17:49:23,947 - INFO - Huawei
2023-08-04 17:49:23,947 - INFO - CE6857F-48S6CQ
2023-08-04 17:49:23,947 - INFO - ==========================
2023-08-04 17:49:23,960 - INFO - Huawei Versatile Routing Platform Software VRP (R) software, Version 8.220 (CE6857F V200R022C00SPC500) Copyright (C) 2012-2022 Huawei Technologies Co., Ltd. Huawei CE6857F-48S6CQ 
2023-08-04 17:49:23,960 - INFO - Huawei
2023-08-04 17:49:23,960 - INFO - CE6857F-48S6CQ
2023-08-04 17:49:23,960 - INFO - ==========================
2023-08-04 17:49:23,960 - INFO - Huawei Versatile Routing Platform Software VRP (R) software, Version 8.220 (CE6857F V200R022C00SPC500) Copyright (C) 2012-2022 Huawei Technologies Co., Ltd. Huawei CE6857F-48S6CQ 
2023-08-04 17:49:23,960 - INFO - Huawei
2023-08-04 17:49:23,960 - INFO - CE6857F-48S6CQ
2023-08-04 17:49:23,960 - INFO - ==========================
2023-08-04 17:49:26,091 - INFO - <class 'dict'>
2023-08-04 17:49:26,091 - INFO - Huawei Versatile Routing Platform Software VRP (R) software, Version 8.180 (CE6810LI V200R005C10SPC800) Copyright (C) 2012-2018 Huawei Technologies Co., Ltd. HUAWEI CE6810-32T16S4Q-LI 
2023-08-04 17:49:26,091 - INFO - Huawei
2023-08-04 17:49:26,091 - INFO - 810-32T16S4Q-LI
2023-08-04 17:49:26,092 - INFO - ==========================
2023-08-04 17:49:26,092 - INFO - Huawei Versatile Routing Platform Software VRP (R) software, Version 8.180 (CE6810LI V200R005C10SPC800) Copyright (C) 2012-2018 Huawei Technologies Co., Ltd. HUAWEI CE6810-32T16S4Q-LI 
2023-08-04 17:49:26,092 - INFO - Huawei
2023-08-04 17:49:26,092 - INFO - 810-32T16S4Q-LI
2023-08-04 17:49:26,092 - INFO - ==========================
2023-08-04 17:49:26,106 - INFO - Huawei Versatile Routing Platform Software VRP (R) software, Version 8.180 (CE6810LI V200R005C10SPC800) Copyright (C) 2012-2018 Huawei Technologies Co., Ltd. HUAWEI CE6810-32T16S4Q-LI 
2023-08-04 17:49:26,106 - INFO - Huawei
2023-08-04 17:49:26,106 - INFO - 810-32T16S4Q-LI
2023-08-04 17:49:26,106 - INFO - ==========================
2023-08-04 17:49:26,106 - INFO - Huawei Versatile Routing Platform Software VRP (R) software, Version 8.180 (CE6810LI V200R005C10SPC800) Copyright (C) 2012-2018 Huawei Technologies Co., Ltd. HUAWEI CE6810-32T16S4Q-LI 
2023-08-04 17:49:26,106 - INFO - Huawei
2023-08-04 17:49:26,106 - INFO - 810-32T16S4Q-LI
2023-08-04 17:49:26,106 - INFO - ==========================
2023-08-04 17:49:30,803 - INFO - <class 'dict'>
2023-08-04 17:49:30,803 - INFO - Huawei Versatile Routing Platform Software VRP (R) software, Version 8.220 (CE16800 V200R022C00SPC500) Copyright (C) 2012-2022 Huawei Technologies Co., Ltd. HUAWEI CE16804 
2023-08-04 17:49:30,803 - INFO - Huawei
2023-08-04 17:49:30,803 - INFO - HUAWEI CE16804
2023-08-04 17:49:30,803 - INFO - ==========================
2023-08-04 17:49:30,803 - INFO - Huawei Versatile Routing Platform Software VRP (R) software, Version 8.220 (CE16800 V200R022C00SPC500) Copyright (C) 2012-2022 Huawei Technologies Co., Ltd. HUAWEI CE16804 
2023-08-04 17:49:30,803 - INFO - Huawei
2023-08-04 17:49:30,803 - INFO - HUAWEI CE16804
2023-08-04 17:49:30,803 - INFO - ==========================
2023-08-04 17:49:30,816 - INFO - Huawei Versatile Routing Platform Software VRP (R) software, Version 8.220 (CE16800 V200R022C00SPC500) Copyright (C) 2012-2022 Huawei Technologies Co., Ltd. HUAWEI CE16804 
2023-08-04 17:49:30,816 - INFO - Huawei
2023-08-04 17:49:30,816 - INFO - HUAWEI CE16804
2023-08-04 17:49:30,816 - INFO - ==========================
2023-08-04 17:49:30,816 - INFO - Huawei Versatile Routing Platform Software VRP (R) software, Version 8.220 (CE16800 V200R022C00SPC500) Copyright (C) 2012-2022 Huawei Technologies Co., Ltd. HUAWEI CE16804 
2023-08-04 17:49:30,816 - INFO - Huawei
2023-08-04 17:49:30,816 - INFO - HUAWEI CE16804
2023-08-04 17:49:30,816 - INFO - ==========================
2023-08-04 17:49:31,957 - INFO - <class 'dict'>
2023-08-04 17:49:31,957 - INFO - Huawei Versatile Routing Platform Software VRP (R) software, Version 8.220 (CE6857F V200R022C00SPC500) Copyright (C) 2012-2022 Huawei Technologies Co., Ltd. Huawei CE6857F-48S6CQ 
2023-08-04 17:49:31,957 - INFO - Huawei
2023-08-04 17:49:31,958 - INFO - CE6857F-48S6CQ
2023-08-04 17:49:31,958 - INFO - ==========================
2023-08-04 17:49:31,958 - INFO - Huawei Versatile Routing Platform Software VRP (R) software, Version 8.220 (CE6857F V200R022C00SPC500) Copyright (C) 2012-2022 Huawei Technologies Co., Ltd. Huawei CE6857F-48S6CQ 
2023-08-04 17:49:31,958 - INFO - Huawei
2023-08-04 17:49:31,958 - INFO - CE6857F-48S6CQ
2023-08-04 17:49:31,958 - INFO - ==========================
2023-08-04 17:49:31,972 - INFO - Huawei Versatile Routing Platform Software VRP (R) software, Version 8.220 (CE6857F V200R022C00SPC500) Copyright (C) 2012-2022 Huawei Technologies Co., Ltd. Huawei CE6857F-48S6CQ 
2023-08-04 17:49:31,972 - INFO - Huawei
2023-08-04 17:49:31,972 - INFO - CE6857F-48S6CQ
2023-08-04 17:49:31,972 - INFO - ==========================
2023-08-04 17:49:31,972 - INFO - Huawei Versatile Routing Platform Software VRP (R) software, Version 8.220 (CE6857F V200R022C00SPC500) Copyright (C) 2012-2022 Huawei Technologies Co., Ltd. Huawei CE6857F-48S6CQ 
2023-08-04 17:49:31,972 - INFO - Huawei
2023-08-04 17:49:31,972 - INFO - CE6857F-48S6CQ
2023-08-04 17:49:31,973 - INFO - ==========================
2023-08-04 17:49:34,224 - INFO - <class 'dict'>
2023-08-04 17:49:34,224 - INFO - Huawei Versatile Routing Platform Software VRP (R) software, Version 8.180 (CE6810LI V200R005C10SPC800) Copyright (C) 2012-2018 Huawei Technologies Co., Ltd. HUAWEI CE6810-32T16S4Q-LI 
2023-08-04 17:49:34,225 - INFO - Huawei
2023-08-04 17:49:34,225 - INFO - 810-32T16S4Q-LI
2023-08-04 17:49:34,225 - INFO - ==========================
2023-08-04 17:49:34,225 - INFO - Huawei Versatile Routing Platform Software VRP (R) software, Version 8.180 (CE6810LI V200R005C10SPC800) Copyright (C) 2012-2018 Huawei Technologies Co., Ltd. HUAWEI CE6810-32T16S4Q-LI 
2023-08-04 17:49:34,225 - INFO - Huawei
2023-08-04 17:49:34,225 - INFO - 810-32T16S4Q-LI
2023-08-04 17:49:34,225 - INFO - ==========================
2023-08-04 17:49:34,237 - INFO - Huawei Versatile Routing Platform Software VRP (R) software, Version 8.180 (CE6810LI V200R005C10SPC800) Copyright (C) 2012-2018 Huawei Technologies Co., Ltd. HUAWEI CE6810-32T16S4Q-LI 
2023-08-04 17:49:34,237 - INFO - Huawei
2023-08-04 17:49:34,237 - INFO - 810-32T16S4Q-LI
2023-08-04 17:49:34,237 - INFO - ==========================
2023-08-04 17:49:34,237 - INFO - Huawei Versatile Routing Platform Software VRP (R) software, Version 8.180 (CE6810LI V200R005C10SPC800) Copyright (C) 2012-2018 Huawei Technologies Co., Ltd. HUAWEI CE6810-32T16S4Q-LI 
2023-08-04 17:49:34,237 - INFO - Huawei
2023-08-04 17:49:34,237 - INFO - 810-32T16S4Q-LI
2023-08-04 17:49:34,237 - INFO - ==========================
