2023-07-31 00:11:59,931 - INFO - 111
2023-07-31 00:11:59,932 - INFO - 111
2023-07-31 00:11:59,932 - DEBUG - <mysql.connector.connection_cext.CMySQLConnection object at 0x00000153BECFF0A0>
2023-07-31 00:11:59,933 - DEBUG - CMySQLCursor: SELECT mgmt_ip FROM devices_mgmt_ip ORDE..
2023-07-31 00:11:59,933 - INFO - 111
2023-07-31 00:11:59,933 - ERROR - 获取第一个账户时发生错误：2055: Cursor is not connected
2023-07-31 00:12:36,873 - INFO - 111
2023-07-31 00:12:36,874 - INFO - 111
2023-07-31 00:12:36,874 - DEBUG - <mysql.connector.connection_cext.CMySQLConnection object at 0x000001FA5E08F0A0>
2023-07-31 00:12:36,874 - DEBUG - CMySQLCursor: SELECT mgmt_ip FROM devices_mgmt_ip ORDE..
2023-07-31 00:12:36,875 - INFO - 333
2023-07-31 00:12:36,875 - ERROR - 获取第一个账户时发生错误：2055: Cursor is not connected
2023-07-31 00:12:54,841 - INFO - 111
2023-07-31 00:12:54,842 - INFO - 111
2023-07-31 00:12:54,843 - DEBUG - <mysql.connector.connection_cext.CMySQLConnection object at 0x000001968DFBF0A0>
2023-07-31 00:12:54,843 - DEBUG - CMySQLCursor: SELECT mgmt_ip FROM devices_mgmt_ip ORDE..
2023-07-31 00:12:54,843 - INFO - 333
2023-07-31 00:12:54,843 - INFO - 444
2023-07-31 00:12:54,843 - ERROR - 获取第一个账户时发生错误：2055: Cursor is not connected
2023-07-31 00:13:12,467 - INFO - 111
2023-07-31 00:13:12,468 - INFO - 111
2023-07-31 00:13:12,468 - DEBUG - <mysql.connector.connection_cext.CMySQLConnection object at 0x00000290D6C3F0A0>
2023-07-31 00:13:12,468 - DEBUG - CMySQLCursor: SELECT mgmt_ip FROM devices_mgmt_ip ORDE..
2023-07-31 00:13:12,468 - INFO - 333
2023-07-31 00:13:12,468 - ERROR - 获取第一个账户时发生错误：2055: Cursor is not connected
2023-07-31 00:13:24,601 - INFO - 111
2023-07-31 00:13:24,602 - INFO - 111
2023-07-31 00:13:24,602 - DEBUG - <mysql.connector.connection_cext.CMySQLConnection object at 0x0000023E828CF0A0>
2023-07-31 00:13:24,602 - DEBUG - CMySQLCursor: SELECT mgmt_ip FROM devices_mgmt_ip ORDE..
2023-07-31 00:13:24,603 - ERROR - 获取第一个账户时发生错误：2055: Cursor is not connected
2023-07-31 00:13:41,367 - INFO - 111
2023-07-31 00:13:41,368 - INFO - 111
2023-07-31 00:13:41,368 - DEBUG - <mysql.connector.connection_cext.CMySQLConnection object at 0x000002193E79F0A0>
2023-07-31 00:13:41,368 - DEBUG - CMySQLCursor: SELECT mgmt_ip FROM devices_mgmt_ip ORDE..
2023-07-31 00:13:41,368 - INFO - 555
2023-07-31 00:13:41,368 - ERROR - 获取第一个账户时发生错误：2055: Cursor is not connected
2023-07-31 00:27:38,478 - INFO - 111
2023-07-31 00:27:38,479 - INFO - 111
2023-07-31 00:27:38,479 - DEBUG - <mysql.connector.connection_cext.CMySQLConnection object at 0x000001CA07E2F0A0>
2023-07-31 00:27:38,479 - DEBUG - CMySQLCursor: SELECT mgmt_ip FROM devices_mgmt_ip ORDE..
2023-07-31 00:27:38,479 - ERROR - 获取第一个账户时发生错误：2055: Cursor is not connected
2023-07-31 00:28:00,742 - INFO - 111
2023-07-31 00:28:00,743 - INFO - 111
2023-07-31 00:28:00,743 - DEBUG - <mysql.connector.connection_cext.CMySQLConnection object at 0x000002059758F0A0>
2023-07-31 00:28:00,743 - DEBUG - CMySQLCursor: SELECT mgmt_ip FROM devices_mgmt_ip ORDE..
2023-07-31 00:28:00,743 - ERROR - 获取第一个账户时发生错误：2055: Cursor is not connected
2023-07-31 00:31:02,253 - INFO - 111
2023-07-31 00:31:02,254 - INFO - 111
2023-07-31 00:31:02,254 - DEBUG - <mysql.connector.connection_cext.CMySQLConnection object at 0x00000135F796F0A0>
2023-07-31 00:31:02,254 - DEBUG - CMySQLCursor: SELECT mgmt_ip FROM devices_mgmt_ip ORDE..
2023-07-31 00:31:02,254 - ERROR - 获取第一个账户时发生错误：2055: Cursor is not connected
2023-07-31 00:37:11,727 - INFO - 555
2023-07-31 00:37:11,727 - INFO - 111
2023-07-31 00:37:11,727 - INFO - 666
2023-07-31 00:37:11,728 - INFO - 777
2023-07-31 00:37:11,729 - INFO - 111
2023-07-31 00:37:11,729 - INFO - 111
2023-07-31 00:37:11,729 - ERROR - 获取第一个账户时发生错误：2055: Cursor is not connected
2023-07-31 00:38:20,265 - INFO - 555
2023-07-31 00:38:20,265 - INFO - 999
2023-07-31 00:38:20,265 - INFO - 666
2023-07-31 00:38:20,266 - INFO - 777
2023-07-31 00:38:20,267 - INFO - 999
2023-07-31 00:38:20,267 - INFO - 111
2023-07-31 00:38:20,267 - ERROR - 获取第一个账户时发生错误：2055: Cursor is not connected
2023-07-31 00:41:10,571 - INFO - 555
2023-07-31 00:41:10,572 - INFO - 999
2023-07-31 00:41:10,572 - INFO - 666
2023-07-31 00:41:10,573 - INFO - 777
2023-07-31 00:41:10,573 - INFO - 111
2023-07-31 00:41:10,573 - ERROR - 获取第一个账户时发生错误：2055: Cursor is not connected
2023-07-31 00:42:19,775 - INFO - 555
2023-07-31 00:42:19,775 - INFO - 999
2023-07-31 00:42:19,775 - INFO - 666
2023-07-31 00:42:19,776 - INFO - 777
2023-07-31 00:42:19,777 - INFO - 999
2023-07-31 00:42:19,777 - INFO - 111
2023-07-31 00:42:19,777 - ERROR - 获取第一个账户时发生错误：2055: Cursor is not connected
2023-07-31 00:45:49,498 - INFO - 555
2023-07-31 00:45:49,499 - INFO - 999
2023-07-31 00:45:49,499 - INFO - 666
2023-07-31 00:45:49,500 - INFO - 777
2023-07-31 00:45:49,500 - INFO - 999
2023-07-31 00:45:49,500 - INFO - 111
2023-07-31 00:45:49,501 - ERROR - 获取第一个账户时发生错误：2055: Cursor is not connected
2023-07-31 00:50:33,767 - INFO - 555
2023-07-31 00:50:33,767 - INFO - 999
2023-07-31 00:50:33,768 - INFO - 666
2023-07-31 00:50:33,768 - INFO - 777
2023-07-31 00:50:33,769 - INFO - 999
2023-07-31 00:50:33,769 - INFO - 111
2023-07-31 00:50:33,769 - ERROR - 获取第一个账户时发生错误：2055: Cursor is not connected
2023-07-31 00:53:01,494 - INFO - 555
2023-07-31 00:53:01,495 - INFO - 999
2023-07-31 00:53:01,495 - INFO - 666
2023-07-31 00:53:01,496 - INFO - 777
2023-07-31 00:53:01,496 - INFO - 111
2023-07-31 00:53:01,496 - ERROR - 获取第一个账户时发生错误：2055: Cursor is not connected
2023-07-31 00:53:21,048 - INFO - 555
2023-07-31 00:53:21,048 - INFO - 999
2023-07-31 00:53:21,048 - INFO - 666
2023-07-31 00:53:21,049 - INFO - 777
2023-07-31 00:53:21,049 - INFO - 111
2023-07-31 00:53:21,049 - ERROR - 获取第一个账户时发生错误：2055: Cursor is not connected
