2023-08-04 11:06:26,351 - INFO - <class 'dict'>
2023-08-04 11:06:26,351 - INFO - Huawei Versatile Routing Platform Software VRP (R) software, Version 8.210 (CE6857F V200R021C00SPC200) Copyright (C) 2012-2021 Huawei Technologies Co., Ltd. Huawei CE6857F-48S6CQ 
2023-08-04 11:06:26,351 - INFO - Huawei
2023-08-04 11:06:26,351 - INFO - CE6857F-48S6CQ
2023-08-04 11:06:26,351 - INFO - ==========================
2023-08-04 11:06:26,351 - INFO - Huawei Versatile Routing Platform Software VRP (R) software, Version 8.210 (CE6857F V200R021C00SPC200) Copyright (C) 2012-2021 Huawei Technologies Co., Ltd. Huawei CE6857F-48S6CQ 
2023-08-04 11:06:26,351 - INFO - Huawei
2023-08-04 11:06:26,351 - INFO - CE6857F-48S6CQ
2023-08-04 11:06:26,353 - INFO - ==========================
2023-08-04 11:06:26,365 - INFO - Huawei Versatile Routing Platform Software VRP (R) software, Version 8.210 (CE6857F V200R021C00SPC200) Copyright (C) 2012-2021 Huawei Technologies Co., Ltd. Huawei CE6857F-48S6CQ 
2023-08-04 11:06:26,365 - INFO - Huawei
2023-08-04 11:06:26,365 - INFO - CE6857F-48S6CQ
2023-08-04 11:06:26,365 - INFO - ==========================
2023-08-04 11:06:26,365 - INFO - Huawei Versatile Routing Platform Software VRP (R) software, Version 8.210 (CE6857F V200R021C00SPC200) Copyright (C) 2012-2021 Huawei Technologies Co., Ltd. Huawei CE6857F-48S6CQ 
2023-08-04 11:06:26,365 - INFO - Huawei
2023-08-04 11:06:26,365 - INFO - CE6857F-48S6CQ
2023-08-04 11:06:26,365 - INFO - ==========================
2023-08-04 11:06:28,388 - INFO - <class 'dict'>
2023-08-04 11:06:28,388 - INFO - Huawei Versatile Routing Platform Software VRP (R) software, Version 8.210 (CE6857F V200R021C00SPC200) Copyright (C) 2012-2021 Huawei Technologies Co., Ltd. Huawei CE6857F-48S6CQ 
2023-08-04 11:06:28,388 - INFO - Huawei
2023-08-04 11:06:28,388 - INFO - CE6857F-48S6CQ
2023-08-04 11:06:28,388 - INFO - ==========================
2023-08-04 11:06:28,388 - INFO - Huawei Versatile Routing Platform Software VRP (R) software, Version 8.210 (CE6857F V200R021C00SPC200) Copyright (C) 2012-2021 Huawei Technologies Co., Ltd. Huawei CE6857F-48S6CQ 
2023-08-04 11:06:28,389 - INFO - Huawei
2023-08-04 11:06:28,389 - INFO - CE6857F-48S6CQ
2023-08-04 11:06:28,389 - INFO - ==========================
2023-08-04 11:06:28,402 - INFO - Huawei Versatile Routing Platform Software VRP (R) software, Version 8.210 (CE6857F V200R021C00SPC200) Copyright (C) 2012-2021 Huawei Technologies Co., Ltd. Huawei CE6857F-48S6CQ 
2023-08-04 11:06:28,402 - INFO - Huawei
2023-08-04 11:06:28,402 - INFO - CE6857F-48S6CQ
2023-08-04 11:06:28,402 - INFO - ==========================
2023-08-04 11:06:28,402 - INFO - Huawei Versatile Routing Platform Software VRP (R) software, Version 8.210 (CE6857F V200R021C00SPC200) Copyright (C) 2012-2021 Huawei Technologies Co., Ltd. Huawei CE6857F-48S6CQ 
2023-08-04 11:06:28,403 - INFO - Huawei
2023-08-04 11:06:28,403 - INFO - CE6857F-48S6CQ
2023-08-04 11:06:28,403 - INFO - ==========================
2023-08-04 11:06:30,458 - INFO - <class 'dict'>
2023-08-04 11:06:30,458 - INFO - Huawei Versatile Routing Platform Software VRP (R) software, Version 8.150 (CE6855HI V200R002C50SPC800) Copyright (C) 2012-2017 Huawei Technologies Co., Ltd. HUAWEI CE6855-48S6Q-HI 
2023-08-04 11:06:30,458 - INFO - Huawei
2023-08-04 11:06:30,458 - INFO - CE6855-48S6Q-HI
2023-08-04 11:06:30,458 - INFO - ==========================
2023-08-04 11:06:30,458 - INFO - Huawei Versatile Routing Platform Software VRP (R) software, Version 8.150 (CE6855HI V200R002C50SPC800) Copyright (C) 2012-2017 Huawei Technologies Co., Ltd. HUAWEI CE6855-48S6Q-HI 
2023-08-04 11:06:30,458 - INFO - Huawei
2023-08-04 11:06:30,459 - INFO - CE6855-48S6Q-HI
2023-08-04 11:06:30,459 - INFO - ==========================
2023-08-04 11:06:30,470 - INFO - Huawei Versatile Routing Platform Software VRP (R) software, Version 8.150 (CE6855HI V200R002C50SPC800) Copyright (C) 2012-2017 Huawei Technologies Co., Ltd. HUAWEI CE6855-48S6Q-HI 
2023-08-04 11:06:30,470 - INFO - Huawei
2023-08-04 11:06:30,470 - INFO - CE6855-48S6Q-HI
2023-08-04 11:06:30,470 - INFO - ==========================
2023-08-04 11:06:30,470 - INFO - Huawei Versatile Routing Platform Software VRP (R) software, Version 8.150 (CE6855HI V200R002C50SPC800) Copyright (C) 2012-2017 Huawei Technologies Co., Ltd. HUAWEI CE6855-48S6Q-HI 
2023-08-04 11:06:30,470 - INFO - Huawei
2023-08-04 11:06:30,470 - INFO - CE6855-48S6Q-HI
2023-08-04 11:06:30,470 - INFO - ==========================
2023-08-04 11:06:32,566 - INFO - <class 'dict'>
2023-08-04 11:06:32,566 - INFO - Huawei Versatile Routing Platform Software VRP (R) software, Version 8.180 (CE6855HI V200R005C10SPC800) Copyright (C) 2012-2018 Huawei Technologies Co., Ltd. HUAWEI CE6855-48S6Q-HI 
2023-08-04 11:06:32,566 - INFO - Huawei
2023-08-04 11:06:32,566 - INFO - CE6855-48S6Q-HI
2023-08-04 11:06:32,566 - INFO - ==========================
2023-08-04 11:06:32,566 - INFO - Huawei Versatile Routing Platform Software VRP (R) software, Version 8.180 (CE6855HI V200R005C10SPC800) Copyright (C) 2012-2018 Huawei Technologies Co., Ltd. HUAWEI CE6855-48S6Q-HI 
2023-08-04 11:06:32,566 - INFO - Huawei
2023-08-04 11:06:32,566 - INFO - CE6855-48S6Q-HI
2023-08-04 11:06:32,566 - INFO - ==========================
2023-08-04 11:06:32,576 - INFO - Huawei Versatile Routing Platform Software VRP (R) software, Version 8.180 (CE6855HI V200R005C10SPC800) Copyright (C) 2012-2018 Huawei Technologies Co., Ltd. HUAWEI CE6855-48S6Q-HI 
2023-08-04 11:06:32,577 - INFO - Huawei
2023-08-04 11:06:32,577 - INFO - CE6855-48S6Q-HI
2023-08-04 11:06:32,577 - INFO - ==========================
2023-08-04 11:06:32,577 - INFO - Huawei Versatile Routing Platform Software VRP (R) software, Version 8.180 (CE6855HI V200R005C10SPC800) Copyright (C) 2012-2018 Huawei Technologies Co., Ltd. HUAWEI CE6855-48S6Q-HI 
2023-08-04 11:06:32,577 - INFO - Huawei
2023-08-04 11:06:32,577 - INFO - CE6855-48S6Q-HI
2023-08-04 11:06:32,577 - INFO - ==========================
2023-08-04 11:06:35,029 - INFO - <class 'dict'>
2023-08-04 11:06:35,029 - INFO - Huawei Versatile Routing Platform Software VRP (R) software, Version 8.180 (CE6855HI V200R005C10SPC800) Copyright (C) 2012-2018 Huawei Technologies Co., Ltd. HUAWEI CE6855-48S6Q-HI 
2023-08-04 11:06:35,029 - INFO - Huawei
2023-08-04 11:06:35,029 - INFO - CE6855-48S6Q-HI
2023-08-04 11:06:35,030 - INFO - ==========================
2023-08-04 11:06:35,030 - INFO - Huawei Versatile Routing Platform Software VRP (R) software, Version 8.180 (CE6855HI V200R005C10SPC800) Copyright (C) 2012-2018 Huawei Technologies Co., Ltd. HUAWEI CE6855-48S6Q-HI 
2023-08-04 11:06:35,030 - INFO - Huawei
2023-08-04 11:06:35,030 - INFO - CE6855-48S6Q-HI
2023-08-04 11:06:35,030 - INFO - ==========================
2023-08-04 11:06:35,040 - INFO - Huawei Versatile Routing Platform Software VRP (R) software, Version 8.180 (CE6855HI V200R005C10SPC800) Copyright (C) 2012-2018 Huawei Technologies Co., Ltd. HUAWEI CE6855-48S6Q-HI 
2023-08-04 11:06:35,040 - INFO - Huawei
2023-08-04 11:06:35,040 - INFO - CE6855-48S6Q-HI
2023-08-04 11:06:35,040 - INFO - ==========================
2023-08-04 11:06:35,040 - INFO - Huawei Versatile Routing Platform Software VRP (R) software, Version 8.180 (CE6855HI V200R005C10SPC800) Copyright (C) 2012-2018 Huawei Technologies Co., Ltd. HUAWEI CE6855-48S6Q-HI 
2023-08-04 11:06:35,041 - INFO - Huawei
2023-08-04 11:06:35,041 - INFO - CE6855-48S6Q-HI
2023-08-04 11:06:35,041 - INFO - ==========================
2023-08-04 11:11:27,928 - INFO - <class 'dict'>
2023-08-04 11:11:27,928 - INFO - Huawei Versatile Routing Platform Software VRP (R) software, Version 8.210 (CE6857F V200R021C00SPC200) Copyright (C) 2012-2021 Huawei Technologies Co., Ltd. Huawei CE6857F-48S6CQ 
2023-08-04 11:11:27,928 - INFO - Huawei
2023-08-04 11:11:27,928 - INFO - CE6857F-48S6CQ
2023-08-04 11:11:27,928 - INFO - ==========================
2023-08-04 11:11:27,928 - INFO - Huawei Versatile Routing Platform Software VRP (R) software, Version 8.210 (CE6857F V200R021C00SPC200) Copyright (C) 2012-2021 Huawei Technologies Co., Ltd. Huawei CE6857F-48S6CQ 
2023-08-04 11:11:27,928 - INFO - Huawei
2023-08-04 11:11:27,928 - INFO - CE6857F-48S6CQ
2023-08-04 11:11:27,928 - INFO - ==========================
2023-08-04 11:11:27,989 - INFO - Huawei Versatile Routing Platform Software VRP (R) software, Version 8.210 (CE6857F V200R021C00SPC200) Copyright (C) 2012-2021 Huawei Technologies Co., Ltd. Huawei CE6857F-48S6CQ 
2023-08-04 11:11:27,990 - INFO - Huawei
2023-08-04 11:11:27,990 - INFO - CE6857F-48S6CQ
2023-08-04 11:11:27,990 - INFO - ==========================
2023-08-04 11:11:27,990 - INFO - Huawei Versatile Routing Platform Software VRP (R) software, Version 8.210 (CE6857F V200R021C00SPC200) Copyright (C) 2012-2021 Huawei Technologies Co., Ltd. Huawei CE6857F-48S6CQ 
2023-08-04 11:11:27,990 - INFO - Huawei
2023-08-04 11:11:27,990 - INFO - CE6857F-48S6CQ
2023-08-04 11:11:27,990 - INFO - ==========================
2023-08-04 11:11:29,960 - INFO - <class 'dict'>
2023-08-04 11:11:29,960 - INFO - Huawei Versatile Routing Platform Software VRP (R) software, Version 8.210 (CE6857F V200R021C00SPC200) Copyright (C) 2012-2021 Huawei Technologies Co., Ltd. Huawei CE6857F-48S6CQ 
2023-08-04 11:11:29,960 - INFO - Huawei
2023-08-04 11:11:29,960 - INFO - CE6857F-48S6CQ
2023-08-04 11:11:29,960 - INFO - ==========================
2023-08-04 11:11:29,961 - INFO - Huawei Versatile Routing Platform Software VRP (R) software, Version 8.210 (CE6857F V200R021C00SPC200) Copyright (C) 2012-2021 Huawei Technologies Co., Ltd. Huawei CE6857F-48S6CQ 
2023-08-04 11:11:29,961 - INFO - Huawei
2023-08-04 11:11:29,961 - INFO - CE6857F-48S6CQ
2023-08-04 11:11:29,961 - INFO - ==========================
2023-08-04 11:11:29,973 - INFO - Huawei Versatile Routing Platform Software VRP (R) software, Version 8.210 (CE6857F V200R021C00SPC200) Copyright (C) 2012-2021 Huawei Technologies Co., Ltd. Huawei CE6857F-48S6CQ 
2023-08-04 11:11:29,973 - INFO - Huawei
2023-08-04 11:11:29,973 - INFO - CE6857F-48S6CQ
2023-08-04 11:11:29,973 - INFO - ==========================
2023-08-04 11:11:29,973 - INFO - Huawei Versatile Routing Platform Software VRP (R) software, Version 8.210 (CE6857F V200R021C00SPC200) Copyright (C) 2012-2021 Huawei Technologies Co., Ltd. Huawei CE6857F-48S6CQ 
2023-08-04 11:11:29,973 - INFO - Huawei
2023-08-04 11:11:29,973 - INFO - CE6857F-48S6CQ
2023-08-04 11:11:29,973 - INFO - ==========================
2023-08-04 11:11:31,709 - INFO - <class 'dict'>
2023-08-04 11:11:31,709 - INFO - Huawei Versatile Routing Platform Software VRP (R) software, Version 8.150 (CE6855HI V200R002C50SPC800) Copyright (C) 2012-2017 Huawei Technologies Co., Ltd. HUAWEI CE6855-48S6Q-HI 
2023-08-04 11:11:31,709 - INFO - Huawei
2023-08-04 11:11:31,710 - INFO - CE6855-48S6Q-HI
2023-08-04 11:11:31,710 - INFO - ==========================
2023-08-04 11:11:31,710 - INFO - Huawei Versatile Routing Platform Software VRP (R) software, Version 8.150 (CE6855HI V200R002C50SPC800) Copyright (C) 2012-2017 Huawei Technologies Co., Ltd. HUAWEI CE6855-48S6Q-HI 
2023-08-04 11:11:31,710 - INFO - Huawei
2023-08-04 11:11:31,710 - INFO - CE6855-48S6Q-HI
2023-08-04 11:11:31,710 - INFO - ==========================
2023-08-04 11:11:31,721 - INFO - Huawei Versatile Routing Platform Software VRP (R) software, Version 8.150 (CE6855HI V200R002C50SPC800) Copyright (C) 2012-2017 Huawei Technologies Co., Ltd. HUAWEI CE6855-48S6Q-HI 
2023-08-04 11:11:31,721 - INFO - Huawei
2023-08-04 11:11:31,721 - INFO - CE6855-48S6Q-HI
2023-08-04 11:11:31,721 - INFO - ==========================
2023-08-04 11:11:31,721 - INFO - Huawei Versatile Routing Platform Software VRP (R) software, Version 8.150 (CE6855HI V200R002C50SPC800) Copyright (C) 2012-2017 Huawei Technologies Co., Ltd. HUAWEI CE6855-48S6Q-HI 
2023-08-04 11:11:31,721 - INFO - Huawei
2023-08-04 11:11:31,721 - INFO - CE6855-48S6Q-HI
2023-08-04 11:11:31,721 - INFO - ==========================
2023-08-04 11:11:33,984 - INFO - <class 'dict'>
2023-08-04 11:11:33,984 - INFO - Huawei Versatile Routing Platform Software VRP (R) software, Version 8.180 (CE6855HI V200R005C10SPC800) Copyright (C) 2012-2018 Huawei Technologies Co., Ltd. HUAWEI CE6855-48S6Q-HI 
2023-08-04 11:11:33,984 - INFO - Huawei
2023-08-04 11:11:33,984 - INFO - CE6855-48S6Q-HI
2023-08-04 11:11:33,985 - INFO - ==========================
2023-08-04 11:11:33,985 - INFO - Huawei Versatile Routing Platform Software VRP (R) software, Version 8.180 (CE6855HI V200R005C10SPC800) Copyright (C) 2012-2018 Huawei Technologies Co., Ltd. HUAWEI CE6855-48S6Q-HI 
2023-08-04 11:11:33,985 - INFO - Huawei
2023-08-04 11:11:33,985 - INFO - CE6855-48S6Q-HI
2023-08-04 11:11:33,985 - INFO - ==========================
2023-08-04 11:11:33,997 - INFO - Huawei Versatile Routing Platform Software VRP (R) software, Version 8.180 (CE6855HI V200R005C10SPC800) Copyright (C) 2012-2018 Huawei Technologies Co., Ltd. HUAWEI CE6855-48S6Q-HI 
2023-08-04 11:11:33,997 - INFO - Huawei
2023-08-04 11:11:33,998 - INFO - CE6855-48S6Q-HI
2023-08-04 11:11:33,998 - INFO - ==========================
2023-08-04 11:11:33,998 - INFO - Huawei Versatile Routing Platform Software VRP (R) software, Version 8.180 (CE6855HI V200R005C10SPC800) Copyright (C) 2012-2018 Huawei Technologies Co., Ltd. HUAWEI CE6855-48S6Q-HI 
2023-08-04 11:11:33,998 - INFO - Huawei
2023-08-04 11:11:33,998 - INFO - CE6855-48S6Q-HI
2023-08-04 11:11:33,998 - INFO - ==========================
2023-08-04 11:11:36,289 - INFO - <class 'dict'>
2023-08-04 11:11:36,289 - INFO - Huawei Versatile Routing Platform Software VRP (R) software, Version 8.180 (CE6855HI V200R005C10SPC800) Copyright (C) 2012-2018 Huawei Technologies Co., Ltd. HUAWEI CE6855-48S6Q-HI 
2023-08-04 11:11:36,290 - INFO - Huawei
2023-08-04 11:11:36,290 - INFO - CE6855-48S6Q-HI
2023-08-04 11:11:36,290 - INFO - ==========================
2023-08-04 11:11:36,290 - INFO - Huawei Versatile Routing Platform Software VRP (R) software, Version 8.180 (CE6855HI V200R005C10SPC800) Copyright (C) 2012-2018 Huawei Technologies Co., Ltd. HUAWEI CE6855-48S6Q-HI 
2023-08-04 11:11:36,290 - INFO - Huawei
2023-08-04 11:11:36,290 - INFO - CE6855-48S6Q-HI
2023-08-04 11:11:36,290 - INFO - ==========================
2023-08-04 11:11:36,302 - INFO - Huawei Versatile Routing Platform Software VRP (R) software, Version 8.180 (CE6855HI V200R005C10SPC800) Copyright (C) 2012-2018 Huawei Technologies Co., Ltd. HUAWEI CE6855-48S6Q-HI 
2023-08-04 11:11:36,302 - INFO - Huawei
2023-08-04 11:11:36,302 - INFO - CE6855-48S6Q-HI
2023-08-04 11:11:36,302 - INFO - ==========================
2023-08-04 11:11:36,302 - INFO - Huawei Versatile Routing Platform Software VRP (R) software, Version 8.180 (CE6855HI V200R005C10SPC800) Copyright (C) 2012-2018 Huawei Technologies Co., Ltd. HUAWEI CE6855-48S6Q-HI 
2023-08-04 11:11:36,302 - INFO - Huawei
2023-08-04 11:11:36,302 - INFO - CE6855-48S6Q-HI
2023-08-04 11:11:36,302 - INFO - ==========================
