2023-08-04 16:32:52,937 - INFO - <class 'dict'>
2023-08-04 16:32:52,937 - INFO - Huawei Versatile Routing Platform Software VRP (R) software, Version 8.210 (CE6857F V200R021C00SPC200) Copyright (C) 2012-2021 Huawei Technologies Co., Ltd. Huawei CE6857F-48S6CQ 
2023-08-04 16:32:52,937 - INFO - Huawei
2023-08-04 16:32:52,937 - INFO - CE6857F-48S6CQ
2023-08-04 16:32:52,937 - INFO - ==========================
2023-08-04 16:32:52,937 - INFO - Huawei Versatile Routing Platform Software VRP (R) software, Version 8.210 (CE6857F V200R021C00SPC200) Copyright (C) 2012-2021 Huawei Technologies Co., Ltd. Huawei CE6857F-48S6CQ 
2023-08-04 16:32:52,937 - INFO - Huawei
2023-08-04 16:32:52,937 - INFO - CE6857F-48S6CQ
2023-08-04 16:32:52,938 - INFO - ==========================
2023-08-04 16:32:52,951 - INFO - Huawei Versatile Routing Platform Software VRP (R) software, Version 8.210 (CE6857F V200R021C00SPC200) Copyright (C) 2012-2021 Huawei Technologies Co., Ltd. Huawei CE6857F-48S6CQ 
2023-08-04 16:32:52,951 - INFO - Huawei
2023-08-04 16:32:52,951 - INFO - CE6857F-48S6CQ
2023-08-04 16:32:52,951 - INFO - ==========================
2023-08-04 16:32:52,951 - INFO - Huawei Versatile Routing Platform Software VRP (R) software, Version 8.210 (CE6857F V200R021C00SPC200) Copyright (C) 2012-2021 Huawei Technologies Co., Ltd. Huawei CE6857F-48S6CQ 
2023-08-04 16:32:52,951 - INFO - Huawei
2023-08-04 16:32:52,951 - INFO - CE6857F-48S6CQ
2023-08-04 16:32:52,951 - INFO - ==========================
2023-08-04 16:32:55,108 - INFO - <class 'dict'>
2023-08-04 16:32:55,108 - INFO - Huawei Versatile Routing Platform Software VRP (R) software, Version 8.210 (CE6857F V200R021C00SPC200) Copyright (C) 2012-2021 Huawei Technologies Co., Ltd. Huawei CE6857F-48S6CQ 
2023-08-04 16:32:55,108 - INFO - Huawei
2023-08-04 16:32:55,108 - INFO - CE6857F-48S6CQ
2023-08-04 16:32:55,108 - INFO - ==========================
2023-08-04 16:32:55,109 - INFO - Huawei Versatile Routing Platform Software VRP (R) software, Version 8.210 (CE6857F V200R021C00SPC200) Copyright (C) 2012-2021 Huawei Technologies Co., Ltd. Huawei CE6857F-48S6CQ 
2023-08-04 16:32:55,109 - INFO - Huawei
2023-08-04 16:32:55,109 - INFO - CE6857F-48S6CQ
2023-08-04 16:32:55,109 - INFO - ==========================
2023-08-04 16:32:55,122 - INFO - Huawei Versatile Routing Platform Software VRP (R) software, Version 8.210 (CE6857F V200R021C00SPC200) Copyright (C) 2012-2021 Huawei Technologies Co., Ltd. Huawei CE6857F-48S6CQ 
2023-08-04 16:32:55,122 - INFO - Huawei
2023-08-04 16:32:55,122 - INFO - CE6857F-48S6CQ
2023-08-04 16:32:55,122 - INFO - ==========================
2023-08-04 16:32:55,122 - INFO - Huawei Versatile Routing Platform Software VRP (R) software, Version 8.210 (CE6857F V200R021C00SPC200) Copyright (C) 2012-2021 Huawei Technologies Co., Ltd. Huawei CE6857F-48S6CQ 
2023-08-04 16:32:55,123 - INFO - Huawei
2023-08-04 16:32:55,123 - INFO - CE6857F-48S6CQ
2023-08-04 16:32:55,123 - INFO - ==========================
2023-08-04 16:32:56,990 - INFO - <class 'dict'>
2023-08-04 16:32:56,990 - INFO - Huawei Versatile Routing Platform Software VRP (R) software, Version 8.150 (CE6855HI V200R002C50SPC800) Copyright (C) 2012-2017 Huawei Technologies Co., Ltd. HUAWEI CE6855-48S6Q-HI 
2023-08-04 16:32:56,990 - INFO - Huawei
2023-08-04 16:32:56,991 - INFO - CE6855-48S6Q-HI
2023-08-04 16:32:56,991 - INFO - ==========================
2023-08-04 16:32:56,991 - INFO - Huawei Versatile Routing Platform Software VRP (R) software, Version 8.150 (CE6855HI V200R002C50SPC800) Copyright (C) 2012-2017 Huawei Technologies Co., Ltd. HUAWEI CE6855-48S6Q-HI 
2023-08-04 16:32:56,991 - INFO - Huawei
2023-08-04 16:32:56,991 - INFO - CE6855-48S6Q-HI
2023-08-04 16:32:56,991 - INFO - ==========================
2023-08-04 16:32:57,004 - INFO - Huawei Versatile Routing Platform Software VRP (R) software, Version 8.150 (CE6855HI V200R002C50SPC800) Copyright (C) 2012-2017 Huawei Technologies Co., Ltd. HUAWEI CE6855-48S6Q-HI 
2023-08-04 16:32:57,004 - INFO - Huawei
2023-08-04 16:32:57,004 - INFO - CE6855-48S6Q-HI
2023-08-04 16:32:57,004 - INFO - ==========================
2023-08-04 16:32:57,004 - INFO - Huawei Versatile Routing Platform Software VRP (R) software, Version 8.150 (CE6855HI V200R002C50SPC800) Copyright (C) 2012-2017 Huawei Technologies Co., Ltd. HUAWEI CE6855-48S6Q-HI 
2023-08-04 16:32:57,004 - INFO - Huawei
2023-08-04 16:32:57,004 - INFO - CE6855-48S6Q-HI
2023-08-04 16:32:57,004 - INFO - ==========================
2023-08-04 16:32:59,285 - INFO - <class 'dict'>
2023-08-04 16:32:59,285 - INFO - Huawei Versatile Routing Platform Software VRP (R) software, Version 8.180 (CE6855HI V200R005C10SPC800) Copyright (C) 2012-2018 Huawei Technologies Co., Ltd. HUAWEI CE6855-48S6Q-HI 
2023-08-04 16:32:59,285 - INFO - Huawei
2023-08-04 16:32:59,285 - INFO - CE6855-48S6Q-HI
2023-08-04 16:32:59,285 - INFO - ==========================
2023-08-04 16:32:59,286 - INFO - Huawei Versatile Routing Platform Software VRP (R) software, Version 8.180 (CE6855HI V200R005C10SPC800) Copyright (C) 2012-2018 Huawei Technologies Co., Ltd. HUAWEI CE6855-48S6Q-HI 
2023-08-04 16:32:59,286 - INFO - Huawei
2023-08-04 16:32:59,286 - INFO - CE6855-48S6Q-HI
2023-08-04 16:32:59,286 - INFO - ==========================
2023-08-04 16:32:59,299 - INFO - Huawei Versatile Routing Platform Software VRP (R) software, Version 8.180 (CE6855HI V200R005C10SPC800) Copyright (C) 2012-2018 Huawei Technologies Co., Ltd. HUAWEI CE6855-48S6Q-HI 
2023-08-04 16:32:59,299 - INFO - Huawei
2023-08-04 16:32:59,299 - INFO - CE6855-48S6Q-HI
2023-08-04 16:32:59,299 - INFO - ==========================
2023-08-04 16:32:59,299 - INFO - Huawei Versatile Routing Platform Software VRP (R) software, Version 8.180 (CE6855HI V200R005C10SPC800) Copyright (C) 2012-2018 Huawei Technologies Co., Ltd. HUAWEI CE6855-48S6Q-HI 
2023-08-04 16:32:59,299 - INFO - Huawei
2023-08-04 16:32:59,299 - INFO - CE6855-48S6Q-HI
2023-08-04 16:32:59,299 - INFO - ==========================
2023-08-04 16:33:01,571 - INFO - <class 'dict'>
2023-08-04 16:33:01,571 - INFO - Huawei Versatile Routing Platform Software VRP (R) software, Version 8.180 (CE6855HI V200R005C10SPC800) Copyright (C) 2012-2018 Huawei Technologies Co., Ltd. HUAWEI CE6855-48S6Q-HI 
2023-08-04 16:33:01,571 - INFO - Huawei
2023-08-04 16:33:01,572 - INFO - CE6855-48S6Q-HI
2023-08-04 16:33:01,572 - INFO - ==========================
2023-08-04 16:33:01,572 - INFO - Huawei Versatile Routing Platform Software VRP (R) software, Version 8.180 (CE6855HI V200R005C10SPC800) Copyright (C) 2012-2018 Huawei Technologies Co., Ltd. HUAWEI CE6855-48S6Q-HI 
2023-08-04 16:33:01,572 - INFO - Huawei
2023-08-04 16:33:01,572 - INFO - CE6855-48S6Q-HI
2023-08-04 16:33:01,572 - INFO - ==========================
2023-08-04 16:33:01,586 - INFO - Huawei Versatile Routing Platform Software VRP (R) software, Version 8.180 (CE6855HI V200R005C10SPC800) Copyright (C) 2012-2018 Huawei Technologies Co., Ltd. HUAWEI CE6855-48S6Q-HI 
2023-08-04 16:33:01,586 - INFO - Huawei
2023-08-04 16:33:01,586 - INFO - CE6855-48S6Q-HI
2023-08-04 16:33:01,586 - INFO - ==========================
2023-08-04 16:33:01,586 - INFO - Huawei Versatile Routing Platform Software VRP (R) software, Version 8.180 (CE6855HI V200R005C10SPC800) Copyright (C) 2012-2018 Huawei Technologies Co., Ltd. HUAWEI CE6855-48S6Q-HI 
2023-08-04 16:33:01,586 - INFO - Huawei
2023-08-04 16:33:01,586 - INFO - CE6855-48S6Q-HI
2023-08-04 16:33:01,586 - INFO - ==========================
