2023-08-04 02:01:47,475 - INFO - <class 'dict'>
2023-08-04 02:01:47,476 - INFO -  Huawei CE6857F-48S6CQ
2023-08-04 02:01:47,476 - INFO - CE6857F-48S6CQ
2023-08-04 02:01:47,476 - INFO -  Huawei CE6857F-48S6CQ
2023-08-04 02:01:47,476 - INFO - CE6857F-48S6CQ
2023-08-04 02:01:47,476 - INFO - {'data_center': '亦庄', 'block': '8', 'cabinet': 'G07', 'start_u': '39U', 'network_area': '测试环境', 'device_type': '交换机'}
2023-08-04 02:01:47,476 - INFO - {'data_center': '亦庄', 'block': '8', 'cabinet': 'G07', 'start_u': '39U', 'network_area': '测试环境', 'device_type': '交换机'}
2023-08-04 02:01:47,476 - INFO - {'data_center': '亦庄', 'block': '8', 'cabinet': 'G07', 'start_u': '39U', 'network_area': '测试环境', 'device_type': '交换机'}
2023-08-04 02:01:47,477 - INFO - {'data_center': '亦庄', 'block': '8', 'cabinet': 'G07', 'start_u': '39U', 'network_area': '测试环境', 'device_type': '交换机'}
2023-08-04 02:01:47,477 - INFO - {'data_center': '亦庄', 'block': '8', 'cabinet': 'G07', 'start_u': '39U', 'network_area': '测试环境', 'device_type': '交换机'}
2023-08-04 02:01:47,477 - INFO - {'data_center': '亦庄', 'block': '8', 'cabinet': 'G07', 'start_u': '39U', 'network_area': '测试环境', 'device_type': '交换机'}
2023-08-04 02:01:47,489 - INFO -  Huawei CE6857F-48S6CQ
2023-08-04 02:01:47,489 - INFO - CE6857F-48S6CQ
2023-08-04 02:01:47,489 - INFO - {'data_center': '亦庄', 'block': '8', 'cabinet': 'G07', 'start_u': '39U', 'network_area': '测试环境', 'device_type': '交换机'}
2023-08-04 02:01:49,625 - INFO - <class 'dict'>
2023-08-04 02:01:49,625 - INFO -  Huawei CE6857F-48S6CQ
2023-08-04 02:01:49,625 - INFO - CE6857F-48S6CQ
2023-08-04 02:01:49,625 - INFO -  Huawei CE6857F-48S6CQ
2023-08-04 02:01:49,625 - INFO - CE6857F-48S6CQ
2023-08-04 02:01:49,625 - INFO - {'data_center': '亦庄', 'block': '8', 'cabinet': 'G07', 'start_u': '37U', 'network_area': '测试环境', 'device_type': '交换机'}
2023-08-04 02:01:49,626 - INFO - {'data_center': '亦庄', 'block': '8', 'cabinet': 'G07', 'start_u': '37U', 'network_area': '测试环境', 'device_type': '交换机'}
2023-08-04 02:01:49,626 - INFO - {'data_center': '亦庄', 'block': '8', 'cabinet': 'G07', 'start_u': '37U', 'network_area': '测试环境', 'device_type': '交换机'}
2023-08-04 02:01:49,626 - INFO - {'data_center': '亦庄', 'block': '8', 'cabinet': 'G07', 'start_u': '37U', 'network_area': '测试环境', 'device_type': '交换机'}
2023-08-04 02:01:49,626 - INFO - {'data_center': '亦庄', 'block': '8', 'cabinet': 'G07', 'start_u': '37U', 'network_area': '测试环境', 'device_type': '交换机'}
2023-08-04 02:01:49,626 - INFO - {'data_center': '亦庄', 'block': '8', 'cabinet': 'G07', 'start_u': '37U', 'network_area': '测试环境', 'device_type': '交换机'}
2023-08-04 02:01:49,636 - INFO -  Huawei CE6857F-48S6CQ
2023-08-04 02:01:49,636 - INFO - CE6857F-48S6CQ
2023-08-04 02:01:49,636 - INFO - {'data_center': '亦庄', 'block': '8', 'cabinet': 'G07', 'start_u': '37U', 'network_area': '测试环境', 'device_type': '交换机'}
2023-08-04 02:01:51,347 - INFO - <class 'dict'>
2023-08-04 02:01:51,347 - INFO - HUAWEI CE6855-48S6Q-HI
2023-08-04 02:01:51,347 - INFO - CE6855-48S6Q-HI
2023-08-04 02:01:51,348 - INFO - HUAWEI CE6855-48S6Q-HI
2023-08-04 02:01:51,348 - INFO - CE6855-48S6Q-HI
2023-08-04 02:01:51,348 - INFO - {'data_center': '亦庄', 'block': '8', 'cabinet': 'G15', 'start_u': '26U', 'network_area': '测试环境', 'device_type': '交换机'}
2023-08-04 02:01:51,348 - INFO - {'data_center': '亦庄', 'block': '8', 'cabinet': 'G15', 'start_u': '26U', 'network_area': '测试环境', 'device_type': '交换机'}
2023-08-04 02:01:51,348 - INFO - {'data_center': '亦庄', 'block': '8', 'cabinet': 'G15', 'start_u': '26U', 'network_area': '测试环境', 'device_type': '交换机'}
2023-08-04 02:01:51,348 - INFO - {'data_center': '亦庄', 'block': '8', 'cabinet': 'G15', 'start_u': '26U', 'network_area': '测试环境', 'device_type': '交换机'}
2023-08-04 02:01:51,348 - INFO - {'data_center': '亦庄', 'block': '8', 'cabinet': 'G15', 'start_u': '26U', 'network_area': '测试环境', 'device_type': '交换机'}
2023-08-04 02:01:51,348 - INFO - {'data_center': '亦庄', 'block': '8', 'cabinet': 'G15', 'start_u': '26U', 'network_area': '测试环境', 'device_type': '交换机'}
2023-08-04 02:01:51,358 - INFO - HUAWEI CE6855-48S6Q-HI
2023-08-04 02:01:51,358 - INFO - CE6855-48S6Q-HI
2023-08-04 02:01:51,358 - INFO - {'data_center': '亦庄', 'block': '8', 'cabinet': 'G15', 'start_u': '26U', 'network_area': '测试环境', 'device_type': '交换机'}
2023-08-04 02:01:53,609 - INFO - <class 'dict'>
2023-08-04 02:01:53,609 - INFO - HUAWEI CE6855-48S6Q-HI
2023-08-04 02:01:53,609 - INFO - CE6855-48S6Q-HI
2023-08-04 02:01:53,609 - INFO - HUAWEI CE6855-48S6Q-HI
2023-08-04 02:01:53,609 - INFO - CE6855-48S6Q-HI
2023-08-04 02:01:53,609 - INFO - {'data_center': '亦庄', 'block': '8', 'cabinet': 'G12', 'start_u': '35U', 'network_area': '测试环境', 'device_type': '交换机'}
2023-08-04 02:01:53,610 - INFO - {'data_center': '亦庄', 'block': '8', 'cabinet': 'G12', 'start_u': '35U', 'network_area': '测试环境', 'device_type': '交换机'}
2023-08-04 02:01:53,610 - INFO - {'data_center': '亦庄', 'block': '8', 'cabinet': 'G12', 'start_u': '35U', 'network_area': '测试环境', 'device_type': '交换机'}
2023-08-04 02:01:53,610 - INFO - {'data_center': '亦庄', 'block': '8', 'cabinet': 'G12', 'start_u': '35U', 'network_area': '测试环境', 'device_type': '交换机'}
2023-08-04 02:01:53,610 - INFO - {'data_center': '亦庄', 'block': '8', 'cabinet': 'G12', 'start_u': '35U', 'network_area': '测试环境', 'device_type': '交换机'}
2023-08-04 02:01:53,610 - INFO - {'data_center': '亦庄', 'block': '8', 'cabinet': 'G12', 'start_u': '35U', 'network_area': '测试环境', 'device_type': '交换机'}
2023-08-04 02:01:53,620 - INFO - HUAWEI CE6855-48S6Q-HI
2023-08-04 02:01:53,620 - INFO - CE6855-48S6Q-HI
2023-08-04 02:01:53,620 - INFO - {'data_center': '亦庄', 'block': '8', 'cabinet': 'G12', 'start_u': '35U', 'network_area': '测试环境', 'device_type': '交换机'}
2023-08-04 02:01:55,941 - INFO - <class 'dict'>
2023-08-04 02:01:55,941 - INFO - HUAWEI CE6855-48S6Q-HI
2023-08-04 02:01:55,941 - INFO - CE6855-48S6Q-HI
2023-08-04 02:01:55,941 - INFO - HUAWEI CE6855-48S6Q-HI
2023-08-04 02:01:55,941 - INFO - CE6855-48S6Q-HI
2023-08-04 02:01:55,942 - INFO - {'data_center': '亦庄', 'block': '8', 'cabinet': 'G13', 'start_u': '35U', 'network_area': '测试环境', 'device_type': '交换机'}
2023-08-04 02:01:55,942 - INFO - {'data_center': '亦庄', 'block': '8', 'cabinet': 'G13', 'start_u': '35U', 'network_area': '测试环境', 'device_type': '交换机'}
2023-08-04 02:01:55,942 - INFO - {'data_center': '亦庄', 'block': '8', 'cabinet': 'G13', 'start_u': '35U', 'network_area': '测试环境', 'device_type': '交换机'}
2023-08-04 02:01:55,942 - INFO - {'data_center': '亦庄', 'block': '8', 'cabinet': 'G13', 'start_u': '35U', 'network_area': '测试环境', 'device_type': '交换机'}
2023-08-04 02:01:55,942 - INFO - {'data_center': '亦庄', 'block': '8', 'cabinet': 'G13', 'start_u': '35U', 'network_area': '测试环境', 'device_type': '交换机'}
2023-08-04 02:01:55,942 - INFO - {'data_center': '亦庄', 'block': '8', 'cabinet': 'G13', 'start_u': '35U', 'network_area': '测试环境', 'device_type': '交换机'}
2023-08-04 02:01:55,952 - INFO - HUAWEI CE6855-48S6Q-HI
2023-08-04 02:01:55,952 - INFO - CE6855-48S6Q-HI
2023-08-04 02:01:55,952 - INFO - {'data_center': '亦庄', 'block': '8', 'cabinet': 'G13', 'start_u': '35U', 'network_area': '测试环境', 'device_type': '交换机'}
2023-08-04 02:03:32,124 - INFO - <class 'dict'>
2023-08-04 02:03:32,124 - INFO -  Huawei CE6857F-48S6CQ
2023-08-04 02:03:32,124 - INFO - CE6857F-48S6CQ
2023-08-04 02:03:32,124 - INFO -  Huawei CE6857F-48S6CQ
2023-08-04 02:03:32,124 - INFO - CE6857F-48S6CQ
2023-08-04 02:03:32,124 - INFO - {'data_center': '亦庄', 'block': '8', 'cabinet': 'G07', 'start_u': '39U', 'network_area': '测试环境', 'device_type': '交换机'}
2023-08-04 02:03:32,124 - INFO - {'data_center': '亦庄', 'block': '8', 'cabinet': 'G07', 'start_u': '39U', 'network_area': '测试环境', 'device_type': '交换机'}
2023-08-04 02:03:32,124 - INFO - {'data_center': '亦庄', 'block': '8', 'cabinet': 'G07', 'start_u': '39U', 'network_area': '测试环境', 'device_type': '交换机'}
2023-08-04 02:03:32,124 - INFO - {'data_center': '亦庄', 'block': '8', 'cabinet': 'G07', 'start_u': '39U', 'network_area': '测试环境', 'device_type': '交换机'}
2023-08-04 02:03:32,124 - INFO - {'data_center': '亦庄', 'block': '8', 'cabinet': 'G07', 'start_u': '39U', 'network_area': '测试环境', 'device_type': '交换机'}
2023-08-04 02:03:32,125 - INFO - {'data_center': '亦庄', 'block': '8', 'cabinet': 'G07', 'start_u': '39U', 'network_area': '测试环境', 'device_type': '交换机'}
2023-08-04 02:03:32,134 - INFO -  Huawei CE6857F-48S6CQ
2023-08-04 02:03:32,134 - INFO - CE6857F-48S6CQ
2023-08-04 02:03:32,135 - INFO - {'data_center': '亦庄', 'block': '8', 'cabinet': 'G07', 'start_u': '39U', 'network_area': '测试环境', 'device_type': '交换机'}
2023-08-04 02:03:34,079 - INFO - <class 'dict'>
2023-08-04 02:03:34,079 - INFO -  Huawei CE6857F-48S6CQ
2023-08-04 02:03:34,079 - INFO - CE6857F-48S6CQ
2023-08-04 02:03:34,079 - INFO -  Huawei CE6857F-48S6CQ
2023-08-04 02:03:34,079 - INFO - CE6857F-48S6CQ
2023-08-04 02:03:34,080 - INFO - {'data_center': '亦庄', 'block': '8', 'cabinet': 'G07', 'start_u': '37U', 'network_area': '测试环境', 'device_type': '交换机'}
2023-08-04 02:03:34,080 - INFO - {'data_center': '亦庄', 'block': '8', 'cabinet': 'G07', 'start_u': '37U', 'network_area': '测试环境', 'device_type': '交换机'}
2023-08-04 02:03:34,080 - INFO - {'data_center': '亦庄', 'block': '8', 'cabinet': 'G07', 'start_u': '37U', 'network_area': '测试环境', 'device_type': '交换机'}
2023-08-04 02:03:34,080 - INFO - {'data_center': '亦庄', 'block': '8', 'cabinet': 'G07', 'start_u': '37U', 'network_area': '测试环境', 'device_type': '交换机'}
2023-08-04 02:03:34,080 - INFO - {'data_center': '亦庄', 'block': '8', 'cabinet': 'G07', 'start_u': '37U', 'network_area': '测试环境', 'device_type': '交换机'}
2023-08-04 02:03:34,080 - INFO - {'data_center': '亦庄', 'block': '8', 'cabinet': 'G07', 'start_u': '37U', 'network_area': '测试环境', 'device_type': '交换机'}
2023-08-04 02:03:34,089 - INFO -  Huawei CE6857F-48S6CQ
2023-08-04 02:03:34,089 - INFO - CE6857F-48S6CQ
2023-08-04 02:03:34,089 - INFO - {'data_center': '亦庄', 'block': '8', 'cabinet': 'G07', 'start_u': '37U', 'network_area': '测试环境', 'device_type': '交换机'}
2023-08-04 02:03:35,839 - INFO - <class 'dict'>
2023-08-04 02:03:35,839 - INFO - HUAWEI CE6855-48S6Q-HI
2023-08-04 02:03:35,839 - INFO - CE6855-48S6Q-HI
2023-08-04 02:03:35,839 - INFO - HUAWEI CE6855-48S6Q-HI
2023-08-04 02:03:35,839 - INFO - CE6855-48S6Q-HI
2023-08-04 02:03:35,840 - INFO - {'data_center': '亦庄', 'block': '8', 'cabinet': 'G15', 'start_u': '26U', 'network_area': '测试环境', 'device_type': '交换机'}
2023-08-04 02:03:35,840 - INFO - {'data_center': '亦庄', 'block': '8', 'cabinet': 'G15', 'start_u': '26U', 'network_area': '测试环境', 'device_type': '交换机'}
2023-08-04 02:03:35,840 - INFO - {'data_center': '亦庄', 'block': '8', 'cabinet': 'G15', 'start_u': '26U', 'network_area': '测试环境', 'device_type': '交换机'}
2023-08-04 02:03:35,840 - INFO - {'data_center': '亦庄', 'block': '8', 'cabinet': 'G15', 'start_u': '26U', 'network_area': '测试环境', 'device_type': '交换机'}
2023-08-04 02:03:35,840 - INFO - {'data_center': '亦庄', 'block': '8', 'cabinet': 'G15', 'start_u': '26U', 'network_area': '测试环境', 'device_type': '交换机'}
2023-08-04 02:03:35,840 - INFO - {'data_center': '亦庄', 'block': '8', 'cabinet': 'G15', 'start_u': '26U', 'network_area': '测试环境', 'device_type': '交换机'}
2023-08-04 02:03:35,850 - INFO - HUAWEI CE6855-48S6Q-HI
2023-08-04 02:03:35,850 - INFO - CE6855-48S6Q-HI
2023-08-04 02:03:35,850 - INFO - {'data_center': '亦庄', 'block': '8', 'cabinet': 'G15', 'start_u': '26U', 'network_area': '测试环境', 'device_type': '交换机'}
2023-08-04 02:03:38,095 - INFO - <class 'dict'>
2023-08-04 02:03:38,095 - INFO - HUAWEI CE6855-48S6Q-HI
2023-08-04 02:03:38,095 - INFO - CE6855-48S6Q-HI
2023-08-04 02:03:38,095 - INFO - HUAWEI CE6855-48S6Q-HI
2023-08-04 02:03:38,095 - INFO - CE6855-48S6Q-HI
2023-08-04 02:03:38,095 - INFO - {'data_center': '亦庄', 'block': '8', 'cabinet': 'G12', 'start_u': '35U', 'network_area': '测试环境', 'device_type': '交换机'}
2023-08-04 02:03:38,095 - INFO - {'data_center': '亦庄', 'block': '8', 'cabinet': 'G12', 'start_u': '35U', 'network_area': '测试环境', 'device_type': '交换机'}
2023-08-04 02:03:38,095 - INFO - {'data_center': '亦庄', 'block': '8', 'cabinet': 'G12', 'start_u': '35U', 'network_area': '测试环境', 'device_type': '交换机'}
2023-08-04 02:03:38,095 - INFO - {'data_center': '亦庄', 'block': '8', 'cabinet': 'G12', 'start_u': '35U', 'network_area': '测试环境', 'device_type': '交换机'}
2023-08-04 02:03:38,095 - INFO - {'data_center': '亦庄', 'block': '8', 'cabinet': 'G12', 'start_u': '35U', 'network_area': '测试环境', 'device_type': '交换机'}
2023-08-04 02:03:38,095 - INFO - {'data_center': '亦庄', 'block': '8', 'cabinet': 'G12', 'start_u': '35U', 'network_area': '测试环境', 'device_type': '交换机'}
2023-08-04 02:03:38,106 - INFO - HUAWEI CE6855-48S6Q-HI
2023-08-04 02:03:38,106 - INFO - CE6855-48S6Q-HI
2023-08-04 02:03:38,106 - INFO - {'data_center': '亦庄', 'block': '8', 'cabinet': 'G12', 'start_u': '35U', 'network_area': '测试环境', 'device_type': '交换机'}
2023-08-04 02:03:40,336 - INFO - <class 'dict'>
2023-08-04 02:03:40,336 - INFO - HUAWEI CE6855-48S6Q-HI
2023-08-04 02:03:40,336 - INFO - CE6855-48S6Q-HI
2023-08-04 02:03:40,336 - INFO - HUAWEI CE6855-48S6Q-HI
2023-08-04 02:03:40,336 - INFO - CE6855-48S6Q-HI
2023-08-04 02:03:40,337 - INFO - {'data_center': '亦庄', 'block': '8', 'cabinet': 'G13', 'start_u': '35U', 'network_area': '测试环境', 'device_type': '交换机'}
2023-08-04 02:03:40,337 - INFO - {'data_center': '亦庄', 'block': '8', 'cabinet': 'G13', 'start_u': '35U', 'network_area': '测试环境', 'device_type': '交换机'}
2023-08-04 02:03:40,337 - INFO - {'data_center': '亦庄', 'block': '8', 'cabinet': 'G13', 'start_u': '35U', 'network_area': '测试环境', 'device_type': '交换机'}
2023-08-04 02:03:40,337 - INFO - {'data_center': '亦庄', 'block': '8', 'cabinet': 'G13', 'start_u': '35U', 'network_area': '测试环境', 'device_type': '交换机'}
2023-08-04 02:03:40,337 - INFO - {'data_center': '亦庄', 'block': '8', 'cabinet': 'G13', 'start_u': '35U', 'network_area': '测试环境', 'device_type': '交换机'}
2023-08-04 02:03:40,337 - INFO - {'data_center': '亦庄', 'block': '8', 'cabinet': 'G13', 'start_u': '35U', 'network_area': '测试环境', 'device_type': '交换机'}
2023-08-04 02:03:40,347 - INFO - HUAWEI CE6855-48S6Q-HI
2023-08-04 02:03:40,347 - INFO - CE6855-48S6Q-HI
2023-08-04 02:03:40,347 - INFO - {'data_center': '亦庄', 'block': '8', 'cabinet': 'G13', 'start_u': '35U', 'network_area': '测试环境', 'device_type': '交换机'}
2023-08-04 02:06:40,801 - INFO - <class 'dict'>
2023-08-04 02:06:40,801 - INFO -  Huawei CE6857F-48S6CQ
2023-08-04 02:06:40,802 - INFO - CE6857F-48S6CQ
2023-08-04 02:06:40,802 - INFO -  Huawei CE6857F-48S6CQ
2023-08-04 02:06:40,802 - INFO - CE6857F-48S6CQ
2023-08-04 02:06:40,802 - INFO - {'data_center': '亦庄', 'block': '8', 'cabinet': 'G07', 'start_u': '39U', 'network_area': '测试环境', 'device_type': '交换机'}
2023-08-04 02:06:40,802 - INFO - {'data_center': '亦庄', 'block': '8', 'cabinet': 'G07', 'start_u': '39U', 'network_area': '测试环境', 'device_type': '交换机'}
2023-08-04 02:06:40,802 - INFO - {'data_center': '亦庄', 'block': '8', 'cabinet': 'G07', 'start_u': '39U', 'network_area': '测试环境', 'device_type': '交换机'}
2023-08-04 02:06:40,802 - INFO - {'data_center': '亦庄', 'block': '8', 'cabinet': 'G07', 'start_u': '39U', 'network_area': '测试环境', 'device_type': '交换机'}
2023-08-04 02:06:40,802 - INFO - {'data_center': '亦庄', 'block': '8', 'cabinet': 'G07', 'start_u': '39U', 'network_area': '测试环境', 'device_type': '交换机'}
2023-08-04 02:06:40,802 - INFO - {'data_center': '亦庄', 'block': '8', 'cabinet': 'G07', 'start_u': '39U', 'network_area': '测试环境', 'device_type': '交换机'}
2023-08-04 02:06:42,792 - INFO - <class 'dict'>
2023-08-04 02:06:42,792 - INFO -  Huawei CE6857F-48S6CQ
2023-08-04 02:06:42,793 - INFO - CE6857F-48S6CQ
2023-08-04 02:06:42,793 - INFO -  Huawei CE6857F-48S6CQ
2023-08-04 02:06:42,793 - INFO - CE6857F-48S6CQ
2023-08-04 02:06:42,793 - INFO - {'data_center': '亦庄', 'block': '8', 'cabinet': 'G07', 'start_u': '37U', 'network_area': '测试环境', 'device_type': '交换机'}
2023-08-04 02:06:42,793 - INFO - {'data_center': '亦庄', 'block': '8', 'cabinet': 'G07', 'start_u': '37U', 'network_area': '测试环境', 'device_type': '交换机'}
2023-08-04 02:06:42,793 - INFO - {'data_center': '亦庄', 'block': '8', 'cabinet': 'G07', 'start_u': '37U', 'network_area': '测试环境', 'device_type': '交换机'}
2023-08-04 02:06:42,793 - INFO - {'data_center': '亦庄', 'block': '8', 'cabinet': 'G07', 'start_u': '37U', 'network_area': '测试环境', 'device_type': '交换机'}
2023-08-04 02:06:42,793 - INFO - {'data_center': '亦庄', 'block': '8', 'cabinet': 'G07', 'start_u': '37U', 'network_area': '测试环境', 'device_type': '交换机'}
2023-08-04 02:06:42,793 - INFO - {'data_center': '亦庄', 'block': '8', 'cabinet': 'G07', 'start_u': '37U', 'network_area': '测试环境', 'device_type': '交换机'}
2023-08-04 02:06:44,584 - INFO - <class 'dict'>
2023-08-04 02:06:44,584 - INFO - HUAWEI CE6855-48S6Q-HI
2023-08-04 02:06:44,584 - INFO - CE6855-48S6Q-HI
2023-08-04 02:06:44,584 - INFO - HUAWEI CE6855-48S6Q-HI
2023-08-04 02:06:44,584 - INFO - CE6855-48S6Q-HI
2023-08-04 02:06:44,584 - INFO - {'data_center': '亦庄', 'block': '8', 'cabinet': 'G15', 'start_u': '26U', 'network_area': '测试环境', 'device_type': '交换机'}
2023-08-04 02:06:44,584 - INFO - {'data_center': '亦庄', 'block': '8', 'cabinet': 'G15', 'start_u': '26U', 'network_area': '测试环境', 'device_type': '交换机'}
2023-08-04 02:06:44,584 - INFO - {'data_center': '亦庄', 'block': '8', 'cabinet': 'G15', 'start_u': '26U', 'network_area': '测试环境', 'device_type': '交换机'}
2023-08-04 02:06:44,584 - INFO - {'data_center': '亦庄', 'block': '8', 'cabinet': 'G15', 'start_u': '26U', 'network_area': '测试环境', 'device_type': '交换机'}
2023-08-04 02:06:44,584 - INFO - {'data_center': '亦庄', 'block': '8', 'cabinet': 'G15', 'start_u': '26U', 'network_area': '测试环境', 'device_type': '交换机'}
2023-08-04 02:06:44,585 - INFO - {'data_center': '亦庄', 'block': '8', 'cabinet': 'G15', 'start_u': '26U', 'network_area': '测试环境', 'device_type': '交换机'}
2023-08-04 02:06:46,734 - INFO - <class 'dict'>
2023-08-04 02:06:46,734 - INFO - HUAWEI CE6855-48S6Q-HI
2023-08-04 02:06:46,734 - INFO - CE6855-48S6Q-HI
2023-08-04 02:06:46,734 - INFO - HUAWEI CE6855-48S6Q-HI
2023-08-04 02:06:46,735 - INFO - CE6855-48S6Q-HI
2023-08-04 02:06:46,735 - INFO - {'data_center': '亦庄', 'block': '8', 'cabinet': 'G12', 'start_u': '35U', 'network_area': '测试环境', 'device_type': '交换机'}
2023-08-04 02:06:46,735 - INFO - {'data_center': '亦庄', 'block': '8', 'cabinet': 'G12', 'start_u': '35U', 'network_area': '测试环境', 'device_type': '交换机'}
2023-08-04 02:06:46,735 - INFO - {'data_center': '亦庄', 'block': '8', 'cabinet': 'G12', 'start_u': '35U', 'network_area': '测试环境', 'device_type': '交换机'}
2023-08-04 02:06:46,735 - INFO - {'data_center': '亦庄', 'block': '8', 'cabinet': 'G12', 'start_u': '35U', 'network_area': '测试环境', 'device_type': '交换机'}
2023-08-04 02:06:46,735 - INFO - {'data_center': '亦庄', 'block': '8', 'cabinet': 'G12', 'start_u': '35U', 'network_area': '测试环境', 'device_type': '交换机'}
2023-08-04 02:06:46,735 - INFO - {'data_center': '亦庄', 'block': '8', 'cabinet': 'G12', 'start_u': '35U', 'network_area': '测试环境', 'device_type': '交换机'}
2023-08-04 02:06:49,012 - INFO - <class 'dict'>
2023-08-04 02:06:49,012 - INFO - HUAWEI CE6855-48S6Q-HI
2023-08-04 02:06:49,012 - INFO - CE6855-48S6Q-HI
2023-08-04 02:06:49,012 - INFO - HUAWEI CE6855-48S6Q-HI
2023-08-04 02:06:49,013 - INFO - CE6855-48S6Q-HI
2023-08-04 02:06:49,013 - INFO - {'data_center': '亦庄', 'block': '8', 'cabinet': 'G13', 'start_u': '35U', 'network_area': '测试环境', 'device_type': '交换机'}
2023-08-04 02:06:49,013 - INFO - {'data_center': '亦庄', 'block': '8', 'cabinet': 'G13', 'start_u': '35U', 'network_area': '测试环境', 'device_type': '交换机'}
2023-08-04 02:06:49,013 - INFO - {'data_center': '亦庄', 'block': '8', 'cabinet': 'G13', 'start_u': '35U', 'network_area': '测试环境', 'device_type': '交换机'}
2023-08-04 02:06:49,013 - INFO - {'data_center': '亦庄', 'block': '8', 'cabinet': 'G13', 'start_u': '35U', 'network_area': '测试环境', 'device_type': '交换机'}
2023-08-04 02:06:49,013 - INFO - {'data_center': '亦庄', 'block': '8', 'cabinet': 'G13', 'start_u': '35U', 'network_area': '测试环境', 'device_type': '交换机'}
2023-08-04 02:06:49,013 - INFO - {'data_center': '亦庄', 'block': '8', 'cabinet': 'G13', 'start_u': '35U', 'network_area': '测试环境', 'device_type': '交换机'}
2023-08-04 02:10:12,594 - INFO - <class 'dict'>
2023-08-04 02:10:12,594 - INFO -  Huawei CE6857F-48S6CQ
2023-08-04 02:10:12,594 - INFO - CE6857F-48S6CQ
2023-08-04 02:10:12,594 - INFO -  Huawei CE6857F-48S6CQ
2023-08-04 02:10:12,594 - INFO - CE6857F-48S6CQ
2023-08-04 02:10:12,594 - INFO - {'data_center': '亦庄', 'block': '8', 'cabinet': 'G07', 'start_u': '39U', 'network_area': '测试环境', 'device_type': '交换机'}
2023-08-04 02:10:12,594 - INFO - {'data_center': '亦庄', 'block': '8', 'cabinet': 'G07', 'start_u': '39U', 'network_area': '测试环境', 'device_type': '交换机'}
2023-08-04 02:10:12,594 - INFO - {'data_center': '亦庄', 'block': '8', 'cabinet': 'G07', 'start_u': '39U', 'network_area': '测试环境', 'device_type': '交换机'}
2023-08-04 02:10:12,594 - INFO - {'data_center': '亦庄', 'block': '8', 'cabinet': 'G07', 'start_u': '39U', 'network_area': '测试环境', 'device_type': '交换机'}
2023-08-04 02:10:12,594 - INFO - {'data_center': '亦庄', 'block': '8', 'cabinet': 'G07', 'start_u': '39U', 'network_area': '测试环境', 'device_type': '交换机'}
2023-08-04 02:10:12,594 - INFO - {'data_center': '亦庄', 'block': '8', 'cabinet': 'G07', 'start_u': '39U', 'network_area': '测试环境', 'device_type': '交换机'}
2023-08-04 02:10:12,605 - INFO -  Huawei CE6857F-48S6CQ
2023-08-04 02:10:12,605 - INFO - CE6857F-48S6CQ
2023-08-04 02:10:12,605 - INFO - {'data_center': '亦庄', 'block': '8', 'cabinet': 'G07', 'start_u': '39U', 'network_area': '测试环境', 'device_type': '交换机'}
2023-08-04 02:10:14,690 - INFO - <class 'dict'>
2023-08-04 02:10:14,690 - INFO -  Huawei CE6857F-48S6CQ
2023-08-04 02:10:14,691 - INFO - CE6857F-48S6CQ
2023-08-04 02:10:14,691 - INFO -  Huawei CE6857F-48S6CQ
2023-08-04 02:10:14,691 - INFO - CE6857F-48S6CQ
2023-08-04 02:10:14,691 - INFO - {'data_center': '亦庄', 'block': '8', 'cabinet': 'G07', 'start_u': '37U', 'network_area': '测试环境', 'device_type': '交换机'}
2023-08-04 02:10:14,691 - INFO - {'data_center': '亦庄', 'block': '8', 'cabinet': 'G07', 'start_u': '37U', 'network_area': '测试环境', 'device_type': '交换机'}
2023-08-04 02:10:14,691 - INFO - {'data_center': '亦庄', 'block': '8', 'cabinet': 'G07', 'start_u': '37U', 'network_area': '测试环境', 'device_type': '交换机'}
2023-08-04 02:10:14,691 - INFO - {'data_center': '亦庄', 'block': '8', 'cabinet': 'G07', 'start_u': '37U', 'network_area': '测试环境', 'device_type': '交换机'}
2023-08-04 02:10:14,691 - INFO - {'data_center': '亦庄', 'block': '8', 'cabinet': 'G07', 'start_u': '37U', 'network_area': '测试环境', 'device_type': '交换机'}
2023-08-04 02:10:14,691 - INFO - {'data_center': '亦庄', 'block': '8', 'cabinet': 'G07', 'start_u': '37U', 'network_area': '测试环境', 'device_type': '交换机'}
2023-08-04 02:10:14,701 - INFO -  Huawei CE6857F-48S6CQ
2023-08-04 02:10:14,701 - INFO - CE6857F-48S6CQ
2023-08-04 02:10:14,701 - INFO - {'data_center': '亦庄', 'block': '8', 'cabinet': 'G07', 'start_u': '37U', 'network_area': '测试环境', 'device_type': '交换机'}
2023-08-04 02:10:16,762 - INFO - <class 'dict'>
2023-08-04 02:10:16,762 - INFO - HUAWEI CE6855-48S6Q-HI
2023-08-04 02:10:16,762 - INFO - CE6855-48S6Q-HI
2023-08-04 02:10:16,762 - INFO - HUAWEI CE6855-48S6Q-HI
2023-08-04 02:10:16,763 - INFO - CE6855-48S6Q-HI
2023-08-04 02:10:16,763 - INFO - {'data_center': '亦庄', 'block': '8', 'cabinet': 'G15', 'start_u': '26U', 'network_area': '测试环境', 'device_type': '交换机'}
2023-08-04 02:10:16,763 - INFO - {'data_center': '亦庄', 'block': '8', 'cabinet': 'G15', 'start_u': '26U', 'network_area': '测试环境', 'device_type': '交换机'}
2023-08-04 02:10:16,763 - INFO - {'data_center': '亦庄', 'block': '8', 'cabinet': 'G15', 'start_u': '26U', 'network_area': '测试环境', 'device_type': '交换机'}
2023-08-04 02:10:16,763 - INFO - {'data_center': '亦庄', 'block': '8', 'cabinet': 'G15', 'start_u': '26U', 'network_area': '测试环境', 'device_type': '交换机'}
2023-08-04 02:10:16,763 - INFO - {'data_center': '亦庄', 'block': '8', 'cabinet': 'G15', 'start_u': '26U', 'network_area': '测试环境', 'device_type': '交换机'}
2023-08-04 02:10:16,763 - INFO - {'data_center': '亦庄', 'block': '8', 'cabinet': 'G15', 'start_u': '26U', 'network_area': '测试环境', 'device_type': '交换机'}
2023-08-04 02:10:16,773 - INFO - HUAWEI CE6855-48S6Q-HI
2023-08-04 02:10:16,773 - INFO - CE6855-48S6Q-HI
2023-08-04 02:10:16,773 - INFO - {'data_center': '亦庄', 'block': '8', 'cabinet': 'G15', 'start_u': '26U', 'network_area': '测试环境', 'device_type': '交换机'}
2023-08-04 02:10:19,191 - INFO - <class 'dict'>
2023-08-04 02:10:19,191 - INFO - HUAWEI CE6855-48S6Q-HI
2023-08-04 02:10:19,192 - INFO - CE6855-48S6Q-HI
2023-08-04 02:10:19,192 - INFO - HUAWEI CE6855-48S6Q-HI
2023-08-04 02:10:19,192 - INFO - CE6855-48S6Q-HI
2023-08-04 02:10:19,192 - INFO - {'data_center': '亦庄', 'block': '8', 'cabinet': 'G12', 'start_u': '35U', 'network_area': '测试环境', 'device_type': '交换机'}
2023-08-04 02:10:19,192 - INFO - {'data_center': '亦庄', 'block': '8', 'cabinet': 'G12', 'start_u': '35U', 'network_area': '测试环境', 'device_type': '交换机'}
2023-08-04 02:10:19,192 - INFO - {'data_center': '亦庄', 'block': '8', 'cabinet': 'G12', 'start_u': '35U', 'network_area': '测试环境', 'device_type': '交换机'}
2023-08-04 02:10:19,192 - INFO - {'data_center': '亦庄', 'block': '8', 'cabinet': 'G12', 'start_u': '35U', 'network_area': '测试环境', 'device_type': '交换机'}
2023-08-04 02:10:19,192 - INFO - {'data_center': '亦庄', 'block': '8', 'cabinet': 'G12', 'start_u': '35U', 'network_area': '测试环境', 'device_type': '交换机'}
2023-08-04 02:10:19,192 - INFO - {'data_center': '亦庄', 'block': '8', 'cabinet': 'G12', 'start_u': '35U', 'network_area': '测试环境', 'device_type': '交换机'}
2023-08-04 02:10:19,203 - INFO - HUAWEI CE6855-48S6Q-HI
2023-08-04 02:10:19,203 - INFO - CE6855-48S6Q-HI
2023-08-04 02:10:19,203 - INFO - {'data_center': '亦庄', 'block': '8', 'cabinet': 'G12', 'start_u': '35U', 'network_area': '测试环境', 'device_type': '交换机'}
2023-08-04 02:10:21,329 - INFO - <class 'dict'>
2023-08-04 02:10:21,329 - INFO - HUAWEI CE6855-48S6Q-HI
2023-08-04 02:10:21,329 - INFO - CE6855-48S6Q-HI
2023-08-04 02:10:21,329 - INFO - HUAWEI CE6855-48S6Q-HI
2023-08-04 02:10:21,330 - INFO - CE6855-48S6Q-HI
2023-08-04 02:10:21,330 - INFO - {'data_center': '亦庄', 'block': '8', 'cabinet': 'G13', 'start_u': '35U', 'network_area': '测试环境', 'device_type': '交换机'}
2023-08-04 02:10:21,330 - INFO - {'data_center': '亦庄', 'block': '8', 'cabinet': 'G13', 'start_u': '35U', 'network_area': '测试环境', 'device_type': '交换机'}
2023-08-04 02:10:21,330 - INFO - {'data_center': '亦庄', 'block': '8', 'cabinet': 'G13', 'start_u': '35U', 'network_area': '测试环境', 'device_type': '交换机'}
2023-08-04 02:10:21,330 - INFO - {'data_center': '亦庄', 'block': '8', 'cabinet': 'G13', 'start_u': '35U', 'network_area': '测试环境', 'device_type': '交换机'}
2023-08-04 02:10:21,330 - INFO - {'data_center': '亦庄', 'block': '8', 'cabinet': 'G13', 'start_u': '35U', 'network_area': '测试环境', 'device_type': '交换机'}
2023-08-04 02:10:21,330 - INFO - {'data_center': '亦庄', 'block': '8', 'cabinet': 'G13', 'start_u': '35U', 'network_area': '测试环境', 'device_type': '交换机'}
2023-08-04 02:10:21,339 - INFO - HUAWEI CE6855-48S6Q-HI
2023-08-04 02:10:21,339 - INFO - CE6855-48S6Q-HI
2023-08-04 02:10:21,339 - INFO - {'data_center': '亦庄', 'block': '8', 'cabinet': 'G13', 'start_u': '35U', 'network_area': '测试环境', 'device_type': '交换机'}
2023-08-04 02:11:11,250 - INFO - <class 'dict'>
2023-08-04 02:11:11,250 - INFO -  Huawei CE6857F-48S6CQ
2023-08-04 02:11:11,250 - INFO - CE6857F-48S6CQ
2023-08-04 02:11:11,250 - INFO -  Huawei CE6857F-48S6CQ
2023-08-04 02:11:11,250 - INFO - CE6857F-48S6CQ
2023-08-04 02:11:11,251 - INFO - {'data_center': '亦庄', 'block': '8', 'cabinet': 'G07', 'start_u': '39U', 'network_area': '测试环境', 'device_type': '交换机'}
2023-08-04 02:11:11,251 - INFO - {'data_center': '亦庄', 'block': '8', 'cabinet': 'G07', 'start_u': '39U', 'network_area': '测试环境', 'device_type': '交换机'}
2023-08-04 02:11:11,251 - INFO - {'data_center': '亦庄', 'block': '8', 'cabinet': 'G07', 'start_u': '39U', 'network_area': '测试环境', 'device_type': '交换机'}
2023-08-04 02:11:11,251 - INFO - {'data_center': '亦庄', 'block': '8', 'cabinet': 'G07', 'start_u': '39U', 'network_area': '测试环境', 'device_type': '交换机'}
2023-08-04 02:11:11,251 - INFO - {'data_center': '亦庄', 'block': '8', 'cabinet': 'G07', 'start_u': '39U', 'network_area': '测试环境', 'device_type': '交换机'}
2023-08-04 02:11:11,251 - INFO - {'data_center': '亦庄', 'block': '8', 'cabinet': 'G07', 'start_u': '39U', 'network_area': '测试环境', 'device_type': '交换机'}
2023-08-04 02:11:11,261 - INFO -  Huawei CE6857F-48S6CQ
2023-08-04 02:11:11,261 - INFO - CE6857F-48S6CQ
2023-08-04 02:11:11,261 - INFO - {'data_center': '亦庄', 'block': '8', 'cabinet': 'G07', 'start_u': '39U', 'network_area': '测试环境', 'device_type': '交换机'}
2023-08-04 02:11:13,323 - INFO - <class 'dict'>
2023-08-04 02:11:13,323 - INFO -  Huawei CE6857F-48S6CQ
2023-08-04 02:11:13,324 - INFO - CE6857F-48S6CQ
2023-08-04 02:11:13,324 - INFO -  Huawei CE6857F-48S6CQ
2023-08-04 02:11:13,324 - INFO - CE6857F-48S6CQ
2023-08-04 02:11:13,324 - INFO - {'data_center': '亦庄', 'block': '8', 'cabinet': 'G07', 'start_u': '37U', 'network_area': '测试环境', 'device_type': '交换机'}
2023-08-04 02:11:13,324 - INFO - {'data_center': '亦庄', 'block': '8', 'cabinet': 'G07', 'start_u': '37U', 'network_area': '测试环境', 'device_type': '交换机'}
2023-08-04 02:11:13,324 - INFO - {'data_center': '亦庄', 'block': '8', 'cabinet': 'G07', 'start_u': '37U', 'network_area': '测试环境', 'device_type': '交换机'}
2023-08-04 02:11:13,324 - INFO - {'data_center': '亦庄', 'block': '8', 'cabinet': 'G07', 'start_u': '37U', 'network_area': '测试环境', 'device_type': '交换机'}
2023-08-04 02:11:13,324 - INFO - {'data_center': '亦庄', 'block': '8', 'cabinet': 'G07', 'start_u': '37U', 'network_area': '测试环境', 'device_type': '交换机'}
2023-08-04 02:11:13,324 - INFO - {'data_center': '亦庄', 'block': '8', 'cabinet': 'G07', 'start_u': '37U', 'network_area': '测试环境', 'device_type': '交换机'}
2023-08-04 02:11:13,334 - INFO -  Huawei CE6857F-48S6CQ
2023-08-04 02:11:13,334 - INFO - CE6857F-48S6CQ
2023-08-04 02:11:13,334 - INFO - {'data_center': '亦庄', 'block': '8', 'cabinet': 'G07', 'start_u': '37U', 'network_area': '测试环境', 'device_type': '交换机'}
2023-08-04 02:11:15,189 - INFO - <class 'dict'>
2023-08-04 02:11:15,189 - INFO - HUAWEI CE6855-48S6Q-HI
2023-08-04 02:11:15,189 - INFO - CE6855-48S6Q-HI
2023-08-04 02:11:15,189 - INFO - HUAWEI CE6855-48S6Q-HI
2023-08-04 02:11:15,190 - INFO - CE6855-48S6Q-HI
2023-08-04 02:11:15,190 - INFO - {'data_center': '亦庄', 'block': '8', 'cabinet': 'G15', 'start_u': '26U', 'network_area': '测试环境', 'device_type': '交换机'}
2023-08-04 02:11:15,190 - INFO - {'data_center': '亦庄', 'block': '8', 'cabinet': 'G15', 'start_u': '26U', 'network_area': '测试环境', 'device_type': '交换机'}
2023-08-04 02:11:15,190 - INFO - {'data_center': '亦庄', 'block': '8', 'cabinet': 'G15', 'start_u': '26U', 'network_area': '测试环境', 'device_type': '交换机'}
2023-08-04 02:11:15,190 - INFO - {'data_center': '亦庄', 'block': '8', 'cabinet': 'G15', 'start_u': '26U', 'network_area': '测试环境', 'device_type': '交换机'}
2023-08-04 02:11:15,190 - INFO - {'data_center': '亦庄', 'block': '8', 'cabinet': 'G15', 'start_u': '26U', 'network_area': '测试环境', 'device_type': '交换机'}
2023-08-04 02:11:15,190 - INFO - {'data_center': '亦庄', 'block': '8', 'cabinet': 'G15', 'start_u': '26U', 'network_area': '测试环境', 'device_type': '交换机'}
2023-08-04 02:11:15,200 - INFO - HUAWEI CE6855-48S6Q-HI
2023-08-04 02:11:15,200 - INFO - CE6855-48S6Q-HI
2023-08-04 02:11:15,200 - INFO - {'data_center': '亦庄', 'block': '8', 'cabinet': 'G15', 'start_u': '26U', 'network_area': '测试环境', 'device_type': '交换机'}
2023-08-04 02:11:17,441 - INFO - <class 'dict'>
2023-08-04 02:11:17,441 - INFO - HUAWEI CE6855-48S6Q-HI
2023-08-04 02:11:17,441 - INFO - CE6855-48S6Q-HI
2023-08-04 02:11:17,441 - INFO - HUAWEI CE6855-48S6Q-HI
2023-08-04 02:11:17,441 - INFO - CE6855-48S6Q-HI
2023-08-04 02:11:17,442 - INFO - {'data_center': '亦庄', 'block': '8', 'cabinet': 'G12', 'start_u': '35U', 'network_area': '测试环境', 'device_type': '交换机'}
2023-08-04 02:11:17,442 - INFO - {'data_center': '亦庄', 'block': '8', 'cabinet': 'G12', 'start_u': '35U', 'network_area': '测试环境', 'device_type': '交换机'}
2023-08-04 02:11:17,442 - INFO - {'data_center': '亦庄', 'block': '8', 'cabinet': 'G12', 'start_u': '35U', 'network_area': '测试环境', 'device_type': '交换机'}
2023-08-04 02:11:17,442 - INFO - {'data_center': '亦庄', 'block': '8', 'cabinet': 'G12', 'start_u': '35U', 'network_area': '测试环境', 'device_type': '交换机'}
2023-08-04 02:11:17,442 - INFO - {'data_center': '亦庄', 'block': '8', 'cabinet': 'G12', 'start_u': '35U', 'network_area': '测试环境', 'device_type': '交换机'}
2023-08-04 02:11:17,442 - INFO - {'data_center': '亦庄', 'block': '8', 'cabinet': 'G12', 'start_u': '35U', 'network_area': '测试环境', 'device_type': '交换机'}
2023-08-04 02:11:17,452 - INFO - HUAWEI CE6855-48S6Q-HI
2023-08-04 02:11:17,453 - INFO - CE6855-48S6Q-HI
2023-08-04 02:11:17,453 - INFO - {'data_center': '亦庄', 'block': '8', 'cabinet': 'G12', 'start_u': '35U', 'network_area': '测试环境', 'device_type': '交换机'}
2023-08-04 02:11:19,665 - INFO - <class 'dict'>
2023-08-04 02:11:19,666 - INFO - HUAWEI CE6855-48S6Q-HI
2023-08-04 02:11:19,666 - INFO - CE6855-48S6Q-HI
2023-08-04 02:11:19,666 - INFO - HUAWEI CE6855-48S6Q-HI
2023-08-04 02:11:19,666 - INFO - CE6855-48S6Q-HI
2023-08-04 02:11:19,666 - INFO - {'data_center': '亦庄', 'block': '8', 'cabinet': 'G13', 'start_u': '35U', 'network_area': '测试环境', 'device_type': '交换机'}
2023-08-04 02:11:19,666 - INFO - {'data_center': '亦庄', 'block': '8', 'cabinet': 'G13', 'start_u': '35U', 'network_area': '测试环境', 'device_type': '交换机'}
2023-08-04 02:11:19,666 - INFO - {'data_center': '亦庄', 'block': '8', 'cabinet': 'G13', 'start_u': '35U', 'network_area': '测试环境', 'device_type': '交换机'}
2023-08-04 02:11:19,666 - INFO - {'data_center': '亦庄', 'block': '8', 'cabinet': 'G13', 'start_u': '35U', 'network_area': '测试环境', 'device_type': '交换机'}
2023-08-04 02:11:19,666 - INFO - {'data_center': '亦庄', 'block': '8', 'cabinet': 'G13', 'start_u': '35U', 'network_area': '测试环境', 'device_type': '交换机'}
2023-08-04 02:11:19,666 - INFO - {'data_center': '亦庄', 'block': '8', 'cabinet': 'G13', 'start_u': '35U', 'network_area': '测试环境', 'device_type': '交换机'}
2023-08-04 02:11:19,676 - INFO - HUAWEI CE6855-48S6Q-HI
2023-08-04 02:11:19,676 - INFO - CE6855-48S6Q-HI
2023-08-04 02:11:19,676 - INFO - {'data_center': '亦庄', 'block': '8', 'cabinet': 'G13', 'start_u': '35U', 'network_area': '测试环境', 'device_type': '交换机'}
2023-08-04 02:11:43,070 - INFO - <class 'dict'>
2023-08-04 02:11:43,070 - INFO -  Huawei CE6857F-48S6CQ
2023-08-04 02:11:43,071 - INFO - CE6857F-48S6CQ
2023-08-04 02:11:43,071 - INFO -  Huawei CE6857F-48S6CQ
2023-08-04 02:11:43,071 - INFO - CE6857F-48S6CQ
2023-08-04 02:11:43,071 - INFO - {'data_center': '亦庄', 'block': '8', 'cabinet': 'G07', 'start_u': '39U', 'network_area': '测试环境', 'device_type': '交换机'}
2023-08-04 02:11:43,071 - INFO - {'data_center': '亦庄', 'block': '8', 'cabinet': 'G07', 'start_u': '39U', 'network_area': '测试环境', 'device_type': '交换机'}
2023-08-04 02:11:43,071 - INFO - {'data_center': '亦庄', 'block': '8', 'cabinet': 'G07', 'start_u': '39U', 'network_area': '测试环境', 'device_type': '交换机'}
2023-08-04 02:11:43,071 - INFO - {'data_center': '亦庄', 'block': '8', 'cabinet': 'G07', 'start_u': '39U', 'network_area': '测试环境', 'device_type': '交换机'}
2023-08-04 02:11:43,071 - INFO - {'data_center': '亦庄', 'block': '8', 'cabinet': 'G07', 'start_u': '39U', 'network_area': '测试环境', 'device_type': '交换机'}
2023-08-04 02:11:43,071 - INFO - {'data_center': '亦庄', 'block': '8', 'cabinet': 'G07', 'start_u': '39U', 'network_area': '测试环境', 'device_type': '交换机'}
2023-08-04 02:11:43,081 - INFO -  Huawei CE6857F-48S6CQ
2023-08-04 02:11:43,081 - INFO - CE6857F-48S6CQ
2023-08-04 02:11:43,081 - INFO - {'data_center': '亦庄', 'block': '8', 'cabinet': 'G07', 'start_u': '39U', 'network_area': '测试环境', 'device_type': '交换机'}
2023-08-04 02:11:45,089 - INFO - <class 'dict'>
2023-08-04 02:11:45,089 - INFO -  Huawei CE6857F-48S6CQ
2023-08-04 02:11:45,090 - INFO - CE6857F-48S6CQ
2023-08-04 02:11:45,090 - INFO -  Huawei CE6857F-48S6CQ
2023-08-04 02:11:45,090 - INFO - CE6857F-48S6CQ
2023-08-04 02:11:45,090 - INFO - {'data_center': '亦庄', 'block': '8', 'cabinet': 'G07', 'start_u': '37U', 'network_area': '测试环境', 'device_type': '交换机'}
2023-08-04 02:11:45,090 - INFO - {'data_center': '亦庄', 'block': '8', 'cabinet': 'G07', 'start_u': '37U', 'network_area': '测试环境', 'device_type': '交换机'}
2023-08-04 02:11:45,090 - INFO - {'data_center': '亦庄', 'block': '8', 'cabinet': 'G07', 'start_u': '37U', 'network_area': '测试环境', 'device_type': '交换机'}
2023-08-04 02:11:45,090 - INFO - {'data_center': '亦庄', 'block': '8', 'cabinet': 'G07', 'start_u': '37U', 'network_area': '测试环境', 'device_type': '交换机'}
2023-08-04 02:11:45,090 - INFO - {'data_center': '亦庄', 'block': '8', 'cabinet': 'G07', 'start_u': '37U', 'network_area': '测试环境', 'device_type': '交换机'}
2023-08-04 02:11:45,090 - INFO - {'data_center': '亦庄', 'block': '8', 'cabinet': 'G07', 'start_u': '37U', 'network_area': '测试环境', 'device_type': '交换机'}
2023-08-04 02:11:45,100 - INFO -  Huawei CE6857F-48S6CQ
2023-08-04 02:11:45,100 - INFO - CE6857F-48S6CQ
2023-08-04 02:11:45,101 - INFO - {'data_center': '亦庄', 'block': '8', 'cabinet': 'G07', 'start_u': '37U', 'network_area': '测试环境', 'device_type': '交换机'}
2023-08-04 02:11:46,993 - INFO - <class 'dict'>
2023-08-04 02:11:46,993 - INFO - HUAWEI CE6855-48S6Q-HI
2023-08-04 02:11:46,993 - INFO - CE6855-48S6Q-HI
2023-08-04 02:11:46,993 - INFO - HUAWEI CE6855-48S6Q-HI
2023-08-04 02:11:46,993 - INFO - CE6855-48S6Q-HI
2023-08-04 02:11:46,994 - INFO - {'data_center': '亦庄', 'block': '8', 'cabinet': 'G15', 'start_u': '26U', 'network_area': '测试环境', 'device_type': '交换机'}
2023-08-04 02:11:46,994 - INFO - {'data_center': '亦庄', 'block': '8', 'cabinet': 'G15', 'start_u': '26U', 'network_area': '测试环境', 'device_type': '交换机'}
2023-08-04 02:11:46,994 - INFO - {'data_center': '亦庄', 'block': '8', 'cabinet': 'G15', 'start_u': '26U', 'network_area': '测试环境', 'device_type': '交换机'}
2023-08-04 02:11:46,994 - INFO - {'data_center': '亦庄', 'block': '8', 'cabinet': 'G15', 'start_u': '26U', 'network_area': '测试环境', 'device_type': '交换机'}
2023-08-04 02:11:46,994 - INFO - {'data_center': '亦庄', 'block': '8', 'cabinet': 'G15', 'start_u': '26U', 'network_area': '测试环境', 'device_type': '交换机'}
2023-08-04 02:11:46,994 - INFO - {'data_center': '亦庄', 'block': '8', 'cabinet': 'G15', 'start_u': '26U', 'network_area': '测试环境', 'device_type': '交换机'}
2023-08-04 02:11:47,004 - INFO - HUAWEI CE6855-48S6Q-HI
2023-08-04 02:11:47,004 - INFO - CE6855-48S6Q-HI
2023-08-04 02:11:47,004 - INFO - {'data_center': '亦庄', 'block': '8', 'cabinet': 'G15', 'start_u': '26U', 'network_area': '测试环境', 'device_type': '交换机'}
2023-08-04 02:11:49,306 - INFO - <class 'dict'>
2023-08-04 02:11:49,306 - INFO - HUAWEI CE6855-48S6Q-HI
2023-08-04 02:11:49,306 - INFO - CE6855-48S6Q-HI
2023-08-04 02:11:49,306 - INFO - HUAWEI CE6855-48S6Q-HI
2023-08-04 02:11:49,306 - INFO - CE6855-48S6Q-HI
2023-08-04 02:11:49,307 - INFO - {'data_center': '亦庄', 'block': '8', 'cabinet': 'G12', 'start_u': '35U', 'network_area': '测试环境', 'device_type': '交换机'}
2023-08-04 02:11:49,307 - INFO - {'data_center': '亦庄', 'block': '8', 'cabinet': 'G12', 'start_u': '35U', 'network_area': '测试环境', 'device_type': '交换机'}
2023-08-04 02:11:49,307 - INFO - {'data_center': '亦庄', 'block': '8', 'cabinet': 'G12', 'start_u': '35U', 'network_area': '测试环境', 'device_type': '交换机'}
2023-08-04 02:11:49,307 - INFO - {'data_center': '亦庄', 'block': '8', 'cabinet': 'G12', 'start_u': '35U', 'network_area': '测试环境', 'device_type': '交换机'}
2023-08-04 02:11:49,307 - INFO - {'data_center': '亦庄', 'block': '8', 'cabinet': 'G12', 'start_u': '35U', 'network_area': '测试环境', 'device_type': '交换机'}
2023-08-04 02:11:49,307 - INFO - {'data_center': '亦庄', 'block': '8', 'cabinet': 'G12', 'start_u': '35U', 'network_area': '测试环境', 'device_type': '交换机'}
2023-08-04 02:11:49,319 - INFO - HUAWEI CE6855-48S6Q-HI
2023-08-04 02:11:49,319 - INFO - CE6855-48S6Q-HI
2023-08-04 02:11:49,320 - INFO - {'data_center': '亦庄', 'block': '8', 'cabinet': 'G12', 'start_u': '35U', 'network_area': '测试环境', 'device_type': '交换机'}
2023-08-04 02:11:51,471 - INFO - <class 'dict'>
2023-08-04 02:11:51,471 - INFO - HUAWEI CE6855-48S6Q-HI
2023-08-04 02:11:51,471 - INFO - CE6855-48S6Q-HI
2023-08-04 02:11:51,471 - INFO - HUAWEI CE6855-48S6Q-HI
2023-08-04 02:11:51,471 - INFO - CE6855-48S6Q-HI
2023-08-04 02:11:51,472 - INFO - {'data_center': '亦庄', 'block': '8', 'cabinet': 'G13', 'start_u': '35U', 'network_area': '测试环境', 'device_type': '交换机'}
2023-08-04 02:11:51,472 - INFO - {'data_center': '亦庄', 'block': '8', 'cabinet': 'G13', 'start_u': '35U', 'network_area': '测试环境', 'device_type': '交换机'}
2023-08-04 02:11:51,472 - INFO - {'data_center': '亦庄', 'block': '8', 'cabinet': 'G13', 'start_u': '35U', 'network_area': '测试环境', 'device_type': '交换机'}
2023-08-04 02:11:51,472 - INFO - {'data_center': '亦庄', 'block': '8', 'cabinet': 'G13', 'start_u': '35U', 'network_area': '测试环境', 'device_type': '交换机'}
2023-08-04 02:11:51,472 - INFO - {'data_center': '亦庄', 'block': '8', 'cabinet': 'G13', 'start_u': '35U', 'network_area': '测试环境', 'device_type': '交换机'}
2023-08-04 02:11:51,472 - INFO - {'data_center': '亦庄', 'block': '8', 'cabinet': 'G13', 'start_u': '35U', 'network_area': '测试环境', 'device_type': '交换机'}
2023-08-04 02:11:51,483 - INFO - HUAWEI CE6855-48S6Q-HI
2023-08-04 02:11:51,483 - INFO - CE6855-48S6Q-HI
2023-08-04 02:11:51,483 - INFO - {'data_center': '亦庄', 'block': '8', 'cabinet': 'G13', 'start_u': '35U', 'network_area': '测试环境', 'device_type': '交换机'}
2023-08-04 02:12:32,474 - INFO - <class 'dict'>
2023-08-04 02:12:32,474 - INFO -  Huawei CE6857F-48S6CQ
2023-08-04 02:12:32,475 - INFO - CE6857F-48S6CQ
2023-08-04 02:12:32,475 - INFO -  Huawei CE6857F-48S6CQ
2023-08-04 02:12:32,475 - INFO - CE6857F-48S6CQ
2023-08-04 02:12:32,475 - INFO - {'data_center': '亦庄', 'block': '8', 'cabinet': 'G07', 'start_u': '39U', 'network_area': '测试环境', 'device_type': '交换机'}
2023-08-04 02:12:32,475 - INFO - {'data_center': '亦庄', 'block': '8', 'cabinet': 'G07', 'start_u': '39U', 'network_area': '测试环境', 'device_type': '交换机'}
2023-08-04 02:12:32,475 - INFO - {'data_center': '亦庄', 'block': '8', 'cabinet': 'G07', 'start_u': '39U', 'network_area': '测试环境', 'device_type': '交换机'}
2023-08-04 02:12:32,475 - INFO - {'data_center': '亦庄', 'block': '8', 'cabinet': 'G07', 'start_u': '39U', 'network_area': '测试环境', 'device_type': '交换机'}
2023-08-04 02:12:32,475 - INFO - {'data_center': '亦庄', 'block': '8', 'cabinet': 'G07', 'start_u': '39U', 'network_area': '测试环境', 'device_type': '交换机'}
2023-08-04 02:12:32,475 - INFO - {'data_center': '亦庄', 'block': '8', 'cabinet': 'G07', 'start_u': '39U', 'network_area': '测试环境', 'device_type': '交换机'}
2023-08-04 02:12:32,486 - INFO -  Huawei CE6857F-48S6CQ
2023-08-04 02:12:32,486 - INFO - CE6857F-48S6CQ
2023-08-04 02:12:32,487 - INFO - {'data_center': '亦庄', 'block': '8', 'cabinet': 'G07', 'start_u': '39U', 'network_area': '测试环境', 'device_type': '交换机'}
2023-08-04 02:12:34,561 - INFO - <class 'dict'>
2023-08-04 02:12:34,561 - INFO -  Huawei CE6857F-48S6CQ
2023-08-04 02:12:34,561 - INFO - CE6857F-48S6CQ
2023-08-04 02:12:34,561 - INFO -  Huawei CE6857F-48S6CQ
2023-08-04 02:12:34,561 - INFO - CE6857F-48S6CQ
2023-08-04 02:12:34,561 - INFO - {'data_center': '亦庄', 'block': '8', 'cabinet': 'G07', 'start_u': '37U', 'network_area': '测试环境', 'device_type': '交换机'}
2023-08-04 02:12:34,561 - INFO - {'data_center': '亦庄', 'block': '8', 'cabinet': 'G07', 'start_u': '37U', 'network_area': '测试环境', 'device_type': '交换机'}
2023-08-04 02:12:34,561 - INFO - {'data_center': '亦庄', 'block': '8', 'cabinet': 'G07', 'start_u': '37U', 'network_area': '测试环境', 'device_type': '交换机'}
2023-08-04 02:12:34,562 - INFO - {'data_center': '亦庄', 'block': '8', 'cabinet': 'G07', 'start_u': '37U', 'network_area': '测试环境', 'device_type': '交换机'}
2023-08-04 02:12:34,562 - INFO - {'data_center': '亦庄', 'block': '8', 'cabinet': 'G07', 'start_u': '37U', 'network_area': '测试环境', 'device_type': '交换机'}
2023-08-04 02:12:34,562 - INFO - {'data_center': '亦庄', 'block': '8', 'cabinet': 'G07', 'start_u': '37U', 'network_area': '测试环境', 'device_type': '交换机'}
2023-08-04 02:12:34,572 - INFO -  Huawei CE6857F-48S6CQ
2023-08-04 02:12:34,572 - INFO - CE6857F-48S6CQ
2023-08-04 02:12:34,572 - INFO - {'data_center': '亦庄', 'block': '8', 'cabinet': 'G07', 'start_u': '37U', 'network_area': '测试环境', 'device_type': '交换机'}
2023-08-04 02:12:36,437 - INFO - <class 'dict'>
2023-08-04 02:12:36,437 - INFO - HUAWEI CE6855-48S6Q-HI
2023-08-04 02:12:36,437 - INFO - CE6855-48S6Q-HI
2023-08-04 02:12:36,437 - INFO - HUAWEI CE6855-48S6Q-HI
2023-08-04 02:12:36,437 - INFO - CE6855-48S6Q-HI
2023-08-04 02:12:36,437 - INFO - {'data_center': '亦庄', 'block': '8', 'cabinet': 'G15', 'start_u': '26U', 'network_area': '测试环境', 'device_type': '交换机'}
2023-08-04 02:12:36,437 - INFO - {'data_center': '亦庄', 'block': '8', 'cabinet': 'G15', 'start_u': '26U', 'network_area': '测试环境', 'device_type': '交换机'}
2023-08-04 02:12:36,438 - INFO - {'data_center': '亦庄', 'block': '8', 'cabinet': 'G15', 'start_u': '26U', 'network_area': '测试环境', 'device_type': '交换机'}
2023-08-04 02:12:36,438 - INFO - {'data_center': '亦庄', 'block': '8', 'cabinet': 'G15', 'start_u': '26U', 'network_area': '测试环境', 'device_type': '交换机'}
2023-08-04 02:12:36,438 - INFO - {'data_center': '亦庄', 'block': '8', 'cabinet': 'G15', 'start_u': '26U', 'network_area': '测试环境', 'device_type': '交换机'}
2023-08-04 02:12:36,438 - INFO - {'data_center': '亦庄', 'block': '8', 'cabinet': 'G15', 'start_u': '26U', 'network_area': '测试环境', 'device_type': '交换机'}
2023-08-04 02:12:36,448 - INFO - HUAWEI CE6855-48S6Q-HI
2023-08-04 02:12:36,448 - INFO - CE6855-48S6Q-HI
2023-08-04 02:12:36,448 - INFO - {'data_center': '亦庄', 'block': '8', 'cabinet': 'G15', 'start_u': '26U', 'network_area': '测试环境', 'device_type': '交换机'}
2023-08-04 02:12:38,632 - INFO - <class 'dict'>
2023-08-04 02:12:38,632 - INFO - HUAWEI CE6855-48S6Q-HI
2023-08-04 02:12:38,632 - INFO - CE6855-48S6Q-HI
2023-08-04 02:12:38,632 - INFO - HUAWEI CE6855-48S6Q-HI
2023-08-04 02:12:38,632 - INFO - CE6855-48S6Q-HI
2023-08-04 02:12:38,632 - INFO - {'data_center': '亦庄', 'block': '8', 'cabinet': 'G12', 'start_u': '35U', 'network_area': '测试环境', 'device_type': '交换机'}
2023-08-04 02:12:38,632 - INFO - {'data_center': '亦庄', 'block': '8', 'cabinet': 'G12', 'start_u': '35U', 'network_area': '测试环境', 'device_type': '交换机'}
2023-08-04 02:12:38,632 - INFO - {'data_center': '亦庄', 'block': '8', 'cabinet': 'G12', 'start_u': '35U', 'network_area': '测试环境', 'device_type': '交换机'}
2023-08-04 02:12:38,632 - INFO - {'data_center': '亦庄', 'block': '8', 'cabinet': 'G12', 'start_u': '35U', 'network_area': '测试环境', 'device_type': '交换机'}
2023-08-04 02:12:38,632 - INFO - {'data_center': '亦庄', 'block': '8', 'cabinet': 'G12', 'start_u': '35U', 'network_area': '测试环境', 'device_type': '交换机'}
2023-08-04 02:12:38,632 - INFO - {'data_center': '亦庄', 'block': '8', 'cabinet': 'G12', 'start_u': '35U', 'network_area': '测试环境', 'device_type': '交换机'}
2023-08-04 02:12:38,643 - INFO - HUAWEI CE6855-48S6Q-HI
2023-08-04 02:12:38,643 - INFO - CE6855-48S6Q-HI
2023-08-04 02:12:38,643 - INFO - {'data_center': '亦庄', 'block': '8', 'cabinet': 'G12', 'start_u': '35U', 'network_area': '测试环境', 'device_type': '交换机'}
2023-08-04 02:12:40,933 - INFO - <class 'dict'>
2023-08-04 02:12:40,933 - INFO - HUAWEI CE6855-48S6Q-HI
2023-08-04 02:12:40,933 - INFO - CE6855-48S6Q-HI
2023-08-04 02:12:40,933 - INFO - HUAWEI CE6855-48S6Q-HI
2023-08-04 02:12:40,933 - INFO - CE6855-48S6Q-HI
2023-08-04 02:12:40,933 - INFO - {'data_center': '亦庄', 'block': '8', 'cabinet': 'G13', 'start_u': '35U', 'network_area': '测试环境', 'device_type': '交换机'}
2023-08-04 02:12:40,933 - INFO - {'data_center': '亦庄', 'block': '8', 'cabinet': 'G13', 'start_u': '35U', 'network_area': '测试环境', 'device_type': '交换机'}
2023-08-04 02:12:40,933 - INFO - {'data_center': '亦庄', 'block': '8', 'cabinet': 'G13', 'start_u': '35U', 'network_area': '测试环境', 'device_type': '交换机'}
2023-08-04 02:12:40,933 - INFO - {'data_center': '亦庄', 'block': '8', 'cabinet': 'G13', 'start_u': '35U', 'network_area': '测试环境', 'device_type': '交换机'}
2023-08-04 02:12:40,934 - INFO - {'data_center': '亦庄', 'block': '8', 'cabinet': 'G13', 'start_u': '35U', 'network_area': '测试环境', 'device_type': '交换机'}
2023-08-04 02:12:40,934 - INFO - {'data_center': '亦庄', 'block': '8', 'cabinet': 'G13', 'start_u': '35U', 'network_area': '测试环境', 'device_type': '交换机'}
2023-08-04 02:12:40,943 - INFO - HUAWEI CE6855-48S6Q-HI
2023-08-04 02:12:40,943 - INFO - CE6855-48S6Q-HI
2023-08-04 02:12:40,943 - INFO - {'data_center': '亦庄', 'block': '8', 'cabinet': 'G13', 'start_u': '35U', 'network_area': '测试环境', 'device_type': '交换机'}
2023-08-04 02:12:59,503 - INFO - <class 'dict'>
2023-08-04 02:12:59,503 - INFO -  Huawei CE6857F-48S6CQ
2023-08-04 02:12:59,504 - INFO - CE6857F-48S6CQ
2023-08-04 02:12:59,504 - INFO -  Huawei CE6857F-48S6CQ
2023-08-04 02:12:59,504 - INFO - CE6857F-48S6CQ
2023-08-04 02:12:59,504 - INFO - {'data_center': '亦庄', 'block': '8', 'cabinet': 'G07', 'start_u': '39U', 'network_area': '测试环境', 'device_type': '交换机'}
2023-08-04 02:12:59,504 - INFO - {'data_center': '亦庄', 'block': '8', 'cabinet': 'G07', 'start_u': '39U', 'network_area': '测试环境', 'device_type': '交换机'}
2023-08-04 02:12:59,504 - INFO - {'data_center': '亦庄', 'block': '8', 'cabinet': 'G07', 'start_u': '39U', 'network_area': '测试环境', 'device_type': '交换机'}
2023-08-04 02:12:59,504 - INFO - {'data_center': '亦庄', 'block': '8', 'cabinet': 'G07', 'start_u': '39U', 'network_area': '测试环境', 'device_type': '交换机'}
2023-08-04 02:12:59,504 - INFO - {'data_center': '亦庄', 'block': '8', 'cabinet': 'G07', 'start_u': '39U', 'network_area': '测试环境', 'device_type': '交换机'}
2023-08-04 02:12:59,504 - INFO - {'data_center': '亦庄', 'block': '8', 'cabinet': 'G07', 'start_u': '39U', 'network_area': '测试环境', 'device_type': '交换机'}
2023-08-04 02:12:59,515 - INFO -  Huawei CE6857F-48S6CQ
2023-08-04 02:12:59,515 - INFO - CE6857F-48S6CQ
2023-08-04 02:12:59,515 - INFO - {'data_center': '亦庄', 'block': '8', 'cabinet': 'G07', 'start_u': '39U', 'network_area': '测试环境', 'device_type': '交换机'}
2023-08-04 02:13:01,795 - INFO - <class 'dict'>
2023-08-04 02:13:01,796 - INFO -  Huawei CE6857F-48S6CQ
2023-08-04 02:13:01,796 - INFO - CE6857F-48S6CQ
2023-08-04 02:13:01,796 - INFO -  Huawei CE6857F-48S6CQ
2023-08-04 02:13:01,796 - INFO - CE6857F-48S6CQ
2023-08-04 02:13:01,796 - INFO - {'data_center': '亦庄', 'block': '8', 'cabinet': 'G07', 'start_u': '37U', 'network_area': '测试环境', 'device_type': '交换机'}
2023-08-04 02:13:01,796 - INFO - {'data_center': '亦庄', 'block': '8', 'cabinet': 'G07', 'start_u': '37U', 'network_area': '测试环境', 'device_type': '交换机'}
2023-08-04 02:13:01,796 - INFO - {'data_center': '亦庄', 'block': '8', 'cabinet': 'G07', 'start_u': '37U', 'network_area': '测试环境', 'device_type': '交换机'}
2023-08-04 02:13:01,796 - INFO - {'data_center': '亦庄', 'block': '8', 'cabinet': 'G07', 'start_u': '37U', 'network_area': '测试环境', 'device_type': '交换机'}
2023-08-04 02:13:01,796 - INFO - {'data_center': '亦庄', 'block': '8', 'cabinet': 'G07', 'start_u': '37U', 'network_area': '测试环境', 'device_type': '交换机'}
2023-08-04 02:13:01,796 - INFO - {'data_center': '亦庄', 'block': '8', 'cabinet': 'G07', 'start_u': '37U', 'network_area': '测试环境', 'device_type': '交换机'}
2023-08-04 02:13:01,807 - INFO -  Huawei CE6857F-48S6CQ
2023-08-04 02:13:01,807 - INFO - CE6857F-48S6CQ
2023-08-04 02:13:01,807 - INFO - {'data_center': '亦庄', 'block': '8', 'cabinet': 'G07', 'start_u': '37U', 'network_area': '测试环境', 'device_type': '交换机'}
2023-08-04 02:13:09,685 - INFO - <class 'dict'>
2023-08-04 02:13:09,685 - INFO - HUAWEI CE6855-48S6Q-HI
2023-08-04 02:13:09,686 - INFO - CE6855-48S6Q-HI
2023-08-04 02:13:09,686 - INFO - HUAWEI CE6855-48S6Q-HI
2023-08-04 02:13:09,686 - INFO - CE6855-48S6Q-HI
2023-08-04 02:13:09,686 - INFO - {'data_center': '亦庄', 'block': '8', 'cabinet': 'G15', 'start_u': '26U', 'network_area': '测试环境', 'device_type': '交换机'}
2023-08-04 02:13:09,686 - INFO - {'data_center': '亦庄', 'block': '8', 'cabinet': 'G15', 'start_u': '26U', 'network_area': '测试环境', 'device_type': '交换机'}
2023-08-04 02:13:09,686 - INFO - {'data_center': '亦庄', 'block': '8', 'cabinet': 'G15', 'start_u': '26U', 'network_area': '测试环境', 'device_type': '交换机'}
2023-08-04 02:13:09,686 - INFO - {'data_center': '亦庄', 'block': '8', 'cabinet': 'G15', 'start_u': '26U', 'network_area': '测试环境', 'device_type': '交换机'}
2023-08-04 02:13:09,686 - INFO - {'data_center': '亦庄', 'block': '8', 'cabinet': 'G15', 'start_u': '26U', 'network_area': '测试环境', 'device_type': '交换机'}
2023-08-04 02:13:09,686 - INFO - {'data_center': '亦庄', 'block': '8', 'cabinet': 'G15', 'start_u': '26U', 'network_area': '测试环境', 'device_type': '交换机'}
2023-08-04 02:13:09,697 - INFO - HUAWEI CE6855-48S6Q-HI
2023-08-04 02:13:09,697 - INFO - CE6855-48S6Q-HI
2023-08-04 02:13:09,697 - INFO - {'data_center': '亦庄', 'block': '8', 'cabinet': 'G15', 'start_u': '26U', 'network_area': '测试环境', 'device_type': '交换机'}
2023-08-04 02:13:12,947 - INFO - <class 'dict'>
2023-08-04 02:13:12,947 - INFO - HUAWEI CE6855-48S6Q-HI
2023-08-04 02:13:12,948 - INFO - CE6855-48S6Q-HI
2023-08-04 02:13:12,948 - INFO - HUAWEI CE6855-48S6Q-HI
2023-08-04 02:13:12,948 - INFO - CE6855-48S6Q-HI
2023-08-04 02:13:12,948 - INFO - {'data_center': '亦庄', 'block': '8', 'cabinet': 'G12', 'start_u': '35U', 'network_area': '测试环境', 'device_type': '交换机'}
2023-08-04 02:13:12,948 - INFO - {'data_center': '亦庄', 'block': '8', 'cabinet': 'G12', 'start_u': '35U', 'network_area': '测试环境', 'device_type': '交换机'}
2023-08-04 02:13:12,948 - INFO - {'data_center': '亦庄', 'block': '8', 'cabinet': 'G12', 'start_u': '35U', 'network_area': '测试环境', 'device_type': '交换机'}
2023-08-04 02:13:12,948 - INFO - {'data_center': '亦庄', 'block': '8', 'cabinet': 'G12', 'start_u': '35U', 'network_area': '测试环境', 'device_type': '交换机'}
2023-08-04 02:13:12,948 - INFO - {'data_center': '亦庄', 'block': '8', 'cabinet': 'G12', 'start_u': '35U', 'network_area': '测试环境', 'device_type': '交换机'}
2023-08-04 02:13:12,948 - INFO - {'data_center': '亦庄', 'block': '8', 'cabinet': 'G12', 'start_u': '35U', 'network_area': '测试环境', 'device_type': '交换机'}
2023-08-04 02:13:12,958 - INFO - HUAWEI CE6855-48S6Q-HI
2023-08-04 02:13:12,958 - INFO - CE6855-48S6Q-HI
2023-08-04 02:13:12,958 - INFO - {'data_center': '亦庄', 'block': '8', 'cabinet': 'G12', 'start_u': '35U', 'network_area': '测试环境', 'device_type': '交换机'}
2023-08-04 02:13:15,186 - INFO - <class 'dict'>
2023-08-04 02:13:15,186 - INFO - HUAWEI CE6855-48S6Q-HI
2023-08-04 02:13:15,186 - INFO - CE6855-48S6Q-HI
2023-08-04 02:13:15,187 - INFO - HUAWEI CE6855-48S6Q-HI
2023-08-04 02:13:15,187 - INFO - CE6855-48S6Q-HI
2023-08-04 02:13:15,187 - INFO - {'data_center': '亦庄', 'block': '8', 'cabinet': 'G13', 'start_u': '35U', 'network_area': '测试环境', 'device_type': '交换机'}
2023-08-04 02:13:15,187 - INFO - {'data_center': '亦庄', 'block': '8', 'cabinet': 'G13', 'start_u': '35U', 'network_area': '测试环境', 'device_type': '交换机'}
2023-08-04 02:13:15,187 - INFO - {'data_center': '亦庄', 'block': '8', 'cabinet': 'G13', 'start_u': '35U', 'network_area': '测试环境', 'device_type': '交换机'}
2023-08-04 02:13:15,187 - INFO - {'data_center': '亦庄', 'block': '8', 'cabinet': 'G13', 'start_u': '35U', 'network_area': '测试环境', 'device_type': '交换机'}
2023-08-04 02:13:15,187 - INFO - {'data_center': '亦庄', 'block': '8', 'cabinet': 'G13', 'start_u': '35U', 'network_area': '测试环境', 'device_type': '交换机'}
2023-08-04 02:13:15,187 - INFO - {'data_center': '亦庄', 'block': '8', 'cabinet': 'G13', 'start_u': '35U', 'network_area': '测试环境', 'device_type': '交换机'}
2023-08-04 02:13:15,197 - INFO - HUAWEI CE6855-48S6Q-HI
2023-08-04 02:13:15,197 - INFO - CE6855-48S6Q-HI
2023-08-04 02:13:15,197 - INFO - {'data_center': '亦庄', 'block': '8', 'cabinet': 'G13', 'start_u': '35U', 'network_area': '测试环境', 'device_type': '交换机'}
2023-08-04 02:14:48,172 - INFO - <class 'dict'>
2023-08-04 02:14:48,172 - INFO -  Huawei CE6857F-48S6CQ
2023-08-04 02:14:48,172 - INFO - CE6857F-48S6CQ
2023-08-04 02:14:48,172 - INFO -  Huawei CE6857F-48S6CQ
2023-08-04 02:14:48,172 - INFO - CE6857F-48S6CQ
2023-08-04 02:14:48,172 - INFO - {'data_center': '亦庄', 'block': '8', 'cabinet': 'G07', 'start_u': '39U', 'network_area': '测试环境', 'device_type': '交换机'}
2023-08-04 02:14:48,172 - INFO - {'data_center': '亦庄', 'block': '8', 'cabinet': 'G07', 'start_u': '39U', 'network_area': '测试环境', 'device_type': '交换机'}
2023-08-04 02:14:48,172 - INFO - {'data_center': '亦庄', 'block': '8', 'cabinet': 'G07', 'start_u': '39U', 'network_area': '测试环境', 'device_type': '交换机'}
2023-08-04 02:14:48,172 - INFO - {'data_center': '亦庄', 'block': '8', 'cabinet': 'G07', 'start_u': '39U', 'network_area': '测试环境', 'device_type': '交换机'}
2023-08-04 02:14:48,172 - INFO - {'data_center': '亦庄', 'block': '8', 'cabinet': 'G07', 'start_u': '39U', 'network_area': '测试环境', 'device_type': '交换机'}
2023-08-04 02:14:48,172 - INFO - {'data_center': '亦庄', 'block': '8', 'cabinet': 'G07', 'start_u': '39U', 'network_area': '测试环境', 'device_type': '交换机'}
2023-08-04 02:14:48,183 - INFO -  Huawei CE6857F-48S6CQ
2023-08-04 02:14:48,183 - INFO - CE6857F-48S6CQ
2023-08-04 02:14:48,183 - INFO - {'data_center': '亦庄', 'block': '8', 'cabinet': 'G07', 'start_u': '39U', 'network_area': '测试环境', 'device_type': '交换机'}
2023-08-04 02:14:50,254 - INFO - <class 'dict'>
2023-08-04 02:14:50,254 - INFO -  Huawei CE6857F-48S6CQ
2023-08-04 02:14:50,254 - INFO - CE6857F-48S6CQ
2023-08-04 02:14:50,255 - INFO -  Huawei CE6857F-48S6CQ
2023-08-04 02:14:50,255 - INFO - CE6857F-48S6CQ
2023-08-04 02:14:50,255 - INFO - {'data_center': '亦庄', 'block': '8', 'cabinet': 'G07', 'start_u': '37U', 'network_area': '测试环境', 'device_type': '交换机'}
2023-08-04 02:14:50,255 - INFO - {'data_center': '亦庄', 'block': '8', 'cabinet': 'G07', 'start_u': '37U', 'network_area': '测试环境', 'device_type': '交换机'}
2023-08-04 02:14:50,255 - INFO - {'data_center': '亦庄', 'block': '8', 'cabinet': 'G07', 'start_u': '37U', 'network_area': '测试环境', 'device_type': '交换机'}
2023-08-04 02:14:50,255 - INFO - {'data_center': '亦庄', 'block': '8', 'cabinet': 'G07', 'start_u': '37U', 'network_area': '测试环境', 'device_type': '交换机'}
2023-08-04 02:14:50,255 - INFO - {'data_center': '亦庄', 'block': '8', 'cabinet': 'G07', 'start_u': '37U', 'network_area': '测试环境', 'device_type': '交换机'}
2023-08-04 02:14:50,255 - INFO - {'data_center': '亦庄', 'block': '8', 'cabinet': 'G07', 'start_u': '37U', 'network_area': '测试环境', 'device_type': '交换机'}
2023-08-04 02:14:50,266 - INFO -  Huawei CE6857F-48S6CQ
2023-08-04 02:14:50,266 - INFO - CE6857F-48S6CQ
2023-08-04 02:14:50,266 - INFO - {'data_center': '亦庄', 'block': '8', 'cabinet': 'G07', 'start_u': '37U', 'network_area': '测试环境', 'device_type': '交换机'}
2023-08-04 02:14:51,999 - INFO - <class 'dict'>
2023-08-04 02:14:51,999 - INFO - HUAWEI CE6855-48S6Q-HI
2023-08-04 02:14:51,999 - INFO - CE6855-48S6Q-HI
2023-08-04 02:14:51,999 - INFO - HUAWEI CE6855-48S6Q-HI
2023-08-04 02:14:51,999 - INFO - CE6855-48S6Q-HI
2023-08-04 02:14:51,999 - INFO - {'data_center': '亦庄', 'block': '8', 'cabinet': 'G15', 'start_u': '26U', 'network_area': '测试环境', 'device_type': '交换机'}
2023-08-04 02:14:51,999 - INFO - {'data_center': '亦庄', 'block': '8', 'cabinet': 'G15', 'start_u': '26U', 'network_area': '测试环境', 'device_type': '交换机'}
2023-08-04 02:14:52,000 - INFO - {'data_center': '亦庄', 'block': '8', 'cabinet': 'G15', 'start_u': '26U', 'network_area': '测试环境', 'device_type': '交换机'}
2023-08-04 02:14:52,000 - INFO - {'data_center': '亦庄', 'block': '8', 'cabinet': 'G15', 'start_u': '26U', 'network_area': '测试环境', 'device_type': '交换机'}
2023-08-04 02:14:52,000 - INFO - {'data_center': '亦庄', 'block': '8', 'cabinet': 'G15', 'start_u': '26U', 'network_area': '测试环境', 'device_type': '交换机'}
2023-08-04 02:14:52,000 - INFO - {'data_center': '亦庄', 'block': '8', 'cabinet': 'G15', 'start_u': '26U', 'network_area': '测试环境', 'device_type': '交换机'}
2023-08-04 02:14:52,010 - INFO - HUAWEI CE6855-48S6Q-HI
2023-08-04 02:14:52,010 - INFO - CE6855-48S6Q-HI
2023-08-04 02:14:52,010 - INFO - {'data_center': '亦庄', 'block': '8', 'cabinet': 'G15', 'start_u': '26U', 'network_area': '测试环境', 'device_type': '交换机'}
2023-08-04 02:14:54,380 - INFO - <class 'dict'>
2023-08-04 02:14:54,380 - INFO - HUAWEI CE6855-48S6Q-HI
2023-08-04 02:14:54,380 - INFO - CE6855-48S6Q-HI
2023-08-04 02:14:54,380 - INFO - HUAWEI CE6855-48S6Q-HI
2023-08-04 02:14:54,380 - INFO - CE6855-48S6Q-HI
2023-08-04 02:14:54,381 - INFO - {'data_center': '亦庄', 'block': '8', 'cabinet': 'G12', 'start_u': '35U', 'network_area': '测试环境', 'device_type': '交换机'}
2023-08-04 02:14:54,381 - INFO - {'data_center': '亦庄', 'block': '8', 'cabinet': 'G12', 'start_u': '35U', 'network_area': '测试环境', 'device_type': '交换机'}
2023-08-04 02:14:54,381 - INFO - {'data_center': '亦庄', 'block': '8', 'cabinet': 'G12', 'start_u': '35U', 'network_area': '测试环境', 'device_type': '交换机'}
2023-08-04 02:14:54,381 - INFO - {'data_center': '亦庄', 'block': '8', 'cabinet': 'G12', 'start_u': '35U', 'network_area': '测试环境', 'device_type': '交换机'}
2023-08-04 02:14:54,381 - INFO - {'data_center': '亦庄', 'block': '8', 'cabinet': 'G12', 'start_u': '35U', 'network_area': '测试环境', 'device_type': '交换机'}
2023-08-04 02:14:54,381 - INFO - {'data_center': '亦庄', 'block': '8', 'cabinet': 'G12', 'start_u': '35U', 'network_area': '测试环境', 'device_type': '交换机'}
2023-08-04 02:14:54,391 - INFO - HUAWEI CE6855-48S6Q-HI
2023-08-04 02:14:54,391 - INFO - CE6855-48S6Q-HI
2023-08-04 02:14:54,391 - INFO - {'data_center': '亦庄', 'block': '8', 'cabinet': 'G12', 'start_u': '35U', 'network_area': '测试环境', 'device_type': '交换机'}
2023-08-04 02:14:56,513 - INFO - <class 'dict'>
2023-08-04 02:14:56,513 - INFO - HUAWEI CE6855-48S6Q-HI
2023-08-04 02:14:56,513 - INFO - CE6855-48S6Q-HI
2023-08-04 02:14:56,513 - INFO - HUAWEI CE6855-48S6Q-HI
2023-08-04 02:14:56,513 - INFO - CE6855-48S6Q-HI
2023-08-04 02:14:56,513 - INFO - {'data_center': '亦庄', 'block': '8', 'cabinet': 'G13', 'start_u': '35U', 'network_area': '测试环境', 'device_type': '交换机'}
2023-08-04 02:14:56,514 - INFO - {'data_center': '亦庄', 'block': '8', 'cabinet': 'G13', 'start_u': '35U', 'network_area': '测试环境', 'device_type': '交换机'}
2023-08-04 02:14:56,514 - INFO - {'data_center': '亦庄', 'block': '8', 'cabinet': 'G13', 'start_u': '35U', 'network_area': '测试环境', 'device_type': '交换机'}
2023-08-04 02:14:56,514 - INFO - {'data_center': '亦庄', 'block': '8', 'cabinet': 'G13', 'start_u': '35U', 'network_area': '测试环境', 'device_type': '交换机'}
2023-08-04 02:14:56,514 - INFO - {'data_center': '亦庄', 'block': '8', 'cabinet': 'G13', 'start_u': '35U', 'network_area': '测试环境', 'device_type': '交换机'}
2023-08-04 02:14:56,514 - INFO - {'data_center': '亦庄', 'block': '8', 'cabinet': 'G13', 'start_u': '35U', 'network_area': '测试环境', 'device_type': '交换机'}
2023-08-04 02:14:56,524 - INFO - HUAWEI CE6855-48S6Q-HI
2023-08-04 02:14:56,524 - INFO - CE6855-48S6Q-HI
2023-08-04 02:14:56,524 - INFO - {'data_center': '亦庄', 'block': '8', 'cabinet': 'G13', 'start_u': '35U', 'network_area': '测试环境', 'device_type': '交换机'}
2023-08-04 02:18:15,678 - INFO - <class 'dict'>
2023-08-04 02:18:15,679 - INFO -  Huawei CE6857F-48S6CQ
2023-08-04 02:18:15,679 - INFO - CE6857F-48S6CQ
2023-08-04 02:18:15,679 - INFO -  Huawei CE6857F-48S6CQ
2023-08-04 02:18:15,679 - INFO - CE6857F-48S6CQ
2023-08-04 02:18:15,679 - INFO - {'data_center': '亦庄', 'block': '8', 'cabinet': 'G07', 'start_u': '39U', 'network_area': '测试环境', 'device_type': '交换机'}
2023-08-04 02:18:15,679 - INFO - {'data_center': '亦庄', 'block': '8', 'cabinet': 'G07', 'start_u': '39U', 'network_area': '测试环境', 'device_type': '交换机'}
2023-08-04 02:18:15,679 - INFO - {'data_center': '亦庄', 'block': '8', 'cabinet': 'G07', 'start_u': '39U', 'network_area': '测试环境', 'device_type': '交换机'}
2023-08-04 02:18:15,679 - INFO - {'data_center': '亦庄', 'block': '8', 'cabinet': 'G07', 'start_u': '39U', 'network_area': '测试环境', 'device_type': '交换机'}
2023-08-04 02:18:15,679 - INFO - {'data_center': '亦庄', 'block': '8', 'cabinet': 'G07', 'start_u': '39U', 'network_area': '测试环境', 'device_type': '交换机'}
2023-08-04 02:18:15,679 - INFO - {'data_center': '亦庄', 'block': '8', 'cabinet': 'G07', 'start_u': '39U', 'network_area': '测试环境', 'device_type': '交换机'}
2023-08-04 02:18:15,690 - INFO -  Huawei CE6857F-48S6CQ
2023-08-04 02:18:15,690 - INFO - CE6857F-48S6CQ
2023-08-04 02:18:15,690 - INFO - {'data_center': '亦庄', 'block': '8', 'cabinet': 'G07', 'start_u': '39U', 'network_area': '测试环境', 'device_type': '交换机'}
2023-08-04 02:18:17,831 - INFO - <class 'dict'>
2023-08-04 02:18:17,831 - INFO -  Huawei CE6857F-48S6CQ
2023-08-04 02:18:17,831 - INFO - CE6857F-48S6CQ
2023-08-04 02:18:17,831 - INFO -  Huawei CE6857F-48S6CQ
2023-08-04 02:18:17,831 - INFO - CE6857F-48S6CQ
2023-08-04 02:18:17,831 - INFO - {'data_center': '亦庄', 'block': '8', 'cabinet': 'G07', 'start_u': '37U', 'network_area': '测试环境', 'device_type': '交换机'}
2023-08-04 02:18:17,831 - INFO - {'data_center': '亦庄', 'block': '8', 'cabinet': 'G07', 'start_u': '37U', 'network_area': '测试环境', 'device_type': '交换机'}
2023-08-04 02:18:17,832 - INFO - {'data_center': '亦庄', 'block': '8', 'cabinet': 'G07', 'start_u': '37U', 'network_area': '测试环境', 'device_type': '交换机'}
2023-08-04 02:18:17,832 - INFO - {'data_center': '亦庄', 'block': '8', 'cabinet': 'G07', 'start_u': '37U', 'network_area': '测试环境', 'device_type': '交换机'}
2023-08-04 02:18:17,832 - INFO - {'data_center': '亦庄', 'block': '8', 'cabinet': 'G07', 'start_u': '37U', 'network_area': '测试环境', 'device_type': '交换机'}
2023-08-04 02:18:17,832 - INFO - {'data_center': '亦庄', 'block': '8', 'cabinet': 'G07', 'start_u': '37U', 'network_area': '测试环境', 'device_type': '交换机'}
2023-08-04 02:18:17,842 - INFO -  Huawei CE6857F-48S6CQ
2023-08-04 02:18:17,842 - INFO - CE6857F-48S6CQ
2023-08-04 02:18:17,842 - INFO - {'data_center': '亦庄', 'block': '8', 'cabinet': 'G07', 'start_u': '37U', 'network_area': '测试环境', 'device_type': '交换机'}
2023-08-04 02:18:19,604 - INFO - <class 'dict'>
2023-08-04 02:18:19,604 - INFO - HUAWEI CE6855-48S6Q-HI
2023-08-04 02:18:19,604 - INFO - CE6855-48S6Q-HI
2023-08-04 02:18:19,604 - INFO - HUAWEI CE6855-48S6Q-HI
2023-08-04 02:18:19,604 - INFO - CE6855-48S6Q-HI
2023-08-04 02:18:19,604 - INFO - {'data_center': '亦庄', 'block': '8', 'cabinet': 'G15', 'start_u': '26U', 'network_area': '测试环境', 'device_type': '交换机'}
2023-08-04 02:18:19,605 - INFO - {'data_center': '亦庄', 'block': '8', 'cabinet': 'G15', 'start_u': '26U', 'network_area': '测试环境', 'device_type': '交换机'}
2023-08-04 02:18:19,605 - INFO - {'data_center': '亦庄', 'block': '8', 'cabinet': 'G15', 'start_u': '26U', 'network_area': '测试环境', 'device_type': '交换机'}
2023-08-04 02:18:19,605 - INFO - {'data_center': '亦庄', 'block': '8', 'cabinet': 'G15', 'start_u': '26U', 'network_area': '测试环境', 'device_type': '交换机'}
2023-08-04 02:18:19,605 - INFO - {'data_center': '亦庄', 'block': '8', 'cabinet': 'G15', 'start_u': '26U', 'network_area': '测试环境', 'device_type': '交换机'}
2023-08-04 02:18:19,605 - INFO - {'data_center': '亦庄', 'block': '8', 'cabinet': 'G15', 'start_u': '26U', 'network_area': '测试环境', 'device_type': '交换机'}
2023-08-04 02:18:19,615 - INFO - HUAWEI CE6855-48S6Q-HI
2023-08-04 02:18:19,615 - INFO - CE6855-48S6Q-HI
2023-08-04 02:18:19,615 - INFO - {'data_center': '亦庄', 'block': '8', 'cabinet': 'G15', 'start_u': '26U', 'network_area': '测试环境', 'device_type': '交换机'}
2023-08-04 02:18:21,892 - INFO - <class 'dict'>
2023-08-04 02:18:21,892 - INFO - HUAWEI CE6855-48S6Q-HI
2023-08-04 02:18:21,892 - INFO - CE6855-48S6Q-HI
2023-08-04 02:18:21,892 - INFO - HUAWEI CE6855-48S6Q-HI
2023-08-04 02:18:21,893 - INFO - CE6855-48S6Q-HI
2023-08-04 02:18:21,893 - INFO - {'data_center': '亦庄', 'block': '8', 'cabinet': 'G12', 'start_u': '35U', 'network_area': '测试环境', 'device_type': '交换机'}
2023-08-04 02:18:21,893 - INFO - {'data_center': '亦庄', 'block': '8', 'cabinet': 'G12', 'start_u': '35U', 'network_area': '测试环境', 'device_type': '交换机'}
2023-08-04 02:18:21,893 - INFO - {'data_center': '亦庄', 'block': '8', 'cabinet': 'G12', 'start_u': '35U', 'network_area': '测试环境', 'device_type': '交换机'}
2023-08-04 02:18:21,893 - INFO - {'data_center': '亦庄', 'block': '8', 'cabinet': 'G12', 'start_u': '35U', 'network_area': '测试环境', 'device_type': '交换机'}
2023-08-04 02:18:21,893 - INFO - {'data_center': '亦庄', 'block': '8', 'cabinet': 'G12', 'start_u': '35U', 'network_area': '测试环境', 'device_type': '交换机'}
2023-08-04 02:18:21,893 - INFO - {'data_center': '亦庄', 'block': '8', 'cabinet': 'G12', 'start_u': '35U', 'network_area': '测试环境', 'device_type': '交换机'}
2023-08-04 02:18:21,903 - INFO - HUAWEI CE6855-48S6Q-HI
2023-08-04 02:18:21,903 - INFO - CE6855-48S6Q-HI
2023-08-04 02:18:21,904 - INFO - {'data_center': '亦庄', 'block': '8', 'cabinet': 'G12', 'start_u': '35U', 'network_area': '测试环境', 'device_type': '交换机'}
2023-08-04 02:18:24,161 - INFO - <class 'dict'>
2023-08-04 02:18:24,161 - INFO - HUAWEI CE6855-48S6Q-HI
2023-08-04 02:18:24,161 - INFO - CE6855-48S6Q-HI
2023-08-04 02:18:24,161 - INFO - HUAWEI CE6855-48S6Q-HI
2023-08-04 02:18:24,161 - INFO - CE6855-48S6Q-HI
2023-08-04 02:18:24,161 - INFO - {'data_center': '亦庄', 'block': '8', 'cabinet': 'G13', 'start_u': '35U', 'network_area': '测试环境', 'device_type': '交换机'}
2023-08-04 02:18:24,161 - INFO - {'data_center': '亦庄', 'block': '8', 'cabinet': 'G13', 'start_u': '35U', 'network_area': '测试环境', 'device_type': '交换机'}
2023-08-04 02:18:24,161 - INFO - {'data_center': '亦庄', 'block': '8', 'cabinet': 'G13', 'start_u': '35U', 'network_area': '测试环境', 'device_type': '交换机'}
2023-08-04 02:18:24,161 - INFO - {'data_center': '亦庄', 'block': '8', 'cabinet': 'G13', 'start_u': '35U', 'network_area': '测试环境', 'device_type': '交换机'}
2023-08-04 02:18:24,161 - INFO - {'data_center': '亦庄', 'block': '8', 'cabinet': 'G13', 'start_u': '35U', 'network_area': '测试环境', 'device_type': '交换机'}
2023-08-04 02:18:24,162 - INFO - {'data_center': '亦庄', 'block': '8', 'cabinet': 'G13', 'start_u': '35U', 'network_area': '测试环境', 'device_type': '交换机'}
2023-08-04 02:18:24,172 - INFO - HUAWEI CE6855-48S6Q-HI
2023-08-04 02:18:24,172 - INFO - CE6855-48S6Q-HI
2023-08-04 02:18:24,172 - INFO - {'data_center': '亦庄', 'block': '8', 'cabinet': 'G13', 'start_u': '35U', 'network_area': '测试环境', 'device_type': '交换机'}
2023-08-04 02:19:25,926 - INFO - <class 'dict'>
2023-08-04 02:19:25,926 - INFO -  Huawei CE6857F-48S6CQ
2023-08-04 02:19:25,926 - INFO - CE6857F-48S6CQ
2023-08-04 02:19:25,926 - INFO -  Huawei CE6857F-48S6CQ
2023-08-04 02:19:25,926 - INFO - CE6857F-48S6CQ
2023-08-04 02:19:25,926 - INFO - {'data_center': '亦庄', 'block': '8', 'cabinet': 'G07', 'start_u': '39U', 'network_area': '测试环境', 'device_type': '交换机'}
2023-08-04 02:19:25,926 - INFO - {'data_center': '亦庄', 'block': '8', 'cabinet': 'G07', 'start_u': '39U', 'network_area': '测试环境', 'device_type': '交换机'}
2023-08-04 02:19:25,926 - INFO - {'data_center': '亦庄', 'block': '8', 'cabinet': 'G07', 'start_u': '39U', 'network_area': '测试环境', 'device_type': '交换机'}
2023-08-04 02:19:25,927 - INFO - {'data_center': '亦庄', 'block': '8', 'cabinet': 'G07', 'start_u': '39U', 'network_area': '测试环境', 'device_type': '交换机'}
2023-08-04 02:19:25,927 - INFO - {'data_center': '亦庄', 'block': '8', 'cabinet': 'G07', 'start_u': '39U', 'network_area': '测试环境', 'device_type': '交换机'}
2023-08-04 02:19:25,927 - INFO - {'data_center': '亦庄', 'block': '8', 'cabinet': 'G07', 'start_u': '39U', 'network_area': '测试环境', 'device_type': '交换机'}
2023-08-04 02:19:25,937 - INFO -  Huawei CE6857F-48S6CQ
2023-08-04 02:19:25,937 - INFO - CE6857F-48S6CQ
2023-08-04 02:19:25,937 - INFO - {'data_center': '亦庄', 'block': '8', 'cabinet': 'G07', 'start_u': '39U', 'network_area': '测试环境', 'device_type': '交换机'}
2023-08-04 02:19:28,075 - INFO - <class 'dict'>
2023-08-04 02:19:28,075 - INFO -  Huawei CE6857F-48S6CQ
2023-08-04 02:19:28,076 - INFO - CE6857F-48S6CQ
2023-08-04 02:19:28,076 - INFO -  Huawei CE6857F-48S6CQ
2023-08-04 02:19:28,076 - INFO - CE6857F-48S6CQ
2023-08-04 02:19:28,076 - INFO - {'data_center': '亦庄', 'block': '8', 'cabinet': 'G07', 'start_u': '37U', 'network_area': '测试环境', 'device_type': '交换机'}
2023-08-04 02:19:28,076 - INFO - {'data_center': '亦庄', 'block': '8', 'cabinet': 'G07', 'start_u': '37U', 'network_area': '测试环境', 'device_type': '交换机'}
2023-08-04 02:19:28,076 - INFO - {'data_center': '亦庄', 'block': '8', 'cabinet': 'G07', 'start_u': '37U', 'network_area': '测试环境', 'device_type': '交换机'}
2023-08-04 02:19:28,076 - INFO - {'data_center': '亦庄', 'block': '8', 'cabinet': 'G07', 'start_u': '37U', 'network_area': '测试环境', 'device_type': '交换机'}
2023-08-04 02:19:28,076 - INFO - {'data_center': '亦庄', 'block': '8', 'cabinet': 'G07', 'start_u': '37U', 'network_area': '测试环境', 'device_type': '交换机'}
2023-08-04 02:19:28,076 - INFO - {'data_center': '亦庄', 'block': '8', 'cabinet': 'G07', 'start_u': '37U', 'network_area': '测试环境', 'device_type': '交换机'}
2023-08-04 02:19:28,087 - INFO -  Huawei CE6857F-48S6CQ
2023-08-04 02:19:28,087 - INFO - CE6857F-48S6CQ
2023-08-04 02:19:28,087 - INFO - {'data_center': '亦庄', 'block': '8', 'cabinet': 'G07', 'start_u': '37U', 'network_area': '测试环境', 'device_type': '交换机'}
2023-08-04 02:19:29,888 - INFO - <class 'dict'>
2023-08-04 02:19:29,888 - INFO - HUAWEI CE6855-48S6Q-HI
2023-08-04 02:19:29,888 - INFO - CE6855-48S6Q-HI
2023-08-04 02:19:29,888 - INFO - HUAWEI CE6855-48S6Q-HI
2023-08-04 02:19:29,888 - INFO - CE6855-48S6Q-HI
2023-08-04 02:19:29,888 - INFO - {'data_center': '亦庄', 'block': '8', 'cabinet': 'G15', 'start_u': '26U', 'network_area': '测试环境', 'device_type': '交换机'}
2023-08-04 02:19:29,889 - INFO - {'data_center': '亦庄', 'block': '8', 'cabinet': 'G15', 'start_u': '26U', 'network_area': '测试环境', 'device_type': '交换机'}
2023-08-04 02:19:29,889 - INFO - {'data_center': '亦庄', 'block': '8', 'cabinet': 'G15', 'start_u': '26U', 'network_area': '测试环境', 'device_type': '交换机'}
2023-08-04 02:19:29,889 - INFO - {'data_center': '亦庄', 'block': '8', 'cabinet': 'G15', 'start_u': '26U', 'network_area': '测试环境', 'device_type': '交换机'}
2023-08-04 02:19:29,889 - INFO - {'data_center': '亦庄', 'block': '8', 'cabinet': 'G15', 'start_u': '26U', 'network_area': '测试环境', 'device_type': '交换机'}
2023-08-04 02:19:29,889 - INFO - {'data_center': '亦庄', 'block': '8', 'cabinet': 'G15', 'start_u': '26U', 'network_area': '测试环境', 'device_type': '交换机'}
2023-08-04 02:19:29,899 - INFO - HUAWEI CE6855-48S6Q-HI
2023-08-04 02:19:29,899 - INFO - CE6855-48S6Q-HI
2023-08-04 02:19:29,899 - INFO - {'data_center': '亦庄', 'block': '8', 'cabinet': 'G15', 'start_u': '26U', 'network_area': '测试环境', 'device_type': '交换机'}
2023-08-04 02:19:32,151 - INFO - <class 'dict'>
2023-08-04 02:19:32,151 - INFO - HUAWEI CE6855-48S6Q-HI
2023-08-04 02:19:32,151 - INFO - CE6855-48S6Q-HI
2023-08-04 02:19:32,152 - INFO - HUAWEI CE6855-48S6Q-HI
2023-08-04 02:19:32,152 - INFO - CE6855-48S6Q-HI
2023-08-04 02:19:32,152 - INFO - {'data_center': '亦庄', 'block': '8', 'cabinet': 'G12', 'start_u': '35U', 'network_area': '测试环境', 'device_type': '交换机'}
2023-08-04 02:19:32,152 - INFO - {'data_center': '亦庄', 'block': '8', 'cabinet': 'G12', 'start_u': '35U', 'network_area': '测试环境', 'device_type': '交换机'}
2023-08-04 02:19:32,152 - INFO - {'data_center': '亦庄', 'block': '8', 'cabinet': 'G12', 'start_u': '35U', 'network_area': '测试环境', 'device_type': '交换机'}
2023-08-04 02:19:32,152 - INFO - {'data_center': '亦庄', 'block': '8', 'cabinet': 'G12', 'start_u': '35U', 'network_area': '测试环境', 'device_type': '交换机'}
2023-08-04 02:19:32,152 - INFO - {'data_center': '亦庄', 'block': '8', 'cabinet': 'G12', 'start_u': '35U', 'network_area': '测试环境', 'device_type': '交换机'}
2023-08-04 02:19:32,152 - INFO - {'data_center': '亦庄', 'block': '8', 'cabinet': 'G12', 'start_u': '35U', 'network_area': '测试环境', 'device_type': '交换机'}
2023-08-04 02:19:32,162 - INFO - HUAWEI CE6855-48S6Q-HI
2023-08-04 02:19:32,162 - INFO - CE6855-48S6Q-HI
2023-08-04 02:19:32,162 - INFO - {'data_center': '亦庄', 'block': '8', 'cabinet': 'G12', 'start_u': '35U', 'network_area': '测试环境', 'device_type': '交换机'}
2023-08-04 02:19:34,413 - INFO - <class 'dict'>
2023-08-04 02:19:34,413 - INFO - HUAWEI CE6855-48S6Q-HI
2023-08-04 02:19:34,413 - INFO - CE6855-48S6Q-HI
2023-08-04 02:19:34,413 - INFO - HUAWEI CE6855-48S6Q-HI
2023-08-04 02:19:34,413 - INFO - CE6855-48S6Q-HI
2023-08-04 02:19:34,413 - INFO - {'data_center': '亦庄', 'block': '8', 'cabinet': 'G13', 'start_u': '35U', 'network_area': '测试环境', 'device_type': '交换机'}
2023-08-04 02:19:34,413 - INFO - {'data_center': '亦庄', 'block': '8', 'cabinet': 'G13', 'start_u': '35U', 'network_area': '测试环境', 'device_type': '交换机'}
2023-08-04 02:19:34,413 - INFO - {'data_center': '亦庄', 'block': '8', 'cabinet': 'G13', 'start_u': '35U', 'network_area': '测试环境', 'device_type': '交换机'}
2023-08-04 02:19:34,414 - INFO - {'data_center': '亦庄', 'block': '8', 'cabinet': 'G13', 'start_u': '35U', 'network_area': '测试环境', 'device_type': '交换机'}
2023-08-04 02:19:34,414 - INFO - {'data_center': '亦庄', 'block': '8', 'cabinet': 'G13', 'start_u': '35U', 'network_area': '测试环境', 'device_type': '交换机'}
2023-08-04 02:19:34,414 - INFO - {'data_center': '亦庄', 'block': '8', 'cabinet': 'G13', 'start_u': '35U', 'network_area': '测试环境', 'device_type': '交换机'}
2023-08-04 02:19:34,423 - INFO - HUAWEI CE6855-48S6Q-HI
2023-08-04 02:19:34,423 - INFO - CE6855-48S6Q-HI
2023-08-04 02:19:34,423 - INFO - {'data_center': '亦庄', 'block': '8', 'cabinet': 'G13', 'start_u': '35U', 'network_area': '测试环境', 'device_type': '交换机'}
2023-08-04 02:19:56,554 - INFO - <class 'dict'>
2023-08-04 02:19:56,554 - INFO -  Huawei CE6857F-48S6CQ
2023-08-04 02:19:56,555 - INFO - CE6857F-48S6CQ
2023-08-04 02:19:56,555 - INFO -  Huawei CE6857F-48S6CQ
2023-08-04 02:19:56,555 - INFO - CE6857F-48S6CQ
2023-08-04 02:19:56,555 - INFO - {'data_center': '亦庄', 'block': '8', 'cabinet': 'G07', 'start_u': '39U', 'network_area': '测试环境', 'device_type': '交换机'}
2023-08-04 02:19:56,555 - INFO - {'data_center': '亦庄', 'block': '8', 'cabinet': 'G07', 'start_u': '39U', 'network_area': '测试环境', 'device_type': '交换机'}
2023-08-04 02:19:56,555 - INFO - {'data_center': '亦庄', 'block': '8', 'cabinet': 'G07', 'start_u': '39U', 'network_area': '测试环境', 'device_type': '交换机'}
2023-08-04 02:19:56,555 - INFO - {'data_center': '亦庄', 'block': '8', 'cabinet': 'G07', 'start_u': '39U', 'network_area': '测试环境', 'device_type': '交换机'}
2023-08-04 02:19:56,555 - INFO - {'data_center': '亦庄', 'block': '8', 'cabinet': 'G07', 'start_u': '39U', 'network_area': '测试环境', 'device_type': '交换机'}
2023-08-04 02:19:56,555 - INFO - {'data_center': '亦庄', 'block': '8', 'cabinet': 'G07', 'start_u': '39U', 'network_area': '测试环境', 'device_type': '交换机'}
2023-08-04 02:19:56,565 - INFO -  Huawei CE6857F-48S6CQ
2023-08-04 02:19:56,565 - INFO - CE6857F-48S6CQ
2023-08-04 02:19:56,565 - INFO - {'data_center': '亦庄', 'block': '8', 'cabinet': 'G07', 'start_u': '39U', 'network_area': '测试环境', 'device_type': '交换机'}
2023-08-04 02:19:58,527 - INFO - <class 'dict'>
2023-08-04 02:19:58,527 - INFO -  Huawei CE6857F-48S6CQ
2023-08-04 02:19:58,527 - INFO - CE6857F-48S6CQ
2023-08-04 02:19:58,528 - INFO -  Huawei CE6857F-48S6CQ
2023-08-04 02:19:58,528 - INFO - CE6857F-48S6CQ
2023-08-04 02:19:58,528 - INFO - {'data_center': '亦庄', 'block': '8', 'cabinet': 'G07', 'start_u': '37U', 'network_area': '测试环境', 'device_type': '交换机'}
2023-08-04 02:19:58,528 - INFO - {'data_center': '亦庄', 'block': '8', 'cabinet': 'G07', 'start_u': '37U', 'network_area': '测试环境', 'device_type': '交换机'}
2023-08-04 02:19:58,528 - INFO - {'data_center': '亦庄', 'block': '8', 'cabinet': 'G07', 'start_u': '37U', 'network_area': '测试环境', 'device_type': '交换机'}
2023-08-04 02:19:58,528 - INFO - {'data_center': '亦庄', 'block': '8', 'cabinet': 'G07', 'start_u': '37U', 'network_area': '测试环境', 'device_type': '交换机'}
2023-08-04 02:19:58,528 - INFO - {'data_center': '亦庄', 'block': '8', 'cabinet': 'G07', 'start_u': '37U', 'network_area': '测试环境', 'device_type': '交换机'}
2023-08-04 02:19:58,528 - INFO - {'data_center': '亦庄', 'block': '8', 'cabinet': 'G07', 'start_u': '37U', 'network_area': '测试环境', 'device_type': '交换机'}
2023-08-04 02:19:58,538 - INFO -  Huawei CE6857F-48S6CQ
2023-08-04 02:19:58,538 - INFO - CE6857F-48S6CQ
2023-08-04 02:19:58,538 - INFO - {'data_center': '亦庄', 'block': '8', 'cabinet': 'G07', 'start_u': '37U', 'network_area': '测试环境', 'device_type': '交换机'}
2023-08-04 02:20:00,272 - INFO - <class 'dict'>
2023-08-04 02:20:00,272 - INFO - HUAWEI CE6855-48S6Q-HI
2023-08-04 02:20:00,272 - INFO - CE6855-48S6Q-HI
2023-08-04 02:20:00,272 - INFO - HUAWEI CE6855-48S6Q-HI
2023-08-04 02:20:00,273 - INFO - CE6855-48S6Q-HI
2023-08-04 02:20:00,273 - INFO - {'data_center': '亦庄', 'block': '8', 'cabinet': 'G15', 'start_u': '26U', 'network_area': '测试环境', 'device_type': '交换机'}
2023-08-04 02:20:00,273 - INFO - {'data_center': '亦庄', 'block': '8', 'cabinet': 'G15', 'start_u': '26U', 'network_area': '测试环境', 'device_type': '交换机'}
2023-08-04 02:20:00,273 - INFO - {'data_center': '亦庄', 'block': '8', 'cabinet': 'G15', 'start_u': '26U', 'network_area': '测试环境', 'device_type': '交换机'}
2023-08-04 02:20:00,273 - INFO - {'data_center': '亦庄', 'block': '8', 'cabinet': 'G15', 'start_u': '26U', 'network_area': '测试环境', 'device_type': '交换机'}
2023-08-04 02:20:00,273 - INFO - {'data_center': '亦庄', 'block': '8', 'cabinet': 'G15', 'start_u': '26U', 'network_area': '测试环境', 'device_type': '交换机'}
2023-08-04 02:20:00,273 - INFO - {'data_center': '亦庄', 'block': '8', 'cabinet': 'G15', 'start_u': '26U', 'network_area': '测试环境', 'device_type': '交换机'}
2023-08-04 02:20:00,283 - INFO - HUAWEI CE6855-48S6Q-HI
2023-08-04 02:20:00,283 - INFO - CE6855-48S6Q-HI
2023-08-04 02:20:00,283 - INFO - {'data_center': '亦庄', 'block': '8', 'cabinet': 'G15', 'start_u': '26U', 'network_area': '测试环境', 'device_type': '交换机'}
2023-08-04 02:20:02,395 - INFO - <class 'dict'>
2023-08-04 02:20:02,395 - INFO - HUAWEI CE6855-48S6Q-HI
2023-08-04 02:20:02,395 - INFO - CE6855-48S6Q-HI
2023-08-04 02:20:02,395 - INFO - HUAWEI CE6855-48S6Q-HI
2023-08-04 02:20:02,396 - INFO - CE6855-48S6Q-HI
2023-08-04 02:20:02,396 - INFO - {'data_center': '亦庄', 'block': '8', 'cabinet': 'G12', 'start_u': '35U', 'network_area': '测试环境', 'device_type': '交换机'}
2023-08-04 02:20:02,396 - INFO - {'data_center': '亦庄', 'block': '8', 'cabinet': 'G12', 'start_u': '35U', 'network_area': '测试环境', 'device_type': '交换机'}
2023-08-04 02:20:02,396 - INFO - {'data_center': '亦庄', 'block': '8', 'cabinet': 'G12', 'start_u': '35U', 'network_area': '测试环境', 'device_type': '交换机'}
2023-08-04 02:20:02,396 - INFO - {'data_center': '亦庄', 'block': '8', 'cabinet': 'G12', 'start_u': '35U', 'network_area': '测试环境', 'device_type': '交换机'}
2023-08-04 02:20:02,396 - INFO - {'data_center': '亦庄', 'block': '8', 'cabinet': 'G12', 'start_u': '35U', 'network_area': '测试环境', 'device_type': '交换机'}
2023-08-04 02:20:02,396 - INFO - {'data_center': '亦庄', 'block': '8', 'cabinet': 'G12', 'start_u': '35U', 'network_area': '测试环境', 'device_type': '交换机'}
2023-08-04 02:20:02,406 - INFO - HUAWEI CE6855-48S6Q-HI
2023-08-04 02:20:02,406 - INFO - CE6855-48S6Q-HI
2023-08-04 02:20:02,406 - INFO - {'data_center': '亦庄', 'block': '8', 'cabinet': 'G12', 'start_u': '35U', 'network_area': '测试环境', 'device_type': '交换机'}
2023-08-04 02:20:04,672 - INFO - <class 'dict'>
2023-08-04 02:20:04,672 - INFO - HUAWEI CE6855-48S6Q-HI
2023-08-04 02:20:04,672 - INFO - CE6855-48S6Q-HI
2023-08-04 02:20:04,673 - INFO - HUAWEI CE6855-48S6Q-HI
2023-08-04 02:20:04,673 - INFO - CE6855-48S6Q-HI
2023-08-04 02:20:04,673 - INFO - {'data_center': '亦庄', 'block': '8', 'cabinet': 'G13', 'start_u': '35U', 'network_area': '测试环境', 'device_type': '交换机'}
2023-08-04 02:20:04,673 - INFO - {'data_center': '亦庄', 'block': '8', 'cabinet': 'G13', 'start_u': '35U', 'network_area': '测试环境', 'device_type': '交换机'}
2023-08-04 02:20:04,673 - INFO - {'data_center': '亦庄', 'block': '8', 'cabinet': 'G13', 'start_u': '35U', 'network_area': '测试环境', 'device_type': '交换机'}
2023-08-04 02:20:04,673 - INFO - {'data_center': '亦庄', 'block': '8', 'cabinet': 'G13', 'start_u': '35U', 'network_area': '测试环境', 'device_type': '交换机'}
2023-08-04 02:20:04,673 - INFO - {'data_center': '亦庄', 'block': '8', 'cabinet': 'G13', 'start_u': '35U', 'network_area': '测试环境', 'device_type': '交换机'}
2023-08-04 02:20:04,673 - INFO - {'data_center': '亦庄', 'block': '8', 'cabinet': 'G13', 'start_u': '35U', 'network_area': '测试环境', 'device_type': '交换机'}
2023-08-04 02:20:04,684 - INFO - HUAWEI CE6855-48S6Q-HI
2023-08-04 02:20:04,684 - INFO - CE6855-48S6Q-HI
2023-08-04 02:20:04,684 - INFO - {'data_center': '亦庄', 'block': '8', 'cabinet': 'G13', 'start_u': '35U', 'network_area': '测试环境', 'device_type': '交换机'}
