2023-08-04 10:09:09,407 - INFO - <class 'dict'>
2023-08-04 10:09:09,408 - INFO -  Huawei CE6857F-48S6CQ
2023-08-04 10:09:09,408 - INFO - <class 'str'>
2023-08-04 10:09:09,408 - INFO -  Huawei CE6857F-48S6CQ
2023-08-04 10:09:09,408 - INFO - <class 'str'>
2023-08-04 10:09:09,419 - INFO -  Huawei CE6857F-48S6CQ
2023-08-04 10:09:09,419 - INFO - <class 'str'>
2023-08-04 10:09:09,419 - INFO -  Huawei CE6857F-48S6CQ
2023-08-04 10:09:09,420 - INFO - <class 'str'>
2023-08-04 10:09:11,531 - INFO - <class 'dict'>
2023-08-04 10:09:11,531 - INFO -  Huawei CE6857F-48S6CQ
2023-08-04 10:09:11,531 - INFO - <class 'str'>
2023-08-04 10:09:11,532 - INFO -  Huawei CE6857F-48S6CQ
2023-08-04 10:09:11,532 - INFO - <class 'str'>
2023-08-04 10:09:11,543 - INFO -  Huawei CE6857F-48S6CQ
2023-08-04 10:09:11,543 - INFO - <class 'str'>
2023-08-04 10:09:11,543 - INFO -  Huawei CE6857F-48S6CQ
2023-08-04 10:09:11,543 - INFO - <class 'str'>
2023-08-04 10:09:13,380 - INFO - <class 'dict'>
2023-08-04 10:09:13,380 - INFO - HUAWEI CE6855-48S6Q-HI
2023-08-04 10:09:13,380 - INFO - <class 'str'>
2023-08-04 10:09:13,381 - INFO - HUAWEI CE6855-48S6Q-HI
2023-08-04 10:09:13,381 - INFO - <class 'str'>
2023-08-04 10:09:13,391 - INFO - HUAWEI CE6855-48S6Q-HI
2023-08-04 10:09:13,391 - INFO - <class 'str'>
2023-08-04 10:09:13,392 - INFO - HUAWEI CE6855-48S6Q-HI
2023-08-04 10:09:13,392 - INFO - <class 'str'>
2023-08-04 10:09:15,536 - INFO - <class 'dict'>
2023-08-04 10:09:15,536 - INFO - HUAWEI CE6855-48S6Q-HI
2023-08-04 10:09:15,537 - INFO - <class 'str'>
2023-08-04 10:09:15,537 - INFO - HUAWEI CE6855-48S6Q-HI
2023-08-04 10:09:15,537 - INFO - <class 'str'>
2023-08-04 10:09:15,547 - INFO - HUAWEI CE6855-48S6Q-HI
2023-08-04 10:09:15,547 - INFO - <class 'str'>
2023-08-04 10:09:15,547 - INFO - HUAWEI CE6855-48S6Q-HI
2023-08-04 10:09:15,547 - INFO - <class 'str'>
2023-08-04 10:09:17,797 - INFO - <class 'dict'>
2023-08-04 10:09:17,797 - INFO - HUAWEI CE6855-48S6Q-HI
2023-08-04 10:09:17,797 - INFO - <class 'str'>
2023-08-04 10:09:17,797 - INFO - HUAWEI CE6855-48S6Q-HI
2023-08-04 10:09:17,797 - INFO - <class 'str'>
2023-08-04 10:09:17,808 - INFO - HUAWEI CE6855-48S6Q-HI
2023-08-04 10:09:17,808 - INFO - <class 'str'>
2023-08-04 10:09:17,808 - INFO - HUAWEI CE6855-48S6Q-HI
2023-08-04 10:09:17,808 - INFO - <class 'str'>
2023-08-04 10:16:45,343 - INFO - <class 'dict'>
2023-08-04 10:16:45,344 - INFO -  Huawei CE6857F-48S6CQ
2023-08-04 10:16:45,344 - INFO - <class 'str'>
2023-08-04 10:16:45,344 - INFO -  Huawei CE6857F-48S6CQ
2023-08-04 10:16:45,344 - INFO - <class 'str'>
2023-08-04 10:16:45,355 - INFO -  Huawei CE6857F-48S6CQ
2023-08-04 10:16:45,355 - INFO - <class 'str'>
2023-08-04 10:16:45,355 - INFO -  Huawei CE6857F-48S6CQ
2023-08-04 10:16:45,355 - INFO - <class 'str'>
2023-08-04 10:16:47,464 - INFO - <class 'dict'>
2023-08-04 10:16:47,464 - INFO -  Huawei CE6857F-48S6CQ
2023-08-04 10:16:47,464 - INFO - <class 'str'>
2023-08-04 10:16:47,465 - INFO -  Huawei CE6857F-48S6CQ
2023-08-04 10:16:47,465 - INFO - <class 'str'>
2023-08-04 10:16:47,475 - INFO -  Huawei CE6857F-48S6CQ
2023-08-04 10:16:47,475 - INFO - <class 'str'>
2023-08-04 10:16:47,475 - INFO -  Huawei CE6857F-48S6CQ
2023-08-04 10:16:47,475 - INFO - <class 'str'>
2023-08-04 10:16:49,371 - INFO - <class 'dict'>
2023-08-04 10:16:49,371 - INFO - HUAWEI CE6855-48S6Q-HI
2023-08-04 10:16:49,371 - INFO - <class 'str'>
2023-08-04 10:16:49,371 - INFO - HUAWEI CE6855-48S6Q-HI
2023-08-04 10:16:49,372 - INFO - <class 'str'>
2023-08-04 10:16:49,383 - INFO - HUAWEI CE6855-48S6Q-HI
2023-08-04 10:16:49,383 - INFO - <class 'str'>
2023-08-04 10:16:49,383 - INFO - HUAWEI CE6855-48S6Q-HI
2023-08-04 10:16:49,383 - INFO - <class 'str'>
2023-08-04 10:16:51,614 - INFO - <class 'dict'>
2023-08-04 10:16:51,614 - INFO - HUAWEI CE6855-48S6Q-HI
2023-08-04 10:16:51,614 - INFO - <class 'str'>
2023-08-04 10:16:51,614 - INFO - HUAWEI CE6855-48S6Q-HI
2023-08-04 10:16:51,615 - INFO - <class 'str'>
2023-08-04 10:16:51,625 - INFO - HUAWEI CE6855-48S6Q-HI
2023-08-04 10:16:51,625 - INFO - <class 'str'>
2023-08-04 10:16:51,625 - INFO - HUAWEI CE6855-48S6Q-HI
2023-08-04 10:16:51,626 - INFO - <class 'str'>
2023-08-04 10:16:53,971 - INFO - <class 'dict'>
2023-08-04 10:16:53,971 - INFO - HUAWEI CE6855-48S6Q-HI
2023-08-04 10:16:53,971 - INFO - <class 'str'>
2023-08-04 10:16:53,971 - INFO - HUAWEI CE6855-48S6Q-HI
2023-08-04 10:16:53,971 - INFO - <class 'str'>
2023-08-04 10:16:53,982 - INFO - HUAWEI CE6855-48S6Q-HI
2023-08-04 10:16:53,982 - INFO - <class 'str'>
2023-08-04 10:16:53,982 - INFO - HUAWEI CE6855-48S6Q-HI
2023-08-04 10:16:53,982 - INFO - <class 'str'>
2023-08-04 10:28:17,706 - INFO - <class 'dict'>
2023-08-04 10:28:17,706 - INFO - Huawei CE6857F-48S6CQ 
2023-08-04 10:28:17,707 - INFO - <class 'str'>
2023-08-04 10:28:17,707 - INFO - Huawei CE6857F-48S6CQ 
2023-08-04 10:28:17,707 - INFO - <class 'str'>
2023-08-04 10:28:17,718 - INFO - Huawei CE6857F-48S6CQ 
2023-08-04 10:28:17,718 - INFO - <class 'str'>
2023-08-04 10:28:17,718 - INFO - Huawei CE6857F-48S6CQ 
2023-08-04 10:28:17,718 - INFO - <class 'str'>
2023-08-04 10:28:19,760 - INFO - <class 'dict'>
2023-08-04 10:28:19,760 - INFO - Huawei CE6857F-48S6CQ 
2023-08-04 10:28:19,760 - INFO - <class 'str'>
2023-08-04 10:28:19,760 - INFO - Huawei CE6857F-48S6CQ 
2023-08-04 10:28:19,760 - INFO - <class 'str'>
2023-08-04 10:28:19,772 - INFO - Huawei CE6857F-48S6CQ 
2023-08-04 10:28:19,773 - INFO - <class 'str'>
2023-08-04 10:28:19,773 - INFO - Huawei CE6857F-48S6CQ 
2023-08-04 10:28:19,773 - INFO - <class 'str'>
2023-08-04 10:28:21,817 - INFO - <class 'dict'>
2023-08-04 10:28:21,817 - INFO - UAWEI CE6855-48S6Q-HI 
2023-08-04 10:28:21,817 - INFO - <class 'str'>
2023-08-04 10:28:21,818 - INFO - UAWEI CE6855-48S6Q-HI 
2023-08-04 10:28:21,818 - INFO - <class 'str'>
2023-08-04 10:28:21,828 - INFO - UAWEI CE6855-48S6Q-HI 
2023-08-04 10:28:21,828 - INFO - <class 'str'>
2023-08-04 10:28:21,829 - INFO - UAWEI CE6855-48S6Q-HI 
2023-08-04 10:28:21,829 - INFO - <class 'str'>
2023-08-04 10:28:23,940 - INFO - <class 'dict'>
2023-08-04 10:28:23,940 - INFO - UAWEI CE6855-48S6Q-HI 
2023-08-04 10:28:23,940 - INFO - <class 'str'>
2023-08-04 10:28:23,940 - INFO - UAWEI CE6855-48S6Q-HI 
2023-08-04 10:28:23,941 - INFO - <class 'str'>
2023-08-04 10:28:23,951 - INFO - UAWEI CE6855-48S6Q-HI 
2023-08-04 10:28:23,951 - INFO - <class 'str'>
2023-08-04 10:28:23,951 - INFO - UAWEI CE6855-48S6Q-HI 
2023-08-04 10:28:23,952 - INFO - <class 'str'>
2023-08-04 10:28:26,189 - INFO - <class 'dict'>
2023-08-04 10:28:26,189 - INFO - UAWEI CE6855-48S6Q-HI 
2023-08-04 10:28:26,189 - INFO - <class 'str'>
2023-08-04 10:28:26,189 - INFO - UAWEI CE6855-48S6Q-HI 
2023-08-04 10:28:26,189 - INFO - <class 'str'>
2023-08-04 10:28:26,199 - INFO - UAWEI CE6855-48S6Q-HI 
2023-08-04 10:28:26,200 - INFO - <class 'str'>
2023-08-04 10:28:26,200 - INFO - UAWEI CE6855-48S6Q-HI 
2023-08-04 10:28:26,200 - INFO - <class 'str'>
2023-08-04 10:33:55,782 - INFO - <class 'dict'>
2023-08-04 10:33:55,783 - INFO - . Huawei CE6857F-48S6CQ 
2023-08-04 10:33:55,783 - INFO - <class 'str'>
2023-08-04 10:33:55,783 - INFO - . Huawei CE6857F-48S6CQ 
2023-08-04 10:33:55,783 - INFO - <class 'str'>
2023-08-04 10:33:55,794 - INFO - . Huawei CE6857F-48S6CQ 
2023-08-04 10:33:55,794 - INFO - <class 'str'>
2023-08-04 10:33:55,794 - INFO - . Huawei CE6857F-48S6CQ 
2023-08-04 10:33:55,794 - INFO - <class 'str'>
2023-08-04 10:33:57,747 - INFO - <class 'dict'>
2023-08-04 10:33:57,747 - INFO - . Huawei CE6857F-48S6CQ 
2023-08-04 10:33:57,747 - INFO - <class 'str'>
2023-08-04 10:33:57,747 - INFO - . Huawei CE6857F-48S6CQ 
2023-08-04 10:33:57,747 - INFO - <class 'str'>
2023-08-04 10:33:57,758 - INFO - . Huawei CE6857F-48S6CQ 
2023-08-04 10:33:57,758 - INFO - <class 'str'>
2023-08-04 10:33:57,758 - INFO - . Huawei CE6857F-48S6CQ 
2023-08-04 10:33:57,758 - INFO - <class 'str'>
2023-08-04 10:33:59,475 - INFO - <class 'dict'>
2023-08-04 10:33:59,475 - INFO -  HUAWEI CE6855-48S6Q-HI 
2023-08-04 10:33:59,476 - INFO - <class 'str'>
2023-08-04 10:33:59,476 - INFO -  HUAWEI CE6855-48S6Q-HI 
2023-08-04 10:33:59,476 - INFO - <class 'str'>
2023-08-04 10:33:59,487 - INFO -  HUAWEI CE6855-48S6Q-HI 
2023-08-04 10:33:59,487 - INFO - <class 'str'>
2023-08-04 10:33:59,487 - INFO -  HUAWEI CE6855-48S6Q-HI 
2023-08-04 10:33:59,487 - INFO - <class 'str'>
2023-08-04 10:34:01,628 - INFO - <class 'dict'>
2023-08-04 10:34:01,628 - INFO -  HUAWEI CE6855-48S6Q-HI 
2023-08-04 10:34:01,628 - INFO - <class 'str'>
2023-08-04 10:34:01,628 - INFO -  HUAWEI CE6855-48S6Q-HI 
2023-08-04 10:34:01,628 - INFO - <class 'str'>
2023-08-04 10:34:01,639 - INFO -  HUAWEI CE6855-48S6Q-HI 
2023-08-04 10:34:01,639 - INFO - <class 'str'>
2023-08-04 10:34:01,639 - INFO -  HUAWEI CE6855-48S6Q-HI 
2023-08-04 10:34:01,639 - INFO - <class 'str'>
2023-08-04 10:34:03,935 - INFO - <class 'dict'>
2023-08-04 10:34:03,935 - INFO -  HUAWEI CE6855-48S6Q-HI 
2023-08-04 10:34:03,935 - INFO - <class 'str'>
2023-08-04 10:34:03,936 - INFO -  HUAWEI CE6855-48S6Q-HI 
2023-08-04 10:34:03,936 - INFO - <class 'str'>
2023-08-04 10:34:03,946 - INFO -  HUAWEI CE6855-48S6Q-HI 
2023-08-04 10:34:03,946 - INFO - <class 'str'>
2023-08-04 10:34:03,946 - INFO -  HUAWEI CE6855-48S6Q-HI 
2023-08-04 10:34:03,947 - INFO - <class 'str'>
2023-08-04 10:35:41,622 - INFO - <class 'dict'>
2023-08-04 10:35:41,622 - INFO -  Huawei CE6857F-48S6CQ 
2023-08-04 10:35:41,623 - INFO - <class 'str'>
2023-08-04 10:35:41,623 - INFO -  Huawei CE6857F-48S6CQ 
2023-08-04 10:35:41,623 - INFO - <class 'str'>
2023-08-04 10:35:41,634 - INFO -  Huawei CE6857F-48S6CQ 
2023-08-04 10:35:41,634 - INFO - <class 'str'>
2023-08-04 10:35:41,634 - INFO -  Huawei CE6857F-48S6CQ 
2023-08-04 10:35:41,634 - INFO - <class 'str'>
2023-08-04 10:35:43,832 - INFO - <class 'dict'>
2023-08-04 10:35:43,832 - INFO -  Huawei CE6857F-48S6CQ 
2023-08-04 10:35:43,832 - INFO - <class 'str'>
2023-08-04 10:35:43,832 - INFO -  Huawei CE6857F-48S6CQ 
2023-08-04 10:35:43,832 - INFO - <class 'str'>
2023-08-04 10:35:43,842 - INFO -  Huawei CE6857F-48S6CQ 
2023-08-04 10:35:43,842 - INFO - <class 'str'>
2023-08-04 10:35:43,842 - INFO -  Huawei CE6857F-48S6CQ 
2023-08-04 10:35:43,842 - INFO - <class 'str'>
2023-08-04 10:35:45,550 - INFO - <class 'dict'>
2023-08-04 10:35:45,550 - INFO - HUAWEI CE6855-48S6Q-HI 
2023-08-04 10:35:45,550 - INFO - <class 'str'>
2023-08-04 10:35:45,550 - INFO - HUAWEI CE6855-48S6Q-HI 
2023-08-04 10:35:45,550 - INFO - <class 'str'>
2023-08-04 10:35:45,560 - INFO - HUAWEI CE6855-48S6Q-HI 
2023-08-04 10:35:45,560 - INFO - <class 'str'>
2023-08-04 10:35:45,560 - INFO - HUAWEI CE6855-48S6Q-HI 
2023-08-04 10:35:45,561 - INFO - <class 'str'>
2023-08-04 10:35:47,940 - INFO - <class 'dict'>
2023-08-04 10:35:47,940 - INFO - HUAWEI CE6855-48S6Q-HI 
2023-08-04 10:35:47,940 - INFO - <class 'str'>
2023-08-04 10:35:47,941 - INFO - HUAWEI CE6855-48S6Q-HI 
2023-08-04 10:35:47,941 - INFO - <class 'str'>
2023-08-04 10:35:47,951 - INFO - HUAWEI CE6855-48S6Q-HI 
2023-08-04 10:35:47,951 - INFO - <class 'str'>
2023-08-04 10:35:47,952 - INFO - HUAWEI CE6855-48S6Q-HI 
2023-08-04 10:35:47,952 - INFO - <class 'str'>
2023-08-04 10:35:50,275 - INFO - <class 'dict'>
2023-08-04 10:35:50,275 - INFO - HUAWEI CE6855-48S6Q-HI 
2023-08-04 10:35:50,275 - INFO - <class 'str'>
2023-08-04 10:35:50,276 - INFO - HUAWEI CE6855-48S6Q-HI 
2023-08-04 10:35:50,276 - INFO - <class 'str'>
2023-08-04 10:35:50,287 - INFO - HUAWEI CE6855-48S6Q-HI 
2023-08-04 10:35:50,287 - INFO - <class 'str'>
2023-08-04 10:35:50,287 - INFO - HUAWEI CE6855-48S6Q-HI 
2023-08-04 10:35:50,287 - INFO - <class 'str'>
2023-08-04 10:38:53,550 - INFO - <class 'dict'>
2023-08-04 10:38:53,550 - INFO -  Huawei CE6857F-48S6CQ 
2023-08-04 10:38:53,550 - INFO - Huawe
2023-08-04 10:38:53,550 - INFO - CE6857F-48S6CQ
2023-08-04 10:38:53,550 - INFO - ______________________
2023-08-04 10:38:53,550 - INFO -  Huawei CE6857F-48S6CQ 
2023-08-04 10:38:53,550 - INFO - Huawe
2023-08-04 10:38:53,550 - INFO - CE6857F-48S6CQ
2023-08-04 10:38:53,550 - INFO - ______________________
2023-08-04 10:38:53,563 - INFO -  Huawei CE6857F-48S6CQ 
2023-08-04 10:38:53,563 - INFO - Huawe
2023-08-04 10:38:53,563 - INFO - CE6857F-48S6CQ
2023-08-04 10:38:53,563 - INFO - ______________________
2023-08-04 10:38:53,563 - INFO -  Huawei CE6857F-48S6CQ 
2023-08-04 10:38:53,563 - INFO - Huawe
2023-08-04 10:38:53,563 - INFO - CE6857F-48S6CQ
2023-08-04 10:38:53,563 - INFO - ______________________
2023-08-04 10:38:55,677 - INFO - <class 'dict'>
2023-08-04 10:38:55,677 - INFO -  Huawei CE6857F-48S6CQ 
2023-08-04 10:38:55,677 - INFO - Huawe
2023-08-04 10:38:55,677 - INFO - CE6857F-48S6CQ
2023-08-04 10:38:55,678 - INFO - ______________________
2023-08-04 10:38:55,678 - INFO -  Huawei CE6857F-48S6CQ 
2023-08-04 10:38:55,678 - INFO - Huawe
2023-08-04 10:38:55,678 - INFO - CE6857F-48S6CQ
2023-08-04 10:38:55,678 - INFO - ______________________
2023-08-04 10:38:55,689 - INFO -  Huawei CE6857F-48S6CQ 
2023-08-04 10:38:55,689 - INFO - Huawe
2023-08-04 10:38:55,689 - INFO - CE6857F-48S6CQ
2023-08-04 10:38:55,689 - INFO - ______________________
2023-08-04 10:38:55,689 - INFO -  Huawei CE6857F-48S6CQ 
2023-08-04 10:38:55,689 - INFO - Huawe
2023-08-04 10:38:55,689 - INFO - CE6857F-48S6CQ
2023-08-04 10:38:55,689 - INFO - ______________________
2023-08-04 10:38:57,300 - INFO - <class 'dict'>
2023-08-04 10:38:57,300 - INFO - HUAWEI CE6855-48S6Q-HI 
2023-08-04 10:38:57,301 - INFO - HUAWEI
2023-08-04 10:38:57,301 - INFO - CE6855-48S6Q-HI
2023-08-04 10:38:57,301 - INFO - ______________________
2023-08-04 10:38:57,301 - INFO - HUAWEI CE6855-48S6Q-HI 
2023-08-04 10:38:57,301 - INFO - HUAWEI
2023-08-04 10:38:57,301 - INFO - CE6855-48S6Q-HI
2023-08-04 10:38:57,301 - INFO - ______________________
2023-08-04 10:38:57,313 - INFO - HUAWEI CE6855-48S6Q-HI 
2023-08-04 10:38:57,313 - INFO - HUAWEI
2023-08-04 10:38:57,313 - INFO - CE6855-48S6Q-HI
2023-08-04 10:38:57,313 - INFO - ______________________
2023-08-04 10:38:57,313 - INFO - HUAWEI CE6855-48S6Q-HI 
2023-08-04 10:38:57,313 - INFO - HUAWEI
2023-08-04 10:38:57,313 - INFO - CE6855-48S6Q-HI
2023-08-04 10:38:57,313 - INFO - ______________________
2023-08-04 10:38:59,408 - INFO - <class 'dict'>
2023-08-04 10:38:59,408 - INFO - HUAWEI CE6855-48S6Q-HI 
2023-08-04 10:38:59,408 - INFO - HUAWEI
2023-08-04 10:38:59,408 - INFO - CE6855-48S6Q-HI
2023-08-04 10:38:59,408 - INFO - ______________________
2023-08-04 10:38:59,409 - INFO - HUAWEI CE6855-48S6Q-HI 
2023-08-04 10:38:59,409 - INFO - HUAWEI
2023-08-04 10:38:59,409 - INFO - CE6855-48S6Q-HI
2023-08-04 10:38:59,409 - INFO - ______________________
2023-08-04 10:38:59,420 - INFO - HUAWEI CE6855-48S6Q-HI 
2023-08-04 10:38:59,420 - INFO - HUAWEI
2023-08-04 10:38:59,420 - INFO - CE6855-48S6Q-HI
2023-08-04 10:38:59,420 - INFO - ______________________
2023-08-04 10:38:59,420 - INFO - HUAWEI CE6855-48S6Q-HI 
2023-08-04 10:38:59,420 - INFO - HUAWEI
2023-08-04 10:38:59,420 - INFO - CE6855-48S6Q-HI
2023-08-04 10:38:59,420 - INFO - ______________________
2023-08-04 10:39:01,532 - INFO - <class 'dict'>
2023-08-04 10:39:01,532 - INFO - HUAWEI CE6855-48S6Q-HI 
2023-08-04 10:39:01,532 - INFO - HUAWEI
2023-08-04 10:39:01,532 - INFO - CE6855-48S6Q-HI
2023-08-04 10:39:01,532 - INFO - ______________________
2023-08-04 10:39:01,532 - INFO - HUAWEI CE6855-48S6Q-HI 
2023-08-04 10:39:01,532 - INFO - HUAWEI
2023-08-04 10:39:01,532 - INFO - CE6855-48S6Q-HI
2023-08-04 10:39:01,532 - INFO - ______________________
2023-08-04 10:39:01,543 - INFO - HUAWEI CE6855-48S6Q-HI 
2023-08-04 10:39:01,543 - INFO - HUAWEI
2023-08-04 10:39:01,543 - INFO - CE6855-48S6Q-HI
2023-08-04 10:39:01,543 - INFO - ______________________
2023-08-04 10:39:01,543 - INFO - HUAWEI CE6855-48S6Q-HI 
2023-08-04 10:39:01,543 - INFO - HUAWEI
2023-08-04 10:39:01,543 - INFO - CE6855-48S6Q-HI
2023-08-04 10:39:01,543 - INFO - ______________________
2023-08-04 10:40:13,409 - INFO - <class 'dict'>
2023-08-04 10:40:13,410 - INFO -  Huawei CE6857F-48S6CQ 
2023-08-04 10:40:13,410 - INFO - Huawe
2023-08-04 10:40:13,410 - INFO - CE6857F-48S6CQ
2023-08-04 10:40:13,410 - INFO - ______________________
2023-08-04 10:40:13,410 - INFO -  Huawei CE6857F-48S6CQ 
2023-08-04 10:40:13,410 - INFO - Huawe
2023-08-04 10:40:13,410 - INFO - CE6857F-48S6CQ
2023-08-04 10:40:13,410 - INFO - ______________________
2023-08-04 10:40:13,421 - INFO -  Huawei CE6857F-48S6CQ 
2023-08-04 10:40:13,421 - INFO - Huawe
2023-08-04 10:40:13,422 - INFO - CE6857F-48S6CQ
2023-08-04 10:40:13,422 - INFO - ______________________
2023-08-04 10:40:13,422 - INFO -  Huawei CE6857F-48S6CQ 
2023-08-04 10:40:13,422 - INFO - Huawe
2023-08-04 10:40:13,422 - INFO - CE6857F-48S6CQ
2023-08-04 10:40:13,422 - INFO - ______________________
2023-08-04 10:40:15,419 - INFO - <class 'dict'>
2023-08-04 10:40:15,419 - INFO -  Huawei CE6857F-48S6CQ 
2023-08-04 10:40:15,420 - INFO - Huawe
2023-08-04 10:40:15,420 - INFO - CE6857F-48S6CQ
2023-08-04 10:40:15,420 - INFO - ______________________
2023-08-04 10:40:15,420 - INFO -  Huawei CE6857F-48S6CQ 
2023-08-04 10:40:15,420 - INFO - Huawe
2023-08-04 10:40:15,420 - INFO - CE6857F-48S6CQ
2023-08-04 10:40:15,420 - INFO - ______________________
2023-08-04 10:40:15,433 - INFO -  Huawei CE6857F-48S6CQ 
2023-08-04 10:40:15,433 - INFO - Huawe
2023-08-04 10:40:15,433 - INFO - CE6857F-48S6CQ
2023-08-04 10:40:15,433 - INFO - ______________________
2023-08-04 10:40:15,433 - INFO -  Huawei CE6857F-48S6CQ 
2023-08-04 10:40:15,433 - INFO - Huawe
2023-08-04 10:40:15,433 - INFO - CE6857F-48S6CQ
2023-08-04 10:40:15,433 - INFO - ______________________
2023-08-04 10:40:17,203 - INFO - <class 'dict'>
2023-08-04 10:40:17,203 - INFO - HUAWEI CE6855-48S6Q-HI 
2023-08-04 10:40:17,203 - INFO - HUAWEI
2023-08-04 10:40:17,203 - INFO - CE6855-48S6Q-HI
2023-08-04 10:40:17,204 - INFO - ______________________
2023-08-04 10:40:17,204 - INFO - HUAWEI CE6855-48S6Q-HI 
2023-08-04 10:40:17,204 - INFO - HUAWEI
2023-08-04 10:40:17,204 - INFO - CE6855-48S6Q-HI
2023-08-04 10:40:17,204 - INFO - ______________________
2023-08-04 10:40:17,215 - INFO - HUAWEI CE6855-48S6Q-HI 
2023-08-04 10:40:17,215 - INFO - HUAWEI
2023-08-04 10:40:17,215 - INFO - CE6855-48S6Q-HI
2023-08-04 10:40:17,215 - INFO - ______________________
2023-08-04 10:40:17,215 - INFO - HUAWEI CE6855-48S6Q-HI 
2023-08-04 10:40:17,215 - INFO - HUAWEI
2023-08-04 10:40:17,215 - INFO - CE6855-48S6Q-HI
2023-08-04 10:40:17,215 - INFO - ______________________
2023-08-04 10:40:19,419 - INFO - <class 'dict'>
2023-08-04 10:40:19,419 - INFO - HUAWEI CE6855-48S6Q-HI 
2023-08-04 10:40:19,419 - INFO - HUAWEI
2023-08-04 10:40:19,419 - INFO - CE6855-48S6Q-HI
2023-08-04 10:40:19,419 - INFO - ______________________
2023-08-04 10:40:19,420 - INFO - HUAWEI CE6855-48S6Q-HI 
2023-08-04 10:40:19,420 - INFO - HUAWEI
2023-08-04 10:40:19,420 - INFO - CE6855-48S6Q-HI
2023-08-04 10:40:19,420 - INFO - ______________________
2023-08-04 10:40:19,429 - INFO - HUAWEI CE6855-48S6Q-HI 
2023-08-04 10:40:19,430 - INFO - HUAWEI
2023-08-04 10:40:19,430 - INFO - CE6855-48S6Q-HI
2023-08-04 10:40:19,430 - INFO - ______________________
2023-08-04 10:40:19,430 - INFO - HUAWEI CE6855-48S6Q-HI 
2023-08-04 10:40:19,430 - INFO - HUAWEI
2023-08-04 10:40:19,430 - INFO - CE6855-48S6Q-HI
2023-08-04 10:40:19,430 - INFO - ______________________
2023-08-04 10:40:21,802 - INFO - <class 'dict'>
2023-08-04 10:40:21,802 - INFO - HUAWEI CE6855-48S6Q-HI 
2023-08-04 10:40:21,802 - INFO - HUAWEI
2023-08-04 10:40:21,802 - INFO - CE6855-48S6Q-HI
2023-08-04 10:40:21,803 - INFO - ______________________
2023-08-04 10:40:21,803 - INFO - HUAWEI CE6855-48S6Q-HI 
2023-08-04 10:40:21,803 - INFO - HUAWEI
2023-08-04 10:40:21,803 - INFO - CE6855-48S6Q-HI
2023-08-04 10:40:21,803 - INFO - ______________________
2023-08-04 10:40:21,813 - INFO - HUAWEI CE6855-48S6Q-HI 
2023-08-04 10:40:21,813 - INFO - HUAWEI
2023-08-04 10:40:21,813 - INFO - CE6855-48S6Q-HI
2023-08-04 10:40:21,813 - INFO - ______________________
2023-08-04 10:40:21,814 - INFO - HUAWEI CE6855-48S6Q-HI 
2023-08-04 10:40:21,814 - INFO - HUAWEI
2023-08-04 10:40:21,814 - INFO - CE6855-48S6Q-HI
2023-08-04 10:40:21,814 - INFO - ______________________
2023-08-04 10:41:30,279 - INFO - <class 'dict'>
2023-08-04 10:41:30,280 - INFO - . Huawei CE6857F-48S6CQ
2023-08-04 10:41:30,280 - INFO - . Huaw
2023-08-04 10:41:30,280 - INFO - i CE6857F-48S6CQ
2023-08-04 10:41:30,280 - INFO - ______________________
2023-08-04 10:41:30,280 - INFO - . Huawei CE6857F-48S6CQ
2023-08-04 10:41:30,280 - INFO - . Huaw
2023-08-04 10:41:30,280 - INFO - i CE6857F-48S6CQ
2023-08-04 10:41:30,280 - INFO - ______________________
2023-08-04 10:41:30,291 - INFO - . Huawei CE6857F-48S6CQ
2023-08-04 10:41:30,291 - INFO - . Huaw
2023-08-04 10:41:30,291 - INFO - i CE6857F-48S6CQ
2023-08-04 10:41:30,291 - INFO - ______________________
2023-08-04 10:41:30,291 - INFO - . Huawei CE6857F-48S6CQ
2023-08-04 10:41:30,291 - INFO - . Huaw
2023-08-04 10:41:30,292 - INFO - i CE6857F-48S6CQ
2023-08-04 10:41:30,292 - INFO - ______________________
2023-08-04 10:41:32,341 - INFO - <class 'dict'>
2023-08-04 10:41:32,341 - INFO - . Huawei CE6857F-48S6CQ
2023-08-04 10:41:32,341 - INFO - . Huaw
2023-08-04 10:41:32,341 - INFO - i CE6857F-48S6CQ
2023-08-04 10:41:32,341 - INFO - ______________________
2023-08-04 10:41:32,341 - INFO - . Huawei CE6857F-48S6CQ
2023-08-04 10:41:32,341 - INFO - . Huaw
2023-08-04 10:41:32,341 - INFO - i CE6857F-48S6CQ
2023-08-04 10:41:32,341 - INFO - ______________________
2023-08-04 10:41:32,353 - INFO - . Huawei CE6857F-48S6CQ
2023-08-04 10:41:32,353 - INFO - . Huaw
2023-08-04 10:41:32,353 - INFO - i CE6857F-48S6CQ
2023-08-04 10:41:32,353 - INFO - ______________________
2023-08-04 10:41:32,353 - INFO - . Huawei CE6857F-48S6CQ
2023-08-04 10:41:32,353 - INFO - . Huaw
2023-08-04 10:41:32,353 - INFO - i CE6857F-48S6CQ
2023-08-04 10:41:32,353 - INFO - ______________________
2023-08-04 10:41:34,206 - INFO - <class 'dict'>
2023-08-04 10:41:34,206 - INFO -  HUAWEI CE6855-48S6Q-HI
2023-08-04 10:41:34,206 - INFO -  HUAWE
2023-08-04 10:41:34,206 - INFO -  CE6855-48S6Q-HI
2023-08-04 10:41:34,206 - INFO - ______________________
2023-08-04 10:41:34,207 - INFO -  HUAWEI CE6855-48S6Q-HI
2023-08-04 10:41:34,207 - INFO -  HUAWE
2023-08-04 10:41:34,207 - INFO -  CE6855-48S6Q-HI
2023-08-04 10:41:34,207 - INFO - ______________________
2023-08-04 10:41:34,217 - INFO -  HUAWEI CE6855-48S6Q-HI
2023-08-04 10:41:34,217 - INFO -  HUAWE
2023-08-04 10:41:34,217 - INFO -  CE6855-48S6Q-HI
2023-08-04 10:41:34,217 - INFO - ______________________
2023-08-04 10:41:34,217 - INFO -  HUAWEI CE6855-48S6Q-HI
2023-08-04 10:41:34,217 - INFO -  HUAWE
2023-08-04 10:41:34,217 - INFO -  CE6855-48S6Q-HI
2023-08-04 10:41:34,217 - INFO - ______________________
2023-08-04 10:41:36,509 - INFO - <class 'dict'>
2023-08-04 10:41:36,509 - INFO -  HUAWEI CE6855-48S6Q-HI
2023-08-04 10:41:36,509 - INFO -  HUAWE
2023-08-04 10:41:36,510 - INFO -  CE6855-48S6Q-HI
2023-08-04 10:41:36,510 - INFO - ______________________
2023-08-04 10:41:36,510 - INFO -  HUAWEI CE6855-48S6Q-HI
2023-08-04 10:41:36,510 - INFO -  HUAWE
2023-08-04 10:41:36,510 - INFO -  CE6855-48S6Q-HI
2023-08-04 10:41:36,510 - INFO - ______________________
2023-08-04 10:41:36,521 - INFO -  HUAWEI CE6855-48S6Q-HI
2023-08-04 10:41:36,521 - INFO -  HUAWE
2023-08-04 10:41:36,521 - INFO -  CE6855-48S6Q-HI
2023-08-04 10:41:36,521 - INFO - ______________________
2023-08-04 10:41:36,521 - INFO -  HUAWEI CE6855-48S6Q-HI
2023-08-04 10:41:36,521 - INFO -  HUAWE
2023-08-04 10:41:36,521 - INFO -  CE6855-48S6Q-HI
2023-08-04 10:41:36,521 - INFO - ______________________
2023-08-04 10:41:38,733 - INFO - <class 'dict'>
2023-08-04 10:41:38,734 - INFO -  HUAWEI CE6855-48S6Q-HI
2023-08-04 10:41:38,734 - INFO -  HUAWE
2023-08-04 10:41:38,734 - INFO -  CE6855-48S6Q-HI
2023-08-04 10:41:38,734 - INFO - ______________________
2023-08-04 10:41:38,734 - INFO -  HUAWEI CE6855-48S6Q-HI
2023-08-04 10:41:38,734 - INFO -  HUAWE
2023-08-04 10:41:38,734 - INFO -  CE6855-48S6Q-HI
2023-08-04 10:41:38,734 - INFO - ______________________
2023-08-04 10:41:38,748 - INFO -  HUAWEI CE6855-48S6Q-HI
2023-08-04 10:41:38,748 - INFO -  HUAWE
2023-08-04 10:41:38,748 - INFO -  CE6855-48S6Q-HI
2023-08-04 10:41:38,748 - INFO - ______________________
2023-08-04 10:41:38,749 - INFO -  HUAWEI CE6855-48S6Q-HI
2023-08-04 10:41:38,749 - INFO -  HUAWE
2023-08-04 10:41:38,749 - INFO -  CE6855-48S6Q-HI
2023-08-04 10:41:38,749 - INFO - ______________________
2023-08-04 10:42:11,715 - INFO - <class 'dict'>
2023-08-04 10:42:11,716 - INFO -  Huawei CE6857F-48S6CQ
2023-08-04 10:42:11,716 - INFO -  Huawe
2023-08-04 10:42:11,716 - INFO -  CE6857F-48S6CQ
2023-08-04 10:42:11,716 - INFO - +++++++++++++++++++++++++++
2023-08-04 10:42:11,716 - INFO -  Huawei CE6857F-48S6CQ
2023-08-04 10:42:11,716 - INFO -  Huawe
2023-08-04 10:42:11,716 - INFO -  CE6857F-48S6CQ
2023-08-04 10:42:11,716 - INFO - +++++++++++++++++++++++++++
2023-08-04 10:42:11,727 - INFO -  Huawei CE6857F-48S6CQ
2023-08-04 10:42:11,727 - INFO -  Huawe
2023-08-04 10:42:11,727 - INFO -  CE6857F-48S6CQ
2023-08-04 10:42:11,727 - INFO - +++++++++++++++++++++++++++
2023-08-04 10:42:11,727 - INFO -  Huawei CE6857F-48S6CQ
2023-08-04 10:42:11,727 - INFO -  Huawe
2023-08-04 10:42:11,727 - INFO -  CE6857F-48S6CQ
2023-08-04 10:42:11,728 - INFO - +++++++++++++++++++++++++++
2023-08-04 10:42:13,777 - INFO - <class 'dict'>
2023-08-04 10:42:13,777 - INFO -  Huawei CE6857F-48S6CQ
2023-08-04 10:42:13,777 - INFO -  Huawe
2023-08-04 10:42:13,777 - INFO -  CE6857F-48S6CQ
2023-08-04 10:42:13,777 - INFO - +++++++++++++++++++++++++++
2023-08-04 10:42:13,777 - INFO -  Huawei CE6857F-48S6CQ
2023-08-04 10:42:13,778 - INFO -  Huawe
2023-08-04 10:42:13,778 - INFO -  CE6857F-48S6CQ
2023-08-04 10:42:13,778 - INFO - +++++++++++++++++++++++++++
2023-08-04 10:42:13,789 - INFO -  Huawei CE6857F-48S6CQ
2023-08-04 10:42:13,789 - INFO -  Huawe
2023-08-04 10:42:13,789 - INFO -  CE6857F-48S6CQ
2023-08-04 10:42:13,789 - INFO - +++++++++++++++++++++++++++
2023-08-04 10:42:13,789 - INFO -  Huawei CE6857F-48S6CQ
2023-08-04 10:42:13,789 - INFO -  Huawe
2023-08-04 10:42:13,789 - INFO -  CE6857F-48S6CQ
2023-08-04 10:42:13,789 - INFO - +++++++++++++++++++++++++++
2023-08-04 10:42:15,866 - INFO - <class 'dict'>
2023-08-04 10:42:15,866 - INFO - HUAWEI CE6855-48S6Q-HI
2023-08-04 10:42:15,866 - INFO - HUAWEI
2023-08-04 10:42:15,866 - INFO - CE6855-48S6Q-HI
2023-08-04 10:42:15,866 - INFO - +++++++++++++++++++++++++++
2023-08-04 10:42:15,866 - INFO - HUAWEI CE6855-48S6Q-HI
2023-08-04 10:42:15,866 - INFO - HUAWEI
2023-08-04 10:42:15,866 - INFO - CE6855-48S6Q-HI
2023-08-04 10:42:15,866 - INFO - +++++++++++++++++++++++++++
2023-08-04 10:42:15,880 - INFO - HUAWEI CE6855-48S6Q-HI
2023-08-04 10:42:15,880 - INFO - HUAWEI
2023-08-04 10:42:15,880 - INFO - CE6855-48S6Q-HI
2023-08-04 10:42:15,880 - INFO - +++++++++++++++++++++++++++
2023-08-04 10:42:15,881 - INFO - HUAWEI CE6855-48S6Q-HI
2023-08-04 10:42:15,881 - INFO - HUAWEI
2023-08-04 10:42:15,881 - INFO - CE6855-48S6Q-HI
2023-08-04 10:42:15,881 - INFO - +++++++++++++++++++++++++++
2023-08-04 10:42:18,076 - INFO - <class 'dict'>
2023-08-04 10:42:18,076 - INFO - HUAWEI CE6855-48S6Q-HI
2023-08-04 10:42:18,076 - INFO - HUAWEI
2023-08-04 10:42:18,077 - INFO - CE6855-48S6Q-HI
2023-08-04 10:42:18,077 - INFO - +++++++++++++++++++++++++++
2023-08-04 10:42:18,077 - INFO - HUAWEI CE6855-48S6Q-HI
2023-08-04 10:42:18,077 - INFO - HUAWEI
2023-08-04 10:42:18,077 - INFO - CE6855-48S6Q-HI
2023-08-04 10:42:18,077 - INFO - +++++++++++++++++++++++++++
2023-08-04 10:42:18,090 - INFO - HUAWEI CE6855-48S6Q-HI
2023-08-04 10:42:18,090 - INFO - HUAWEI
2023-08-04 10:42:18,091 - INFO - CE6855-48S6Q-HI
2023-08-04 10:42:18,091 - INFO - +++++++++++++++++++++++++++
2023-08-04 10:42:18,091 - INFO - HUAWEI CE6855-48S6Q-HI
2023-08-04 10:42:18,091 - INFO - HUAWEI
2023-08-04 10:42:18,091 - INFO - CE6855-48S6Q-HI
2023-08-04 10:42:18,091 - INFO - +++++++++++++++++++++++++++
2023-08-04 10:42:20,324 - INFO - <class 'dict'>
2023-08-04 10:42:20,324 - INFO - HUAWEI CE6855-48S6Q-HI
2023-08-04 10:42:20,324 - INFO - HUAWEI
2023-08-04 10:42:20,324 - INFO - CE6855-48S6Q-HI
2023-08-04 10:42:20,324 - INFO - +++++++++++++++++++++++++++
2023-08-04 10:42:20,325 - INFO - HUAWEI CE6855-48S6Q-HI
2023-08-04 10:42:20,325 - INFO - HUAWEI
2023-08-04 10:42:20,325 - INFO - CE6855-48S6Q-HI
2023-08-04 10:42:20,325 - INFO - +++++++++++++++++++++++++++
2023-08-04 10:42:20,336 - INFO - HUAWEI CE6855-48S6Q-HI
2023-08-04 10:42:20,336 - INFO - HUAWEI
2023-08-04 10:42:20,336 - INFO - CE6855-48S6Q-HI
2023-08-04 10:42:20,336 - INFO - +++++++++++++++++++++++++++
2023-08-04 10:42:20,336 - INFO - HUAWEI CE6855-48S6Q-HI
2023-08-04 10:42:20,336 - INFO - HUAWEI
2023-08-04 10:42:20,336 - INFO - CE6855-48S6Q-HI
2023-08-04 10:42:20,336 - INFO - +++++++++++++++++++++++++++
2023-08-04 10:44:53,450 - INFO - <class 'dict'>
2023-08-04 10:44:53,450 - INFO - HuaweiVersatileRoutingPlatformSoftwareVRP(R)software,Version8.210(CE6857FV200R021C00SPC200)Copyright(C)2012-2021HuaweiTechnologiesCo.,Ltd.HuaweiCE6857F-48S6CQ
2023-08-04 10:44:53,450 - INFO - d.HuaweiCE6857F-48S6CQ
2023-08-04 10:44:53,450 - INFO - d.Huaw
2023-08-04 10:44:53,450 - INFO - iCE6857F-48S6CQ
2023-08-04 10:44:53,450 - INFO - +++++++++++++++++++++++++++
2023-08-04 10:44:53,450 - INFO - HuaweiVersatileRoutingPlatformSoftwareVRP(R)software,Version8.210(CE6857FV200R021C00SPC200)Copyright(C)2012-2021HuaweiTechnologiesCo.,Ltd.HuaweiCE6857F-48S6CQ
2023-08-04 10:44:53,450 - INFO - d.HuaweiCE6857F-48S6CQ
2023-08-04 10:44:53,450 - INFO - d.Huaw
2023-08-04 10:44:53,450 - INFO - iCE6857F-48S6CQ
2023-08-04 10:44:53,451 - INFO - +++++++++++++++++++++++++++
2023-08-04 10:44:53,462 - INFO - HuaweiVersatileRoutingPlatformSoftwareVRP(R)software,Version8.210(CE6857FV200R021C00SPC200)Copyright(C)2012-2021HuaweiTechnologiesCo.,Ltd.HuaweiCE6857F-48S6CQ
2023-08-04 10:44:53,462 - INFO - d.HuaweiCE6857F-48S6CQ
2023-08-04 10:44:53,462 - INFO - d.Huaw
2023-08-04 10:44:53,462 - INFO - iCE6857F-48S6CQ
2023-08-04 10:44:53,462 - INFO - +++++++++++++++++++++++++++
2023-08-04 10:44:53,462 - INFO - HuaweiVersatileRoutingPlatformSoftwareVRP(R)software,Version8.210(CE6857FV200R021C00SPC200)Copyright(C)2012-2021HuaweiTechnologiesCo.,Ltd.HuaweiCE6857F-48S6CQ
2023-08-04 10:44:53,462 - INFO - d.HuaweiCE6857F-48S6CQ
2023-08-04 10:44:53,462 - INFO - d.Huaw
2023-08-04 10:44:53,463 - INFO - iCE6857F-48S6CQ
2023-08-04 10:44:53,463 - INFO - +++++++++++++++++++++++++++
2023-08-04 10:44:55,482 - INFO - <class 'dict'>
2023-08-04 10:44:55,482 - INFO - HuaweiVersatileRoutingPlatformSoftwareVRP(R)software,Version8.210(CE6857FV200R021C00SPC200)Copyright(C)2012-2021HuaweiTechnologiesCo.,Ltd.HuaweiCE6857F-48S6CQ
2023-08-04 10:44:55,482 - INFO - d.HuaweiCE6857F-48S6CQ
2023-08-04 10:44:55,482 - INFO - d.Huaw
2023-08-04 10:44:55,482 - INFO - iCE6857F-48S6CQ
2023-08-04 10:44:55,483 - INFO - +++++++++++++++++++++++++++
2023-08-04 10:44:55,483 - INFO - HuaweiVersatileRoutingPlatformSoftwareVRP(R)software,Version8.210(CE6857FV200R021C00SPC200)Copyright(C)2012-2021HuaweiTechnologiesCo.,Ltd.HuaweiCE6857F-48S6CQ
2023-08-04 10:44:55,483 - INFO - d.HuaweiCE6857F-48S6CQ
2023-08-04 10:44:55,483 - INFO - d.Huaw
2023-08-04 10:44:55,483 - INFO - iCE6857F-48S6CQ
2023-08-04 10:44:55,483 - INFO - +++++++++++++++++++++++++++
2023-08-04 10:44:55,494 - INFO - HuaweiVersatileRoutingPlatformSoftwareVRP(R)software,Version8.210(CE6857FV200R021C00SPC200)Copyright(C)2012-2021HuaweiTechnologiesCo.,Ltd.HuaweiCE6857F-48S6CQ
2023-08-04 10:44:55,494 - INFO - d.HuaweiCE6857F-48S6CQ
2023-08-04 10:44:55,494 - INFO - d.Huaw
2023-08-04 10:44:55,494 - INFO - iCE6857F-48S6CQ
2023-08-04 10:44:55,494 - INFO - +++++++++++++++++++++++++++
2023-08-04 10:44:55,494 - INFO - HuaweiVersatileRoutingPlatformSoftwareVRP(R)software,Version8.210(CE6857FV200R021C00SPC200)Copyright(C)2012-2021HuaweiTechnologiesCo.,Ltd.HuaweiCE6857F-48S6CQ
2023-08-04 10:44:55,494 - INFO - d.HuaweiCE6857F-48S6CQ
2023-08-04 10:44:55,494 - INFO - d.Huaw
2023-08-04 10:44:55,494 - INFO - iCE6857F-48S6CQ
2023-08-04 10:44:55,494 - INFO - +++++++++++++++++++++++++++
2023-08-04 10:44:57,231 - INFO - <class 'dict'>
2023-08-04 10:44:57,231 - INFO - HuaweiVersatileRoutingPlatformSoftwareVRP(R)software,Version8.150(CE6855HIV200R002C50SPC800)Copyright(C)2012-2017HuaweiTechnologiesCo.,Ltd.HUAWEICE6855-48S6Q-HI
2023-08-04 10:44:57,231 - INFO - .HUAWEICE6855-48S6Q-HI
2023-08-04 10:44:57,231 - INFO - .HUAWE
2023-08-04 10:44:57,231 - INFO - CE6855-48S6Q-HI
2023-08-04 10:44:57,231 - INFO - +++++++++++++++++++++++++++
2023-08-04 10:44:57,231 - INFO - HuaweiVersatileRoutingPlatformSoftwareVRP(R)software,Version8.150(CE6855HIV200R002C50SPC800)Copyright(C)2012-2017HuaweiTechnologiesCo.,Ltd.HUAWEICE6855-48S6Q-HI
2023-08-04 10:44:57,231 - INFO - .HUAWEICE6855-48S6Q-HI
2023-08-04 10:44:57,231 - INFO - .HUAWE
2023-08-04 10:44:57,231 - INFO - CE6855-48S6Q-HI
2023-08-04 10:44:57,231 - INFO - +++++++++++++++++++++++++++
2023-08-04 10:44:57,243 - INFO - HuaweiVersatileRoutingPlatformSoftwareVRP(R)software,Version8.150(CE6855HIV200R002C50SPC800)Copyright(C)2012-2017HuaweiTechnologiesCo.,Ltd.HUAWEICE6855-48S6Q-HI
2023-08-04 10:44:57,243 - INFO - .HUAWEICE6855-48S6Q-HI
2023-08-04 10:44:57,243 - INFO - .HUAWE
2023-08-04 10:44:57,243 - INFO - CE6855-48S6Q-HI
2023-08-04 10:44:57,243 - INFO - +++++++++++++++++++++++++++
2023-08-04 10:44:57,243 - INFO - HuaweiVersatileRoutingPlatformSoftwareVRP(R)software,Version8.150(CE6855HIV200R002C50SPC800)Copyright(C)2012-2017HuaweiTechnologiesCo.,Ltd.HUAWEICE6855-48S6Q-HI
2023-08-04 10:44:57,243 - INFO - .HUAWEICE6855-48S6Q-HI
2023-08-04 10:44:57,243 - INFO - .HUAWE
2023-08-04 10:44:57,243 - INFO - CE6855-48S6Q-HI
2023-08-04 10:44:57,243 - INFO - +++++++++++++++++++++++++++
2023-08-04 10:44:59,432 - INFO - <class 'dict'>
2023-08-04 10:44:59,432 - INFO - HuaweiVersatileRoutingPlatformSoftwareVRP(R)software,Version8.180(CE6855HIV200R005C10SPC800)Copyright(C)2012-2018HuaweiTechnologiesCo.,Ltd.HUAWEICE6855-48S6Q-HI
2023-08-04 10:44:59,432 - INFO - .HUAWEICE6855-48S6Q-HI
2023-08-04 10:44:59,432 - INFO - .HUAWE
2023-08-04 10:44:59,432 - INFO - CE6855-48S6Q-HI
2023-08-04 10:44:59,432 - INFO - +++++++++++++++++++++++++++
2023-08-04 10:44:59,433 - INFO - HuaweiVersatileRoutingPlatformSoftwareVRP(R)software,Version8.180(CE6855HIV200R005C10SPC800)Copyright(C)2012-2018HuaweiTechnologiesCo.,Ltd.HUAWEICE6855-48S6Q-HI
2023-08-04 10:44:59,433 - INFO - .HUAWEICE6855-48S6Q-HI
2023-08-04 10:44:59,433 - INFO - .HUAWE
2023-08-04 10:44:59,433 - INFO - CE6855-48S6Q-HI
2023-08-04 10:44:59,433 - INFO - +++++++++++++++++++++++++++
2023-08-04 10:44:59,443 - INFO - HuaweiVersatileRoutingPlatformSoftwareVRP(R)software,Version8.180(CE6855HIV200R005C10SPC800)Copyright(C)2012-2018HuaweiTechnologiesCo.,Ltd.HUAWEICE6855-48S6Q-HI
2023-08-04 10:44:59,443 - INFO - .HUAWEICE6855-48S6Q-HI
2023-08-04 10:44:59,443 - INFO - .HUAWE
2023-08-04 10:44:59,444 - INFO - CE6855-48S6Q-HI
2023-08-04 10:44:59,444 - INFO - +++++++++++++++++++++++++++
2023-08-04 10:44:59,444 - INFO - HuaweiVersatileRoutingPlatformSoftwareVRP(R)software,Version8.180(CE6855HIV200R005C10SPC800)Copyright(C)2012-2018HuaweiTechnologiesCo.,Ltd.HUAWEICE6855-48S6Q-HI
2023-08-04 10:44:59,444 - INFO - .HUAWEICE6855-48S6Q-HI
2023-08-04 10:44:59,444 - INFO - .HUAWE
2023-08-04 10:44:59,444 - INFO - CE6855-48S6Q-HI
2023-08-04 10:44:59,444 - INFO - +++++++++++++++++++++++++++
2023-08-04 10:45:01,521 - INFO - <class 'dict'>
2023-08-04 10:45:01,521 - INFO - HuaweiVersatileRoutingPlatformSoftwareVRP(R)software,Version8.180(CE6855HIV200R005C10SPC800)Copyright(C)2012-2018HuaweiTechnologiesCo.,Ltd.HUAWEICE6855-48S6Q-HI
2023-08-04 10:45:01,521 - INFO - .HUAWEICE6855-48S6Q-HI
2023-08-04 10:45:01,521 - INFO - .HUAWE
2023-08-04 10:45:01,521 - INFO - CE6855-48S6Q-HI
2023-08-04 10:45:01,521 - INFO - +++++++++++++++++++++++++++
2023-08-04 10:45:01,522 - INFO - HuaweiVersatileRoutingPlatformSoftwareVRP(R)software,Version8.180(CE6855HIV200R005C10SPC800)Copyright(C)2012-2018HuaweiTechnologiesCo.,Ltd.HUAWEICE6855-48S6Q-HI
2023-08-04 10:45:01,522 - INFO - .HUAWEICE6855-48S6Q-HI
2023-08-04 10:45:01,522 - INFO - .HUAWE
2023-08-04 10:45:01,522 - INFO - CE6855-48S6Q-HI
2023-08-04 10:45:01,522 - INFO - +++++++++++++++++++++++++++
2023-08-04 10:45:01,533 - INFO - HuaweiVersatileRoutingPlatformSoftwareVRP(R)software,Version8.180(CE6855HIV200R005C10SPC800)Copyright(C)2012-2018HuaweiTechnologiesCo.,Ltd.HUAWEICE6855-48S6Q-HI
2023-08-04 10:45:01,533 - INFO - .HUAWEICE6855-48S6Q-HI
2023-08-04 10:45:01,533 - INFO - .HUAWE
2023-08-04 10:45:01,533 - INFO - CE6855-48S6Q-HI
2023-08-04 10:45:01,533 - INFO - +++++++++++++++++++++++++++
2023-08-04 10:45:01,533 - INFO - HuaweiVersatileRoutingPlatformSoftwareVRP(R)software,Version8.180(CE6855HIV200R005C10SPC800)Copyright(C)2012-2018HuaweiTechnologiesCo.,Ltd.HUAWEICE6855-48S6Q-HI
2023-08-04 10:45:01,533 - INFO - .HUAWEICE6855-48S6Q-HI
2023-08-04 10:45:01,533 - INFO - .HUAWE
2023-08-04 10:45:01,533 - INFO - CE6855-48S6Q-HI
2023-08-04 10:45:01,533 - INFO - +++++++++++++++++++++++++++
2023-08-04 10:49:26,397 - INFO - <class 'dict'>
2023-08-04 10:49:26,398 - INFO - HuaweiVersatileRoutingPlatformSoftwareVRP(R)software,Version8.210(CE6857FV200R021C00SPC200)Copyright(C)2012-2021HuaweiTechnologiesCo.,Ltd.HuaweiCE6857F-48S6CQ
2023-08-04 10:49:26,398 - INFO - .HuaweiCE6857F-48S6CQ
2023-08-04 10:49:26,398 - INFO - .Huawe
2023-08-04 10:49:26,398 - INFO - CE6857F-48S6CQ
2023-08-04 10:49:26,398 - INFO - +++++++++++++++++++++++++++
2023-08-04 10:49:26,398 - INFO - HuaweiVersatileRoutingPlatformSoftwareVRP(R)software,Version8.210(CE6857FV200R021C00SPC200)Copyright(C)2012-2021HuaweiTechnologiesCo.,Ltd.HuaweiCE6857F-48S6CQ
2023-08-04 10:49:26,398 - INFO - .HuaweiCE6857F-48S6CQ
2023-08-04 10:49:26,398 - INFO - .Huawe
2023-08-04 10:49:26,398 - INFO - CE6857F-48S6CQ
2023-08-04 10:49:26,398 - INFO - +++++++++++++++++++++++++++
2023-08-04 10:49:26,409 - INFO - HuaweiVersatileRoutingPlatformSoftwareVRP(R)software,Version8.210(CE6857FV200R021C00SPC200)Copyright(C)2012-2021HuaweiTechnologiesCo.,Ltd.HuaweiCE6857F-48S6CQ
2023-08-04 10:49:26,409 - INFO - .HuaweiCE6857F-48S6CQ
2023-08-04 10:49:26,409 - INFO - .Huawe
2023-08-04 10:49:26,409 - INFO - CE6857F-48S6CQ
2023-08-04 10:49:26,409 - INFO - +++++++++++++++++++++++++++
2023-08-04 10:49:26,409 - INFO - HuaweiVersatileRoutingPlatformSoftwareVRP(R)software,Version8.210(CE6857FV200R021C00SPC200)Copyright(C)2012-2021HuaweiTechnologiesCo.,Ltd.HuaweiCE6857F-48S6CQ
2023-08-04 10:49:26,409 - INFO - .HuaweiCE6857F-48S6CQ
2023-08-04 10:49:26,410 - INFO - .Huawe
2023-08-04 10:49:26,410 - INFO - CE6857F-48S6CQ
2023-08-04 10:49:26,410 - INFO - +++++++++++++++++++++++++++
2023-08-04 10:49:28,519 - INFO - <class 'dict'>
2023-08-04 10:49:28,520 - INFO - HuaweiVersatileRoutingPlatformSoftwareVRP(R)software,Version8.210(CE6857FV200R021C00SPC200)Copyright(C)2012-2021HuaweiTechnologiesCo.,Ltd.HuaweiCE6857F-48S6CQ
2023-08-04 10:49:28,520 - INFO - .HuaweiCE6857F-48S6CQ
2023-08-04 10:49:28,520 - INFO - .Huawe
2023-08-04 10:49:28,520 - INFO - CE6857F-48S6CQ
2023-08-04 10:49:28,520 - INFO - +++++++++++++++++++++++++++
2023-08-04 10:49:28,520 - INFO - HuaweiVersatileRoutingPlatformSoftwareVRP(R)software,Version8.210(CE6857FV200R021C00SPC200)Copyright(C)2012-2021HuaweiTechnologiesCo.,Ltd.HuaweiCE6857F-48S6CQ
2023-08-04 10:49:28,520 - INFO - .HuaweiCE6857F-48S6CQ
2023-08-04 10:49:28,520 - INFO - .Huawe
2023-08-04 10:49:28,520 - INFO - CE6857F-48S6CQ
2023-08-04 10:49:28,520 - INFO - +++++++++++++++++++++++++++
2023-08-04 10:49:28,531 - INFO - HuaweiVersatileRoutingPlatformSoftwareVRP(R)software,Version8.210(CE6857FV200R021C00SPC200)Copyright(C)2012-2021HuaweiTechnologiesCo.,Ltd.HuaweiCE6857F-48S6CQ
2023-08-04 10:49:28,531 - INFO - .HuaweiCE6857F-48S6CQ
2023-08-04 10:49:28,532 - INFO - .Huawe
2023-08-04 10:49:28,532 - INFO - CE6857F-48S6CQ
2023-08-04 10:49:28,532 - INFO - +++++++++++++++++++++++++++
2023-08-04 10:49:28,532 - INFO - HuaweiVersatileRoutingPlatformSoftwareVRP(R)software,Version8.210(CE6857FV200R021C00SPC200)Copyright(C)2012-2021HuaweiTechnologiesCo.,Ltd.HuaweiCE6857F-48S6CQ
2023-08-04 10:49:28,532 - INFO - .HuaweiCE6857F-48S6CQ
2023-08-04 10:49:28,532 - INFO - .Huawe
2023-08-04 10:49:28,532 - INFO - CE6857F-48S6CQ
2023-08-04 10:49:28,532 - INFO - +++++++++++++++++++++++++++
2023-08-04 10:49:30,335 - INFO - <class 'dict'>
2023-08-04 10:49:30,335 - INFO - HuaweiVersatileRoutingPlatformSoftwareVRP(R)software,Version8.150(CE6855HIV200R002C50SPC800)Copyright(C)2012-2017HuaweiTechnologiesCo.,Ltd.HUAWEICE6855-48S6Q-HI
2023-08-04 10:49:30,335 - INFO - HUAWEICE6855-48S6Q-HI
2023-08-04 10:49:30,335 - INFO - HUAWEI
2023-08-04 10:49:30,335 - INFO - E6855-48S6Q-HI
2023-08-04 10:49:30,335 - INFO - +++++++++++++++++++++++++++
2023-08-04 10:49:30,335 - INFO - HuaweiVersatileRoutingPlatformSoftwareVRP(R)software,Version8.150(CE6855HIV200R002C50SPC800)Copyright(C)2012-2017HuaweiTechnologiesCo.,Ltd.HUAWEICE6855-48S6Q-HI
2023-08-04 10:49:30,335 - INFO - HUAWEICE6855-48S6Q-HI
2023-08-04 10:49:30,335 - INFO - HUAWEI
2023-08-04 10:49:30,335 - INFO - E6855-48S6Q-HI
2023-08-04 10:49:30,335 - INFO - +++++++++++++++++++++++++++
2023-08-04 10:49:30,346 - INFO - HuaweiVersatileRoutingPlatformSoftwareVRP(R)software,Version8.150(CE6855HIV200R002C50SPC800)Copyright(C)2012-2017HuaweiTechnologiesCo.,Ltd.HUAWEICE6855-48S6Q-HI
2023-08-04 10:49:30,346 - INFO - HUAWEICE6855-48S6Q-HI
2023-08-04 10:49:30,346 - INFO - HUAWEI
2023-08-04 10:49:30,347 - INFO - E6855-48S6Q-HI
2023-08-04 10:49:30,347 - INFO - +++++++++++++++++++++++++++
2023-08-04 10:49:30,347 - INFO - HuaweiVersatileRoutingPlatformSoftwareVRP(R)software,Version8.150(CE6855HIV200R002C50SPC800)Copyright(C)2012-2017HuaweiTechnologiesCo.,Ltd.HUAWEICE6855-48S6Q-HI
2023-08-04 10:49:30,347 - INFO - HUAWEICE6855-48S6Q-HI
2023-08-04 10:49:30,347 - INFO - HUAWEI
2023-08-04 10:49:30,347 - INFO - E6855-48S6Q-HI
2023-08-04 10:49:30,347 - INFO - +++++++++++++++++++++++++++
2023-08-04 10:49:32,702 - INFO - <class 'dict'>
2023-08-04 10:49:32,702 - INFO - HuaweiVersatileRoutingPlatformSoftwareVRP(R)software,Version8.180(CE6855HIV200R005C10SPC800)Copyright(C)2012-2018HuaweiTechnologiesCo.,Ltd.HUAWEICE6855-48S6Q-HI
2023-08-04 10:49:32,702 - INFO - HUAWEICE6855-48S6Q-HI
2023-08-04 10:49:32,702 - INFO - HUAWEI
2023-08-04 10:49:32,703 - INFO - E6855-48S6Q-HI
2023-08-04 10:49:32,703 - INFO - +++++++++++++++++++++++++++
2023-08-04 10:49:32,703 - INFO - HuaweiVersatileRoutingPlatformSoftwareVRP(R)software,Version8.180(CE6855HIV200R005C10SPC800)Copyright(C)2012-2018HuaweiTechnologiesCo.,Ltd.HUAWEICE6855-48S6Q-HI
2023-08-04 10:49:32,703 - INFO - HUAWEICE6855-48S6Q-HI
2023-08-04 10:49:32,703 - INFO - HUAWEI
2023-08-04 10:49:32,703 - INFO - E6855-48S6Q-HI
2023-08-04 10:49:32,703 - INFO - +++++++++++++++++++++++++++
2023-08-04 10:49:32,714 - INFO - HuaweiVersatileRoutingPlatformSoftwareVRP(R)software,Version8.180(CE6855HIV200R005C10SPC800)Copyright(C)2012-2018HuaweiTechnologiesCo.,Ltd.HUAWEICE6855-48S6Q-HI
2023-08-04 10:49:32,714 - INFO - HUAWEICE6855-48S6Q-HI
2023-08-04 10:49:32,714 - INFO - HUAWEI
2023-08-04 10:49:32,714 - INFO - E6855-48S6Q-HI
2023-08-04 10:49:32,714 - INFO - +++++++++++++++++++++++++++
2023-08-04 10:49:32,714 - INFO - HuaweiVersatileRoutingPlatformSoftwareVRP(R)software,Version8.180(CE6855HIV200R005C10SPC800)Copyright(C)2012-2018HuaweiTechnologiesCo.,Ltd.HUAWEICE6855-48S6Q-HI
2023-08-04 10:49:32,714 - INFO - HUAWEICE6855-48S6Q-HI
2023-08-04 10:49:32,714 - INFO - HUAWEI
2023-08-04 10:49:32,714 - INFO - E6855-48S6Q-HI
2023-08-04 10:49:32,714 - INFO - +++++++++++++++++++++++++++
2023-08-04 10:49:34,895 - INFO - <class 'dict'>
2023-08-04 10:49:34,895 - INFO - HuaweiVersatileRoutingPlatformSoftwareVRP(R)software,Version8.180(CE6855HIV200R005C10SPC800)Copyright(C)2012-2018HuaweiTechnologiesCo.,Ltd.HUAWEICE6855-48S6Q-HI
2023-08-04 10:49:34,896 - INFO - HUAWEICE6855-48S6Q-HI
2023-08-04 10:49:34,896 - INFO - HUAWEI
2023-08-04 10:49:34,896 - INFO - E6855-48S6Q-HI
2023-08-04 10:49:34,896 - INFO - +++++++++++++++++++++++++++
2023-08-04 10:49:34,896 - INFO - HuaweiVersatileRoutingPlatformSoftwareVRP(R)software,Version8.180(CE6855HIV200R005C10SPC800)Copyright(C)2012-2018HuaweiTechnologiesCo.,Ltd.HUAWEICE6855-48S6Q-HI
2023-08-04 10:49:34,896 - INFO - HUAWEICE6855-48S6Q-HI
2023-08-04 10:49:34,896 - INFO - HUAWEI
2023-08-04 10:49:34,896 - INFO - E6855-48S6Q-HI
2023-08-04 10:49:34,896 - INFO - +++++++++++++++++++++++++++
2023-08-04 10:49:34,907 - INFO - HuaweiVersatileRoutingPlatformSoftwareVRP(R)software,Version8.180(CE6855HIV200R005C10SPC800)Copyright(C)2012-2018HuaweiTechnologiesCo.,Ltd.HUAWEICE6855-48S6Q-HI
2023-08-04 10:49:34,907 - INFO - HUAWEICE6855-48S6Q-HI
2023-08-04 10:49:34,907 - INFO - HUAWEI
2023-08-04 10:49:34,907 - INFO - E6855-48S6Q-HI
2023-08-04 10:49:34,907 - INFO - +++++++++++++++++++++++++++
2023-08-04 10:49:34,907 - INFO - HuaweiVersatileRoutingPlatformSoftwareVRP(R)software,Version8.180(CE6855HIV200R005C10SPC800)Copyright(C)2012-2018HuaweiTechnologiesCo.,Ltd.HUAWEICE6855-48S6Q-HI
2023-08-04 10:49:34,907 - INFO - HUAWEICE6855-48S6Q-HI
2023-08-04 10:49:34,907 - INFO - HUAWEI
2023-08-04 10:49:34,907 - INFO - E6855-48S6Q-HI
2023-08-04 10:49:34,907 - INFO - +++++++++++++++++++++++++++
2023-08-04 10:53:10,820 - INFO - <class 'dict'>
2023-08-04 10:53:10,820 - INFO - HuaweiVersatileRoutingPlatformSoftwareVRP(R)software,Version8.210(CE6857FV200R021C00SPC200)Copyright(C)2012-2021HuaweiTechnologiesCo.,Ltd.HuaweiCE6857F-48S6CQ
2023-08-04 10:53:10,820 - INFO - .HuaweiCE6857F-48S6CQ
2023-08-04 10:53:10,820 - INFO - Huawei
2023-08-04 10:53:10,820 - INFO - CE6857F-48S6CQ
2023-08-04 10:53:10,820 - INFO - +++++++++++++++++++++++++++
2023-08-04 10:53:10,820 - INFO - HuaweiVersatileRoutingPlatformSoftwareVRP(R)software,Version8.210(CE6857FV200R021C00SPC200)Copyright(C)2012-2021HuaweiTechnologiesCo.,Ltd.HuaweiCE6857F-48S6CQ
2023-08-04 10:53:10,820 - INFO - .HuaweiCE6857F-48S6CQ
2023-08-04 10:53:10,820 - INFO - Huawei
2023-08-04 10:53:10,820 - INFO - CE6857F-48S6CQ
2023-08-04 10:53:10,820 - INFO - +++++++++++++++++++++++++++
2023-08-04 10:53:10,831 - INFO - HuaweiVersatileRoutingPlatformSoftwareVRP(R)software,Version8.210(CE6857FV200R021C00SPC200)Copyright(C)2012-2021HuaweiTechnologiesCo.,Ltd.HuaweiCE6857F-48S6CQ
2023-08-04 10:53:10,831 - INFO - .HuaweiCE6857F-48S6CQ
2023-08-04 10:53:10,831 - INFO - Huawei
2023-08-04 10:53:10,831 - INFO - CE6857F-48S6CQ
2023-08-04 10:53:10,831 - INFO - +++++++++++++++++++++++++++
2023-08-04 10:53:10,832 - INFO - HuaweiVersatileRoutingPlatformSoftwareVRP(R)software,Version8.210(CE6857FV200R021C00SPC200)Copyright(C)2012-2021HuaweiTechnologiesCo.,Ltd.HuaweiCE6857F-48S6CQ
2023-08-04 10:53:10,832 - INFO - .HuaweiCE6857F-48S6CQ
2023-08-04 10:53:10,832 - INFO - Huawei
2023-08-04 10:53:10,832 - INFO - CE6857F-48S6CQ
2023-08-04 10:53:10,832 - INFO - +++++++++++++++++++++++++++
2023-08-04 10:53:12,888 - INFO - <class 'dict'>
2023-08-04 10:53:12,888 - INFO - HuaweiVersatileRoutingPlatformSoftwareVRP(R)software,Version8.210(CE6857FV200R021C00SPC200)Copyright(C)2012-2021HuaweiTechnologiesCo.,Ltd.HuaweiCE6857F-48S6CQ
2023-08-04 10:53:12,888 - INFO - .HuaweiCE6857F-48S6CQ
2023-08-04 10:53:12,889 - INFO - Huawei
2023-08-04 10:53:12,889 - INFO - CE6857F-48S6CQ
2023-08-04 10:53:12,889 - INFO - +++++++++++++++++++++++++++
2023-08-04 10:53:12,889 - INFO - HuaweiVersatileRoutingPlatformSoftwareVRP(R)software,Version8.210(CE6857FV200R021C00SPC200)Copyright(C)2012-2021HuaweiTechnologiesCo.,Ltd.HuaweiCE6857F-48S6CQ
2023-08-04 10:53:12,889 - INFO - .HuaweiCE6857F-48S6CQ
2023-08-04 10:53:12,889 - INFO - Huawei
2023-08-04 10:53:12,889 - INFO - CE6857F-48S6CQ
2023-08-04 10:53:12,889 - INFO - +++++++++++++++++++++++++++
2023-08-04 10:53:12,900 - INFO - HuaweiVersatileRoutingPlatformSoftwareVRP(R)software,Version8.210(CE6857FV200R021C00SPC200)Copyright(C)2012-2021HuaweiTechnologiesCo.,Ltd.HuaweiCE6857F-48S6CQ
2023-08-04 10:53:12,900 - INFO - .HuaweiCE6857F-48S6CQ
2023-08-04 10:53:12,900 - INFO - Huawei
2023-08-04 10:53:12,900 - INFO - CE6857F-48S6CQ
2023-08-04 10:53:12,900 - INFO - +++++++++++++++++++++++++++
2023-08-04 10:53:12,900 - INFO - HuaweiVersatileRoutingPlatformSoftwareVRP(R)software,Version8.210(CE6857FV200R021C00SPC200)Copyright(C)2012-2021HuaweiTechnologiesCo.,Ltd.HuaweiCE6857F-48S6CQ
2023-08-04 10:53:12,900 - INFO - .HuaweiCE6857F-48S6CQ
2023-08-04 10:53:12,900 - INFO - Huawei
2023-08-04 10:53:12,900 - INFO - CE6857F-48S6CQ
2023-08-04 10:53:12,901 - INFO - +++++++++++++++++++++++++++
2023-08-04 10:53:14,834 - INFO - <class 'dict'>
2023-08-04 10:53:14,834 - INFO - HuaweiVersatileRoutingPlatformSoftwareVRP(R)software,Version8.150(CE6855HIV200R002C50SPC800)Copyright(C)2012-2017HuaweiTechnologiesCo.,Ltd.HUAWEICE6855-48S6Q-HI
2023-08-04 10:53:14,834 - INFO - HUAWEICE6855-48S6Q-HI
2023-08-04 10:53:14,834 - INFO - HUAWEIC
2023-08-04 10:53:14,834 - INFO - E6855-48S6Q-HI
2023-08-04 10:53:14,834 - INFO - +++++++++++++++++++++++++++
2023-08-04 10:53:14,834 - INFO - HuaweiVersatileRoutingPlatformSoftwareVRP(R)software,Version8.150(CE6855HIV200R002C50SPC800)Copyright(C)2012-2017HuaweiTechnologiesCo.,Ltd.HUAWEICE6855-48S6Q-HI
2023-08-04 10:53:14,834 - INFO - HUAWEICE6855-48S6Q-HI
2023-08-04 10:53:14,834 - INFO - HUAWEIC
2023-08-04 10:53:14,834 - INFO - E6855-48S6Q-HI
2023-08-04 10:53:14,834 - INFO - +++++++++++++++++++++++++++
2023-08-04 10:53:14,846 - INFO - HuaweiVersatileRoutingPlatformSoftwareVRP(R)software,Version8.150(CE6855HIV200R002C50SPC800)Copyright(C)2012-2017HuaweiTechnologiesCo.,Ltd.HUAWEICE6855-48S6Q-HI
2023-08-04 10:53:14,846 - INFO - HUAWEICE6855-48S6Q-HI
2023-08-04 10:53:14,846 - INFO - HUAWEIC
2023-08-04 10:53:14,846 - INFO - E6855-48S6Q-HI
2023-08-04 10:53:14,846 - INFO - +++++++++++++++++++++++++++
2023-08-04 10:53:14,846 - INFO - HuaweiVersatileRoutingPlatformSoftwareVRP(R)software,Version8.150(CE6855HIV200R002C50SPC800)Copyright(C)2012-2017HuaweiTechnologiesCo.,Ltd.HUAWEICE6855-48S6Q-HI
2023-08-04 10:53:14,846 - INFO - HUAWEICE6855-48S6Q-HI
2023-08-04 10:53:14,846 - INFO - HUAWEIC
2023-08-04 10:53:14,846 - INFO - E6855-48S6Q-HI
2023-08-04 10:53:14,846 - INFO - +++++++++++++++++++++++++++
2023-08-04 10:53:16,911 - INFO - <class 'dict'>
2023-08-04 10:53:16,912 - INFO - HuaweiVersatileRoutingPlatformSoftwareVRP(R)software,Version8.180(CE6855HIV200R005C10SPC800)Copyright(C)2012-2018HuaweiTechnologiesCo.,Ltd.HUAWEICE6855-48S6Q-HI
2023-08-04 10:53:16,912 - INFO - HUAWEICE6855-48S6Q-HI
2023-08-04 10:53:16,912 - INFO - HUAWEIC
2023-08-04 10:53:16,912 - INFO - E6855-48S6Q-HI
2023-08-04 10:53:16,912 - INFO - +++++++++++++++++++++++++++
2023-08-04 10:53:16,912 - INFO - HuaweiVersatileRoutingPlatformSoftwareVRP(R)software,Version8.180(CE6855HIV200R005C10SPC800)Copyright(C)2012-2018HuaweiTechnologiesCo.,Ltd.HUAWEICE6855-48S6Q-HI
2023-08-04 10:53:16,912 - INFO - HUAWEICE6855-48S6Q-HI
2023-08-04 10:53:16,912 - INFO - HUAWEIC
2023-08-04 10:53:16,912 - INFO - E6855-48S6Q-HI
2023-08-04 10:53:16,912 - INFO - +++++++++++++++++++++++++++
2023-08-04 10:53:16,923 - INFO - HuaweiVersatileRoutingPlatformSoftwareVRP(R)software,Version8.180(CE6855HIV200R005C10SPC800)Copyright(C)2012-2018HuaweiTechnologiesCo.,Ltd.HUAWEICE6855-48S6Q-HI
2023-08-04 10:53:16,923 - INFO - HUAWEICE6855-48S6Q-HI
2023-08-04 10:53:16,923 - INFO - HUAWEIC
2023-08-04 10:53:16,923 - INFO - E6855-48S6Q-HI
2023-08-04 10:53:16,923 - INFO - +++++++++++++++++++++++++++
2023-08-04 10:53:16,923 - INFO - HuaweiVersatileRoutingPlatformSoftwareVRP(R)software,Version8.180(CE6855HIV200R005C10SPC800)Copyright(C)2012-2018HuaweiTechnologiesCo.,Ltd.HUAWEICE6855-48S6Q-HI
2023-08-04 10:53:16,923 - INFO - HUAWEICE6855-48S6Q-HI
2023-08-04 10:53:16,923 - INFO - HUAWEIC
2023-08-04 10:53:16,923 - INFO - E6855-48S6Q-HI
2023-08-04 10:53:16,924 - INFO - +++++++++++++++++++++++++++
2023-08-04 10:53:19,257 - INFO - <class 'dict'>
2023-08-04 10:53:19,257 - INFO - HuaweiVersatileRoutingPlatformSoftwareVRP(R)software,Version8.180(CE6855HIV200R005C10SPC800)Copyright(C)2012-2018HuaweiTechnologiesCo.,Ltd.HUAWEICE6855-48S6Q-HI
2023-08-04 10:53:19,257 - INFO - HUAWEICE6855-48S6Q-HI
2023-08-04 10:53:19,258 - INFO - HUAWEIC
2023-08-04 10:53:19,258 - INFO - E6855-48S6Q-HI
2023-08-04 10:53:19,258 - INFO - +++++++++++++++++++++++++++
2023-08-04 10:53:19,258 - INFO - HuaweiVersatileRoutingPlatformSoftwareVRP(R)software,Version8.180(CE6855HIV200R005C10SPC800)Copyright(C)2012-2018HuaweiTechnologiesCo.,Ltd.HUAWEICE6855-48S6Q-HI
2023-08-04 10:53:19,258 - INFO - HUAWEICE6855-48S6Q-HI
2023-08-04 10:53:19,258 - INFO - HUAWEIC
2023-08-04 10:53:19,258 - INFO - E6855-48S6Q-HI
2023-08-04 10:53:19,258 - INFO - +++++++++++++++++++++++++++
2023-08-04 10:53:19,269 - INFO - HuaweiVersatileRoutingPlatformSoftwareVRP(R)software,Version8.180(CE6855HIV200R005C10SPC800)Copyright(C)2012-2018HuaweiTechnologiesCo.,Ltd.HUAWEICE6855-48S6Q-HI
2023-08-04 10:53:19,269 - INFO - HUAWEICE6855-48S6Q-HI
2023-08-04 10:53:19,269 - INFO - HUAWEIC
2023-08-04 10:53:19,270 - INFO - E6855-48S6Q-HI
2023-08-04 10:53:19,270 - INFO - +++++++++++++++++++++++++++
2023-08-04 10:53:19,270 - INFO - HuaweiVersatileRoutingPlatformSoftwareVRP(R)software,Version8.180(CE6855HIV200R005C10SPC800)Copyright(C)2012-2018HuaweiTechnologiesCo.,Ltd.HUAWEICE6855-48S6Q-HI
2023-08-04 10:53:19,270 - INFO - HUAWEICE6855-48S6Q-HI
2023-08-04 10:53:19,270 - INFO - HUAWEIC
2023-08-04 10:53:19,270 - INFO - E6855-48S6Q-HI
2023-08-04 10:53:19,270 - INFO - +++++++++++++++++++++++++++
2023-08-04 10:53:49,416 - INFO - <class 'dict'>
2023-08-04 10:53:49,417 - INFO - Huawei Versatile Routing Platform Software VRP (R) software, Version 8.210 (CE6857F V200R021C00SPC200) Copyright (C) 2012-2021 Huawei Technologies Co., Ltd. Huawei CE6857F-48S6CQ 
2023-08-04 10:53:49,417 - INFO - uawei CE6857F-48S6CQ 
2023-08-04 10:53:49,417 - INFO - uawei C
2023-08-04 10:53:49,417 - INFO - E6857F-48S6CQ 
2023-08-04 10:53:49,417 - INFO - +++++++++++++++++++++++++++
2023-08-04 10:53:49,417 - INFO - Huawei Versatile Routing Platform Software VRP (R) software, Version 8.210 (CE6857F V200R021C00SPC200) Copyright (C) 2012-2021 Huawei Technologies Co., Ltd. Huawei CE6857F-48S6CQ 
2023-08-04 10:53:49,417 - INFO - uawei CE6857F-48S6CQ 
2023-08-04 10:53:49,417 - INFO - uawei C
2023-08-04 10:53:49,417 - INFO - E6857F-48S6CQ 
2023-08-04 10:53:49,417 - INFO - +++++++++++++++++++++++++++
2023-08-04 10:53:49,428 - INFO - Huawei Versatile Routing Platform Software VRP (R) software, Version 8.210 (CE6857F V200R021C00SPC200) Copyright (C) 2012-2021 Huawei Technologies Co., Ltd. Huawei CE6857F-48S6CQ 
2023-08-04 10:53:49,428 - INFO - uawei CE6857F-48S6CQ 
2023-08-04 10:53:49,428 - INFO - uawei C
2023-08-04 10:53:49,428 - INFO - E6857F-48S6CQ 
2023-08-04 10:53:49,428 - INFO - +++++++++++++++++++++++++++
2023-08-04 10:53:49,428 - INFO - Huawei Versatile Routing Platform Software VRP (R) software, Version 8.210 (CE6857F V200R021C00SPC200) Copyright (C) 2012-2021 Huawei Technologies Co., Ltd. Huawei CE6857F-48S6CQ 
2023-08-04 10:53:49,429 - INFO - uawei CE6857F-48S6CQ 
2023-08-04 10:53:49,429 - INFO - uawei C
2023-08-04 10:53:49,429 - INFO - E6857F-48S6CQ 
2023-08-04 10:53:49,429 - INFO - +++++++++++++++++++++++++++
2023-08-04 10:53:51,448 - INFO - <class 'dict'>
2023-08-04 10:53:51,448 - INFO - Huawei Versatile Routing Platform Software VRP (R) software, Version 8.210 (CE6857F V200R021C00SPC200) Copyright (C) 2012-2021 Huawei Technologies Co., Ltd. Huawei CE6857F-48S6CQ 
2023-08-04 10:53:51,448 - INFO - uawei CE6857F-48S6CQ 
2023-08-04 10:53:51,448 - INFO - uawei C
2023-08-04 10:53:51,448 - INFO - E6857F-48S6CQ 
2023-08-04 10:53:51,448 - INFO - +++++++++++++++++++++++++++
2023-08-04 10:53:51,448 - INFO - Huawei Versatile Routing Platform Software VRP (R) software, Version 8.210 (CE6857F V200R021C00SPC200) Copyright (C) 2012-2021 Huawei Technologies Co., Ltd. Huawei CE6857F-48S6CQ 
2023-08-04 10:53:51,449 - INFO - uawei CE6857F-48S6CQ 
2023-08-04 10:53:51,449 - INFO - uawei C
2023-08-04 10:53:51,449 - INFO - E6857F-48S6CQ 
2023-08-04 10:53:51,449 - INFO - +++++++++++++++++++++++++++
2023-08-04 10:53:51,460 - INFO - Huawei Versatile Routing Platform Software VRP (R) software, Version 8.210 (CE6857F V200R021C00SPC200) Copyright (C) 2012-2021 Huawei Technologies Co., Ltd. Huawei CE6857F-48S6CQ 
2023-08-04 10:53:51,460 - INFO - uawei CE6857F-48S6CQ 
2023-08-04 10:53:51,460 - INFO - uawei C
2023-08-04 10:53:51,460 - INFO - E6857F-48S6CQ 
2023-08-04 10:53:51,460 - INFO - +++++++++++++++++++++++++++
2023-08-04 10:53:51,460 - INFO - Huawei Versatile Routing Platform Software VRP (R) software, Version 8.210 (CE6857F V200R021C00SPC200) Copyright (C) 2012-2021 Huawei Technologies Co., Ltd. Huawei CE6857F-48S6CQ 
2023-08-04 10:53:51,461 - INFO - uawei CE6857F-48S6CQ 
2023-08-04 10:53:51,461 - INFO - uawei C
2023-08-04 10:53:51,461 - INFO - E6857F-48S6CQ 
2023-08-04 10:53:51,461 - INFO - +++++++++++++++++++++++++++
2023-08-04 10:54:34,399 - INFO - <class 'dict'>
2023-08-04 10:54:34,399 - INFO - Huawei Versatile Routing Platform Software VRP (R) software, Version 8.210 (CE6857F V200R021C00SPC200) Copyright (C) 2012-2021 Huawei Technologies Co., Ltd. Huawei CE6857F-48S6CQ 
2023-08-04 10:54:34,400 - INFO - uawei CE6857F-48S6CQ 
2023-08-04 10:54:34,400 - INFO - Huawei
2023-08-04 10:54:34,400 - INFO - E6857F-48S6CQ 
2023-08-04 10:54:34,400 - INFO - +++++++++++++++++++++++++++
2023-08-04 10:54:34,400 - INFO - Huawei Versatile Routing Platform Software VRP (R) software, Version 8.210 (CE6857F V200R021C00SPC200) Copyright (C) 2012-2021 Huawei Technologies Co., Ltd. Huawei CE6857F-48S6CQ 
2023-08-04 10:54:34,400 - INFO - uawei CE6857F-48S6CQ 
2023-08-04 10:54:34,400 - INFO - Huawei
2023-08-04 10:54:34,400 - INFO - E6857F-48S6CQ 
2023-08-04 10:54:34,400 - INFO - +++++++++++++++++++++++++++
2023-08-04 10:54:34,411 - INFO - Huawei Versatile Routing Platform Software VRP (R) software, Version 8.210 (CE6857F V200R021C00SPC200) Copyright (C) 2012-2021 Huawei Technologies Co., Ltd. Huawei CE6857F-48S6CQ 
2023-08-04 10:54:34,411 - INFO - uawei CE6857F-48S6CQ 
2023-08-04 10:54:34,411 - INFO - Huawei
2023-08-04 10:54:34,411 - INFO - E6857F-48S6CQ 
2023-08-04 10:54:34,411 - INFO - +++++++++++++++++++++++++++
2023-08-04 10:54:34,412 - INFO - Huawei Versatile Routing Platform Software VRP (R) software, Version 8.210 (CE6857F V200R021C00SPC200) Copyright (C) 2012-2021 Huawei Technologies Co., Ltd. Huawei CE6857F-48S6CQ 
2023-08-04 10:54:34,412 - INFO - uawei CE6857F-48S6CQ 
2023-08-04 10:54:34,412 - INFO - Huawei
2023-08-04 10:54:34,412 - INFO - E6857F-48S6CQ 
2023-08-04 10:54:34,412 - INFO - +++++++++++++++++++++++++++
2023-08-04 10:57:04,739 - INFO - <class 'dict'>
2023-08-04 10:57:04,739 - INFO - Huawei Versatile Routing Platform Software VRP (R) software, Version 8.210 (CE6857F V200R021C00SPC200) Copyright (C) 2012-2021 Huawei Technologies Co., Ltd. Huawei CE6857F-48S6CQ 
2023-08-04 10:57:04,739 - INFO - Huawei
2023-08-04 10:57:04,739 - INFO - E6857F-48S6CQ 
2023-08-04 10:57:04,739 - INFO - +++++++++++++++++++++++++++
2023-08-04 10:57:04,739 - INFO - Huawei Versatile Routing Platform Software VRP (R) software, Version 8.210 (CE6857F V200R021C00SPC200) Copyright (C) 2012-2021 Huawei Technologies Co., Ltd. Huawei CE6857F-48S6CQ 
2023-08-04 10:57:04,739 - INFO - Huawei
2023-08-04 10:57:04,739 - INFO - E6857F-48S6CQ 
2023-08-04 10:57:04,739 - INFO - +++++++++++++++++++++++++++
2023-08-04 10:57:04,751 - INFO - Huawei Versatile Routing Platform Software VRP (R) software, Version 8.210 (CE6857F V200R021C00SPC200) Copyright (C) 2012-2021 Huawei Technologies Co., Ltd. Huawei CE6857F-48S6CQ 
2023-08-04 10:57:04,751 - INFO - Huawei
2023-08-04 10:57:04,751 - INFO - E6857F-48S6CQ 
2023-08-04 10:57:04,751 - INFO - +++++++++++++++++++++++++++
2023-08-04 10:57:04,752 - INFO - Huawei Versatile Routing Platform Software VRP (R) software, Version 8.210 (CE6857F V200R021C00SPC200) Copyright (C) 2012-2021 Huawei Technologies Co., Ltd. Huawei CE6857F-48S6CQ 
2023-08-04 10:57:04,752 - INFO - Huawei
2023-08-04 10:57:04,752 - INFO - E6857F-48S6CQ 
2023-08-04 10:57:04,752 - INFO - +++++++++++++++++++++++++++
2023-08-04 10:57:06,663 - INFO - <class 'dict'>
2023-08-04 10:57:06,663 - INFO - Huawei Versatile Routing Platform Software VRP (R) software, Version 8.210 (CE6857F V200R021C00SPC200) Copyright (C) 2012-2021 Huawei Technologies Co., Ltd. Huawei CE6857F-48S6CQ 
2023-08-04 10:57:06,663 - INFO - Huawei
2023-08-04 10:57:06,663 - INFO - E6857F-48S6CQ 
2023-08-04 10:57:06,663 - INFO - +++++++++++++++++++++++++++
2023-08-04 10:57:06,663 - INFO - Huawei Versatile Routing Platform Software VRP (R) software, Version 8.210 (CE6857F V200R021C00SPC200) Copyright (C) 2012-2021 Huawei Technologies Co., Ltd. Huawei CE6857F-48S6CQ 
2023-08-04 10:57:06,663 - INFO - Huawei
2023-08-04 10:57:06,663 - INFO - E6857F-48S6CQ 
2023-08-04 10:57:06,663 - INFO - +++++++++++++++++++++++++++
2023-08-04 10:57:06,674 - INFO - Huawei Versatile Routing Platform Software VRP (R) software, Version 8.210 (CE6857F V200R021C00SPC200) Copyright (C) 2012-2021 Huawei Technologies Co., Ltd. Huawei CE6857F-48S6CQ 
2023-08-04 10:57:06,674 - INFO - Huawei
2023-08-04 10:57:06,674 - INFO - E6857F-48S6CQ 
2023-08-04 10:57:06,674 - INFO - +++++++++++++++++++++++++++
2023-08-04 10:57:06,674 - INFO - Huawei Versatile Routing Platform Software VRP (R) software, Version 8.210 (CE6857F V200R021C00SPC200) Copyright (C) 2012-2021 Huawei Technologies Co., Ltd. Huawei CE6857F-48S6CQ 
2023-08-04 10:57:06,674 - INFO - Huawei
2023-08-04 10:57:06,674 - INFO - E6857F-48S6CQ 
2023-08-04 10:57:06,674 - INFO - +++++++++++++++++++++++++++
2023-08-04 10:57:08,397 - INFO - <class 'dict'>
2023-08-04 10:57:08,397 - INFO - Huawei Versatile Routing Platform Software VRP (R) software, Version 8.150 (CE6855HI V200R002C50SPC800) Copyright (C) 2012-2017 Huawei Technologies Co., Ltd. HUAWEI CE6855-48S6Q-HI 
2023-08-04 10:57:08,397 - INFO - Huawei
2023-08-04 10:57:08,397 - INFO - 6855-48S6Q-HI 
2023-08-04 10:57:08,397 - INFO - +++++++++++++++++++++++++++
2023-08-04 10:57:08,397 - INFO - Huawei Versatile Routing Platform Software VRP (R) software, Version 8.150 (CE6855HI V200R002C50SPC800) Copyright (C) 2012-2017 Huawei Technologies Co., Ltd. HUAWEI CE6855-48S6Q-HI 
2023-08-04 10:57:08,397 - INFO - Huawei
2023-08-04 10:57:08,397 - INFO - 6855-48S6Q-HI 
2023-08-04 10:57:08,397 - INFO - +++++++++++++++++++++++++++
2023-08-04 10:57:08,408 - INFO - Huawei Versatile Routing Platform Software VRP (R) software, Version 8.150 (CE6855HI V200R002C50SPC800) Copyright (C) 2012-2017 Huawei Technologies Co., Ltd. HUAWEI CE6855-48S6Q-HI 
2023-08-04 10:57:08,408 - INFO - Huawei
2023-08-04 10:57:08,408 - INFO - 6855-48S6Q-HI 
2023-08-04 10:57:08,408 - INFO - +++++++++++++++++++++++++++
2023-08-04 10:57:08,408 - INFO - Huawei Versatile Routing Platform Software VRP (R) software, Version 8.150 (CE6855HI V200R002C50SPC800) Copyright (C) 2012-2017 Huawei Technologies Co., Ltd. HUAWEI CE6855-48S6Q-HI 
2023-08-04 10:57:08,408 - INFO - Huawei
2023-08-04 10:57:08,408 - INFO - 6855-48S6Q-HI 
2023-08-04 10:57:08,408 - INFO - +++++++++++++++++++++++++++
2023-08-04 10:58:08,818 - INFO - <class 'dict'>
2023-08-04 10:58:08,819 - INFO - Huawei Versatile Routing Platform Software VRP (R) software, Version 8.210 (CE6857F V200R021C00SPC200) Copyright (C) 2012-2021 Huawei Technologies Co., Ltd. Huawei CE6857F-48S6CQ 
2023-08-04 10:58:08,819 - INFO - Huawei
2023-08-04 10:58:08,819 - INFO - E6857F-48S6CQ
2023-08-04 10:58:08,819 - INFO - ==========================
2023-08-04 10:58:08,819 - INFO - Huawei Versatile Routing Platform Software VRP (R) software, Version 8.210 (CE6857F V200R021C00SPC200) Copyright (C) 2012-2021 Huawei Technologies Co., Ltd. Huawei CE6857F-48S6CQ 
2023-08-04 10:58:08,819 - INFO - Huawei
2023-08-04 10:58:08,819 - INFO - E6857F-48S6CQ
2023-08-04 10:58:08,819 - INFO - ==========================
2023-08-04 10:58:08,831 - INFO - Huawei Versatile Routing Platform Software VRP (R) software, Version 8.210 (CE6857F V200R021C00SPC200) Copyright (C) 2012-2021 Huawei Technologies Co., Ltd. Huawei CE6857F-48S6CQ 
2023-08-04 10:58:08,831 - INFO - Huawei
2023-08-04 10:58:08,831 - INFO - E6857F-48S6CQ
2023-08-04 10:58:08,831 - INFO - ==========================
2023-08-04 10:58:08,831 - INFO - Huawei Versatile Routing Platform Software VRP (R) software, Version 8.210 (CE6857F V200R021C00SPC200) Copyright (C) 2012-2021 Huawei Technologies Co., Ltd. Huawei CE6857F-48S6CQ 
2023-08-04 10:58:08,832 - INFO - Huawei
2023-08-04 10:58:08,832 - INFO - E6857F-48S6CQ
2023-08-04 10:58:08,832 - INFO - ==========================
2023-08-04 10:58:10,599 - INFO - <class 'dict'>
2023-08-04 10:58:10,599 - INFO - Huawei Versatile Routing Platform Software VRP (R) software, Version 8.210 (CE6857F V200R021C00SPC200) Copyright (C) 2012-2021 Huawei Technologies Co., Ltd. Huawei CE6857F-48S6CQ 
2023-08-04 10:58:10,600 - INFO - Huawei
2023-08-04 10:58:10,600 - INFO - E6857F-48S6CQ
2023-08-04 10:58:10,600 - INFO - ==========================
2023-08-04 10:58:10,600 - INFO - Huawei Versatile Routing Platform Software VRP (R) software, Version 8.210 (CE6857F V200R021C00SPC200) Copyright (C) 2012-2021 Huawei Technologies Co., Ltd. Huawei CE6857F-48S6CQ 
2023-08-04 10:58:10,600 - INFO - Huawei
2023-08-04 10:58:10,600 - INFO - E6857F-48S6CQ
2023-08-04 10:58:10,600 - INFO - ==========================
2023-08-04 10:58:10,611 - INFO - Huawei Versatile Routing Platform Software VRP (R) software, Version 8.210 (CE6857F V200R021C00SPC200) Copyright (C) 2012-2021 Huawei Technologies Co., Ltd. Huawei CE6857F-48S6CQ 
2023-08-04 10:58:10,611 - INFO - Huawei
2023-08-04 10:58:10,611 - INFO - E6857F-48S6CQ
2023-08-04 10:58:10,611 - INFO - ==========================
2023-08-04 10:58:10,611 - INFO - Huawei Versatile Routing Platform Software VRP (R) software, Version 8.210 (CE6857F V200R021C00SPC200) Copyright (C) 2012-2021 Huawei Technologies Co., Ltd. Huawei CE6857F-48S6CQ 
2023-08-04 10:58:10,611 - INFO - Huawei
2023-08-04 10:58:10,611 - INFO - E6857F-48S6CQ
2023-08-04 10:58:10,611 - INFO - ==========================
2023-08-04 10:58:12,440 - INFO - <class 'dict'>
2023-08-04 10:58:12,440 - INFO - Huawei Versatile Routing Platform Software VRP (R) software, Version 8.150 (CE6855HI V200R002C50SPC800) Copyright (C) 2012-2017 Huawei Technologies Co., Ltd. HUAWEI CE6855-48S6Q-HI 
2023-08-04 10:58:12,440 - INFO - Huawei
2023-08-04 10:58:12,440 - INFO - 6855-48S6Q-HI
2023-08-04 10:58:12,440 - INFO - ==========================
2023-08-04 10:58:12,441 - INFO - Huawei Versatile Routing Platform Software VRP (R) software, Version 8.150 (CE6855HI V200R002C50SPC800) Copyright (C) 2012-2017 Huawei Technologies Co., Ltd. HUAWEI CE6855-48S6Q-HI 
2023-08-04 10:58:12,441 - INFO - Huawei
2023-08-04 10:58:12,441 - INFO - 6855-48S6Q-HI
2023-08-04 10:58:12,441 - INFO - ==========================
2023-08-04 10:58:12,452 - INFO - Huawei Versatile Routing Platform Software VRP (R) software, Version 8.150 (CE6855HI V200R002C50SPC800) Copyright (C) 2012-2017 Huawei Technologies Co., Ltd. HUAWEI CE6855-48S6Q-HI 
2023-08-04 10:58:12,452 - INFO - Huawei
2023-08-04 10:58:12,452 - INFO - 6855-48S6Q-HI
2023-08-04 10:58:12,452 - INFO - ==========================
2023-08-04 10:58:12,452 - INFO - Huawei Versatile Routing Platform Software VRP (R) software, Version 8.150 (CE6855HI V200R002C50SPC800) Copyright (C) 2012-2017 Huawei Technologies Co., Ltd. HUAWEI CE6855-48S6Q-HI 
2023-08-04 10:58:12,452 - INFO - Huawei
2023-08-04 10:58:12,452 - INFO - 6855-48S6Q-HI
2023-08-04 10:58:12,453 - INFO - ==========================
2023-08-04 10:58:14,535 - INFO - <class 'dict'>
2023-08-04 10:58:14,535 - INFO - Huawei Versatile Routing Platform Software VRP (R) software, Version 8.180 (CE6855HI V200R005C10SPC800) Copyright (C) 2012-2018 Huawei Technologies Co., Ltd. HUAWEI CE6855-48S6Q-HI 
2023-08-04 10:58:14,535 - INFO - Huawei
2023-08-04 10:58:14,535 - INFO - 6855-48S6Q-HI
2023-08-04 10:58:14,536 - INFO - ==========================
2023-08-04 10:58:14,536 - INFO - Huawei Versatile Routing Platform Software VRP (R) software, Version 8.180 (CE6855HI V200R005C10SPC800) Copyright (C) 2012-2018 Huawei Technologies Co., Ltd. HUAWEI CE6855-48S6Q-HI 
2023-08-04 10:58:14,536 - INFO - Huawei
2023-08-04 10:58:14,536 - INFO - 6855-48S6Q-HI
2023-08-04 10:58:14,536 - INFO - ==========================
2023-08-04 10:58:14,547 - INFO - Huawei Versatile Routing Platform Software VRP (R) software, Version 8.180 (CE6855HI V200R005C10SPC800) Copyright (C) 2012-2018 Huawei Technologies Co., Ltd. HUAWEI CE6855-48S6Q-HI 
2023-08-04 10:58:14,547 - INFO - Huawei
2023-08-04 10:58:14,547 - INFO - 6855-48S6Q-HI
2023-08-04 10:58:14,547 - INFO - ==========================
2023-08-04 10:58:14,547 - INFO - Huawei Versatile Routing Platform Software VRP (R) software, Version 8.180 (CE6855HI V200R005C10SPC800) Copyright (C) 2012-2018 Huawei Technologies Co., Ltd. HUAWEI CE6855-48S6Q-HI 
2023-08-04 10:58:14,547 - INFO - Huawei
2023-08-04 10:58:14,547 - INFO - 6855-48S6Q-HI
2023-08-04 10:58:14,547 - INFO - ==========================
2023-08-04 10:58:16,963 - INFO - <class 'dict'>
2023-08-04 10:58:16,963 - INFO - Huawei Versatile Routing Platform Software VRP (R) software, Version 8.180 (CE6855HI V200R005C10SPC800) Copyright (C) 2012-2018 Huawei Technologies Co., Ltd. HUAWEI CE6855-48S6Q-HI 
2023-08-04 10:58:16,963 - INFO - Huawei
2023-08-04 10:58:16,963 - INFO - 6855-48S6Q-HI
2023-08-04 10:58:16,964 - INFO - ==========================
2023-08-04 10:58:16,964 - INFO - Huawei Versatile Routing Platform Software VRP (R) software, Version 8.180 (CE6855HI V200R005C10SPC800) Copyright (C) 2012-2018 Huawei Technologies Co., Ltd. HUAWEI CE6855-48S6Q-HI 
2023-08-04 10:58:16,964 - INFO - Huawei
2023-08-04 10:58:16,964 - INFO - 6855-48S6Q-HI
2023-08-04 10:58:16,964 - INFO - ==========================
2023-08-04 10:58:16,974 - INFO - Huawei Versatile Routing Platform Software VRP (R) software, Version 8.180 (CE6855HI V200R005C10SPC800) Copyright (C) 2012-2018 Huawei Technologies Co., Ltd. HUAWEI CE6855-48S6Q-HI 
2023-08-04 10:58:16,975 - INFO - Huawei
2023-08-04 10:58:16,975 - INFO - 6855-48S6Q-HI
2023-08-04 10:58:16,975 - INFO - ==========================
2023-08-04 10:58:16,975 - INFO - Huawei Versatile Routing Platform Software VRP (R) software, Version 8.180 (CE6855HI V200R005C10SPC800) Copyright (C) 2012-2018 Huawei Technologies Co., Ltd. HUAWEI CE6855-48S6Q-HI 
2023-08-04 10:58:16,975 - INFO - Huawei
2023-08-04 10:58:16,975 - INFO - 6855-48S6Q-HI
2023-08-04 10:58:16,975 - INFO - ==========================
2023-08-04 10:59:03,642 - INFO - <class 'dict'>
2023-08-04 10:59:03,642 - INFO - Huawei Versatile Routing Platform Software VRP (R) software, Version 8.210 (CE6857F V200R021C00SPC200) Copyright (C) 2012-2021 Huawei Technologies Co., Ltd. Huawei CE6857F-48S6CQ 
2023-08-04 10:59:03,642 - INFO - Huawei
2023-08-04 10:59:03,642 - INFO - CE6857F-48S6CQ
2023-08-04 10:59:03,642 - INFO - ==========================
2023-08-04 10:59:03,642 - INFO - Huawei Versatile Routing Platform Software VRP (R) software, Version 8.210 (CE6857F V200R021C00SPC200) Copyright (C) 2012-2021 Huawei Technologies Co., Ltd. Huawei CE6857F-48S6CQ 
2023-08-04 10:59:03,642 - INFO - Huawei
2023-08-04 10:59:03,642 - INFO - CE6857F-48S6CQ
2023-08-04 10:59:03,642 - INFO - ==========================
2023-08-04 10:59:03,653 - INFO - Huawei Versatile Routing Platform Software VRP (R) software, Version 8.210 (CE6857F V200R021C00SPC200) Copyright (C) 2012-2021 Huawei Technologies Co., Ltd. Huawei CE6857F-48S6CQ 
2023-08-04 10:59:03,653 - INFO - Huawei
2023-08-04 10:59:03,653 - INFO - CE6857F-48S6CQ
2023-08-04 10:59:03,653 - INFO - ==========================
2023-08-04 10:59:03,653 - INFO - Huawei Versatile Routing Platform Software VRP (R) software, Version 8.210 (CE6857F V200R021C00SPC200) Copyright (C) 2012-2021 Huawei Technologies Co., Ltd. Huawei CE6857F-48S6CQ 
2023-08-04 10:59:03,653 - INFO - Huawei
2023-08-04 10:59:03,653 - INFO - CE6857F-48S6CQ
2023-08-04 10:59:03,653 - INFO - ==========================
2023-08-04 10:59:05,605 - INFO - <class 'dict'>
2023-08-04 10:59:05,605 - INFO - Huawei Versatile Routing Platform Software VRP (R) software, Version 8.210 (CE6857F V200R021C00SPC200) Copyright (C) 2012-2021 Huawei Technologies Co., Ltd. Huawei CE6857F-48S6CQ 
2023-08-04 10:59:05,605 - INFO - Huawei
2023-08-04 10:59:05,605 - INFO - CE6857F-48S6CQ
2023-08-04 10:59:05,605 - INFO - ==========================
2023-08-04 10:59:05,605 - INFO - Huawei Versatile Routing Platform Software VRP (R) software, Version 8.210 (CE6857F V200R021C00SPC200) Copyright (C) 2012-2021 Huawei Technologies Co., Ltd. Huawei CE6857F-48S6CQ 
2023-08-04 10:59:05,605 - INFO - Huawei
2023-08-04 10:59:05,605 - INFO - CE6857F-48S6CQ
2023-08-04 10:59:05,605 - INFO - ==========================
2023-08-04 10:59:05,617 - INFO - Huawei Versatile Routing Platform Software VRP (R) software, Version 8.210 (CE6857F V200R021C00SPC200) Copyright (C) 2012-2021 Huawei Technologies Co., Ltd. Huawei CE6857F-48S6CQ 
2023-08-04 10:59:05,617 - INFO - Huawei
2023-08-04 10:59:05,617 - INFO - CE6857F-48S6CQ
2023-08-04 10:59:05,617 - INFO - ==========================
2023-08-04 10:59:05,617 - INFO - Huawei Versatile Routing Platform Software VRP (R) software, Version 8.210 (CE6857F V200R021C00SPC200) Copyright (C) 2012-2021 Huawei Technologies Co., Ltd. Huawei CE6857F-48S6CQ 
2023-08-04 10:59:05,617 - INFO - Huawei
2023-08-04 10:59:05,617 - INFO - CE6857F-48S6CQ
2023-08-04 10:59:05,617 - INFO - ==========================
2023-08-04 10:59:07,476 - INFO - <class 'dict'>
2023-08-04 10:59:07,476 - INFO - Huawei Versatile Routing Platform Software VRP (R) software, Version 8.150 (CE6855HI V200R002C50SPC800) Copyright (C) 2012-2017 Huawei Technologies Co., Ltd. HUAWEI CE6855-48S6Q-HI 
2023-08-04 10:59:07,476 - INFO - Huawei
2023-08-04 10:59:07,476 - INFO - E6855-48S6Q-HI
2023-08-04 10:59:07,476 - INFO - ==========================
2023-08-04 10:59:07,477 - INFO - Huawei Versatile Routing Platform Software VRP (R) software, Version 8.150 (CE6855HI V200R002C50SPC800) Copyright (C) 2012-2017 Huawei Technologies Co., Ltd. HUAWEI CE6855-48S6Q-HI 
2023-08-04 10:59:07,477 - INFO - Huawei
2023-08-04 10:59:07,477 - INFO - E6855-48S6Q-HI
2023-08-04 10:59:07,477 - INFO - ==========================
2023-08-04 10:59:07,487 - INFO - Huawei Versatile Routing Platform Software VRP (R) software, Version 8.150 (CE6855HI V200R002C50SPC800) Copyright (C) 2012-2017 Huawei Technologies Co., Ltd. HUAWEI CE6855-48S6Q-HI 
2023-08-04 10:59:07,488 - INFO - Huawei
2023-08-04 10:59:07,488 - INFO - E6855-48S6Q-HI
2023-08-04 10:59:07,488 - INFO - ==========================
2023-08-04 10:59:07,488 - INFO - Huawei Versatile Routing Platform Software VRP (R) software, Version 8.150 (CE6855HI V200R002C50SPC800) Copyright (C) 2012-2017 Huawei Technologies Co., Ltd. HUAWEI CE6855-48S6Q-HI 
2023-08-04 10:59:07,488 - INFO - Huawei
2023-08-04 10:59:07,488 - INFO - E6855-48S6Q-HI
2023-08-04 10:59:07,488 - INFO - ==========================
2023-08-04 10:59:09,548 - INFO - <class 'dict'>
2023-08-04 10:59:09,548 - INFO - Huawei Versatile Routing Platform Software VRP (R) software, Version 8.180 (CE6855HI V200R005C10SPC800) Copyright (C) 2012-2018 Huawei Technologies Co., Ltd. HUAWEI CE6855-48S6Q-HI 
2023-08-04 10:59:09,548 - INFO - Huawei
2023-08-04 10:59:09,549 - INFO - E6855-48S6Q-HI
2023-08-04 10:59:09,549 - INFO - ==========================
2023-08-04 10:59:09,549 - INFO - Huawei Versatile Routing Platform Software VRP (R) software, Version 8.180 (CE6855HI V200R005C10SPC800) Copyright (C) 2012-2018 Huawei Technologies Co., Ltd. HUAWEI CE6855-48S6Q-HI 
2023-08-04 10:59:09,549 - INFO - Huawei
2023-08-04 10:59:09,549 - INFO - E6855-48S6Q-HI
2023-08-04 10:59:09,549 - INFO - ==========================
2023-08-04 10:59:09,560 - INFO - Huawei Versatile Routing Platform Software VRP (R) software, Version 8.180 (CE6855HI V200R005C10SPC800) Copyright (C) 2012-2018 Huawei Technologies Co., Ltd. HUAWEI CE6855-48S6Q-HI 
2023-08-04 10:59:09,560 - INFO - Huawei
2023-08-04 10:59:09,560 - INFO - E6855-48S6Q-HI
2023-08-04 10:59:09,560 - INFO - ==========================
2023-08-04 10:59:09,560 - INFO - Huawei Versatile Routing Platform Software VRP (R) software, Version 8.180 (CE6855HI V200R005C10SPC800) Copyright (C) 2012-2018 Huawei Technologies Co., Ltd. HUAWEI CE6855-48S6Q-HI 
2023-08-04 10:59:09,560 - INFO - Huawei
2023-08-04 10:59:09,560 - INFO - E6855-48S6Q-HI
2023-08-04 10:59:09,560 - INFO - ==========================
2023-08-04 10:59:11,807 - INFO - <class 'dict'>
2023-08-04 10:59:11,807 - INFO - Huawei Versatile Routing Platform Software VRP (R) software, Version 8.180 (CE6855HI V200R005C10SPC800) Copyright (C) 2012-2018 Huawei Technologies Co., Ltd. HUAWEI CE6855-48S6Q-HI 
2023-08-04 10:59:11,807 - INFO - Huawei
2023-08-04 10:59:11,807 - INFO - E6855-48S6Q-HI
2023-08-04 10:59:11,807 - INFO - ==========================
2023-08-04 10:59:11,808 - INFO - Huawei Versatile Routing Platform Software VRP (R) software, Version 8.180 (CE6855HI V200R005C10SPC800) Copyright (C) 2012-2018 Huawei Technologies Co., Ltd. HUAWEI CE6855-48S6Q-HI 
2023-08-04 10:59:11,808 - INFO - Huawei
2023-08-04 10:59:11,808 - INFO - E6855-48S6Q-HI
2023-08-04 10:59:11,808 - INFO - ==========================
2023-08-04 10:59:11,818 - INFO - Huawei Versatile Routing Platform Software VRP (R) software, Version 8.180 (CE6855HI V200R005C10SPC800) Copyright (C) 2012-2018 Huawei Technologies Co., Ltd. HUAWEI CE6855-48S6Q-HI 
2023-08-04 10:59:11,818 - INFO - Huawei
2023-08-04 10:59:11,818 - INFO - E6855-48S6Q-HI
2023-08-04 10:59:11,818 - INFO - ==========================
2023-08-04 10:59:11,818 - INFO - Huawei Versatile Routing Platform Software VRP (R) software, Version 8.180 (CE6855HI V200R005C10SPC800) Copyright (C) 2012-2018 Huawei Technologies Co., Ltd. HUAWEI CE6855-48S6Q-HI 
2023-08-04 10:59:11,819 - INFO - Huawei
2023-08-04 10:59:11,819 - INFO - E6855-48S6Q-HI
2023-08-04 10:59:11,819 - INFO - ==========================
2023-08-04 10:59:52,476 - INFO - <class 'dict'>
2023-08-04 10:59:52,476 - INFO - Huawei Versatile Routing Platform Software VRP (R) software, Version 8.210 (CE6857F V200R021C00SPC200) Copyright (C) 2012-2021 Huawei Technologies Co., Ltd. Huawei CE6857F-48S6CQ 
2023-08-04 10:59:52,476 - INFO - Huawei
2023-08-04 10:59:52,476 - INFO - CE6857F-48S6CQ
2023-08-04 10:59:52,476 - INFO - ==========================
2023-08-04 10:59:52,476 - INFO - Huawei Versatile Routing Platform Software VRP (R) software, Version 8.210 (CE6857F V200R021C00SPC200) Copyright (C) 2012-2021 Huawei Technologies Co., Ltd. Huawei CE6857F-48S6CQ 
2023-08-04 10:59:52,476 - INFO - Huawei
2023-08-04 10:59:52,476 - INFO - CE6857F-48S6CQ
2023-08-04 10:59:52,477 - INFO - ==========================
2023-08-04 10:59:52,488 - INFO - Huawei Versatile Routing Platform Software VRP (R) software, Version 8.210 (CE6857F V200R021C00SPC200) Copyright (C) 2012-2021 Huawei Technologies Co., Ltd. Huawei CE6857F-48S6CQ 
2023-08-04 10:59:52,488 - INFO - Huawei
2023-08-04 10:59:52,488 - INFO - CE6857F-48S6CQ
2023-08-04 10:59:52,488 - INFO - ==========================
2023-08-04 10:59:52,488 - INFO - Huawei Versatile Routing Platform Software VRP (R) software, Version 8.210 (CE6857F V200R021C00SPC200) Copyright (C) 2012-2021 Huawei Technologies Co., Ltd. Huawei CE6857F-48S6CQ 
2023-08-04 10:59:52,488 - INFO - Huawei
2023-08-04 10:59:52,489 - INFO - CE6857F-48S6CQ
2023-08-04 10:59:52,489 - INFO - ==========================
2023-08-04 10:59:54,458 - INFO - <class 'dict'>
2023-08-04 10:59:54,458 - INFO - Huawei Versatile Routing Platform Software VRP (R) software, Version 8.210 (CE6857F V200R021C00SPC200) Copyright (C) 2012-2021 Huawei Technologies Co., Ltd. Huawei CE6857F-48S6CQ 
2023-08-04 10:59:54,458 - INFO - Huawei
2023-08-04 10:59:54,458 - INFO - CE6857F-48S6CQ
2023-08-04 10:59:54,458 - INFO - ==========================
2023-08-04 10:59:54,459 - INFO - Huawei Versatile Routing Platform Software VRP (R) software, Version 8.210 (CE6857F V200R021C00SPC200) Copyright (C) 2012-2021 Huawei Technologies Co., Ltd. Huawei CE6857F-48S6CQ 
2023-08-04 10:59:54,459 - INFO - Huawei
2023-08-04 10:59:54,459 - INFO - CE6857F-48S6CQ
2023-08-04 10:59:54,459 - INFO - ==========================
2023-08-04 10:59:54,470 - INFO - Huawei Versatile Routing Platform Software VRP (R) software, Version 8.210 (CE6857F V200R021C00SPC200) Copyright (C) 2012-2021 Huawei Technologies Co., Ltd. Huawei CE6857F-48S6CQ 
2023-08-04 10:59:54,470 - INFO - Huawei
2023-08-04 10:59:54,470 - INFO - CE6857F-48S6CQ
2023-08-04 10:59:54,470 - INFO - ==========================
2023-08-04 10:59:54,470 - INFO - Huawei Versatile Routing Platform Software VRP (R) software, Version 8.210 (CE6857F V200R021C00SPC200) Copyright (C) 2012-2021 Huawei Technologies Co., Ltd. Huawei CE6857F-48S6CQ 
2023-08-04 10:59:54,470 - INFO - Huawei
2023-08-04 10:59:54,470 - INFO - CE6857F-48S6CQ
2023-08-04 10:59:54,470 - INFO - ==========================
2023-08-04 10:59:56,365 - INFO - <class 'dict'>
2023-08-04 10:59:56,365 - INFO - Huawei Versatile Routing Platform Software VRP (R) software, Version 8.150 (CE6855HI V200R002C50SPC800) Copyright (C) 2012-2017 Huawei Technologies Co., Ltd. HUAWEI CE6855-48S6Q-HI 
2023-08-04 10:59:56,366 - INFO - Huawei
2023-08-04 10:59:56,366 - INFO - CE6855-48S6Q-HI
2023-08-04 10:59:56,366 - INFO - ==========================
2023-08-04 10:59:56,366 - INFO - Huawei Versatile Routing Platform Software VRP (R) software, Version 8.150 (CE6855HI V200R002C50SPC800) Copyright (C) 2012-2017 Huawei Technologies Co., Ltd. HUAWEI CE6855-48S6Q-HI 
2023-08-04 10:59:56,366 - INFO - Huawei
2023-08-04 10:59:56,366 - INFO - CE6855-48S6Q-HI
2023-08-04 10:59:56,366 - INFO - ==========================
2023-08-04 10:59:56,377 - INFO - Huawei Versatile Routing Platform Software VRP (R) software, Version 8.150 (CE6855HI V200R002C50SPC800) Copyright (C) 2012-2017 Huawei Technologies Co., Ltd. HUAWEI CE6855-48S6Q-HI 
2023-08-04 10:59:56,377 - INFO - Huawei
2023-08-04 10:59:56,377 - INFO - CE6855-48S6Q-HI
2023-08-04 10:59:56,378 - INFO - ==========================
2023-08-04 10:59:56,378 - INFO - Huawei Versatile Routing Platform Software VRP (R) software, Version 8.150 (CE6855HI V200R002C50SPC800) Copyright (C) 2012-2017 Huawei Technologies Co., Ltd. HUAWEI CE6855-48S6Q-HI 
2023-08-04 10:59:56,378 - INFO - Huawei
2023-08-04 10:59:56,378 - INFO - CE6855-48S6Q-HI
2023-08-04 10:59:56,378 - INFO - ==========================
2023-08-04 10:59:58,575 - INFO - <class 'dict'>
2023-08-04 10:59:58,575 - INFO - Huawei Versatile Routing Platform Software VRP (R) software, Version 8.180 (CE6855HI V200R005C10SPC800) Copyright (C) 2012-2018 Huawei Technologies Co., Ltd. HUAWEI CE6855-48S6Q-HI 
2023-08-04 10:59:58,575 - INFO - Huawei
2023-08-04 10:59:58,575 - INFO - CE6855-48S6Q-HI
2023-08-04 10:59:58,575 - INFO - ==========================
2023-08-04 10:59:58,575 - INFO - Huawei Versatile Routing Platform Software VRP (R) software, Version 8.180 (CE6855HI V200R005C10SPC800) Copyright (C) 2012-2018 Huawei Technologies Co., Ltd. HUAWEI CE6855-48S6Q-HI 
2023-08-04 10:59:58,575 - INFO - Huawei
2023-08-04 10:59:58,575 - INFO - CE6855-48S6Q-HI
2023-08-04 10:59:58,575 - INFO - ==========================
2023-08-04 10:59:58,588 - INFO - Huawei Versatile Routing Platform Software VRP (R) software, Version 8.180 (CE6855HI V200R005C10SPC800) Copyright (C) 2012-2018 Huawei Technologies Co., Ltd. HUAWEI CE6855-48S6Q-HI 
2023-08-04 10:59:58,588 - INFO - Huawei
2023-08-04 10:59:58,588 - INFO - CE6855-48S6Q-HI
2023-08-04 10:59:58,588 - INFO - ==========================
2023-08-04 10:59:58,588 - INFO - Huawei Versatile Routing Platform Software VRP (R) software, Version 8.180 (CE6855HI V200R005C10SPC800) Copyright (C) 2012-2018 Huawei Technologies Co., Ltd. HUAWEI CE6855-48S6Q-HI 
2023-08-04 10:59:58,588 - INFO - Huawei
2023-08-04 10:59:58,588 - INFO - CE6855-48S6Q-HI
2023-08-04 10:59:58,588 - INFO - ==========================
2023-08-04 11:00:00,980 - INFO - <class 'dict'>
2023-08-04 11:00:00,980 - INFO - Huawei Versatile Routing Platform Software VRP (R) software, Version 8.180 (CE6855HI V200R005C10SPC800) Copyright (C) 2012-2018 Huawei Technologies Co., Ltd. HUAWEI CE6855-48S6Q-HI 
2023-08-04 11:00:00,980 - INFO - Huawei
2023-08-04 11:00:00,980 - INFO - CE6855-48S6Q-HI
2023-08-04 11:00:00,980 - INFO - ==========================
2023-08-04 11:00:00,980 - INFO - Huawei Versatile Routing Platform Software VRP (R) software, Version 8.180 (CE6855HI V200R005C10SPC800) Copyright (C) 2012-2018 Huawei Technologies Co., Ltd. HUAWEI CE6855-48S6Q-HI 
2023-08-04 11:00:00,980 - INFO - Huawei
2023-08-04 11:00:00,980 - INFO - CE6855-48S6Q-HI
2023-08-04 11:00:00,980 - INFO - ==========================
2023-08-04 11:00:00,990 - INFO - Huawei Versatile Routing Platform Software VRP (R) software, Version 8.180 (CE6855HI V200R005C10SPC800) Copyright (C) 2012-2018 Huawei Technologies Co., Ltd. HUAWEI CE6855-48S6Q-HI 
2023-08-04 11:00:00,990 - INFO - Huawei
2023-08-04 11:00:00,991 - INFO - CE6855-48S6Q-HI
2023-08-04 11:00:00,991 - INFO - ==========================
2023-08-04 11:00:00,991 - INFO - Huawei Versatile Routing Platform Software VRP (R) software, Version 8.180 (CE6855HI V200R005C10SPC800) Copyright (C) 2012-2018 Huawei Technologies Co., Ltd. HUAWEI CE6855-48S6Q-HI 
2023-08-04 11:00:00,991 - INFO - Huawei
2023-08-04 11:00:00,991 - INFO - CE6855-48S6Q-HI
2023-08-04 11:00:00,991 - INFO - ==========================
